Activated DRL robot navigation Python environment.
Python: Python 3.8.10
Venv: /home/jiutian/venvs/drl-robot-nav
Curriculum scenario enabled: 4 cases loaded
Roscore launched!
Unable to register with master node [http://localhost:11367]: master may not be running yet. Will keep trying.
Gazebo launched!
INFO: cannot create a symlink to latest log directory: [Errno 2] No such file or directory: '/home/jiutian/.ros/log/latest'
INFO: cannot create a symlink to latest log directory: [Errno 2] No such file or directory: '/home/jiutian/.ros/log/latest'
[INFO] [1781002573.492769, 0.000000]: Loading model XML from ros parameter robot_description_r1
[INFO] [1781002573.495196, 0.000000]: Waiting for service /gazebo/spawn_urdf_model
[INFO] [1781002573.796983, 0.000000]: Calling service /gazebo/spawn_urdf_model
[INFO] [1781002574.665045, 0.373000]: Spawn status: SpawnModel: Successfully spawned entity
[WARN] [1781002574.782240001, 0.373000000]: GazeboRosDiffDrive Plugin (ns = ) missing <publishTf>, defaults to 1
[INFO] [1781002573.661693316]: Finished loading Gazebo ROS API Plugin.
[INFO] [1781002573.662091187]: waitForService: Service [/gazebo/set_physics_properties] has not been advertised, waiting...
[INFO] [1781002573.784325627]: waitForService: Service [/gazebo/set_physics_properties] is now available.
[INFO] [1781002573.789533392, 0.201000000]: Physics dynamic reconfigure ready.
[INFO] [1781002574.066550329, 0.373000000]: Laser Plugin: The 'robotNamespace' param was empty
[INFO] [1781002574.066569203, 0.373000000]: Starting Laser Plugin (ns = r1)
[INFO] [1781002574.067159052, 0.373000000]: Laser Plugin (ns = r1)  <tf_prefix_>, set to ""
[INFO] [1781002574.665697631, 0.373000000]: Velodyne laser plugin missing <min_intensity>, defaults to no clipping
[INFO] [1781002574.666548465, 0.373000000]: Velodyne laser plugin ready, 16 lasers
[INFO] [1781002574.780505327, 0.373000000]: Starting plugin DiffDrive(ns = /r1/)
[INFO] [1781002574.780673828, 0.373000000]: DiffDrive(ns = /r1/): <rosDebugLevel> = Debug
[INFO] [1781002574.781585976, 0.373000000]: DiffDrive(ns = /r1/): <tf_prefix> = 
[DEBUG] [1781002574.781712067, 0.373000000]: DiffDrive(ns = /r1/): <commandTopic> = cmd_vel
[DEBUG] [1781002574.781736076, 0.373000000]: DiffDrive(ns = /r1/): <odometryTopic> = odom
[DEBUG] [1781002574.781756400, 0.373000000]: DiffDrive(ns = /r1/): <odometryFrame> = odom
[DEBUG] [1781002574.781775987, 0.373000000]: DiffDrive(ns = /r1/): <robotBaseFrame> = base_link
[DEBUG] [1781002574.781840771, 0.373000000]: DiffDrive(ns = /r1/): <publishWheelTF> = false
[DEBUG] [1781002574.781861955, 0.373000000]: DiffDrive(ns = /r1/): <publishOdomTF> = false
[DEBUG] [1781002574.781876447, 0.373000000]: DiffDrive(ns = /r1/): <publishWheelJointState> = true
[DEBUG] [1781002574.781954642, 0.373000000]: DiffDrive(ns = /r1/): <wheelSeparation> = 0.29999999999999999
[DEBUG] [1781002574.781980302, 0.373000000]: DiffDrive(ns = /r1/): <wheelDiameter> = 0.17999999999999999
[DEBUG] [1781002574.782003766, 0.373000000]: DiffDrive(ns = /r1/): <wheelAcceleration> = 1.8
[DEBUG] [1781002574.782028175, 0.373000000]: DiffDrive(ns = /r1/): <wheelTorque> = 20
[DEBUG] [1781002574.782048108, 0.373000000]: DiffDrive(ns = /r1/): <updateRate> = 50
[DEBUG] [1781002574.782129213, 0.373000000]: DiffDrive(ns = /r1/): <odometrySource> = world := 1
[DEBUG] [1781002574.782181612, 0.373000000]: DiffDrive(ns = /r1/): <leftJoint> = left_hub_joint
[DEBUG] [1781002574.782203863, 0.373000000]: DiffDrive(ns = /r1/): <rightJoint> = right_hub_joint
[INFO] [1781002574.783264255, 0.373000000]: DiffDrive(ns = /r1/): Advertise joint_states
[INFO] [1781002574.784141878, 0.373000000]: DiffDrive(ns = /r1/): Try to subscribe to cmd_vel
[INFO] [1781002574.787334679, 0.373000000]: DiffDrive(ns = /r1/): Subscribe to cmd_vel
[INFO] [1781002574.787962965, 0.373000000]: DiffDrive(ns = /r1/): Advertise odom on odom 
[INFO] [1781002574.796133148, 0.373000000]: GazeboRosJointStatePublisher is going to publish joint: chassis_swivel_joint
[INFO] [1781002574.796147830, 0.373000000]: GazeboRosJointStatePublisher is going to publish joint: swivel_wheel_joint
[INFO] [1781002574.796159577, 0.373000000]: GazeboRosJointStatePublisher is going to publish joint: left_hub_joint
[INFO] [1781002574.796168096, 0.373000000]: GazeboRosJointStatePublisher is going to publish joint: right_hub_joint
[INFO] [1781002574.796178963, 0.373000000]: Starting GazeboRosJointStatePublisher Plugin (ns = /r1/)!, parent name: r1
[DEBUG] [1781002574.831109611, 0.394000000]: Trying to publish message of type [nav_msgs/Odometry/cd5e73d190d741a2f92e81eda573aca7] on a publisher with type [nav_msgs/Odometry/cd5e73d190d741a2f92e81eda573aca7]
[DEBUG] [1781002574.831149024, 0.394000000]: Trying to publish message of type [sensor_msgs/JointState/3066dcd76a6cfaef579bd0f34173e9fd] on a publisher with type [sensor_msgs/JointState/3066dcd76a6cfaef579bd0f34173e9fd]
[INFO] [1781002575.076032979, 0.554000000]: Laser Plugin: The 'robotNamespace' param was empty
[INFO] [1781002575.076055303, 0.554000000]: Starting Laser Plugin (ns = r4)
[INFO] [1781002575.076531943, 0.554[WARN] [1781002575.698653359, 0.554000000]: GazeboRosDiffDrive Plugin (ns = ) missing <publishTf>, defaults to 1
[INFO] [1781002573.514998, 0.000000]: Loading model XML from ros parameter robot_description_r4
[INFO] [1781002573.517371, 0.000000]: Waiting for service /gazebo/spawn_urdf_model
[INFO] [1781002573.820370, 0.000000]: Calling service /gazebo/spawn_urdf_model
[INFO] [1781002575.698227, 0.554000]: Spawn status: SpawnModel: Successfully spawned entity
000000]: Laser Plugin (ns = r4)  <tf_prefix_>, set to ""
[INFO] [1781002575.696337662, 0.554000000]: Velodyne laser plugin missing <min_intensity>, defaults to no clipping
[INFO] [1781002575.696872851, 0.554000000]: Velodyne laser plugin ready, 16 lasers
[INFO] [1781002575.698287961, 0.554000000]: Starting plugin DiffDrive(ns = /r4/)
[DEBUG] [1781002575.698296407, 0.554000000]: DiffDrive(ns = /r4/): <rosDebugLevel> = Debug
[INFO] [1781002575.698305489, 0.554000000]: DiffDrive(ns = /r4/): <rosDebugLevel> = Debug
[INFO] [1781002575.698570679, 0.554000000]: DiffDrive(ns = /r4/): <tf_prefix> = 
[DEBUG] [1781002575.698580636, 0.554000000]: DiffDrive(ns = /r4/): <commandTopic> = cmd_vel
[DEBUG] [1781002575.698584757, 0.554000000]: DiffDrive(ns = /r4/): <odometryTopic> = odom
[DEBUG] [1781002575.698589275, 0.554000000]: DiffDrive(ns = /r4/): <odometryFrame> = odom
[DEBUG] [1781002575.698593270, 0.554000000]: DiffDrive(ns = /r4/): <robotBaseFrame> = base_link
[DEBUG] [1781002575.698597778, 0.554000000]: DiffDrive(ns = /r4/): <publishWheelTF> = false
[DEBUG] [1781002575.698602054, 0.554000000]: DiffDrive(ns = /r4/): <publishOdomTF> = false
[DEBUG] [1781002575.698606130, 0.554000000]: DiffDrive(ns = /r4/): <publishWheelJointState> = true
[DEBUG] [1781002575.698613996, 0.554000000]: DiffDrive(ns = /r4/): <wheelSeparation> = 0.29999999999999999
[DEBUG] [1781002575.698618834, 0.554000000]: DiffDrive(ns = /r4/): <wheelDiameter> = 0.17999999999999999
[DEBUG] [1781002575.698623625, 0.554000000]: DiffDrive(ns = /r4/): <wheelAcceleration> = 1.8
[DEBUG] [1781002575.698628325, 0.554000000]: DiffDrive(ns = /r4/): <wheelTorque> = 20
[DEBUG] [1781002575.698633036, 0.554000000]: DiffDrive(ns = /r4/): <updateRate> = 50
[DEBUG] [1781002575.698639113, 0.554000000]: DiffDrive(ns = /r4/): <odometrySource> = world := 1
[DEBUG] [1781002575.698643113, 0.554000000]: DiffDrive(ns = /r4/): <leftJoint> = left_hub_joint
[DEBUG] [1781002575.698647796, 0.554000000]: DiffDrive(ns = /r4/): <rightJoint> = right_hub_joint
[INFO] [1781002575.698886655, 0.554000000]: DiffDrive(ns = /r4/): Advertise joint_states
[INFO] [1781002575.698901779, 0.554000000]: DiffDrive(ns = /r4/): Try to subscribe to cmd_vel
[INFO] [1781002575.699755541, 0.554000000]: DiffDrive(ns = /r4/): Subscribe to cmd_vel
[INFO] [1781002575.699868514, 0.554000000]: DiffDrive(ns = /r4/): Advertise odom on odom 
[INFO] [1781002575.699930450, 0.554000000]: GazeboRosJointStatePublisher is going to publish joint: chassis_swivel_joint
[INFO] [1781002575.699935195, 0.554000000]: GazeboRosJointStatePublisher is going to publish joint: swivel_wheel_joint
[INFO] [1781002575.699940955, 0.554000000]: GazeboRosJointStatePublisher is going to publish joint: left_hub_joint
[INFO] [1781002575.699946602, 0.554000000]: GazeboRosJointStatePublisher is going to publish joint: right_hub_joint
[INFO] [1781002575.699952099, 0.554000000]: Starting GazeboRosJointStatePublisher Plugin (ns = /r4/)!, parent name: r4
[INFO] [1781002575.980474345, 0.707000000]: Laser Plugin: The 'robotNamespace' param was empty
[INFO] [1781002575.980495288, 0.707000000]: Starting Laser Plugin (ns = r2)
[INFO] [1781002575.980833985, 0.707000000]: Laser Plugin (ns = r2)  <tf_prefix_>, set to ""
[INFO] [1781002576.591962726, 0.707000000]: Velodyne laser plugin missing <min_intensity>, defaults to no clipping
[INFO] [1781002576.592454474, 0.707000000]: Velodyne laser plugin ready, 16 lasers
[INFO] [1781002576.593666085, 0.707000000]: Starting plugin DiffDrive(ns = /r2/)
[DEBUG] [1781002576.593675503, 0.707000000]: DiffDrive(ns = /r2/): <rosDebugLevel> = Debug
[INFO] [1781002576.593684522, 0.707000000]: DiffDrive(ns = /r2/): <rosDebugLevel> = Debug
[INFO] [1781002576.593873576, 0.707000000]: DiffDrive(ns = /r2/): <tf_prefix> = 
[DEBUG] [1781002576.593877966, 0.707000000]: DiffDrive(ns = /r2/): <commandTopic> = cmd_vel
[DEBUG] [1781002576.593881665, 0.707000000]: DiffDrive(ns = /r2/): <odometryTopic> = odom
[DEBUG] [1781002576.593885691, 0.707000000]: DiffDrive(ns = /r2/): <odometryFrame> = odom
[DEBUG] [1781002576.593890669, 0.707000000]: DiffDrive([WARN] [1781002576.593962642, 0.707000000]: GazeboRosDiffDrive Plugin (ns = ) missing <publishTf>, defaults to 1
[INFO] [1781002573.615514, 0.000000]: Loading model XML from ros parameter robot_description_r2
[INFO] [1781002573.618116, 0.000000]: Waiting for service /gazebo/spawn_urdf_model
[INFO] [1781002573.921050, 0.328000]: Calling service /gazebo/spawn_urdf_model
[INFO] [1781002576.593569, 0.707000]: Spawn status: SpawnModel: Successfully spawned entity
ns = /r2/): <robotBaseFrame> = base_link
[DEBUG] [1781002576.593906815, 0.707000000]: DiffDrive(ns = /r2/): <publishWheelTF> = false
[DEBUG] [1781002576.593909933, 0.707000000]: DiffDrive(ns = /r2/): <publishOdomTF> = false
[DEBUG] [1781002576.593914994, 0.707000000]: DiffDrive(ns = /r2/): <publishWheelJointState> = true
[DEBUG] [1781002576.593922615, 0.707000000]: DiffDrive(ns = /r2/): <wheelSeparation> = 0.29999999999999999
[DEBUG] [1781002576.593927399, 0.707000000]: DiffDrive(ns = /r2/): <wheelDiameter> = 0.17999999999999999
[DEBUG] [1781002576.593931973, 0.707000000]: DiffDrive(ns = /r2/): <wheelAcceleration> = 1.8
[DEBUG] [1781002576.593936176, 0.707000000]: DiffDrive(ns = /r2/): <wheelTorque> = 20
[DEBUG] [1781002576.593941464, 0.707000000]: DiffDrive(ns = /r2/): <updateRate> = 50
[DEBUG] [1781002576.593949071, 0.707000000]: DiffDrive(ns = /r2/): <odometrySource> = world := 1
[DEBUG] [1781002576.593953377, 0.707000000]: DiffDrive(ns = /r2/): <leftJoint> = left_hub_joint
[DEBUG] [1781002576.593957082, 0.707000000]: DiffDrive(ns = /r2/): <rightJoint> = right_hub_joint
[INFO] [1781002576.594132791, 0.707000000]: DiffDrive(ns = /r2/): Advertise joint_states
[INFO] [1781002576.594140369, 0.707000000]: DiffDrive(ns = /r2/): Try to subscribe to cmd_vel
[INFO] [1781002576.595068984, 0.707000000]: DiffDrive(ns = /r2/): Subscribe to cmd_vel
[INFO] [1781002576.595182686, 0.707000000]: DiffDrive(ns = /r2/): Advertise odom on odom 
[INFO] [1781002576.595252149, 0.707000000]: GazeboRosJointStatePublisher is going to publish joint: chassis_swivel_joint
[INFO] [1781002576.595256449, 0.707000000]: GazeboRosJointStatePublisher is going to publish joint: swivel_wheel_joint
[INFO] [1781002576.595260053, 0.707000000]: GazeboRosJointStatePublisher is going to publish joint: left_hub_joint
[INFO] [1781002576.595264947, 0.707000000]: GazeboRosJointStatePublisher is going to publish joint: right_hub_joint
[INFO] [1781002576.595268382, 0.707000000]: Starting GazeboRosJointStatePublisher Plugin (ns = /r2/)!, parent name: r2
[INFO] [1781002576.875260837, 0.873000000]: Laser Plugin: The 'robotNamespace' param was empty
[INFO] [1781002576.875275585, 0.873000000]: Starting Laser Plugin (ns = r3)
[INFO] [1781002576.875679804, 0.873000000]: Laser Plugin (ns = r3)  <tf_prefix_>, set to ""
[INFO] [1781002577.496943932, 0.873000000]: Velodyne laser plugin missing <min_intensity>, defaults to no clipping
[INFO] [1781002577.497432141, 0.873000000]: Velodyne laser plugin ready, 16 lasers
[INFO] [1781002577.498606032, 0.873000000]: Starting plugin DiffDrive(ns = /r3/)
[DEBUG] [1781002577.498615050, 0.873000000]: DiffDrive(ns = /r3/): <rosDebugLevel> = Debug
[INFO] [1781002577.498625956, 0.873000000]: DiffDrive(ns = /r3/): <rosDebugLevel> = Debug
[INFO] [1781002577.498954793, 0.873000000]: DiffDrive(ns = /r3/): <tf_prefix> = 
[DEBUG] [1781002577.498966114, 0.873000000]: DiffDrive(ns = /r3/): <commandTopic> = cmd_vel
[DEBUG] [1781002577.498970576, 0.873000000]: DiffDrive(ns = /r3/): <odometryTopic> = odom
[DEBUG] [1781002577.498975178, 0.873000000]: DiffDrive(ns = /r3/): <odometryFrame> = odom
[DEBUG] [1781002577.498979448, 0.873000000]: DiffDrive(ns = /r3/): <robotBaseFrame> = base_link
[DEBUG] [1781002577.498985913, 0.873000000]: DiffDrive(ns = /r3/): <publishWheelTF> = false
[DEBUG] [1781002577.498990788, 0.873000000]: DiffDrive(ns = /r3/): <publishOdomTF> = false
[DEBUG] [1781002577.498994896, 0.873000000]: DiffDrive(ns = /r3/): <publishWheelJointState> = true
[DEBUG] [1781002577.499004354, 0.873000000]: DiffDrive(ns = /r3/): <wheelSeparation> = 0.29999999999999999
[DEBUG] [1781002577.499009405, 0.873000000]: DiffDrive(ns = /r3/): <wheelDiameter> = 0.17999999999999999
[DEBUG] [1781002577.499015778, 0.873000000]: DiffDrive(ns = /r3/): <wheelAcceleration> = 1.8
[DEBUG] [1781002577.499021092, 0.873000000]: DiffDrive(ns = /r3/): <wheelTorque> = 20
[DEBUG] [1781002577.499025677, 0.873000000]: DiffDrive(ns = /r3/): <updateRate> = 50
[DEBUG] [1781002577.499032262, 0.873000000]: DiffDrive(ns = /r3/): <odometrySource> = world := 1
[DEBUG] [1781002577.499037369[WARN] [1781002577.499062129, 0.873000000]: GazeboRosDiffDrive Plugin (ns = ) missing <publishTf>, defaults to 1
[INFO] [1781002573.616415, 0.000000]: Loading model XML from ros parameter robot_description_r3
[INFO] [1781002573.618983, 0.000000]: Waiting for service /gazebo/spawn_urdf_model
[INFO] [1781002573.921811, 0.328000]: Calling service /gazebo/spawn_urdf_model
[INFO] [1781002577.498437, 0.873000]: Spawn status: SpawnModel: Successfully spawned entity
train_velodyne_td3_multi.py:384: FutureWarning: You are using `torch.load` with `weights_only=False` (the current default value), which uses the default pickle module implicitly. It is possible to construct malicious pickle data which will execute arbitrary code during unpickling (See https://github.com/pytorch/pytorch/blob/main/SECURITY.md#untrusted-models for more details). In a future release, the default value for `weights_only` will be flipped to `True`. This limits the functions that could be executed during unpickling. Arbitrary objects will no longer be allowed to be loaded via this mode unless they are explicitly allowlisted by the user via `torch.serialization.add_safe_globals`. We recommend you start setting `weights_only=True` for any use case where you don't have full control of the loaded file. Please open an issue on GitHub for any issues related to this experimental feature.
  torch.load("%s/%s_actor.pth" % (directory, filename), map_location=device)
train_velodyne_td3_multi.py:387: FutureWarning: You are using `torch.load` with `weights_only=False` (the current default value), which uses the default pickle module implicitly. It is possible to construct malicious pickle data which will execute arbitrary code during unpickling (See https://github.com/pytorch/pytorch/blob/main/SECURITY.md#untrusted-models for more details). In a future release, the default value for `weights_only` will be flipped to `True`. This limits the functions that could be executed during unpickling. Arbitrary objects will no longer be allowed to be loaded via this mode unless they are explicitly allowlisted by the user via `torch.serialization.add_safe_globals`. We recommend you start setting `weights_only=True` for any use case where you don't have full control of the loaded file. Please open an issue on GitHub for any issues related to this experimental feature.
  torch.load("%s/%s_critic.pth" % (directory, filename), map_location=device)
Loaded initial model parameters from: TD3_velodyne_multi_v4_curriculum_stage2_to_5a_shared_from_3d2_guarded_best
==============================================
Training version: multi-agent-curriculum-stage3-asym-pair-5-from-5a-v1
Training process PID: 3854659
Launchfile: multi_robot_scenario_curriculum_stage3_asym_pair_5_5.launch
Scenario mode: curriculum
Seed: 0
Device: cuda
GPU: NVIDIA GeForce RTX 4090
Agent names: r1, r2, r3, r4, r5
Cooperative reward: True
Cooperative reward mode: average_plus_interaction
Cooperative reward self weight: 0.85
Distance-weighted reward: True
Distance reward sigma: 2.0
Interaction safe distance: 0.9
Interaction close penalty: 0.35
Interaction stagnation penalty: 0.02
Anti-stagnation reward: False
Anti-stagnation penalty: 0.2
Anti-stagnation linear threshold: 0.05
Anti-stagnation progress threshold: 0.005
Anti-stagnation min laser: 0.35
Wall-clearance reward: False
Wall-clearance safe distance: 0.75
Wall-clearance penalty: 1.5
Wall-clearance speed weight: 0.8
Wall-clearance turn weight: 0.4
Local-navigation reward: True
Local-navigation heading weight: 0.35
Local-navigation wrong-way penalty: 0.25
Local-navigation turn weight: 0.22
Local-navigation near-goal distance: 0.9
Local-navigation heading error: 0.5
Local critic enabled: False
Local critic geometry only: False
Active neighbors only: True
Actor state dim: 24
Critic state dim: 24
Local critic max neighbors: 9
Local critic context dim: 63
Best metric: full_success
Eval episodes: 48
Max epochs: 3
Actor learning rate: 1e-06
Critic learning rate: 2e-05
Actor update delay steps: 18000
Exploration noise: 0.018
Exploration min: 0.006
Exploration decay steps: 500000
TensorBoard log dir: runs/multi_coop_Jun09_18-56-17_JiuTian-AI4090
Checkpoint path: ./checkpoints/TD3_velodyne_multi_v4_curriculum_stage3_asym_pair_5_from_5a_latest.pt
Best checkpoint path: ./checkpoints/TD3_velodyne_multi_v4_curriculum_stage3_asym_pair_5_from_5a_best.pt
Model prefix: TD3_velodyne_multi_v4_curriculum_stage3_asym_pair_5_from_5a
Checkpoint interval episodes: 10
Resume mode: True
Starting agent samples: 0
Starting env steps: 0
Starting epoch: 1
==============================================
[WARN] [1781002578.394773944, 1.005000000]: GazeboRosDiffDrive Plugin (ns = ) missing <publishTf>, defaults to 1
[INFO] [1781002573.624572, 0.000000]: Loading model XML from ros parameter robot_description_r5
[INFO] [1781002573.626931, 0.000000]: Waiting for service /gazebo/spawn_urdf_model
[INFO] [1781002573.929568, 0.337000]: Calling service /gazebo/spawn_urdf_model
[INFO] [1781002578.394263, 1.005000]: Spawn status: SpawnModel: Successfully spawned entity
, 0.873000000]: DiffDrive(ns = /r3/): <leftJoint> = left_hub_joint
[DEBUG] [1781002577.499054990, 0.873000000]: DiffDrive(ns = /r3/): <rightJoint> = right_hub_joint
[INFO] [1781002577.499356317, 0.873000000]: DiffDrive(ns = /r3/): Advertise joint_states
[INFO] [1781002577.499384511, 0.873000000]: DiffDrive(ns = /r3/): Try to subscribe to cmd_vel
[INFO] [1781002577.500282814, 0.873000000]: DiffDrive(ns = /r3/): Subscribe to cmd_vel
[INFO] [1781002577.500394349, 0.873000000]: DiffDrive(ns = /r3/): Advertise odom on odom 
[INFO] [1781002577.500462732, 0.873000000]: GazeboRosJointStatePublisher is going to publish joint: chassis_swivel_joint
[INFO] [1781002577.500467631, 0.873000000]: GazeboRosJointStatePublisher is going to publish joint: swivel_wheel_joint
[INFO] [1781002577.500470901, 0.873000000]: GazeboRosJointStatePublisher is going to publish joint: left_hub_joint
[INFO] [1781002577.500475309, 0.873000000]: GazeboRosJointStatePublisher is going to publish joint: right_hub_joint
[INFO] [1781002577.500479813, 0.873000000]: Starting GazeboRosJointStatePublisher Plugin (ns = /r3/)!, parent name: r3
[INFO] [1781002577.786621815, 1.005000000]: Laser Plugin: The 'robotNamespace' param was empty
[INFO] [1781002577.786639251, 1.005000000]: Starting Laser Plugin (ns = r5)
[INFO] [1781002577.787041396, 1.005000000]: Laser Plugin (ns = r5)  <tf_prefix_>, set to ""
[INFO] [1781002578.392236390, 1.005000000]: Velodyne laser plugin missing <min_intensity>, defaults to no clipping
[INFO] [1781002578.392906946, 1.005000000]: Velodyne laser plugin ready, 16 lasers
[INFO] [1781002578.394416119, 1.005000000]: Starting plugin DiffDrive(ns = /r5/)
[DEBUG] [1781002578.394426195, 1.005000000]: DiffDrive(ns = /r5/): <rosDebugLevel> = Debug
[INFO] [1781002578.394436901, 1.005000000]: DiffDrive(ns = /r5/): <rosDebugLevel> = Debug
[INFO] [1781002578.394692009, 1.005000000]: DiffDrive(ns = /r5/): <tf_prefix> = 
[DEBUG] [1781002578.394696474, 1.005000000]: DiffDrive(ns = /r5/): <commandTopic> = cmd_vel
[DEBUG] [1781002578.394702588, 1.005000000]: DiffDrive(ns = /r5/): <odometryTopic> = odom
[DEBUG] [1781002578.394707084, 1.005000000]: DiffDrive(ns = /r5/): <odometryFrame> = odom
[DEBUG] [1781002578.394712547, 1.005000000]: DiffDrive(ns = /r5/): <robotBaseFrame> = base_link
[DEBUG] [1781002578.394717857, 1.005000000]: DiffDrive(ns = /r5/): <publishWheelTF> = false
[DEBUG] [1781002578.394721893, 1.005000000]: DiffDrive(ns = /r5/): <publishOdomTF> = false
[DEBUG] [1781002578.394726195, 1.005000000]: DiffDrive(ns = /r5/): <publishWheelJointState> = true
[DEBUG] [1781002578.394733863, 1.005000000]: DiffDrive(ns = /r5/): <wheelSeparation> = 0.29999999999999999
[DEBUG] [1781002578.394738898, 1.005000000]: DiffDrive(ns = /r5/): <wheelDiameter> = 0.17999999999999999
[DEBUG] [1781002578.394744037, 1.005000000]: DiffDrive(ns = /r5/): <wheelAcceleration> = 1.8
[DEBUG] [1781002578.394749184, 1.005000000]: DiffDrive(ns = /r5/): <wheelTorque> = 20
[DEBUG] [1781002578.394753883, 1.005000000]: DiffDrive(ns = /r5/): <updateRate> = 50
[DEBUG] [1781002578.394759972, 1.005000000]: DiffDrive(ns = /r5/): <odometrySource> = world := 1
[DEBUG] [1781002578.394764035, 1.005000000]: DiffDrive(ns = /r5/): <leftJoint> = left_hub_joint
[DEBUG] [1781002578.394768640, 1.005000000]: DiffDrive(ns = /r5/): <rightJoint> = right_hub_joint
[INFO] [1781002578.394948738, 1.005000000]: DiffDrive(ns = /r5/): Advertise joint_states
[INFO] [1781002578.394965483, 1.005000000]: DiffDrive(ns = /r5/): Try to subscribe to cmd_vel
[INFO] [1781002578.395920683, 1.005000000]: DiffDrive(ns = /r5/): Subscribe to cmd_vel
[INFO] [1781002578.396135713, 1.005000000]: DiffDrive(ns = /r5/): Advertise odom on odom 
[INFO] [1781002578.396194924, 1.005000000]: GazeboRosJointStatePublisher is going to publish joint: chassis_swivel_joint
[INFO] [1781002578.396199820, 1.005000000]: GazeboRosJointStatePublisher is going to publish joint: swivel_wheel_joint
[INFO] [1781002578.396203805, 1.005000000]: GazeboRosJointStatePublisher is going to publish joint: left_hub_joint
[INFO] [1781002578.396210108, 1.005000000]: GEpisode 1 complete | agent_samples=92 | env_steps=43 | episode_env_steps=43 | episode_agent_samples=92 | mean_reward=97.651 | success=4/5 | collision=1/5 | mean_final_distance=0.444 | mean_progress=0.0237 | min_laser=0.300 | mean_lin=0.995 | mean_ang=0.551 | mean_robot_dist=1.758 | raw_reward=20.000 | adjusted_reward=20.000 | coop_agents=0/5 | mean_coop_neighbors=0.00 | active_neighbor_step_rate=0.554 | mean_active_neighbors_step=1.304 | max_active_neighbors_step=4 | interaction_reward=0.0000 | abs_interaction_reward=0.0000 | anti_stag_reward=0.0000 | abs_anti_stag_reward=0.0000 | wall_clear_reward=0.0000 | abs_wall_clear_reward=0.0000 | local_nav_reward=0.2904 | abs_local_nav_reward=0.2904 | context_neighbors_mean=0.00 | context_neighbors_max=0 | context_step_mean=0.00 | context_step_max=0 | actor_unlocked=0 | expl_noise=0.0179 | replay=92 | samples/sec=9.126
Episode 2 complete | agent_samples=188 | env_steps=86 | episode_env_steps=43 | episode_agent_samples=96 | mean_reward=100.392 | success=4/5 | collision=1/5 | mean_final_distance=0.451 | mean_progress=0.0061 | min_laser=0.300 | mean_lin=0.973 | mean_ang=-0.279 | mean_robot_dist=1.690 | raw_reward=20.000 | adjusted_reward=20.000 | coop_agents=0/5 | mean_coop_neighbors=0.00 | active_neighbor_step_rate=0.625 | mean_active_neighbors_step=1.229 | max_active_neighbors_step=4 | interaction_reward=0.0000 | abs_interaction_reward=0.0000 | anti_stag_reward=0.0000 | abs_anti_stag_reward=0.0000 | wall_clear_reward=0.0000 | abs_wall_clear_reward=0.0000 | local_nav_reward=0.2648 | abs_local_nav_reward=0.2648 | context_neighbors_mean=0.00 | context_neighbors_max=0 | context_step_mean=0.00 | context_step_max=0 | actor_unlocked=0 | expl_noise=0.0178 | replay=188 | samples/sec=9.664
Episode 3 complete | agent_samples=239 | env_steps=103 | episode_env_steps=17 | episode_agent_samples=51 | mean_reward=39.599 | success=3/5 | collision=2/5 | mean_final_distance=0.439 | mean_progress=0.0000 | min_laser=0.300 | mean_lin=0.598 | mean_ang=0.028 | mean_robot_dist=0.675 | raw_reward=-20.000 | adjusted_reward=-20.000 | coop_agents=0/5 | mean_coop_neighbors=0.00 | active_neighbor_step_rate=0.941 | mean_active_neighbors_step=2.510 | max_active_neighbors_step=4 | interaction_reward=-0.0004 | abs_interaction_reward=0.0004 | anti_stag_reward=0.0000 | abs_anti_stag_reward=0.0000 | wall_clear_reward=0.0000 | abs_wall_clear_reward=0.0000 | local_nav_reward=0.2699 | abs_local_nav_reward=0.2699 | context_neighbors_mean=0.00 | context_neighbors_max=0 | context_step_mean=0.00 | context_step_max=0 | actor_unlocked=0 | expl_noise=0.0178 | replay=239 | samples/sec=10.296
Episode 4 complete | agent_samples=396 | env_steps=157 | episode_env_steps=54 | episode_agent_samples=157 | mean_reward=82.165 | success=4/5 | collision=1/5 | mean_final_distance=0.803 | mean_progress=0.0173 | min_laser=0.301 | mean_lin=0.994 | mean_ang=-0.332 | mean_robot_dist=2.395 | raw_reward=20.000 | adjusted_reward=20.000 | coop_agents=0/5 | mean_coop_neighbors=0.00 | active_neighbor_step_rate=0.643 | mean_active_neighbors_step=1.000 | max_active_neighbors_step=4 | interaction_reward=-0.0052 | abs_interaction_reward=0.0052 | anti_stag_reward=0.0000 | abs_anti_stag_reward=0.0000 | wall_clear_reward=0.0000 | abs_wall_clear_reward=0.0000 | local_nav_reward=0.1553 | abs_local_nav_reward=0.1589 | context_neighbors_mean=0.00 | context_neighbors_max=0 | context_step_mean=0.00 | context_step_max=0 | actor_unlocked=0 | expl_noise=0.0177 | replay=396 | samples/sec=11.331
Episode 5 complete | agent_samples=534 | env_steps=241 | episode_env_steps=84 | episode_agent_samples=138 | mean_reward=86.597 | success=4/5 | collision=1/5 | mean_final_distance=1.145 | mean_progress=0.0187 | min_laser=0.315 | mean_lin=0.799 | mean_ang=-0.583 | mean_robot_dist=1.774 | raw_reward=20.000 | adjusted_reward=20.000 | coop_agents=0/5 | mean_coop_neighbors=0.00 | active_neighbor_step_rate=0.406 | mean_active_neighbors_step=1.043 | max_active_neighbors_step=4 | interaction_reward=-0.0020 | abs_interaction_reward=0.0020 | anti_stag_reward=0.0000 | abs_anti_stag_reward=0.0000 | wall_clear_reward=0.0000 | abs_wall_clear_reward=0.0000 | local_nav_reward=0.2098 | abs_local_nav_reward=0.2164 | context_neighbors_mean=0.00 | context_neighbors_max=0 | context_step_mean=0.00 | context_step_max=0 | actor_unlocked=0 | expl_noise=0.0175 | replay=534 | samples/sec=10.036
Status | epoch=1 | next_eval_in=4466 agent_samples | checkpoint_every=10 episodes | checkpoint=./checkpoints/TD3_velodyne_multi_v4_curriculum_stage3_asym_pair_5_from_5a_latest.pt | model=TD3_velodyne_multi_v4_curriculum_stage3_asym_pair_5_from_5a
Episode 6 complete | agent_samples=651 | env_steps=288 | episode_env_steps=47 | episode_agent_samples=117 | mean_reward=102.140 | success=4/5 | collision=1/5 | mean_final_distance=0.433 | mean_progress=0.0193 | min_laser=0.300 | mean_lin=0.995 | mean_ang=0.538 | mean_robot_dist=1.758 | raw_reward=20.000 | adjusted_reward=20.000 | coop_agents=0/5 | mean_coop_neighbors=0.00 | active_neighbor_step_rate=0.675 | mean_active_neighbors_step=1.444 | max_active_neighbors_step=4 | interaction_reward=-0.0015 | abs_interaction_reward=0.0015 | anti_stag_reward=0.0000 | abs_anti_stag_reward=0.0000 | wall_clear_reward=0.0000 | abs_wall_clear_reward=0.0000 | local_nav_reward=0.2361 | abs_local_nav_reward=0.2361 | context_neighbors_mean=0.00 | context_neighbors_max=0 | context_step_mean=0.00 | context_step_max=0 | actor_unlocked=0 | expl_noise=0.0174 | replay=651 | samples/sec=10.258
Episode 7 complete | agent_samples=741 | env_steps=336 | episode_env_steps=48 | episode_agent_samples=90 | mean_reward=36.285 | success=3/5 | collision=2/5 | mean_final_distance=0.439 | mean_progress=0.0108 | min_laser=0.301 | mean_lin=0.601 | mean_ang=-0.198 | mean_robot_dist=1.757 | raw_reward=20.000 | adjusted_reward=20.000 | coop_agents=0/5 | mean_coop_neighbors=0.00 | active_neighbor_step_rate=0.656 | mean_active_neighbors_step=1.644 | max_active_neighbors_step=4 | interaction_reward=-0.0016 | abs_interaction_reward=0.0016 | anti_stag_reward=0.0000 | abs_anti_stag_reward=0.0000 | wall_clear_reward=0.0000 | abs_wall_clear_reward=0.0000 | local_nav_reward=0.1841 | abs_local_nav_reward=0.1851 | context_neighbors_mean=0.00 | context_neighbors_max=0 | context_step_mean=0.00 | context_step_max=0 | actor_unlocked=0 | expl_noise=0.0173 | replay=741 | samples/sec=10.018
Episode 8 complete | agent_samples=873 | env_steps=412 | episode_env_steps=76 | episode_agent_samples=132 | mean_reward=21.982 | success=3/5 | collision=2/5 | mean_final_distance=1.243 | mean_progress=0.0013 | min_laser=0.300 | mean_lin=0.377 | mean_ang=-0.580 | mean_robot_dist=0.588 | raw_reward=-20.000 | adjusted_reward=-20.000 | coop_agents=0/5 | mean_coop_neighbors=0.00 | active_neighbor_step_rate=0.424 | mean_active_neighbors_step=0.742 | max_active_neighbors_step=4 | interaction_reward=-0.0029 | abs_interaction_reward=0.0029 | anti_stag_reward=0.0000 | abs_anti_stag_reward=0.0000 | wall_clear_reward=0.0000 | abs_wall_clear_reward=0.0000 | local_nav_reward=0.0884 | abs_local_nav_reward=0.1216 | context_neighbors_mean=0.00 | context_neighbors_max=0 | context_step_mean=0.00 | context_step_max=0 | actor_unlocked=0 | expl_noise=0.0172 | replay=873 | samples/sec=9.643
Episode 9 complete | agent_samples=982 | env_steps=463 | episode_env_steps=51 | episode_agent_samples=109 | mean_reward=84.345 | success=4/5 | collision=1/5 | mean_final_distance=0.940 | mean_progress=0.0102 | min_laser=0.316 | mean_lin=0.592 | mean_ang=0.197 | mean_robot_dist=1.659 | raw_reward=20.000 | adjusted_reward=20.000 | coop_agents=0/5 | mean_coop_neighbors=0.00 | active_neighbor_step_rate=0.606 | mean_active_neighbors_step=1.587 | max_active_neighbors_step=4 | interaction_reward=-0.0015 | abs_interaction_reward=0.0015 | anti_stag_reward=0.0000 | abs_anti_stag_reward=0.0000 | wall_clear_reward=0.0000 | abs_wall_clear_reward=0.0000 | local_nav_reward=0.2465 | abs_local_nav_reward=0.2500 | context_neighbors_mean=0.00 | context_neighbors_max=0 | context_step_mean=0.00 | context_step_max=0 | actor_unlocked=0 | expl_noise=0.0171 | replay=982 | samples/sec=9.663
Episode 10 complete | agent_samples=1116 | env_steps=518 | episode_env_steps=55 | episode_agent_samples=134 | mean_reward=103.246 | success=4/5 | collision=1/5 | mean_final_distance=0.450 | mean_progress=0.0151 | min_laser=0.300 | mean_lin=0.795 | mean_ang=0.180 | mean_robot_dist=2.099 | raw_reward=20.000 | adjusted_reward=20.000 | coop_agents=0/5 | mean_coop_neighbors=0.00 | active_neighbor_step_rate=0.537 | mean_active_neighbors_step=1.209 | max_active_neighbors_step=4 | interaction_reward=-0.0034 | abs_interaction_reward=0.0034 | anti_stag_reward=0.0000 | abs_anti_stag_reward=0.0000 | wall_clear_reward=0.0000 | abs_wall_clear_reward=0.0000 | local_nav_reward=0.2182 | abs_local_nav_reward=0.2200 | context_neighbors_mean=0.00 | context_neighbors_max=0 | context_step_mean=0.00 | context_step_max=0 | actor_unlocked=0 | expl_noise=0.0170 | replay=1116 | samples/sec=9.827
Status | epoch=1 | next_eval_in=3884 agent_samples | checkpoint_every=10 episodes | checkpoint=./checkpoints/TD3_velodyne_multi_v4_curriculum_stage3_asym_pair_5_from_5a_latest.pt | model=TD3_velodyne_multi_v4_curriculum_stage3_asym_pair_5_from_5a
Checkpoint saved: ./checkpoints/TD3_velodyne_multi_v4_curriculum_stage3_asym_pair_5_from_5a_latest.pt
Episode 11 complete | agent_samples=1214 | env_steps=579 | episode_env_steps=61 | episode_agent_samples=98 | mean_reward=81.042 | success=4/5 | collision=1/5 | mean_final_distance=0.400 | mean_progress=0.0129 | min_laser=0.300 | mean_lin=0.836 | mean_ang=0.112 | mean_robot_dist=2.112 | raw_reward=20.000 | adjusted_reward=20.000 | coop_agents=0/5 | mean_coop_neighbors=0.00 | active_neighbor_step_rate=0.520 | mean_active_neighbors_step=1.429 | max_active_neighbors_step=4 | interaction_reward=-0.0010 | abs_interaction_reward=0.0010 | anti_stag_reward=0.0000 | abs_anti_stag_reward=0.0000 | wall_clear_reward=0.0000 | abs_wall_clear_reward=0.0000 | local_nav_reward=0.1871 | abs_local_nav_reward=0.1884 | context_neighbors_mean=0.00 | context_neighbors_max=0 | context_step_mean=0.00 | context_step_max=0 | actor_unlocked=0 | expl_noise=0.0168 | replay=1214 | samples/sec=9.569
Episode 12 complete | agent_samples=1303 | env_steps=626 | episode_env_steps=47 | episode_agent_samples=89 | mean_reward=26.356 | success=3/5 | collision=2/5 | mean_final_distance=1.121 | mean_progress=0.0200 | min_laser=0.301 | mean_lin=0.793 | mean_ang=0.194 | mean_robot_dist=2.484 | raw_reward=20.000 | adjusted_reward=20.000 | coop_agents=0/5 | mean_coop_neighbors=0.00 | active_neighbor_step_rate=0.449 | mean_active_neighbors_step=0.933 | max_active_neighbors_step=4 | interaction_reward=-0.0027 | abs_interaction_reward=0.0027 | anti_stag_reward=0.0000 | abs_anti_stag_reward=0.0000 | wall_clear_reward=0.0000 | abs_wall_clear_reward=0.0000 | local_nav_reward=0.1469 | abs_local_nav_reward=0.1507 | context_neighbors_mean=0.00 | context_neighbors_max=0 | context_step_mean=0.00 | context_step_max=0 | actor_unlocked=0 | expl_noise=0.0168 | replay=1303 | samples/sec=9.505
Episode 13 complete | agent_samples=1387 | env_steps=663 | episode_env_steps=37 | episode_agent_samples=84 | mean_reward=99.572 | success=4/5 | collision=1/5 | mean_final_distance=0.442 | mean_progress=0.0109 | min_laser=0.300 | mean_lin=0.999 | mean_ang=0.202 | mean_robot_dist=1.695 | raw_reward=20.000 | adjusted_reward=20.000 | coop_agents=0/5 | mean_coop_neighbors=0.00 | active_neighbor_step_rate=0.619 | mean_active_neighbors_step=1.405 | max_active_neighbors_step=4 | interaction_reward=-0.0002 | abs_interaction_reward=0.0002 | anti_stag_reward=0.0000 | abs_anti_stag_reward=0.0000 | wall_clear_reward=0.0000 | abs_wall_clear_reward=0.0000 | local_nav_reward=0.3068 | abs_local_nav_reward=0.3068 | context_neighbors_mean=0.00 | context_neighbors_max=0 | context_step_mean=0.00 | context_step_max=0 | actor_unlocked=0 | expl_noise=0.0167 | replay=1387 | samples/sec=9.556
Episode 14 complete | agent_samples=1466 | env_steps=699 | episode_env_steps=36 | episode_agent_samples=79 | mean_reward=48.112 | success=3/5 | collision=2/5 | mean_final_distance=0.629 | mean_progress=0.0143 | min_laser=0.300 | mean_lin=0.799 | mean_ang=-0.581 | mean_robot_dist=1.711 | raw_reward=20.000 | adjusted_reward=20.000 | coop_agents=0/5 | mean_coop_neighbors=0.00 | active_neighbor_step_rate=0.658 | mean_active_neighbors_step=1.405 | max_active_neighbors_step=4 | interaction_reward=-0.0003 | abs_interaction_reward=0.0003 | anti_stag_reward=0.0000 | abs_anti_stag_reward=0.0000 | wall_clear_reward=0.0000 | abs_wall_clear_reward=0.0000 | local_nav_reward=0.2771 | abs_local_nav_reward=0.2771 | context_neighbors_mean=0.00 | context_neighbors_max=0 | context_step_mean=0.00 | context_step_max=0 | actor_unlocked=0 | expl_noise=0.0166 | replay=1466 | samples/sec=9.580
Episode 15 complete | agent_samples=1519 | env_steps=716 | episode_env_steps=17 | episode_agent_samples=53 | mean_reward=39.167 | success=3/5 | collision=2/5 | mean_final_distance=0.445 | mean_progress=0.0018 | min_laser=0.301 | mean_lin=0.800 | mean_ang=0.200 | mean_robot_dist=0.651 | raw_reward=-20.000 | adjusted_reward=-20.000 | coop_agents=0/5 | mean_coop_neighbors=0.00 | active_neighbor_step_rate=0.943 | mean_active_neighbors_step=2.642 | max_active_neighbors_step=4 | interaction_reward=-0.0004 | abs_interaction_reward=0.0004 | anti_stag_reward=0.0000 | abs_anti_stag_reward=0.0000 | wall_clear_reward=0.0000 | abs_wall_clear_reward=0.0000 | local_nav_reward=0.2518 | abs_local_nav_reward=0.2518 | context_neighbors_mean=0.00 | context_neighbors_max=0 | context_step_mean=0.00 | context_step_max=0 | actor_unlocked=0 | expl_noise=0.0166 | replay=1519 | samples/sec=9.688
Status | epoch=1 | next_eval_in=3481 agent_samples | checkpoint_every=10 episodes | checkpoint=./checkpoints/TD3_velodyne_multi_v4_curriculum_stage3_asym_pair_5_from_5a_latest.pt | model=TD3_velodyne_multi_v4_curriculum_stage3_asym_pair_5_from_5a
Episode 16 complete | agent_samples=1569 | env_steps=736 | episode_env_steps=20 | episode_agent_samples=50 | mean_reward=28.442 | success=3/5 | collision=2/5 | mean_final_distance=1.132 | mean_progress=0.0146 | min_laser=0.300 | mean_lin=0.797 | mean_ang=0.189 | mean_robot_dist=0.602 | raw_reward=-20.000 | adjusted_reward=-20.000 | coop_agents=0/5 | mean_coop_neighbors=0.00 | active_neighbor_step_rate=0.560 | mean_active_neighbors_step=1.280 | max_active_neighbors_step=4 | interaction_reward=0.0000 | abs_interaction_reward=0.0000 | anti_stag_reward=0.0000 | abs_anti_stag_reward=0.0000 | wall_clear_reward=0.0000 | abs_wall_clear_reward=0.0000 | local_nav_reward=0.1938 | abs_local_nav_reward=0.1938 | context_neighbors_mean=0.00 | context_neighbors_max=0 | context_step_mean=0.00 | context_step_max=0 | actor_unlocked=0 | expl_noise=0.0165 | replay=1569 | samples/sec=9.732
Episode 17 complete | agent_samples=1703 | env_steps=821 | episode_env_steps=85 | episode_agent_samples=134 | mean_reward=98.505 | success=4/5 | collision=1/5 | mean_final_distance=0.480 | mean_progress=0.0179 | min_laser=0.327 | mean_lin=0.990 | mean_ang=-0.926 | mean_robot_dist=1.919 | raw_reward=20.000 | adjusted_reward=20.000 | coop_agents=0/5 | mean_coop_neighbors=0.00 | active_neighbor_step_rate=0.396 | mean_active_neighbors_step=0.918 | max_active_neighbors_step=4 | interaction_reward=-0.0003 | abs_interaction_reward=0.0003 | anti_stag_reward=0.0000 | abs_anti_stag_reward=0.0000 | wall_clear_reward=0.0000 | abs_wall_clear_reward=0.0000 | local_nav_reward=0.2150 | abs_local_nav_reward=0.2227 | context_neighbors_mean=0.00 | context_neighbors_max=0 | context_step_mean=0.00 | context_step_max=0 | actor_unlocked=0 | expl_noise=0.0164 | replay=1703 | samples/sec=9.489
Episode 18 complete | agent_samples=1810 | env_steps=863 | episode_env_steps=42 | episode_agent_samples=107 | mean_reward=102.192 | success=4/5 | collision=1/5 | mean_final_distance=0.445 | mean_progress=0.0151 | min_laser=0.300 | mean_lin=0.600 | mean_ang=-0.201 | mean_robot_dist=2.015 | raw_reward=20.000 | adjusted_reward=20.000 | coop_agents=0/5 | mean_coop_neighbors=0.00 | active_neighbor_step_rate=0.645 | mean_active_neighbors_step=1.383 | max_active_neighbors_step=4 | interaction_reward=-0.0017 | abs_interaction_reward=0.0017 | anti_stag_reward=0.0000 | abs_anti_stag_reward=0.0000 | wall_clear_reward=0.0000 | abs_wall_clear_reward=0.0000 | local_nav_reward=0.2466 | abs_local_nav_reward=0.2466 | context_neighbors_mean=0.00 | context_neighbors_max=0 | context_step_mean=0.00 | context_step_max=0 | actor_unlocked=0 | expl_noise=0.0163 | replay=1810 | samples/sec=9.597
Episode 19 complete | agent_samples=1899 | env_steps=914 | episode_env_steps=51 | episode_agent_samples=89 | mean_reward=36.853 | success=3/5 | collision=2/5 | mean_final_distance=0.432 | mean_progress=0.0066 | min_laser=0.300 | mean_lin=0.599 | mean_ang=0.088 | mean_robot_dist=1.806 | raw_reward=20.000 | adjusted_reward=20.000 | coop_agents=0/5 | mean_coop_neighbors=0.00 | active_neighbor_step_rate=0.584 | mean_active_neighbors_step=1.528 | max_active_neighbors_step=4 | interaction_reward=-0.0014 | abs_interaction_reward=0.0014 | anti_stag_reward=0.0000 | abs_anti_stag_reward=0.0000 | wall_clear_reward=0.0000 | abs_wall_clear_reward=0.0000 | local_nav_reward=0.1922 | abs_local_nav_reward=0.1947 | context_neighbors_mean=0.00 | context_neighbors_max=0 | context_step_mean=0.00 | context_step_max=0 | actor_unlocked=0 | expl_noise=0.0162 | replay=1899 | samples/sec=9.508
Episode 20 complete | agent_samples=2052 | env_steps=964 | episode_env_steps=50 | episode_agent_samples=153 | mean_reward=85.358 | success=4/5 | collision=1/5 | mean_final_distance=0.732 | mean_progress=0.0175 | min_laser=0.300 | mean_lin=0.803 | mean_ang=-0.234 | mean_robot_dist=2.182 | raw_reward=20.000 | adjusted_reward=20.000 | coop_agents=0/5 | mean_coop_neighbors=0.00 | active_neighbor_step_rate=0.614 | mean_active_neighbors_step=1.013 | max_active_neighbors_step=4 | interaction_reward=-0.0051 | abs_interaction_reward=0.0051 | anti_stag_reward=0.0000 | abs_anti_stag_reward=0.0000 | wall_clear_reward=0.0000 | abs_wall_clear_reward=0.0000 | local_nav_reward=0.1509 | abs_local_nav_reward=0.1561 | context_neighbors_mean=0.00 | context_neighbors_max=0 | context_step_mean=0.00 | context_step_max=0 | actor_unlocked=0 | expl_noise=0.0161 | replay=2052 | samples/sec=9.740
Status | epoch=1 | next_eval_in=2948 agent_samples | checkpoint_every=10 episodes | checkpoint=./checkpoints/TD3_velodyne_multi_v4_curriculum_stage3_asym_pair_5_from_5a_latest.pt | model=TD3_velodyne_multi_v4_curriculum_stage3_asym_pair_5_from_5a
Checkpoint saved: ./checkpoints/TD3_velodyne_multi_v4_curriculum_stage3_asym_pair_5_from_5a_latest.pt
Episode 21 complete | agent_samples=2139 | env_steps=1003 | episode_env_steps=39 | episode_agent_samples=87 | mean_reward=96.719 | success=4/5 | collision=1/5 | mean_final_distance=0.441 | mean_progress=0.0150 | min_laser=0.300 | mean_lin=0.838 | mean_ang=-0.205 | mean_robot_dist=1.858 | raw_reward=20.000 | adjusted_reward=20.000 | coop_agents=0/5 | mean_coop_neighbors=0.00 | active_neighbor_step_rate=0.563 | mean_active_neighbors_step=1.402 | max_active_neighbors_step=4 | interaction_reward=0.0000 | abs_interaction_reward=0.0000 | anti_stag_reward=0.0000 | abs_anti_stag_reward=0.0000 | wall_clear_reward=0.0000 | abs_wall_clear_reward=0.0000 | local_nav_reward=0.2922 | abs_local_nav_reward=0.2922 | context_neighbors_mean=0.00 | context_neighbors_max=0 | context_step_mean=0.00 | context_step_max=0 | actor_unlocked=0 | expl_noise=0.0160 | replay=2139 | samples/sec=9.759
Episode 22 complete | agent_samples=2265 | env_steps=1051 | episode_env_steps=48 | episode_agent_samples=126 | mean_reward=99.906 | success=4/5 | collision=1/5 | mean_final_distance=0.463 | mean_progress=0.0125 | min_laser=0.300 | mean_lin=0.761 | mean_ang=-0.200 | mean_robot_dist=1.406 | raw_reward=20.000 | adjusted_reward=20.000 | coop_agents=0/5 | mean_coop_neighbors=0.00 | active_neighbor_step_rate=0.667 | mean_active_neighbors_step=1.405 | max_active_neighbors_step=4 | interaction_reward=-0.0030 | abs_interaction_reward=0.0030 | anti_stag_reward=0.0000 | abs_anti_stag_reward=0.0000 | wall_clear_reward=0.0000 | abs_wall_clear_reward=0.0000 | local_nav_reward=0.2138 | abs_local_nav_reward=0.2138 | context_neighbors_mean=0.00 | context_neighbors_max=0 | context_step_mean=0.00 | context_step_max=0 | actor_unlocked=0 | expl_noise=0.0159 | replay=2265 | samples/sec=9.860
Episode 23 complete | agent_samples=2311 | env_steps=1067 | episode_env_steps=16 | episode_agent_samples=46 | mean_reward=79.106 | success=4/5 | collision=1/5 | mean_final_distance=0.408 | mean_progress=0.0123 | min_laser=0.300 | mean_lin=0.797 | mean_ang=0.224 | mean_robot_dist=0.670 | raw_reward=20.000 | adjusted_reward=20.000 | coop_agents=0/5 | mean_coop_neighbors=0.00 | active_neighbor_step_rate=0.913 | mean_active_neighbors_step=2.348 | max_active_neighbors_step=4 | interaction_reward=0.0000 | abs_interaction_reward=0.0000 | anti_stag_reward=0.0000 | abs_anti_stag_reward=0.0000 | wall_clear_reward=0.0000 | abs_wall_clear_reward=0.0000 | local_nav_reward=0.2949 | abs_local_nav_reward=0.2949 | context_neighbors_mean=0.00 | context_neighbors_max=0 | context_step_mean=0.00 | context_step_max=0 | actor_unlocked=0 | expl_noise=0.0159 | replay=2311 | samples/sec=9.905
Episode 24 complete | agent_samples=2391 | env_steps=1103 | episode_env_steps=36 | episode_agent_samples=80 | mean_reward=-27.374 | success=2/5 | collision=3/5 | mean_final_distance=2.336 | mean_progress=0.0239 | min_laser=0.300 | mean_lin=0.668 | mean_ang=0.526 | mean_robot_dist=5.206 | raw_reward=-20.000 | adjusted_reward=-20.000 | coop_agents=0/5 | mean_coop_neighbors=0.00 | active_neighbor_step_rate=0.450 | mean_active_neighbors_step=1.025 | max_active_neighbors_step=4 | interaction_reward=-0.0030 | abs_interaction_reward=0.0030 | anti_stag_reward=0.0000 | abs_anti_stag_reward=0.0000 | wall_clear_reward=0.0000 | abs_wall_clear_reward=0.0000 | local_nav_reward=0.1608 | abs_local_nav_reward=0.1848 | context_neighbors_mean=0.00 | context_neighbors_max=0 | context_step_mean=0.00 | context_step_max=0 | actor_unlocked=0 | expl_noise=0.0158 | replay=2391 | samples/sec=9.913
Episode 25 complete | agent_samples=2477 | env_steps=1142 | episode_env_steps=39 | episode_agent_samples=86 | mean_reward=96.868 | success=4/5 | collision=1/5 | mean_final_distance=0.439 | mean_progress=0.0208 | min_laser=0.300 | mean_lin=0.799 | mean_ang=-0.259 | mean_robot_dist=1.902 | raw_reward=20.000 | adjusted_reward=20.000 | coop_agents=0/5 | mean_coop_neighbors=0.00 | active_neighbor_step_rate=0.558 | mean_active_neighbors_step=1.349 | max_active_neighbors_step=4 | interaction_reward=0.0000 | abs_interaction_reward=0.0000 | anti_stag_reward=0.0000 | abs_anti_stag_reward=0.0000 | wall_clear_reward=0.0000 | abs_wall_clear_reward=0.0000 | local_nav_reward=0.2840 | abs_local_nav_reward=0.2840 | context_neighbors_mean=0.00 | context_neighbors_max=0 | context_step_mean=0.00 | context_step_max=0 | actor_unlocked=0 | expl_noise=0.0157 | replay=2477 | samples/sec=9.919
Status | epoch=1 | next_eval_in=2523 agent_samples | checkpoint_every=10 episodes | checkpoint=./checkpoints/TD3_velodyne_multi_v4_curriculum_stage3_asym_pair_5_from_5a_latest.pt | model=TD3_velodyne_multi_v4_curriculum_stage3_asym_pair_5_from_5a
Episode 26 complete | agent_samples=2580 | env_steps=1191 | episode_env_steps=49 | episode_agent_samples=103 | mean_reward=98.932 | success=4/5 | collision=1/5 | mean_final_distance=0.432 | mean_progress=0.0076 | min_laser=0.300 | mean_lin=0.717 | mean_ang=-0.586 | mean_robot_dist=1.921 | raw_reward=20.000 | adjusted_reward=20.000 | coop_agents=0/5 | mean_coop_neighbors=0.00 | active_neighbor_step_rate=0.563 | mean_active_neighbors_step=1.087 | max_active_neighbors_step=4 | interaction_reward=-0.0008 | abs_interaction_reward=0.0008 | anti_stag_reward=0.0000 | abs_anti_stag_reward=0.0000 | wall_clear_reward=0.0000 | abs_wall_clear_reward=0.0000 | local_nav_reward=0.2566 | abs_local_nav_reward=0.2566 | context_neighbors_mean=0.00 | context_neighbors_max=0 | context_step_mean=0.00 | context_step_max=0 | actor_unlocked=0 | expl_noise=0.0156 | replay=2580 | samples/sec=9.907
Episode 27 complete | agent_samples=2653 | env_steps=1230 | episode_env_steps=39 | episode_agent_samples=73 | mean_reward=75.783 | success=4/5 | collision=1/5 | mean_final_distance=0.419 | mean_progress=0.0028 | min_laser=0.300 | mean_lin=0.797 | mean_ang=0.602 | mean_robot_dist=1.768 | raw_reward=20.000 | adjusted_reward=20.000 | coop_agents=0/5 | mean_coop_neighbors=0.00 | active_neighbor_step_rate=0.644 | mean_active_neighbors_step=1.699 | max_active_neighbors_step=4 | interaction_reward=-0.0008 | abs_interaction_reward=0.0008 | anti_stag_reward=0.0000 | abs_anti_stag_reward=0.0000 | wall_clear_reward=0.0000 | abs_wall_clear_reward=0.0000 | local_nav_reward=0.2138 | abs_local_nav_reward=0.2138 | context_neighbors_mean=0.00 | context_neighbors_max=0 | context_step_mean=0.00 | context_step_max=0 | actor_unlocked=0 | expl_noise=0.0156 | replay=2653 | samples/sec=9.864
Episode 28 complete | agent_samples=2748 | env_steps=1278 | episode_env_steps=48 | episode_agent_samples=95 | mean_reward=28.153 | success=3/5 | collision=2/5 | mean_final_distance=1.031 | mean_progress=0.0041 | min_laser=0.301 | mean_lin=0.800 | mean_ang=-0.221 | mean_robot_dist=1.969 | raw_reward=20.000 | adjusted_reward=20.000 | coop_agents=0/5 | mean_coop_neighbors=0.00 | active_neighbor_step_rate=0.463 | mean_active_neighbors_step=0.789 | max_active_neighbors_step=4 | interaction_reward=-0.0034 | abs_interaction_reward=0.0034 | anti_stag_reward=0.0000 | abs_anti_stag_reward=0.0000 | wall_clear_reward=0.0000 | abs_wall_clear_reward=0.0000 | local_nav_reward=0.1631 | abs_local_nav_reward=0.1721 | context_neighbors_mean=0.00 | context_neighbors_max=0 | context_step_mean=0.00 | context_step_max=0 | actor_unlocked=0 | expl_noise=0.0155 | replay=2748 | samples/sec=9.835
Episode 29 complete | agent_samples=2893 | env_steps=1374 | episode_env_steps=96 | episode_agent_samples=145 | mean_reward=99.232 | success=4/5 | collision=1/5 | mean_final_distance=0.453 | mean_progress=0.0056 | min_laser=0.301 | mean_lin=0.977 | mean_ang=-0.201 | mean_robot_dist=1.689 | raw_reward=20.000 | adjusted_reward=20.000 | coop_agents=0/5 | mean_coop_neighbors=0.00 | active_neighbor_step_rate=0.379 | mean_active_neighbors_step=0.917 | max_active_neighbors_step=4 | interaction_reward=-0.0005 | abs_interaction_reward=0.0005 | anti_stag_reward=0.0000 | abs_anti_stag_reward=0.0000 | wall_clear_reward=0.0000 | abs_wall_clear_reward=0.0000 | local_nav_reward=0.2103 | abs_local_nav_reward=0.2142 | context_neighbors_mean=0.00 | context_neighbors_max=0 | context_step_mean=0.00 | context_step_max=0 | actor_unlocked=0 | expl_noise=0.0153 | replay=2893 | samples/sec=9.631
Episode 30 complete | agent_samples=3054 | env_steps=1486 | episode_env_steps=112 | episode_agent_samples=161 | mean_reward=101.347 | success=4/5 | collision=1/5 | mean_final_distance=0.434 | mean_progress=0.0146 | min_laser=0.305 | mean_lin=0.992 | mean_ang=0.210 | mean_robot_dist=1.446 | raw_reward=20.000 | adjusted_reward=20.000 | coop_agents=0/5 | mean_coop_neighbors=0.00 | active_neighbor_step_rate=0.354 | mean_active_neighbors_step=0.745 | max_active_neighbors_step=4 | interaction_reward=0.0000 | abs_interaction_reward=0.0000 | anti_stag_reward=0.0000 | abs_anti_stag_reward=0.0000 | wall_clear_reward=0.0000 | abs_wall_clear_reward=0.0000 | local_nav_reward=0.1954 | abs_local_nav_reward=0.2012 | context_neighbors_mean=0.00 | context_neighbors_max=0 | context_step_mean=0.00 | context_step_max=0 | actor_unlocked=0 | expl_noise=0.0150 | replay=3054 | samples/sec=9.410
Status | epoch=1 | next_eval_in=1946 agent_samples | checkpoint_every=10 episodes | checkpoint=./checkpoints/TD3_velodyne_multi_v4_curriculum_stage3_asym_pair_5_from_5a_latest.pt | model=TD3_velodyne_multi_v4_curriculum_stage3_asym_pair_5_from_5a
Checkpoint saved: ./checkpoints/TD3_velodyne_multi_v4_curriculum_stage3_asym_pair_5_from_5a_latest.pt
Episode 31 complete | agent_samples=3099 | env_steps=1500 | episode_env_steps=14 | episode_agent_samples=45 | mean_reward=79.526 | success=4/5 | collision=1/5 | mean_final_distance=0.387 | mean_progress=0.0271 | min_laser=0.300 | mean_lin=0.795 | mean_ang=0.993 | mean_robot_dist=0.951 | raw_reward=20.000 | adjusted_reward=20.000 | coop_agents=0/5 | mean_coop_neighbors=0.00 | active_neighbor_step_rate=0.956 | mean_active_neighbors_step=2.578 | max_active_neighbors_step=4 | interaction_reward=0.0000 | abs_interaction_reward=0.0000 | anti_stag_reward=0.0000 | abs_anti_stag_reward=0.0000 | wall_clear_reward=0.0000 | abs_wall_clear_reward=0.0000 | local_nav_reward=0.3074 | abs_local_nav_reward=0.3074 | context_neighbors_mean=0.00 | context_neighbors_max=0 | context_step_mean=0.00 | context_step_max=0 | actor_unlocked=0 | expl_noise=0.0150 | replay=3099 | samples/sec=9.457
Episode 32 complete | agent_samples=3267 | env_steps=1560 | episode_env_steps=60 | episode_agent_samples=168 | mean_reward=62.221 | success=4/5 | collision=1/5 | mean_final_distance=2.063 | mean_progress=0.0063 | min_laser=0.300 | mean_lin=0.797 | mean_ang=-0.463 | mean_robot_dist=2.311 | raw_reward=20.000 | adjusted_reward=20.000 | coop_agents=0/5 | mean_coop_neighbors=0.00 | active_neighbor_step_rate=0.619 | mean_active_neighbors_step=1.083 | max_active_neighbors_step=4 | interaction_reward=-0.0059 | abs_interaction_reward=0.0059 | anti_stag_reward=0.0000 | abs_anti_stag_reward=0.0000 | wall_clear_reward=0.0000 | abs_wall_clear_reward=0.0000 | local_nav_reward=0.1404 | abs_local_nav_reward=0.1574 | context_neighbors_mean=0.00 | context_neighbors_max=0 | context_step_mean=0.00 | context_step_max=0 | actor_unlocked=0 | expl_noise=0.0149 | replay=3267 | samples/sec=9.587
Episode 33 complete | agent_samples=3351 | env_steps=1597 | episode_env_steps=37 | episode_agent_samples=84 | mean_reward=99.191 | success=4/5 | collision=1/5 | mean_final_distance=0.468 | mean_progress=0.0155 | min_laser=0.300 | mean_lin=0.994 | mean_ang=0.202 | mean_robot_dist=1.928 | raw_reward=20.000 | adjusted_reward=20.000 | coop_agents=0/5 | mean_coop_neighbors=0.00 | active_neighbor_step_rate=0.655 | mean_active_neighbors_step=1.393 | max_active_neighbors_step=4 | interaction_reward=-0.0002 | abs_interaction_reward=0.0002 | anti_stag_reward=0.0000 | abs_anti_stag_reward=0.0000 | wall_clear_reward=0.0000 | abs_wall_clear_reward=0.0000 | local_nav_reward=0.2973 | abs_local_nav_reward=0.2973 | context_neighbors_mean=0.00 | context_neighbors_max=0 | context_step_mean=0.00 | context_step_max=0 | actor_unlocked=0 | expl_noise=0.0148 | replay=3351 | samples/sec=9.605
Episode 34 complete | agent_samples=3451 | env_steps=1646 | episode_env_steps=49 | episode_agent_samples=100 | mean_reward=98.810 | success=4/5 | collision=1/5 | mean_final_distance=0.466 | mean_progress=0.0130 | min_laser=0.300 | mean_lin=0.838 | mean_ang=-0.080 | mean_robot_dist=1.737 | raw_reward=20.000 | adjusted_reward=20.000 | coop_agents=0/5 | mean_coop_neighbors=0.00 | active_neighbor_step_rate=0.510 | mean_active_neighbors_step=1.110 | max_active_neighbors_step=4 | interaction_reward=0.0000 | abs_interaction_reward=0.0000 | anti_stag_reward=0.0000 | abs_anti_stag_reward=0.0000 | wall_clear_reward=0.0000 | abs_wall_clear_reward=0.0000 | local_nav_reward=0.2452 | abs_local_nav_reward=0.2452 | context_neighbors_mean=0.00 | context_neighbors_max=0 | context_step_mean=0.00 | context_step_max=0 | actor_unlocked=0 | expl_noise=0.0147 | replay=3451 | samples/sec=9.595
Episode 35 complete | agent_samples=3497 | env_steps=1660 | episode_env_steps=14 | episode_agent_samples=46 | mean_reward=79.444 | success=4/5 | collision=1/5 | mean_final_distance=0.391 | mean_progress=0.0237 | min_laser=0.300 | mean_lin=0.799 | mean_ang=0.990 | mean_robot_dist=0.926 | raw_reward=20.000 | adjusted_reward=20.000 | coop_agents=0/5 | mean_coop_neighbors=0.00 | active_neighbor_step_rate=0.978 | mean_active_neighbors_step=2.522 | max_active_neighbors_step=4 | interaction_reward=-0.0004 | abs_interaction_reward=0.0004 | anti_stag_reward=0.0000 | abs_anti_stag_reward=0.0000 | wall_clear_reward=0.0000 | abs_wall_clear_reward=0.0000 | local_nav_reward=0.3074 | abs_local_nav_reward=0.3074 | context_neighbors_mean=0.00 | context_neighbors_max=0 | context_step_mean=0.00 | context_step_max=0 | actor_unlocked=0 | expl_noise=0.0147 | replay=3497 | samples/sec=9.640
Status | epoch=1 | next_eval_in=1503 agent_samples | checkpoint_every=10 episodes | checkpoint=./checkpoints/TD3_velodyne_multi_v4_curriculum_stage3_asym_pair_5_from_5a_latest.pt | model=TD3_velodyne_multi_v4_curriculum_stage3_asym_pair_5_from_5a
Episode 36 complete | agent_samples=3646 | env_steps=1721 | episode_env_steps=61 | episode_agent_samples=149 | mean_reward=31.378 | success=3/5 | collision=2/5 | mean_final_distance=1.139 | mean_progress=0.0186 | min_laser=0.300 | mean_lin=1.000 | mean_ang=-0.564 | mean_robot_dist=2.507 | raw_reward=20.000 | adjusted_reward=20.000 | coop_agents=0/5 | mean_coop_neighbors=0.00 | active_neighbor_step_rate=0.564 | mean_active_neighbors_step=0.812 | max_active_neighbors_step=3 | interaction_reward=-0.0040 | abs_interaction_reward=0.0040 | anti_stag_reward=0.0000 | abs_anti_stag_reward=0.0000 | wall_clear_reward=0.0000 | abs_wall_clear_reward=0.0000 | local_nav_reward=0.1260 | abs_local_nav_reward=0.1279 | context_neighbors_mean=0.00 | context_neighbors_max=0 | context_step_mean=0.00 | context_step_max=0 | actor_unlocked=0 | expl_noise=0.0146 | replay=3646 | samples/sec=9.699
Episode 37 complete | agent_samples=3735 | env_steps=1758 | episode_env_steps=37 | episode_agent_samples=89 | mean_reward=99.394 | success=4/5 | collision=1/5 | mean_final_distance=0.470 | mean_progress=0.0153 | min_laser=0.301 | mean_lin=0.997 | mean_ang=-0.744 | mean_robot_dist=1.784 | raw_reward=20.000 | adjusted_reward=20.000 | coop_agents=0/5 | mean_coop_neighbors=0.00 | active_neighbor_step_rate=0.618 | mean_active_neighbors_step=1.640 | max_active_neighbors_step=4 | interaction_reward=-0.0002 | abs_interaction_reward=0.0002 | anti_stag_reward=0.0000 | abs_anti_stag_reward=0.0000 | wall_clear_reward=0.0000 | abs_wall_clear_reward=0.0000 | local_nav_reward=0.2951 | abs_local_nav_reward=0.2951 | context_neighbors_mean=0.00 | context_neighbors_max=0 | context_step_mean=0.00 | context_step_max=0 | actor_unlocked=0 | expl_noise=0.0145 | replay=3735 | samples/sec=9.728
Episode 38 complete | agent_samples=3816 | env_steps=1794 | episode_env_steps=36 | episode_agent_samples=81 | mean_reward=50.474 | success=3/5 | collision=2/5 | mean_final_distance=0.640 | mean_progress=0.0182 | min_laser=0.311 | mean_lin=0.600 | mean_ang=-0.597 | mean_robot_dist=1.642 | raw_reward=20.000 | adjusted_reward=20.000 | coop_agents=0/5 | mean_coop_neighbors=0.00 | active_neighbor_step_rate=0.667 | mean_active_neighbors_step=1.420 | max_active_neighbors_step=4 | interaction_reward=0.0000 | abs_interaction_reward=0.0000 | anti_stag_reward=0.0000 | abs_anti_stag_reward=0.0000 | wall_clear_reward=0.0000 | abs_wall_clear_reward=0.0000 | local_nav_reward=0.2730 | abs_local_nav_reward=0.2730 | context_neighbors_mean=0.00 | context_neighbors_max=0 | context_step_mean=0.00 | context_step_max=0 | actor_unlocked=0 | expl_noise=0.0144 | replay=3816 | samples/sec=9.739
Episode 39 complete | agent_samples=3862 | env_steps=1808 | episode_env_steps=14 | episode_agent_samples=46 | mean_reward=79.895 | success=4/5 | collision=1/5 | mean_final_distance=0.399 | mean_progress=0.0234 | min_laser=0.301 | mean_lin=0.798 | mean_ang=0.987 | mean_robot_dist=0.958 | raw_reward=20.000 | adjusted_reward=20.000 | coop_agents=0/5 | mean_coop_neighbors=0.00 | active_neighbor_step_rate=0.978 | mean_active_neighbors_step=2.565 | max_active_neighbors_step=4 | interaction_reward=0.0000 | abs_interaction_reward=0.0000 | anti_stag_reward=0.0000 | abs_anti_stag_reward=0.0000 | wall_clear_reward=0.0000 | abs_wall_clear_reward=0.0000 | local_nav_reward=0.3061 | abs_local_nav_reward=0.3061 | context_neighbors_mean=0.00 | context_neighbors_max=0 | context_step_mean=0.00 | context_step_max=0 | actor_unlocked=0 | expl_noise=0.0144 | replay=3862 | samples/sec=9.778
Episode 40 complete | agent_samples=3937 | env_steps=1848 | episode_env_steps=40 | episode_agent_samples=75 | mean_reward=33.042 | success=3/5 | collision=2/5 | mean_final_distance=0.781 | mean_progress=0.0240 | min_laser=0.300 | mean_lin=0.800 | mean_ang=-0.175 | mean_robot_dist=1.277 | raw_reward=-20.000 | adjusted_reward=-20.000 | coop_agents=0/5 | mean_coop_neighbors=0.00 | active_neighbor_step_rate=0.440 | mean_active_neighbors_step=0.933 | max_active_neighbors_step=4 | interaction_reward=-0.0003 | abs_interaction_reward=0.0003 | anti_stag_reward=0.0000 | abs_anti_stag_reward=0.0000 | wall_clear_reward=0.0000 | abs_wall_clear_reward=0.0000 | local_nav_reward=0.1969 | abs_local_nav_reward=0.1969 | context_neighbors_mean=0.00 | context_neighbors_max=0 | context_step_mean=0.00 | context_step_max=0 | actor_unlocked=0 | expl_noise=0.0143 | replay=3937 | samples/sec=9.752
Status | epoch=1 | next_eval_in=1063 agent_samples | checkpoint_every=10 episodes | checkpoint=./checkpoints/TD3_velodyne_multi_v4_curriculum_stage3_asym_pair_5_from_5a_latest.pt | model=TD3_velodyne_multi_v4_curriculum_stage3_asym_pair_5_from_5a
Checkpoint saved: ./checkpoints/TD3_velodyne_multi_v4_curriculum_stage3_asym_pair_5_from_5a_latest.pt
Episode 41 complete | agent_samples=4028 | env_steps=1886 | episode_env_steps=38 | episode_agent_samples=91 | mean_reward=95.376 | success=4/5 | collision=1/5 | mean_final_distance=0.426 | mean_progress=0.0153 | min_laser=0.300 | mean_lin=0.999 | mean_ang=-0.049 | mean_robot_dist=1.824 | raw_reward=20.000 | adjusted_reward=20.000 | coop_agents=0/5 | mean_coop_neighbors=0.00 | active_neighbor_step_rate=0.615 | mean_active_neighbors_step=1.407 | max_active_neighbors_step=4 | interaction_reward=0.0000 | abs_interaction_reward=0.0000 | anti_stag_reward=0.0000 | abs_anti_stag_reward=0.0000 | wall_clear_reward=0.0000 | abs_wall_clear_reward=0.0000 | local_nav_reward=0.2744 | abs_local_nav_reward=0.2744 | context_neighbors_mean=0.00 | context_neighbors_max=0 | context_step_mean=0.00 | context_step_max=0 | actor_unlocked=0 | expl_noise=0.0143 | replay=4028 | samples/sec=9.778
Episode 42 complete | agent_samples=4125 | env_steps=1934 | episode_env_steps=48 | episode_agent_samples=97 | mean_reward=99.368 | success=4/5 | collision=1/5 | mean_final_distance=0.450 | mean_progress=0.0175 | min_laser=0.300 | mean_lin=0.798 | mean_ang=-0.204 | mean_robot_dist=1.884 | raw_reward=20.000 | adjusted_reward=20.000 | coop_agents=0/5 | mean_coop_neighbors=0.00 | active_neighbor_step_rate=0.557 | mean_active_neighbors_step=1.062 | max_active_neighbors_step=4 | interaction_reward=-0.0002 | abs_interaction_reward=0.0002 | anti_stag_reward=0.0000 | abs_anti_stag_reward=0.0000 | wall_clear_reward=0.0000 | abs_wall_clear_reward=0.0000 | local_nav_reward=0.2648 | abs_local_nav_reward=0.2648 | context_neighbors_mean=0.00 | context_neighbors_max=0 | context_step_mean=0.00 | context_step_max=0 | actor_unlocked=0 | expl_noise=0.0142 | replay=4125 | samples/sec=9.767
Episode 43 complete | agent_samples=4194 | env_steps=1966 | episode_env_steps=32 | episode_agent_samples=69 | mean_reward=82.042 | success=4/5 | collision=1/5 | mean_final_distance=0.408 | mean_progress=0.0040 | min_laser=0.300 | mean_lin=0.711 | mean_ang=-0.594 | mean_robot_dist=1.679 | raw_reward=20.000 | adjusted_reward=20.000 | coop_agents=0/5 | mean_coop_neighbors=0.00 | active_neighbor_step_rate=0.739 | mean_active_neighbors_step=1.986 | max_active_neighbors_step=4 | interaction_reward=-0.0006 | abs_interaction_reward=0.0006 | anti_stag_reward=0.0000 | abs_anti_stag_reward=0.0000 | wall_clear_reward=0.0000 | abs_wall_clear_reward=0.0000 | local_nav_reward=0.2237 | abs_local_nav_reward=0.2237 | context_neighbors_mean=0.00 | context_neighbors_max=0 | context_step_mean=0.00 | context_step_max=0 | actor_unlocked=0 | expl_noise=0.0141 | replay=4194 | samples/sec=9.769
Episode 44 complete | agent_samples=4291 | env_steps=2016 | episode_env_steps=50 | episode_agent_samples=97 | mean_reward=80.787 | success=4/5 | collision=1/5 | mean_final_distance=0.662 | mean_progress=0.0240 | min_laser=0.300 | mean_lin=0.800 | mean_ang=0.184 | mean_robot_dist=1.918 | raw_reward=20.000 | adjusted_reward=20.000 | coop_agents=0/5 | mean_coop_neighbors=0.00 | active_neighbor_step_rate=0.454 | mean_active_neighbors_step=0.845 | max_active_neighbors_step=4 | interaction_reward=-0.0027 | abs_interaction_reward=0.0027 | anti_stag_reward=0.0000 | abs_anti_stag_reward=0.0000 | wall_clear_reward=0.0000 | abs_wall_clear_reward=0.0000 | local_nav_reward=0.1868 | abs_local_nav_reward=0.1909 | context_neighbors_mean=0.00 | context_neighbors_max=0 | context_step_mean=0.00 | context_step_max=0 | actor_unlocked=0 | expl_noise=0.0140 | replay=4291 | samples/sec=9.746
Episode 45 complete | agent_samples=4425 | env_steps=2076 | episode_env_steps=60 | episode_agent_samples=134 | mean_reward=97.333 | success=4/5 | collision=1/5 | mean_final_distance=0.480 | mean_progress=0.0182 | min_laser=0.301 | mean_lin=0.999 | mean_ang=0.202 | mean_robot_dist=1.059 | raw_reward=20.000 | adjusted_reward=20.000 | coop_agents=0/5 | mean_coop_neighbors=0.00 | active_neighbor_step_rate=0.649 | mean_active_neighbors_step=1.403 | max_active_neighbors_step=4 | interaction_reward=-0.0027 | abs_interaction_reward=0.0027 | anti_stag_reward=0.0000 | abs_anti_stag_reward=0.0000 | wall_clear_reward=0.0000 | abs_wall_clear_reward=0.0000 | local_nav_reward=0.2221 | abs_local_nav_reward=0.2255 | context_neighbors_mean=0.00 | context_neighbors_max=0 | context_step_mean=0.00 | context_step_max=0 | actor_unlocked=0 | expl_noise=0.0139 | replay=4425 | samples/sec=9.762
Status | epoch=1 | next_eval_in=575 agent_samples | checkpoint_every=10 episodes | checkpoint=./checkpoints/TD3_velodyne_multi_v4_curriculum_stage3_asym_pair_5_from_5a_latest.pt | model=TD3_velodyne_multi_v4_curriculum_stage3_asym_pair_5_from_5a
Episode 46 complete | agent_samples=4521 | env_steps=2112 | episode_env_steps=36 | episode_agent_samples=96 | mean_reward=10.845 | success=2/5 | collision=3/5 | mean_final_distance=0.601 | mean_progress=0.0128 | min_laser=0.300 | mean_lin=0.407 | mean_ang=-0.673 | mean_robot_dist=1.532 | raw_reward=20.000 | adjusted_reward=20.000 | coop_agents=0/5 | mean_coop_neighbors=0.00 | active_neighbor_step_rate=0.875 | mean_active_neighbors_step=1.740 | max_active_neighbors_step=4 | interaction_reward=-0.0071 | abs_interaction_reward=0.0071 | anti_stag_reward=0.0000 | abs_anti_stag_reward=0.0000 | wall_clear_reward=0.0000 | abs_wall_clear_reward=0.0000 | local_nav_reward=0.2490 | abs_local_nav_reward=0.2491 | context_neighbors_mean=0.00 | context_neighbors_max=0 | context_step_mean=0.00 | context_step_max=0 | actor_unlocked=0 | expl_noise=0.0138 | replay=4521 | samples/sec=9.804
Episode 47 complete | agent_samples=4589 | env_steps=2146 | episode_env_steps=34 | episode_agent_samples=68 | mean_reward=38.183 | success=3/5 | collision=2/5 | mean_final_distance=0.408 | mean_progress=0.0211 | min_laser=0.301 | mean_lin=0.800 | mean_ang=-0.189 | mean_robot_dist=0.552 | raw_reward=-20.000 | adjusted_reward=-20.000 | coop_agents=0/5 | mean_coop_neighbors=0.00 | active_neighbor_step_rate=0.706 | mean_active_neighbors_step=1.853 | max_active_neighbors_step=4 | interaction_reward=-0.0003 | abs_interaction_reward=0.0003 | anti_stag_reward=0.0000 | abs_anti_stag_reward=0.0000 | wall_clear_reward=0.0000 | abs_wall_clear_reward=0.0000 | local_nav_reward=0.2219 | abs_local_nav_reward=0.2219 | context_neighbors_mean=0.00 | context_neighbors_max=0 | context_step_mean=0.00 | context_step_max=0 | actor_unlocked=0 | expl_noise=0.0137 | replay=4589 | samples/sec=9.793
Episode 48 complete | agent_samples=4701 | env_steps=2200 | episode_env_steps=54 | episode_agent_samples=112 | mean_reward=26.310 | success=3/5 | collision=2/5 | mean_final_distance=1.247 | mean_progress=0.0165 | min_laser=0.300 | mean_lin=0.796 | mean_ang=-0.214 | mean_robot_dist=2.446 | raw_reward=20.000 | adjusted_reward=20.000 | coop_agents=0/5 | mean_coop_neighbors=0.00 | active_neighbor_step_rate=0.545 | mean_active_neighbors_step=1.009 | max_active_neighbors_step=4 | interaction_reward=-0.0038 | abs_interaction_reward=0.0038 | anti_stag_reward=0.0000 | abs_anti_stag_reward=0.0000 | wall_clear_reward=0.0000 | abs_wall_clear_reward=0.0000 | local_nav_reward=0.1615 | abs_local_nav_reward=0.1667 | context_neighbors_mean=0.00 | context_neighbors_max=0 | context_step_mean=0.00 | context_step_max=0 | actor_unlocked=0 | expl_noise=0.0136 | replay=4701 | samples/sec=9.786
Episode 49 complete | agent_samples=4833 | env_steps=2254 | episode_env_steps=54 | episode_agent_samples=132 | mean_reward=103.098 | success=4/5 | collision=1/5 | mean_final_distance=0.486 | mean_progress=0.0174 | min_laser=0.302 | mean_lin=0.800 | mean_ang=-0.204 | mean_robot_dist=2.333 | raw_reward=20.000 | adjusted_reward=20.000 | coop_agents=0/5 | mean_coop_neighbors=0.00 | active_neighbor_step_rate=0.530 | mean_active_neighbors_step=1.182 | max_active_neighbors_step=4 | interaction_reward=-0.0027 | abs_interaction_reward=0.0027 | anti_stag_reward=0.0000 | abs_anti_stag_reward=0.0000 | wall_clear_reward=0.0000 | abs_wall_clear_reward=0.0000 | local_nav_reward=0.2255 | abs_local_nav_reward=0.2285 | context_neighbors_mean=0.00 | context_neighbors_max=0 | context_step_mean=0.00 | context_step_max=0 | actor_unlocked=0 | expl_noise=0.0135 | replay=4833 | samples/sec=9.820
Episode 50 complete | agent_samples=4940 | env_steps=2309 | episode_env_steps=55 | episode_agent_samples=107 | mean_reward=101.012 | success=4/5 | collision=1/5 | mean_final_distance=0.436 | mean_progress=0.0146 | min_laser=0.300 | mean_lin=0.796 | mean_ang=-0.671 | mean_robot_dist=1.733 | raw_reward=20.000 | adjusted_reward=20.000 | coop_agents=0/5 | mean_coop_neighbors=0.00 | active_neighbor_step_rate=0.551 | mean_active_neighbors_step=1.168 | max_active_neighbors_step=4 | interaction_reward=-0.0002 | abs_interaction_reward=0.0002 | anti_stag_reward=0.0000 | abs_anti_stag_reward=0.0000 | wall_clear_reward=0.0000 | abs_wall_clear_reward=0.0000 | local_nav_reward=0.2579 | abs_local_nav_reward=0.2579 | context_neighbors_mean=0.00 | context_neighbors_max=0 | context_step_mean=0.00 | context_step_max=0 | actor_unlocked=0 | expl_noise=0.0134 | replay=4940 | samples/sec=9.800
Status | epoch=1 | next_eval_in=60 agent_samples | checkpoint_every=10 episodes | checkpoint=./checkpoints/TD3_velodyne_multi_v4_curriculum_stage3_asym_pair_5_from_5a_latest.pt | model=TD3_velodyne_multi_v4_curriculum_stage3_asym_pair_5_from_5a
Checkpoint saved: ./checkpoints/TD3_velodyne_multi_v4_curriculum_stage3_asym_pair_5_from_5a_latest.pt
Episode 51 complete | agent_samples=4990 | env_steps=2326 | episode_env_steps=17 | episode_agent_samples=50 | mean_reward=39.470 | success=3/5 | collision=2/5 | mean_final_distance=0.438 | mean_progress=0.0009 | min_laser=0.300 | mean_lin=0.598 | mean_ang=0.472 | mean_robot_dist=0.683 | raw_reward=-20.000 | adjusted_reward=-20.000 | coop_agents=0/5 | mean_coop_neighbors=0.00 | active_neighbor_step_rate=0.940 | mean_active_neighbors_step=2.380 | max_active_neighbors_step=4 | interaction_reward=0.0000 | abs_interaction_reward=0.0000 | anti_stag_reward=0.0000 | abs_anti_stag_reward=0.0000 | wall_clear_reward=0.0000 | abs_wall_clear_reward=0.0000 | local_nav_reward=0.2734 | abs_local_nav_reward=0.2734 | context_neighbors_mean=0.00 | context_neighbors_max=0 | context_step_mean=0.00 | context_step_max=0 | actor_unlocked=0 | expl_noise=0.0134 | replay=4990 | samples/sec=9.825
Episode 52 complete | agent_samples=5103 | env_steps=2376 | episode_env_steps=50 | episode_agent_samples=113 | mean_reward=32.823 | success=3/5 | collision=2/5 | mean_final_distance=1.313 | mean_progress=0.0091 | min_laser=0.300 | mean_lin=0.675 | mean_ang=0.191 | mean_robot_dist=2.616 | raw_reward=20.000 | adjusted_reward=20.000 | coop_agents=0/5 | mean_coop_neighbors=0.00 | active_neighbor_step_rate=0.646 | mean_active_neighbors_step=1.372 | max_active_neighbors_step=4 | interaction_reward=-0.0057 | abs_interaction_reward=0.0057 | anti_stag_reward=0.0000 | abs_anti_stag_reward=0.0000 | wall_clear_reward=0.0000 | abs_wall_clear_reward=0.0000 | local_nav_reward=0.1856 | abs_local_nav_reward=0.1869 | context_neighbors_mean=0.00 | context_neighbors_max=0 | context_step_mean=0.00 | context_step_max=0 | actor_unlocked=0 | expl_noise=0.0133 | replay=5103 | samples/sec=9.836
Validating multi-agent policy at agent_samples=5103 env_steps=2376
azeboRosJointStatePublisher is going to publish joint: right_hub_joint
[INFO] [1781002578.396222925, 1.005000000]: Starting GazeboRosJointStatePublisher Plugin (ns = /r5/)!, parent name: r5
Error in XmlRpcClient::writeRequest: write error (Connection refused).
Error in XmlRpcDispatch::work: couldn't find source iterator
Error in XmlRpcClient::writeRequest: write error (Connection refused).
Error in XmlRpcDispatch::work: couldn't find source iterator
Error in XmlRpcClient::writeRequest: write error (Connection refused).
Error in XmlRpcDispatch::work: couldn't find source iterator
Error in XmlRpcClient::writeRequest: write error (Connection refused).
Error in XmlRpcDispatch::work: couldn't find source iterator
Error in XmlRpcClient::writeRequest: write error (Connection refused).
Error in XmlRpcDispatch::work: couldn't find source iterator
... logging to /home/jiutian/.ros/log/d419c644-63f1-11f1-836a-bd1fee3d6233/roslaunch-JiuTian-AI4090-3854740.log
Checking log directory for disk usage. This may take a while.
Press Ctrl-C to interrupt
Done checking log file disk usage. Usage is <1GB.
]2;roscore
[1mstarted roslaunch server http://localhost:33543/[0m
ros_comm version 1.17.4


SUMMARY
========

PARAMETERS
 * /rosdistro: noetic
 * /rosversion: 1.17.4

NODES

auto-starting new master
[1mprocess[master]: started with pid [3854750][0m
[1mROS_MASTER_URI=http://localhost:11367/[0m
]2;roscore http://localhost:11367/
[1msetting /run_id to d419c644-63f1-11f1-836a-bd1fee3d6233[0m
[1mprocess[rosout-1]: started with pid [3854760][0m
started core service [/rosout]
[rosout-1] killing on exit
[master] killing on exit
shutting down processing monitor...
... shutting down processing monitor complete
[1mdone[0m
... logging to /home/jiutian/.ros/log/d419c644-63f1-11f1-836a-bd1fee3d6233/roslaunch-JiuTian-AI4090-3854769.log
Checking log directory for disk usage. This may take a while.
Press Ctrl-C to interrupt
Done checking log file disk usage. Usage is <1GB.
]2;/home/jiutian/Local-Critic-Multi-Robot-Navigation/TD3/assets/multi_robot_scenario_curriculum_stage3_asym_pair_5_5.launch
[1mstarted roslaunch server http://localhost:35143/[0m

SUMMARY
========

PARAMETERS
 * /robot_description_r1: <?xml version="1....
 * /robot_description_r2: <?xml version="1....
 * /robot_description_r3: <?xml version="1....
 * /robot_description_r4: <?xml version="1....
 * /robot_description_r5: <?xml version="1....
 * /rosdistro: noetic
 * /rosversion: 1.17.4
 * /use_sim_time: True

NODES
  /
    gazebo (gazebo_ros/gzserver)
    urdf_spawner_r1 (gazebo_ros/spawn_model)
    urdf_spawner_r2 (gazebo_ros/spawn_model)
    urdf_spawner_r3 (gazebo_ros/spawn_model)
    urdf_spawner_r4 (gazebo_ros/spawn_model)
    urdf_spawner_r5 (gazebo_ros/spawn_model)

[1mROS_MASTER_URI=http://localhost:11367/[0m
]2;/home/jiutian/Local-Critic-Multi-Robot-Navigation/TD3/assets/multi_robot_scenario_curriculum_stage3_asym_pair_5_5.launch http://localhost:11367/
[1mprocess[gazebo-1]: started with pid [3854950][0m
[1mprocess[urdf_spawner_r1-2]: started with pid [3854952][0m
[1mprocess[urdf_spawner_r2-3]: started with pid [3854953][0m
[1mprocess[urdf_spawner_r3-4]: started with pid [3854955][0m
[1mprocess[urdf_spawner_r4-5]: started with pid [3854958][0m
[1mprocess[urdf_spawner_r5-6]: started with pid [3854959][0m
[1m[urdf_spawner_r1-2] process has finished cleanly
log file: /home/jiutian/.ros/log/d419c644-63f1-11f1-836a-bd1fee3d6233/urdf_spawner_r1-2*.log[0m
[1m[urdf_spawner_r4-5] process has finished cleanly
log file: /home/jiutian/.ros/log/d419c644-63f1-11f1-836a-bd1fee3d6233/urdf_spawner_r4-5*.log[0m
[1m[urdf_spawner_r2-3] process has finished cleanly
log file: /home/jiutian/.ros/log/d419c644-63f1-11f1-836a-bd1fee3d6233/urdf_spawner_r2-3*.log[0m
[1m[urdf_spawner_r3-4] process has finished cleanly
log file: /home/jiutian/.ros/log/d419c644-63f1-11f1-836a-bd1fee3d6233/urdf_spawner_r3-4*.log[0m
[1m[urdf_spawner_r5-6] process has finished cleanly
log file: /home/jiutian/.ros/log/d419c644-63f1-11f1-836a-bd1fee3d6233/urdf_spawner_r5-6*.log[0m
[gazebo-1] killing on exit
shutting down processing monitor...
... shutting down processing monitor complete
[1mdone[0m
Traceback (most recent call last):
  File "train_velodyne_td3_multi.py", line 1083, in <module>
    last_eval_summary = evaluate(
  File "train_velodyne_td3_multi.py", line 56, in evaluate
    next_states, rewards, dones, targets, collisions = env.step(
  File "/home/jiutian/Local-Critic-Multi-Robot-Navigation/TD3/multi_agent_velodyne_env.py", line 970, in step
    self.publish_goal_markers()
  File "/opt/ros/noetic/lib/python3/dist-packages/rospy/impl/tcpros_service.py", line 166, in wait_for_service
    raise ROSInterruptException("rospy shutdown")
rospy.exceptions.ROSInterruptException: rospy shutdown
