Activated DRL robot navigation Python environment.
Python: Python 3.8.10
Venv: /home/jiutian/venvs/drl-robot-nav
Curriculum scenario enabled: 3 cases loaded
Using existing ROS master: http://localhost:11367
Gazebo launched!
INFO: cannot create a symlink to latest log directory: [Errno 17] File exists: '/home/jiutian/.ros/log/dd9be82e-6468-11f1-836a-bd1fee3d6233' -> '/home/jiutian/.ros/log/latest'
INFO: cannot create a symlink to latest log directory: [Errno 17] File exists: '/home/jiutian/.ros/log/dd9be82e-6468-11f1-836a-bd1fee3d6233' -> '/home/jiutian/.ros/log/latest'
[ERROR] [1781069967.263996, 0.000000]: Spawn service failed. Exiting.
[INFO] [1781069967.235016, 0.000000]: Loading model XML from ros parameter robot_description_r1
[INFO] [1781069967.242962, 0.000000]: Waiting for service /gazebo/spawn_urdf_model
[INFO] [1781069967.249984, 0.000000]: Calling service /gazebo/spawn_urdf_model
[INFO] [1781069967.263625, 0.000000]: Spawn status: SpawnModel: Failure - entity already exists.
[ERROR] [1781069967.265097, 0.000000]: Spawn service failed. Exiting.
[INFO] [1781069967.235696, 0.000000]: Loading model XML from ros parameter robot_description_r3
[INFO] [1781069967.251281, 0.000000]: Waiting for service /gazebo/spawn_urdf_model
[INFO] [1781069967.252838, 0.000000]: Calling service /gazebo/spawn_urdf_model
[INFO] [1781069967.264672, 0.000000]: Spawn status: SpawnModel: Failure - entity already exists.
[ERROR] [1781069967.266216, 0.000000]: Spawn service failed. Exiting.
[INFO] [1781069967.230384, 0.000000]: Loading model XML from ros parameter robot_description_r2
[INFO] [1781069967.252145, 0.000000]: Waiting for service /gazebo/spawn_urdf_model
[INFO] [1781069967.253591, 0.000000]: Calling service /gazebo/spawn_urdf_model
[INFO] [1781069967.265643, 0.000000]: Spawn status: SpawnModel: Failure - entity already exists.
[ERROR] [1781069967.267637, 0.000000]: Spawn service failed. Exiting.
[INFO] [1781069967.240848, 0.000000]: Loading model XML from ros parameter robot_description_r5
[INFO] [1781069967.252613, 0.000000]: Waiting for service /gazebo/spawn_urdf_model
[INFO] [1781069967.254452, 0.000000]: Calling service /gazebo/spawn_urdf_model
[INFO] [1781069967.267134, 0.000000]: Spawn status: SpawnModel: Failure - entity already exists.
[ERROR] [1781069967.269192, 0.000000]: Spawn service failed. Exiting.
[INFO] [1781069967.248451, 0.000000]: Loading model XML from ros parameter robot_description_r4
[INFO] [1781069967.253835, 0.000000]: Waiting for service /gazebo/spawn_urdf_model
[INFO] [1781069967.255444, 0.000000]: Calling service /gazebo/spawn_urdf_model
[INFO] [1781069967.268364, 0.000000]: Spawn status: SpawnModel: Failure - entity already exists.
train_velodyne_td3_multi.py:383: FutureWarning: You are using `torch.load` with `weights_only=False` (the current default value), which uses the default pickle module implicitly. It is possible to construct malicious pickle data which will execute arbitrary code during unpickling (See https://github.com/pytorch/pytorch/blob/main/SECURITY.md#untrusted-models for more details). In a future release, the default value for `weights_only` will be flipped to `True`. This limits the functions that could be executed during unpickling. Arbitrary objects will no longer be allowed to be loaded via this mode unless they are explicitly allowlisted by the user via `torch.serialization.add_safe_globals`. We recommend you start setting `weights_only=True` for any use case where you don't have full control of the loaded file. Please open an issue on GitHub for any issues related to this experimental feature.
  actor_state = torch.load(
train_velodyne_td3_multi.py:386: FutureWarning: You are using `torch.load` with `weights_only=False` (the current default value), which uses the default pickle module implicitly. It is possible to construct malicious pickle data which will execute arbitrary code during unpickling (See https://github.com/pytorch/pytorch/blob/main/SECURITY.md#untrusted-models for more details). In a future release, the default value for `weights_only` will be flipped to `True`. This limits the functions that could be executed during unpickling. Arbitrary objects will no longer be allowed to be loaded via this mode unless they are explicitly allowlisted by the user via `torch.serialization.add_safe_globals`. We recommend you start setting `weights_only=True` for any use case where you don't have full control of the loaded file. Please open an issue on GitHub for any issues related to this experimental feature.
  critic_state = torch.load(
Loaded initial model parameters from: TD3_velodyne_multi_v4_curriculum_stage3_asym_pair_5_from_5a_cleanstart_v2_best
==============================================
Training version: multi-agent-curriculum-stage3-asym-three-5-v1
Training process PID: 454445
Launchfile: multi_robot_scenario_curriculum_stage3_asym_three_5_5.launch
Scenario mode: curriculum
Seed: 0
Device: cuda
GPU: NVIDIA GeForce RTX 4090
Agent names: r1, r2, r3, r4, r5
Cooperative reward: True
Cooperative reward mode: average_plus_interaction
Cooperative reward self weight: 0.85
Distance-weighted reward: True
Distance reward sigma: 2.0
Interaction safe distance: 0.9
Interaction close penalty: 0.35
Interaction stagnation penalty: 0.02
Anti-stagnation reward: False
Anti-stagnation penalty: 0.2
Anti-stagnation linear threshold: 0.05
Anti-stagnation progress threshold: 0.005
Anti-stagnation min laser: 0.35
Wall-clearance reward: False
Wall-clearance safe distance: 0.75
Wall-clearance penalty: 1.5
Wall-clearance speed weight: 0.8
Wall-clearance turn weight: 0.4
Local-navigation reward: True
Local-navigation heading weight: 0.35
Local-navigation wrong-way penalty: 0.25
Local-navigation turn weight: 0.22
Local-navigation near-goal distance: 0.9
Local-navigation heading error: 0.5
Local critic enabled: False
Local critic geometry only: False
Active neighbors only: True
Actor state dim: 24
Critic state dim: 24
Local critic max neighbors: 9
Local critic context dim: 63
Best metric: full_success
Eval episodes: 48
Max epochs: 3
Actor learning rate: 8e-07
Critic learning rate: 2e-05
Actor update delay steps: 8000
Exploration noise: 0.015
Exploration min: 0.005
Exploration decay steps: 500000
TensorBoard log dir: runs/multi_coop_Jun10_13-39-30_JiuTian-AI4090
Checkpoint path: ./checkpoints/TD3_velodyne_multi_v4_curriculum_stage3_asym_three_5_stability_delay8k_from_cleanstart_v2_latest.pt
Best checkpoint path: ./checkpoints/TD3_velodyne_multi_v4_curriculum_stage3_asym_three_5_stability_delay8k_from_cleanstart_v2_best.pt
Model prefix: TD3_velodyne_multi_v4_curriculum_stage3_asym_three_5_stability_delay8k_from_cleanstart_v2
Checkpoint interval episodes: 10
Resume mode: True
Starting agent samples: 0
Starting env steps: 0
Starting epoch: 1
==============================================
[31m[gazebo-1] process has died [pid 454776, exit code 255, cmd /opt/ros/noetic/lib/gazebo_ros/gzserver -e ode TD3.world __name:=gazebo __log:=/home/jiutian/.ros/log/dd9be82e-6468-11f1-836a-bd1fee3d6233/gazebo-1.log].
log file: /home/jiutian/.ros/log/dd9be82e-6468-11f1-836a-bd1fee3d6233/gazebo-1*.log[0m
[31m[gazebo-1] process has died [pid 455045, exit code 255, cmd /opt/ros/noetic/lib/gazebo_ros/gzserver -e ode TD3.world __name:=gazebo __log:=/home/jiutian/.ros/log/dd9be82e-6468-11f1-836a-bd1fee3d6233/gazebo-1.log].
log file: /home/jiutian/.ros/log/dd9be82e-6468-11f1-836a-bd1fee3d6233/gazebo-1*.log[0m
[31m[urdf_spawner_r1-2] process has died [pid 454780, exit code 1, cmd /opt/ros/noetic/lib/gazebo_ros/spawn_model -urdf -model r1 -param robot_description_r1 -x -1.80 -y -0.90 -z 0.01 -R 0 -P 0 -Y 0.0 __name:=urdf_spawner_r1 __log:=/home/jiutian/.ros/log/dd9be82e-6468-11f1-836a-bd1fee3d6233/urdf_spawner_r1-2.log].
log file: /home/jiutian/.ros/log/dd9be82e-6468-11f1-836a-bd1fee3d6233/urdf_spawner_r1-2*.log[0m
[31m[urdf_spawner_r2-3] process has died [pid 454782, exit code 1, cmd /opt/ros/noetic/lib/gazebo_ros/spawn_model -urdf -model r2 -param robot_description_r2 -x 0.00 -y -0.90 -z 0.01 -R 0 -P 0 -Y 0.0 __name:=urdf_spawner_r2 __log:=/home/jiutian/.ros/log/dd9be82e-6468-11f1-836a-bd1fee3d6233/urdf_spawner_r2-3.log].
log file: /home/jiutian/.ros/log/dd9be82e-6468-11f1-836a-bd1fee3d6233/urdf_spawner_r2-3*.log[0m
[31m[urdf_spawner_r3-4] process has died [pid 454783, exit code 1, cmd /opt/ros/noetic/lib/gazebo_ros/spawn_model -urdf -model r3 -param robot_description_r3 -x 1.80 -y -0.90 -z 0.01 -R 0 -P 0 -Y 0.0 __name:=urdf_spawner_r3 __log:=/home/jiutian/.ros/log/dd9be82e-6468-11f1-836a-bd1fee3d6233/urdf_spawner_r3-4.log].
log file: /home/jiutian/.ros/log/dd9be82e-6468-11f1-836a-bd1fee3d6233/urdf_spawner_r3-4*.log[0m
[31m[urdf_spawner_r4-5] process has died [pid 454784, exit code 1, cmd /opt/ros/noetic/lib/gazebo_ros/spawn_model -urdf -model r4 -param robot_description_r4 -x -1.80 -y 0.90 -z 0.01 -R 0 -P 0 -Y 0.0 __name:=urdf_spawner_r4 __log:=/home/jiutian/.ros/log/dd9be82e-6468-11f1-836a-bd1fee3d6233/urdf_spawner_r4-5.log].
log file: /home/jiutian/.ros/log/dd9be82e-6468-11f1-836a-bd1fee3d6233/urdf_spawner_r4-5*.log[0m
[31m[urdf_spawner_r5-6] process has died [pid 454785, exit code 1, cmd /opt/ros/noetic/lib/gazebo_ros/spawn_model -urdf -model r5 -param robot_description_r5 -x 0.00 -y 0.90 -z 0.01 -R 0 -P 0 -Y 0.0 __name:=urdf_spawner_r5 __log:=/home/jiutian/.ros/log/dd9be82e-6468-11f1-836a-bd1fee3d6233/urdf_spawner_r5-6.log].
log file: /home/jiutian/.ros/log/dd9be82e-6468-11f1-836a-bd1fee3d6233/urdf_spawner_r5-6*.log[0m
[31m[gazebo-1] process has died [pid 455087, exit code 255, cmd /opt/ros/noetic/lib/gazebo_ros/gzserver -e ode TD3.world __name:=gazebo __log:=/home/jiutian/.ros/log/dd9be82e-6468-11f1-836a-bd1fee3d6233/gazebo-1.log].
log file: /home/jiutian/.ros/log/dd9be82e-6468-11f1-836a-bd1fee3d6233/gazebo-1*.log[0m
[31m[gazebo-1] process has died [pid 455128, exit code 255, cmd /opt/ros/noetic/lib/gazebo_ros/gzserver -e ode TD3.world __name:=gazebo __log:=/home/jiutian/.ros/log/dd9be82e-6468-11f1-836a-bd1fee3d6233/gazebo-1.log].
log file: /home/jiutian/.ros/log/dd9be82e-6468-11f1-836a-bd1fee3d6233/gazebo-1*.log[0m
[31m[gazebo-1] process has died [pid 455170, exit code 255, cmd /opt/ros/noetic/lib/gazebo_ros/gzserver -e ode TD3.world __name:=gazebo __log:=/home/jiutian/.ros/log/dd9be82e-6468-11f1-836a-bd1fee3d6233/gazebo-1.log].
log file: /home/jiutian/.ros/log/dd9be82e-6468-11f1-836a-bd1fee3d6233/gazebo-1*.log[0m
[31m[gazebo-1] process has died [pid 455211, exit code 255, cmd /opt/ros/noetic/lib/gazebo_ros/gzserver -e ode TD3.world __name:=gazebo __log:=/home/jiutian/.ros/log/dd9be82e-6468-11f1-836a-bd1fee3d6233/gazebo-1.log].
log file: /home/jiutian/.ros/log/dd9be82e-6468-11f1-836a-bd1fee3d6233/gazebo-1*.log[0m
[31m[gazebo-1] process has died [pid 455264, exit code 255, cmd /opt/ros/noetic/lib/gazebo_ros/gzserver -e ode TD3.world __name:=gazebo __log:=/home/jiutian/.ros/log/dd9be82e-6468-11f1-836a-bd1fee3d6233/gazebo-1.log].
log file: /home/jiutian/.ros/log/dd9be82e-6468-11f1-836a-bd1fee3d6233/gazebo-1*.log[0m
[31m[gazebo-1] process has died [pid 455305, exit code 255, cmd /opt/ros/noetic/lib/gazebo_ros/gzserver -e ode TD3.world __name:=gazebo __log:=/home/jiutian/.ros/log/dd9be82e-6468-11f1-836a-bd1fee3d6233/gazebo-1.log].
log file: /home/jiutian/.ros/log/dd9be82e-6468-11f1-836a-bd1fee3d6233/gazebo-1*.log[0m
[31m[gazebo-1] process has died [pid 455348, exit code 255, cmd /opt/ros/noetic/lib/gazebo_ros/gzserver -e ode TD3.world __name:=gazebo __log:=/home/jiutian/.ros/log/dd9be82e-6468-11f1-836a-bd1fee3d6233/gazebo-1.log].
log file: /home/jiutian/.ros/log/dd9be82e-6468-11f1-836a-bd1fee3d6233/gazebo-1*.log[0m
[31m[gazebo-1] process has died [pid 455389, exit code 255, cmd /opt/ros/noetic/lib/gazebo_ros/gzserver -e ode TD3.world __name:=gazebo __log:=/home/jiutian/.ros/log/dd9be82e-6468-11f1-836a-bd1fee3d6233/gazebo-1.log].
log file: /home/jiutian/.ros/log/dd9be82e-6468-11f1-836a-bd1fee3d6233/gazebo-1*.log[0m
[31m[gazebo-1] process has died [pid 455430, exit code 255, cmd /opt/ros/noetic/lib/gazebo_ros/gzserver -e ode TD3.world __name:=gazebo __log:=/home/jiutian/.ros/log/dd9be82e-6468-11f1-836a-bd1fee3d6233/gazebo-1.log].
log file: /home/jiutian/.ros/log/dd9be82e-6468-11f1-836a-bd1fee3d6233/gazebo-1*.log[0m
[31m[gazebo-1] process has died [pid 455475, exit code 255, cmd /opt/ros/noetic/lib/gazebo_ros/gzserver -e ode TD3.world __name:=gazebo __log:=/home/jiutian/.ros/log/dd9be82e-6468-11f1-836a-bd1fee3d6233/gazebo-1.log].
log file: /home/jiutian/.ros/log/dd9be82e-6468-11f1-836a-bd1fee3d6233/gazebo-1*.log[0m
[31m[gazebo-1] process has died [pid 455517, exit code 255, cmd /opt/ros/noetic/lib/gazebo_ros/gzserver -e ode TD3.world __name:=gazebo __log:=/home/jiutian/.ros/log/dd9be82e-6468-11f1-836a-bd1fee3d6233/gazebo-1.log].
log file: /home/jiutian/.ros/log/dd9be82e-6468-11f1-836a-bd1fee3d6233/gazebo-1*.log[0m
[31m[gazebo-1] process has died [pid 455572, exit code 255, cmd /opt/ros/noetic/lib/gazebo_ros/gzserver -e ode TD3.world __name:=gazebo __log:=/home/jiutian/.ros/log/dd9be82e-6468-11f1-836a-bd1fee3d6233/gazebo-1.log].
log file: /home/jiutian/.ros/log/dd9be82e-6468-11f1-836a-bd1fee3d6233/gazebo-1*.log[0m
[31m[gazebo-1] process has died [pid 455614, exit code 255, cmd /opt/ros/noetic/lib/gazebo_ros/gzserver -e ode TD3.world __name:=gazebo __log:=/home/jiutian/.ros/log/dd9be82e-6468-11f1-836a-bd1fee3d6233/gazebo-1.log].
log file: /home/jiutian/.ros/log/dd9be82e-6468-11f1-836a-bd1fee3d6233/gazebo-1*.log[0m
[31m[gazebo-1] process has died [pid 455664, exit code 255, cmd /opt/ros/noetic/lib/gazebo_ros/gzserver -e ode TD3.world __name:=gazebo __log:=/home/jiutian/.ros/log/dd9be82e-6468-11f1-836a-bd1fee3d6233/gazebo-1.log].
log file: /home/jiutian/.ros/log/dd9be82e-6468-11f1-836a-bd1fee3d6233/gazebo-1*.log[0m
[31m[gazebo-1] process has died [pid 455710, exit code 255, cmd /opt/ros/noetic/lib/gazebo_ros/gzserver -e ode TD3.world __name:=gazebo __log:=/home/jiutian/.ros/log/dd9be82e-6468-11f1-836a-bd1fee3d6233/gazebo-1.log].
log file: /home/jiutian/.ros/log/dd9be82e-6468-11f1-836a-bd1fee3d6233/gazebo-1*.log[0m
[31m[gazebo-1] process has died [pid 455759, exit code 255, cmd /opt/ros/noetic/lib/gazebo_ros/gzserver -e ode TD3.world __name:=gazebo __log:=/home/jiutian/.ros/log/dd9be82e-6468-11f1-836a-bd1fee3d6233/gazebo-1.log].
log file: /home/jiutian/.ros/log/dd9be82e-6468-11f1-836a-bd1fee3d6233/gazebo-1*.log[0m
[31m[gazebo-1] process has died [pid 455804, exit code 255, cmd /opt/ros/noetic/lib/gazebo_ros/gzserver -e ode TD3.world __name:=gazebo __log:=/home/jiutian/.ros/log/dd9be82e-6468-11f1-836a-bd1fee3d6233/gazebo-1.log].
log file: /home/jiutian/.ros/log/dd9be82e-6468-11f1-836a-bd1fee3d6233/gazebo-1*.log[0m
[31m[gazebo-1] process has died [pid 455851, exit code 255, cmd /opt/ros/noetic/lib/gazebo_ros/gzserver -e ode TD3.world __name:=gazebo __log:=/home/jiutian/.ros/log/dd9be82e-6468-11f1-836a-bd1fee3d6233/gazebo-1.log].
log file: /home/jiutian/.ros/log/dd9be82e-6468-11f1-836a-bd1fee3d6233/gazebo-1*.log[0m
[31m[gazebo-1] process has died [pid 455911, exit code 255, cmd /opt/ros/noetic/lib/gazebo_ros/gzserver -e ode TD3.world __name:=gazebo __log:=/home/jiutian/.ros/log/dd9be82e-6468-11f1-836a-bd1fee3d6233/gazebo-1.log].
log file: /home/jiutian/.ros/log/dd9be82e-6468-11f1-836a-bd1fee3d6233/gazebo-1*.log[0m
[31m[gazebo-1] process has died [pid 455956, exit code 255, cmd /opt/ros/noetic/lib/gazebo_ros/gzserver -e ode TD3.world __name:=gazebo __log:=/home/jiutian/.ros/log/dd9be82e-6468-11f1-836a-bd1fee3d6233/gazebo-1.log].
log file: /home/jiutian/.ros/log/dd9be82e-6468-11f1-836a-bd1fee3d6233/gazebo-1*.log[0m
[31m[gazebo-1] process has died [pid 456005, exit code 255, cmd /opt/ros/noetic/lib/gazebo_ros/gzserver -e ode TD3.world __name:=gazebo __log:=/home/jiutian/.ros/log/dd9be82e-6468-11f1-836a-bd1fee3d6233/gazebo-1.log].
log file: /home/jiutian/.ros/log/dd9be82e-6468-11f1-836a-bd1fee3d6233/gazebo-1*.log[0m
[31m[gazebo-1] process has died [pid 456050, exit code 255, cmd /opt/ros/noetic/lib/gazebo_ros/gzserver -e ode TD3.world __name:=gazebo __log:=/home/jiutian/.ros/log/dd9be82e-6468-11f1-836a-bd1fee3d6233/gazebo-1.log].
log file: /home/jiutian/.ros/log/dd9be82e-6468-11f1-836a-bd1fee3d6233/gazebo-1*.log[0m
[31m[gazebo-1] process has died [pid 456099, exit code 255, cmd /opt/ros/noetic/lib/gazebo_ros/gzserver -e ode TD3.world __name:=gazebo __log:=/home/jiutian/.ros/log/dd9be82e-6468-11f1-836a-bd1fee3d6233/gazebo-1.log].
log file: /home/jiutian/.ros/log/dd9be82e-6468-11f1-836a-bd1fee3d6233/gazebo-1*.log[0m
[31m[gazebo-1] process has died [pid 456144, exit code 255, cmd /opt/ros/noetic/lib/gazebo_ros/gzserver -e ode TD3.world __name:=gazebo __log:=/home/jiutian/.ros/log/dd9be82e-6468-11f1-836a-bd1fee3d6233/gazebo-1.log].
log file: /home/jiutian/.ros/log/dd9be82e-6468-11f1-836a-bd1fee3d6233/gazebo-1*.log[0m
[31m[gazebo-1] process has died [pid 456195, exit code 255, cmd /opt/ros/noetic/lib/gazebo_ros/gzserver -e ode TD3.world __name:=gazebo __log:=/home/jiutian/.ros/log/dd9be82e-6468-11f1-836a-bd1fee3d6233/gazebo-1.log].
log file: /home/jiutian/.ros/log/dd9be82e-6468-11f1-836a-bd1fee3d6233/gazebo-1*.log[0m
[31m[gazebo-1] process has died [pid 456250, exit code 255, cmd /opt/ros/noetic/lib/gazebo_ros/gzserver -e ode TD3.world __name:=gazebo __log:=/home/jiutian/.ros/log/dd9be82e-6468-11f1-836a-bd1fee3d6233/gazebo-1.log].
log file: /home/jiutian/.ros/log/dd9be82e-6468-11f1-836a-bd1fee3d6233/gazebo-1*.log[0m
[31m[gazebo-1] process has died [pid 456299, exit code 255, cmd /opt/ros/noetic/lib/gazebo_ros/gzserver -e ode TD3.world __name:=gazebo __log:=/home/jiutian/.ros/log/dd9be82e-6468-11f1-836a-bd1fee3d6233/gazebo-1.log].
log file: /home/jiutian/.ros/log/dd9be82e-6468-11f1-836a-bd1fee3d6233/gazebo-1*.log[0m
[31m[gazebo-1] process has died [pid 456349, exit code 255, cmd /opt/ros/noetic/lib/gazebo_ros/gzserver -e ode TD3.world __name:=gazebo __log:=/home/jiutian/.ros/log/dd9be82e-6468-11f1-836a-bd1fee3d6233/gazebo-1.log].
log file: /home/jiutian/.ros/log/dd9be82e-6468-11f1-836a-bd1fee3d6233/gazebo-1*.log[0m
[31m[gazebo-1] process has died [pid 456394, exit code 255, cmd /opt/ros/noetic/lib/gazebo_ros/gzserver -e ode TD3.world __name:=gazebo __log:=/home/jiutian/.ros/log/dd9be82e-6468-11f1-836a-bd1fee3d6233/gazebo-1.log].
log file: /home/jiutian/.ros/log/dd9be82e-6468-11f1-836a-bd1fee3d6233/gazebo-1*.log[0m
[31m[gazebo-1] process has died [pid 456443, exit code 255, cmd /opt/ros/noetic/lib/gazebo_ros/gzserver -e ode TD3.world __name:=gazebo __log:=/home/jiutian/.ros/log/dd9be82e-6468-11f1-836a-bd1fee3d6233/gazebo-1.log].
log file: /home/jiutian/.ros/log/dd9be82e-6468-11f1-836a-bd1fee3d6233/gazebo-1*.log[0m
[31m[gazebo-1] process has died [pid 456488, exit code 255, cmd /opt/ros/noetic/lib/gazebo_ros/gzserver -e ode TD3.world __name:=gazebo __log:=/home/jiutian/.ros/log/dd9be82e-6468-11f1-836a-bd1fee3d6233/gazebo-1.log].
log file: /home/jiutian/.ros/log/dd9be82e-6468-11f1-836a-bd1fee3d6233/gazebo-1*.log[0m
[31m[gazebo-1] process has died [pid 456549, exit code 255, cmd /opt/ros/noetic/lib/gazebo_ros/gzserver -e ode TD3.world __name:=gazebo __log:=/home/jiutian/.ros/log/dd9be82e-6468-11f1-836a-bd1fee3d6233/gazebo-1.log].
log file: /home/jiutian/.ros/log/dd9be82e-6468-11f1-836a-bd1fee3d6233/gazebo-1*.log[0m
[31m[gazebo-1] process has died [pid 456594, exit code 255, cmd /opt/ros/noetic/lib/gazebo_ros/gzserver -e ode TD3.world __name:=gazebo __log:=/home/jiutian/.ros/log/dd9be82e-6468-11f1-836a-bd1fee3d6233/gazebo-1.log].
log file: /home/jiutian/.ros/log/dd9be82e-6468-11f1-836a-bd1fee3d6233/gazebo-1*.log[0m
[31m[gazebo-1] process has died [pid 456644, exit code 255, cmd /opt/ros/noetic/lib/gazebo_ros/gzserver -e ode TD3.world __name:=gazebo __log:=/home/jiutian/.ros/log/dd9be82e-6468-11f1-836a-bd1fee3d6233/gazebo-1.log].
log file: /home/jiutian/.ros/log/dd9be82e-6468-11f1-836a-bd1fee3d6233/gazebo-1*.log[0m
[31m[gazebo-1] process has died [pid 456693, exit code 255, cmd /opt/ros/noetic/lib/gazebo_ros/gzserver -e ode TD3.world __name:=gazebo __log:=/home/jiutian/.ros/log/dd9be82e-6468-11f1-836a-bd1fee3d6233/gazebo-1.log].
log file: /home/jiutian/.ros/log/dd9be82e-6468-11f1-836a-bd1fee3d6233/gazebo-1*.log[0m
[31m[gazebo-1] process has died [pid 456739, exit code 255, cmd /opt/ros/noetic/lib/gazebo_ros/gzserver -e ode TD3.world __name:=gazebo __log:=/home/jiutian/.ros/log/dd9be82e-6468-11f1-836a-bd1fee3d6233/gazebo-1.log].
log file: /home/jiutian/.ros/log/dd9be82e-6468-11f1-836a-bd1fee3d6233/gazebo-1*.log[0m
[31m[gazebo-1] process has died [pid 456788, exit code 255, cmd /opt/ros/noetic/lib/gazebo_ros/gzserver -e ode TD3.world __name:=gazebo __log:=/home/jiutian/.ros/log/dd9be82e-6468-11f1-836a-bd1fee3d6233/gazebo-1.log].
log file: /home/jiutian/.ros/log/dd9be82e-6468-11f1-836a-bd1fee3d6233/gazebo-1*.log[0m
[31m[gazebo-1] process has died [pid 456833, exit code 255, cmd /opt/ros/noetic/lib/gazebo_ros/gzserver -e ode TD3.world __name:=gazebo __log:=/home/jiutian/.ros/log/dd9be82e-6468-11f1-836a-bd1fee3d6233/gazebo-1.log].
log file: /home/jiutian/.ros/log/dd9be82e-6468-11f1-836a-bd1fee3d6233/gazebo-1*.log[0m
[31m[gazebo-1] process has died [pid 456894, exit code 255, cmd /opt/ros/noetic/lib/gazebo_ros/gzserver -e ode TD3.world __name:=gazebo __log:=/home/jiutian/.ros/log/dd9be82e-6468-11f1-836a-bd1fee3d6233/gazebo-1.log].
log file: /home/jiutian/.ros/log/dd9be82e-6468-11f1-836a-bd1fee3d6233/gazebo-1*.log[0m
[31m[gazebo-1] process has died [pid 456939, exit code 255, cmd /opt/ros/noetic/lib/gazebo_ros/gzserver -e ode TD3.world __name:=gazebo __log:=/home/jiutian/.ros/log/dd9be82e-6468-11f1-836a-bd1fee3d6233/gazebo-1.log].
log file: /home/jiutian/.ros/log/dd9be82e-6468-11f1-836a-bd1fee3d6233/gazebo-1*.log[0m
[31m[gazebo-1] process has died [pid 456985, exit code 255, cmd /opt/ros/noetic/lib/gazebo_ros/gzserver -e ode TD3.world __name:=gazebo __log:=/home/jiutian/.ros/log/dd9be82e-6468-11f1-836a-bd1fee3d6233/gazebo-1.log].
log file: /home/jiutian/.ros/log/dd9be82e-6468-11f1-836a-bd1fee3d6233/gazebo-1*.log[0m
[31m[gazebo-1] process has died [pid 457033, exit code 255, cmd /opt/ros/noetic/lib/gazebo_ros/gzserver -e ode TD3.world __name:=gazebo __log:=/home/jiutian/.ros/log/dd9be82e-6468-11f1-836a-bd1fee3d6233/gazebo-1.log].
log file: /home/jiutian/.ros/log/dd9be82e-6468-11f1-836a-bd1fee3d6233/gazebo-1*.log[0m
[31m[gazebo-1] process has died [pid 457078, exit code 255, cmd /opt/ros/noetic/lib/gazebo_ros/gzserver -e ode TD3.world __name:=gazebo __log:=/home/jiutian/.ros/log/dd9be82e-6468-11f1-836a-bd1fee3d6233/gazebo-1.log].
log file: /home/jiutian/.ros/log/dd9be82e-6468-11f1-836a-bd1fee3d6233/gazebo-1*.log[0m
Episode 1 complete | agent_samples=122 | env_steps=58 | episode_env_steps=58 | episode_agent_samples=122 | mean_reward=144.842 | success=5/5 | collision=0/5 | mean_final_distance=0.271 | mean_progress=0.0078 | min_laser=0.392 | mean_lin=0.997 | mean_ang=-0.558 | mean_robot_dist=1.183 | raw_reward=20.000 | adjusted_reward=20.000 | coop_agents=0/5 | mean_coop_neighbors=0.00 | active_neighbor_step_rate=0.549 | mean_active_neighbors_step=1.508 | max_active_neighbors_step=4 | interaction_reward=-0.0013 | abs_interaction_reward=0.0013 | anti_stag_reward=0.0000 | abs_anti_stag_reward=0.0000 | wall_clear_reward=0.0000 | abs_wall_clear_reward=0.0000 | local_nav_reward=0.2233 | abs_local_nav_reward=0.2233 | context_neighbors_mean=0.00 | context_neighbors_max=0 | context_step_mean=0.00 | context_step_max=0 | actor_unlocked=0 | expl_noise=0.0149 | replay=122 | samples/sec=9.634
[31m[gazebo-1] process has died [pid 457127, exit code 255, cmd /opt/ros/noetic/lib/gazebo_ros/gzserver -e ode TD3.world __name:=gazebo __log:=/home/jiutian/.ros/log/dd9be82e-6468-11f1-836a-bd1fee3d6233/gazebo-1.log].
log file: /home/jiutian/.ros/log/dd9be82e-6468-11f1-836a-bd1fee3d6233/gazebo-1*.log[0m
[31m[gazebo-1] process has died [pid 457189, exit code 255, cmd /opt/ros/noetic/lib/gazebo_ros/gzserver -e ode TD3.world __name:=gazebo __log:=/home/jiutian/.ros/log/dd9be82e-6468-11f1-836a-bd1fee3d6233/gazebo-1.log].
log file: /home/jiutian/.ros/log/dd9be82e-6468-11f1-836a-bd1fee3d6233/gazebo-1*.log[0m
[31m[gazebo-1] process has died [pid 457250, exit code 255, cmd /opt/ros/noetic/lib/gazebo_ros/gzserver -e ode TD3.world __name:=gazebo __log:=/home/jiutian/.ros/log/dd9be82e-6468-11f1-836a-bd1fee3d6233/gazebo-1.log].
log file: /home/jiutian/.ros/log/dd9be82e-6468-11f1-836a-bd1fee3d6233/gazebo-1*.log[0m
[31m[gazebo-1] process has died [pid 457295, exit code 255, cmd /opt/ros/noetic/lib/gazebo_ros/gzserver -e ode TD3.world __name:=gazebo __log:=/home/jiutian/.ros/log/dd9be82e-6468-11f1-836a-bd1fee3d6233/gazebo-1.log].
log file: /home/jiutian/.ros/log/dd9be82e-6468-11f1-836a-bd1fee3d6233/gazebo-1*.log[0m
[31m[gazebo-1] process has died [pid 457345, exit code 255, cmd /opt/ros/noetic/lib/gazebo_ros/gzserver -e ode TD3.world __name:=gazebo __log:=/home/jiutian/.ros/log/dd9be82e-6468-11f1-836a-bd1fee3d6233/gazebo-1.log].
log file: /home/jiutian/.ros/log/dd9be82e-6468-11f1-836a-bd1fee3d6233/gazebo-1*.log[0m
[31m[gazebo-1] process has died [pid 457394, exit code 255, cmd /opt/ros/noetic/lib/gazebo_ros/gzserver -e ode TD3.world __name:=gazebo __log:=/home/jiutian/.ros/log/dd9be82e-6468-11f1-836a-bd1fee3d6233/gazebo-1.log].
log file: /home/jiutian/.ros/log/dd9be82e-6468-11f1-836a-bd1fee3d6233/gazebo-1*.log[0m
[31m[gazebo-1] process has died [pid 457440, exit code 255, cmd /opt/ros/noetic/lib/gazebo_ros/gzserver -e ode TD3.world __name:=gazebo __log:=/home/jiutian/.ros/log/dd9be82e-6468-11f1-836a-bd1fee3d6233/gazebo-1.log].
log file: /home/jiutian/.ros/log/dd9be82e-6468-11f1-836a-bd1fee3d6233/gazebo-1*.log[0m
[31m[gazebo-1] process has died [pid 457489, exit code 255, cmd /opt/ros/noetic/lib/gazebo_ros/gzserver -e ode TD3.world __name:=gazebo __log:=/home/jiutian/.ros/log/dd9be82e-6468-11f1-836a-bd1fee3d6233/gazebo-1.log].
log file: /home/jiutian/.ros/log/dd9be82e-6468-11f1-836a-bd1fee3d6233/gazebo-1*.log[0m
[31m[gazebo-1] process has died [pid 457535, exit code 255, cmd /opt/ros/noetic/lib/gazebo_ros/gzserver -e ode TD3.world __name:=gazebo __log:=/home/jiutian/.ros/log/dd9be82e-6468-11f1-836a-bd1fee3d6233/gazebo-1.log].
log file: /home/jiutian/.ros/log/dd9be82e-6468-11f1-836a-bd1fee3d6233/gazebo-1*.log[0m
[31m[gazebo-1] process has died [pid 457596, exit code 255, cmd /opt/ros/noetic/lib/gazebo_ros/gzserver -e ode TD3.world __name:=gazebo __log:=/home/jiutian/.ros/log/dd9be82e-6468-11f1-836a-bd1fee3d6233/gazebo-1.log].
log file: /home/jiutian/.ros/log/dd9be82e-6468-11f1-836a-bd1fee3d6233/gazebo-1*.log[0m
[31m[gazebo-1] process has died [pid 457641, exit code 255, cmd /opt/ros/noetic/lib/gazebo_ros/gzserver -e ode TD3.world __name:=gazebo __log:=/home/jiutian/.ros/log/dd9be82e-6468-11f1-836a-bd1fee3d6233/gazebo-1.log].
log file: /home/jiutian/.ros/log/dd9be82e-6468-11f1-836a-bd1fee3d6233/gazebo-1*.log[0m
[31m[gazebo-1] process has died [pid 457685, exit code 255, cmd /opt/ros/noetic/lib/gazebo_ros/gzserver -e ode TD3.world __name:=gazebo __log:=/home/jiutian/.ros/log/dd9be82e-6468-11f1-836a-bd1fee3d6233/gazebo-1.log].
log file: /home/jiutian/.ros/log/dd9be82e-6468-11f1-836a-bd1fee3d6233/gazebo-1*.log[0m
[31m[gazebo-1] process has died [pid 457734, exit code 255, cmd /opt/ros/noetic/lib/gazebo_ros/gzserver -e ode TD3.world __name:=gazebo __log:=/home/jiutian/.ros/log/dd9be82e-6468-11f1-836a-bd1fee3d6233/gazebo-1.log].
log file: /home/jiutian/.ros/log/dd9be82e-6468-11f1-836a-bd1fee3d6233/gazebo-1*.log[0m
[31m[gazebo-1] process has died [pid 457783, exit code 255, cmd /opt/ros/noetic/lib/gazebo_ros/gzserver -e ode TD3.world __name:=gazebo __log:=/home/jiutian/.ros/log/dd9be82e-6468-11f1-836a-bd1fee3d6233/gazebo-1.log].
log file: /home/jiutian/.ros/log/dd9be82e-6468-11f1-836a-bd1fee3d6233/gazebo-1*.log[0m
[31m[gazebo-1] process has died [pid 457829, exit code 255, cmd /opt/ros/noetic/lib/gazebo_ros/gzserver -e ode TD3.world __name:=gazebo __log:=/home/jiutian/.ros/log/dd9be82e-6468-11f1-836a-bd1fee3d6233/gazebo-1.log].
log file: /home/jiutian/.ros/log/dd9be82e-6468-11f1-836a-bd1fee3d6233/gazebo-1*.log[0m
[31m[gazebo-1] process has died [pid 457882, exit code 255, cmd /opt/ros/noetic/lib/gazebo_ros/gzserver -e ode TD3.world __name:=gazebo __log:=/home/jiutian/.ros/log/dd9be82e-6468-11f1-836a-bd1fee3d6233/gazebo-1.log].
log file: /home/jiutian/.ros/log/dd9be82e-6468-11f1-836a-bd1fee3d6233/gazebo-1*.log[0m
[31m[gazebo-1] process has died [pid 457936, exit code 255, cmd /opt/ros/noetic/lib/gazebo_ros/gzserver -e ode TD3.world __name:=gazebo __log:=/home/jiutian/.ros/log/dd9be82e-6468-11f1-836a-bd1fee3d6233/gazebo-1.log].
log file: /home/jiutian/.ros/log/dd9be82e-6468-11f1-836a-bd1fee3d6233/gazebo-1*.log[0m
[31m[gazebo-1] process has died [pid 457985, exit code 255, cmd /opt/ros/noetic/lib/gazebo_ros/gzserver -e ode TD3.world __name:=gazebo __log:=/home/jiutian/.ros/log/dd9be82e-6468-11f1-836a-bd1fee3d6233/gazebo-1.log].
log file: /home/jiutian/.ros/log/dd9be82e-6468-11f1-836a-bd1fee3d6233/gazebo-1*.log[0m
[31m[gazebo-1] process has died [pid 458052, exit code 255, cmd /opt/ros/noetic/lib/gazebo_ros/gzserver -e ode TD3.world __name:=gazebo __log:=/home/jiutian/.ros/log/dd9be82e-6468-11f1-836a-bd1fee3d6233/gazebo-1.log].
log file: /home/jiutian/.ros/log/dd9be82e-6468-11f1-836a-bd1fee3d6233/gazebo-1*.log[0m
[31m[gazebo-1] process has died [pid 458097, exit code 255, cmd /opt/ros/noetic/lib/gazebo_ros/gzserver -e ode TD3.world __name:=gazebo __log:=/home/jiutian/.ros/log/dd9be82e-6468-11f1-836a-bd1fee3d6233/gazebo-1.log].
log file: /home/jiutian/.ros/log/dd9be82e-6468-11f1-836a-bd1fee3d6233/gazebo-1*.log[0m
[31m[gazebo-1] process has died [pid 458146, exit code 255, cmd /opt/ros/noetic/lib/gazebo_ros/gzserver -e ode TD3.world __name:=gazebo __log:=/home/jiutian/.ros/log/dd9be82e-6468-11f1-836a-bd1fee3d6233/gazebo-1.log].
log file: /home/jiutian/.ros/log/dd9be82e-6468-11f1-836a-bd1fee3d6233/gazebo-1*.log[0m
[31m[gazebo-1] process has died [pid 458191, exit code 255, cmd /opt/ros/noetic/lib/gazebo_ros/gzserver -e ode TD3.world __name:=gazebo __log:=/home/jiutian/.ros/log/dd9be82e-6468-11f1-836a-bd1fee3d6233/gazebo-1.log].
log file: /home/jiutian/.ros/log/dd9be82e-6468-11f1-836a-bd1fee3d6233/gazebo-1*.log[0m
[31m[gazebo-1] process has died [pid 458256, exit code 255, cmd /opt/ros/noetic/lib/gazebo_ros/gzserver -e ode TD3.world __name:=gazebo __log:=/home/jiutian/.ros/log/dd9be82e-6468-11f1-836a-bd1fee3d6233/gazebo-1.log].
log file: /home/jiutian/.ros/log/dd9be82e-6468-11f1-836a-bd1fee3d6233/gazebo-1*.log[0m
[31m[gazebo-1] process has died [pid 458302, exit code 255, cmd /opt/ros/noetic/lib/gazebo_ros/gzserver -e ode TD3.world __name:=gazebo __log:=/home/jiutian/.ros/log/dd9be82e-6468-11f1-836a-bd1fee3d6233/gazebo-1.log].
log file: /home/jiutian/.ros/log/dd9be82e-6468-11f1-836a-bd1fee3d6233/gazebo-1*.log[0m
[31m[gazebo-1] process has died [pid 458351, exit code 255, cmd /opt/ros/noetic/lib/gazebo_ros/gzserver -e ode TD3.world __name:=gazebo __log:=/home/jiutian/.ros/log/dd9be82e-6468-11f1-836a-bd1fee3d6233/gazebo-1.log].
log file: /home/jiutian/.ros/log/dd9be82e-6468-11f1-836a-bd1fee3d6233/gazebo-1*.log[0m
[31m[gazebo-1] process has died [pid 458440, exit code 255, cmd /opt/ros/noetic/lib/gazebo_ros/gzserver -e ode TD3.world __name:=gazebo __log:=/home/jiutian/.ros/log/dd9be82e-6468-11f1-836a-bd1fee3d6233/gazebo-1.log].
log file: /home/jiutian/.ros/log/dd9be82e-6468-11f1-836a-bd1fee3d6233/gazebo-1*.log[0m
Episode 2 complete | agent_samples=190 | env_steps=85 | episode_env_steps=27 | episode_agent_samples=68 | mean_reward=84.594 | success=4/5 | collision=1/5 | mean_final_distance=0.296 | mean_progress=0.0036 | min_laser=0.313 | mean_lin=0.600 | mean_ang=-0.564 | mean_robot_dist=1.988 | raw_reward=20.000 | adjusted_reward=20.000 | coop_agents=0/5 | mean_coop_neighbors=0.00 | active_neighbor_step_rate=0.779 | mean_active_neighbors_step=2.485 | max_active_neighbors_step=4 | interaction_reward=-0.0006 | abs_interaction_reward=0.0006 | anti_stag_reward=0.0000 | abs_anti_stag_reward=0.0000 | wall_clear_reward=0.0000 | abs_wall_clear_reward=0.0000 | local_nav_reward=0.2298 | abs_local_nav_reward=0.2314 | context_neighbors_mean=0.00 | context_neighbors_max=0 | context_step_mean=0.00 | context_step_max=0 | actor_unlocked=0 | expl_noise=0.0148 | replay=190 | samples/sec=10.307
... logging to /home/jiutian/.ros/log/dd9be82e-6468-11f1-836a-bd1fee3d6233/roslaunch-JiuTian-AI4090-454551.log
Checking log directory for disk usage. This may take a while.
Press Ctrl-C to interrupt
Done checking log file disk usage. Usage is <1GB.
]2;/home/jiutian/Local-Critic-Multi-Robot-Navigation/TD3/assets/multi_robot_scenario_curriculum_stage3_asym_three_5_5.launch
[1mstarted roslaunch server http://localhost:35991/[0m

SUMMARY
========

PARAMETERS
 * /robot_description_r1: <?xml version="1....
 * /robot_description_r2: <?xml version="1....
 * /robot_description_r3: <?xml version="1....
 * /robot_description_r4: <?xml version="1....
 * /robot_description_r5: <?xml version="1....
 * /rosdistro: noetic
 * /rosversion: 1.17.4
 * /use_sim_time: True

NODES
  /
    gazebo (gazebo_ros/gzserver)
    urdf_spawner_r1 (gazebo_ros/spawn_model)
    urdf_spawner_r2 (gazebo_ros/spawn_model)
    urdf_spawner_r3 (gazebo_ros/spawn_model)
    urdf_spawner_r4 (gazebo_ros/spawn_model)
    urdf_spawner_r5 (gazebo_ros/spawn_model)

[1mROS_MASTER_URI=http://localhost:11367/[0m
]2;/home/jiutian/Local-Critic-Multi-Robot-Navigation/TD3/assets/multi_robot_scenario_curriculum_stage3_asym_three_5_5.launch http://localhost:11367/
[1mprocess[gazebo-1]: started with pid [454776][0m
[1mprocess[urdf_spawner_r1-2]: started with pid [454780][0m
[1mprocess[urdf_spawner_r2-3]: started with pid [454782][0m
[1mprocess[urdf_spawner_r3-4]: started with pid [454783][0m
[1mprocess[urdf_spawner_r4-5]: started with pid [454784][0m
[1mprocess[urdf_spawner_r5-6]: started with pid [454785][0m
[gazebo-1] restarting process
[1mprocess[gazebo-1]: started with pid [455045][0m
[gazebo-1] restarting process
[1mprocess[gazebo-1]: started with pid [455087][0m
[gazebo-1] restarting process
[1mprocess[gazebo-1]: started with pid [455128][0m
[gazebo-1] restarting process
[1mprocess[gazebo-1]: started with pid [455170][0m
[gazebo-1] restarting process
[1mprocess[gazebo-1]: started with pid [455211][0m
[gazebo-1] restarting process
[1mprocess[gazebo-1]: started with pid [455264][0m
[gazebo-1] restarting process
[1mprocess[gazebo-1]: started with pid [455305][0m
[gazebo-1] restarting process
[1mprocess[gazebo-1]: started with pid [455348][0m
[gazebo-1] restarting process
[1mprocess[gazebo-1]: started with pid [455389][0m
[gazebo-1] restarting process
[1mprocess[gazebo-1]: started with pid [455430][0m
[gazebo-1] restarting process
[1mprocess[gazebo-1]: started with pid [455475][0m
[gazebo-1] restarting process
[1mprocess[gazebo-1]: started with pid [455517][0m
[gazebo-1] restarting process
[1mprocess[gazebo-1]: started with pid [455572][0m
[gazebo-1] restarting process
[1mprocess[gazebo-1]: started with pid [455614][0m
[gazebo-1] restarting process
[1mprocess[gazebo-1]: started with pid [455664][0m
[gazebo-1] restarting process
[1mprocess[gazebo-1]: started with pid [455710][0m
[gazebo-1] restarting process
[1mprocess[gazebo-1]: started with pid [455759][0m
[gazebo-1] restarting process
[1mprocess[gazebo-1]: started with pid [455804][0m
[gazebo-1] restarting process
[1mprocess[gazebo-1]: started with pid [455851][0m
[gazebo-1] restarting process
[1mprocess[gazebo-1]: started with pid [455911][0m
[gazebo-1] restarting process
[1mprocess[gazebo-1]: started with pid [455956][0m
[gazebo-1] restarting process
[1mprocess[gazebo-1]: started with pid [456005][0m
[gazebo-1] restarting process
[1mprocess[gazebo-1]: started with pid [456050][0m
[gazebo-1] restarting process
[1mprocess[gazebo-1]: started with pid [456099][0m
[gazebo-1] restarting process
[1mprocess[gazebo-1]: started with pid [456144][0m
[gazebo-1] restarting process
[1mprocess[gazebo-1]: started with pid [456195][0m
[gazebo-1] restarting process
[1mprocess[gazebo-1]: started with pid [456250][0m
[gazebo-1] restarting process
[1mprocess[gazebo-1]: started with pid [456299][0m
[gazebo-1] restarting process
[1mprocess[gazebo-1]: started with pid [456349][0m
[gazebo-1] restarting process
[1mprocess[gazebo-1]: started with pid [456394][0m
[gazebo-1] restarting process
[1mprocess[gazebo-1]: started with pid [456443][0m
[gazebo-1] restarting process
[1mprocess[gazebo-1]: started with pid [456488][0m
[gazebo-1] restarting process
[1mprocess[gazebo-1]: started with pid [456549][0m
[gazebo-1] restarting process
[1mprocess[gazebo-1]: started with pid [456594][0m
[gazebo-1] restarting process
[1mprocess[gazebo-1]: started with pid [456644][0m
[gazebo-1] restarting process
[1mprocess[gazebo-1]: started with pid [456693][0m
[gazebo-1] restarting process
[1mprocess[gazebo-1]: started with pid [456739][0m
[gazebo-1] restarting process
[1mprocess[gazebo-1]: started with pid [456788][0m
[gazebo-1] restarting process
[1mprocess[gazebo-1]: started with pid [456833][0m
[gazebo-1] restarting process
[1mprocess[gazebo-1]: started with pid [456894][0m
[gazebo-1] restarting process
[1mprocess[gazebo-1]: started with pid [456939][0m
[gazebo-1] restarting process
[1mprocess[gazebo-1]: started with pid [456985][0m
[gazebo-1] restarting process
[1mprocess[gazebo-1]: started with pid [457033][0m
[gazebo-1] restarting process
[1mprocess[gazebo-1]: started with pid [457078][0m
[gazebo-1] restarting process
[1mprocess[gazebo-1]: started with pid [457127][0m
[gazebo-1] restarting process
[1mprocess[gazebo-1]: started with pid [457189][0m
[gazebo-1] restarting process
[1mprocess[gazebo-1]: started with pid [457250][0m
[gazebo-1] restarting process
[1mprocess[gazebo-1]: started with pid [457295][0m
[gazebo-1] restarting process
[1mprocess[gazebo-1]: started with pid [457345][0m
[gazebo-1] restarting process
[1mprocess[gazebo-1]: started with pid [457394][0m
[gazebo-1] restarting process
[1mprocess[gazebo-1]: started with pid [457440][0m
[gazebo-1] restarting process
[1mprocess[gazebo-1]: started with pid [457489][0m
[gazebo-1] restarting process
[1mprocess[gazebo-1]: started with pid [457535][0m
[gazebo-1] restarting process
[1mprocess[gazebo-1]: started with pid [457596][0m
[gazebo-1] restarting process
[1mprocess[gazebo-1]: started with pid [457641][0m
[gazebo-1] restarting process
[1mprocess[gazebo-1]: started with pid [457685][0m
[gazebo-1] restarting process
[1mprocess[gazebo-1]: started with pid [457734][0m
[gazebo-1] restarting process
[1mprocess[gazebo-1]: started with pid [457783][0m
[gazebo-1] restarting process
[1mprocess[gazebo-1]: started with pid [457829][0m
[gazebo-1] restarting process
[1mprocess[gazebo-1]: started with pid [457882][0m
[gazebo-1] restarting process
[1mprocess[gazebo-1]: started with pid [457936][0m
[gazebo-1] restarting process
[1mprocess[gazebo-1]: started with pid [457985][0m
[gazebo-1] restarting process
[1mprocess[gazebo-1]: started with pid [458052][0m
[gazebo-1] restarting process
[1mprocess[gazebo-1]: started with pid [458097][0m
[gazebo-1] restarting process
[1mprocess[gazebo-1]: started with pid [458146][0m
[gazebo-1] restarting process
[1mprocess[gazebo-1]: started with pid [458191][0m
[gazebo-1] restarting process
[1mprocess[gazebo-1]: started with pid [458256][0m
[gazebo-1] restarting process
[1mprocess[gazebo-1]: started with pid [458302][0m
[gazebo-1] restarting process
[1mprocess[gazebo-1]: started with pid [458351][0m
[gazebo-1] restarting process
[1mprocess[gazebo-1]: started with pid [458440][0m
[gazebo-1] restarting process
[1mprocess[gazebo-1]: started with pid [458489][0m
[gazebo-1] restarting process
[1mprocess[gazebo-1]: started with pid [458534][0m
[gazebo-1] restarting process
[1mprocess[gazebo-1]: started with pid [458583][0m
[gazebo-1] restarting process
[1mprocess[gazebo-1]: started with pid [458640][0m
[gazebo-1] restarting process
[1mprocess[gazebo-1]: started with pid [458687][0m
[gazebo-1] restarting process
[1mprocess[gazebo-1]: started with pid [458736][0m
[gazebo-1] restarting process
[1mprocess[gazebo-1]: started with pid [458785][0m
[gazebo-1] restarting process
[1mprocess[gazebo-1]: started with pid [458830][0m
[gazebo-1] restarting process
[1mprocess[gazebo-1]: started with pid [458879][0m
[gazebo-1] restarting process
[31m[gazebo-1] process has died [pid 458489, exit code 255, cmd /opt/ros/noetic/lib/gazebo_ros/gzserver -e ode TD3.world __name:=gazebo __log:=/home/jiutian/.ros/log/dd9be82e-6468-11f1-836a-bd1fee3d6233/gazebo-1.log].
log file: /home/jiutian/.ros/log/dd9be82e-6468-11f1-836a-bd1fee3d6233/gazebo-1*.log[0m
[31m[gazebo-1] process has died [pid 458534, exit code 255, cmd /opt/ros/noetic/lib/gazebo_ros/gzserver -e ode TD3.world __name:=gazebo __log:=/home/jiutian/.ros/log/dd9be82e-6468-11f1-836a-bd1fee3d6233/gazebo-1.log].
log file: /home/jiutian/.ros/log/dd9be82e-6468-11f1-836a-bd1fee3d6233/gazebo-1*.log[0m
[31m[gazebo-1] process has died [pid 458583, exit code 255, cmd /opt/ros/noetic/lib/gazebo_ros/gzserver -e ode TD3.world __name:=gazebo __log:=/home/jiutian/.ros/log/dd9be82e-6468-11f1-836a-bd1fee3d6233/gazebo-1.log].
log file: /home/jiutian/.ros/log/dd9be82e-6468-11f1-836a-bd1fee3d6233/gazebo-1*.log[0m
[31m[gazebo-1] process has died [pid 458640, exit code 255, cmd /opt/ros/noetic/lib/gazebo_ros/gzserver -e ode TD3.world __name:=gazebo __log:=/home/jiutian/.ros/log/dd9be82e-6468-11f1-836a-bd1fee3d6233/gazebo-1.log].
log file: /home/jiutian/.ros/log/dd9be82e-6468-11f1-836a-bd1fee3d6233/gazebo-1*.log[0m
[31m[gazebo-1] process has died [pid 458687, exit code 255, cmd /opt/ros/noetic/lib/gazebo_ros/gzserver -e ode TD3.world __name:=gazebo __log:=/home/jiutian/.ros/log/dd9be82e-6468-11f1-836a-bd1fee3d6233/gazebo-1.log].
log file: /home/jiutian/.ros/log/dd9be82e-6468-11f1-836a-bd1fee3d6233/gazebo-1*.log[0m
[31m[gazebo-1] process has died [pid 458736, exit code 255, cmd /opt/ros/noetic/lib/gazebo_ros/gzserver -e ode TD3.world __name:=gazebo __log:=/home/jiutian/.ros/log/dd9be82e-6468-11f1-836a-bd1fee3d6233/gazebo-1.log].
log file: /home/jiutian/.ros/log/dd9be82e-6468-11f1-836a-bd1fee3d6233/gazebo-1*.log[0m
[31m[gazebo-1] process has died [pid 458785, exit code 255, cmd /opt/ros/noetic/lib/gazebo_ros/gzserver -e ode TD3.world __name:=gazebo __log:=/home/jiutian/.ros/log/dd9be82e-6468-11f1-836a-bd1fee3d6233/gazebo-1.log].
log file: /home/jiutian/.ros/log/dd9be82e-6468-11f1-836a-bd1fee3d6233/gazebo-1*.log[0m
[31m[gazebo-1] process has died [pid 458830, exit code 255, cmd /opt/ros/noetic/lib/gazebo_ros/gzserver -e ode TD3.world __name:=gazebo __log:=/home/jiutian/.ros/log/dd9be82e-6468-11f1-836a-bd1fee3d6233/gazebo-1.log].
log file: /home/jiutian/.ros/log/dd9be82e-6468-11f1-836a-bd1fee3d6233/gazebo-1*.log[0m
[31m[gazebo-1] process has died [pid 458879, exit code 255, cmd /opt/ros/noetic/lib/gazebo_ros/gzserver -e ode TD3.world __name:=gazebo __log:=/home/jiutian/.ros/log/dd9be82e-6468-11f1-836a-bd1fee3d6233/gazebo-1.log].
log file: /home/jiutian/.ros/log/dd9be82e-6468-11f1-836a-bd1fee3d6233/gazebo-1*.log[0m
[31m[gazebo-1] process has died [pid 458924, exit code 255, cmd /opt/ros/noetic/lib/gazebo_ros/gzserver -e ode TD3.world __name:=gazebo __log:=/home/jiutian/.ros/log/dd9be82e-6468-11f1-836a-bd1fee3d6233/gazebo-1.log].
log file: /home/jiutian/.ros/log/dd9be82e-6468-11f1-836a-bd1fee3d6233/gazebo-1*.log[0m
[31m[gazebo-1] process has died [pid 458985, exit code 255, cmd /opt/ros/noetic/lib/gazebo_ros/gzserver -e ode TD3.world __name:=gazebo __log:=/home/jiutian/.ros/log/dd9be82e-6468-11f1-836a-bd1fee3d6233/gazebo-1.log].
log file: /home/jiutian/.ros/log/dd9be82e-6468-11f1-836a-bd1fee3d6233/gazebo-1*.log[0m
[31m[gazebo-1] process has died [pid 459031, exit code 255, cmd /opt/ros/noetic/lib/gazebo_ros/gzserver -e ode TD3.world __name:=gazebo __log:=/home/jiutian/.ros/log/dd9be82e-6468-11f1-836a-bd1fee3d6233/gazebo-1.log].
log file: /home/jiutian/.ros/log/dd9be82e-6468-11f1-836a-bd1fee3d6233/gazebo-1*.log[0m
[31m[gazebo-1] process has died [pid 459076, exit code 255, cmd /opt/ros/noetic/lib/gazebo_ros/gzserver -e ode TD3.world __name:=gazebo __log:=/home/jiutian/.ros/log/dd9be82e-6468-11f1-836a-bd1fee3d6233/gazebo-1.log].
log file: /home/jiutian/.ros/log/dd9be82e-6468-11f1-836a-bd1fee3d6233/gazebo-1*.log[0m
[31m[gazebo-1] process has died [pid 459129, exit code 255, cmd /opt/ros/noetic/lib/gazebo_ros/gzserver -e ode TD3.world __name:=gazebo __log:=/home/jiutian/.ros/log/dd9be82e-6468-11f1-836a-bd1fee3d6233/gazebo-1.log].
log file: /home/jiutian/.ros/log/dd9be82e-6468-11f1-836a-bd1fee3d6233/gazebo-1*.log[0m
[31m[gazebo-1] process has died [pid 459175, exit code 255, cmd /opt/ros/noetic/lib/gazebo_ros/gzserver -e ode TD3.world __name:=gazebo __log:=/home/jiutian/.ros/log/dd9be82e-6468-11f1-836a-bd1fee3d6233/gazebo-1.log].
log file: /home/jiutian/.ros/log/dd9be82e-6468-11f1-836a-bd1fee3d6233/gazebo-1*.log[0m
[31m[gazebo-1] process has died [pid 459225, exit code 255, cmd /opt/ros/noetic/lib/gazebo_ros/gzserver -e ode TD3.world __name:=gazebo __log:=/home/jiutian/.ros/log/dd9be82e-6468-11f1-836a-bd1fee3d6233/gazebo-1.log].
log file: /home/jiutian/.ros/log/dd9be82e-6468-11f1-836a-bd1fee3d6233/gazebo-1*.log[0m
[31m[gazebo-1] process has died [pid 459270, exit code 255, cmd /opt/ros/noetic/lib/gazebo_ros/gzserver -e ode TD3.world __name:=gazebo __log:=/home/jiutian/.ros/log/dd9be82e-6468-11f1-836a-bd1fee3d6233/gazebo-1.log].
log file: /home/jiutian/.ros/log/dd9be82e-6468-11f1-836a-bd1fee3d6233/gazebo-1*.log[0m
[31m[gazebo-1] process has died [pid 459328, exit code 255, cmd /opt/ros/noetic/lib/gazebo_ros/gzserver -e ode TD3.world __name:=gazebo __log:=/home/jiutian/.ros/log/dd9be82e-6468-11f1-836a-bd1fee3d6233/gazebo-1.log].
log file: /home/jiutian/.ros/log/dd9be82e-6468-11f1-836a-bd1fee3d6233/gazebo-1*.log[0m
[31m[gazebo-1] process has died [pid 459376, exit code 255, cmd /opt/ros/noetic/lib/gazebo_ros/gzserver -e ode TD3.world __name:=gazebo __log:=/home/jiutian/.ros/log/dd9be82e-6468-11f1-836a-bd1fee3d6233/gazebo-1.log].
log file: /home/jiutian/.ros/log/dd9be82e-6468-11f1-836a-bd1fee3d6233/gazebo-1*.log[0m
[31m[gazebo-1] process has died [pid 459421, exit code 255, cmd /opt/ros/noetic/lib/gazebo_ros/gzserver -e ode TD3.world __name:=gazebo __log:=/home/jiutian/.ros/log/dd9be82e-6468-11f1-836a-bd1fee3d6233/gazebo-1.log].
log file: /home/jiutian/.ros/log/dd9be82e-6468-11f1-836a-bd1fee3d6233/gazebo-1*.log[0m
[31m[gazebo-1] process has died [pid 459470, exit code 255, cmd /opt/ros/noetic/lib/gazebo_ros/gzserver -e ode TD3.world __name:=gazebo __log:=/home/jiutian/.ros/log/dd9be82e-6468-11f1-836a-bd1fee3d6233/gazebo-1.log].
log file: /home/jiutian/.ros/log/dd9be82e-6468-11f1-836a-bd1fee3d6233/gazebo-1*.log[0m
[31m[gazebo-1] process has died [pid 459515, exit code 255, cmd /opt/ros/noetic/lib/gazebo_ros/gzserver -e ode TD3.world __name:=gazebo __log:=/home/jiutian/.ros/log/dd9be82e-6468-11f1-836a-bd1fee3d6233/gazebo-1.log].
log file: /home/jiutian/.ros/log/dd9be82e-6468-11f1-836a-bd1fee3d6233/gazebo-1*.log[0m
[31m[gazebo-1] process has died [pid 459564, exit code 255, cmd /opt/ros/noetic/lib/gazebo_ros/gzserver -e ode TD3.world __name:=gazebo __log:=/home/jiutian/.ros/log/dd9be82e-6468-11f1-836a-bd1fee3d6233/gazebo-1.log].
log file: /home/jiutian/.ros/log/dd9be82e-6468-11f1-836a-bd1fee3d6233/gazebo-1*.log[0m
[31m[gazebo-1] process has died [pid 459609, exit code 255, cmd /opt/ros/noetic/lib/gazebo_ros/gzserver -e ode TD3.world __name:=gazebo __log:=/home/jiutian/.ros/log/dd9be82e-6468-11f1-836a-bd1fee3d6233/gazebo-1.log].
log file: /home/jiutian/.ros/log/dd9be82e-6468-11f1-836a-bd1fee3d6233/gazebo-1*.log[0m
[31m[gazebo-1] process has died [pid 459670, exit code 255, cmd /opt/ros/noetic/lib/gazebo_ros/gzserver -e ode TD3.world __name:=gazebo __log:=/home/jiutian/.ros/log/dd9be82e-6468-11f1-836a-bd1fee3d6233/gazebo-1.log].
log file: /home/jiutian/.ros/log/dd9be82e-6468-11f1-836a-bd1fee3d6233/gazebo-1*.log[0m
[1mprocess[gazebo-1]: started with pid [458924][0m
[gazebo-1] restarting process
[1mprocess[gazebo-1]: started with pid [458985][0m
[gazebo-1] restarting process
[1mprocess[gazebo-1]: started with pid [459031][0m
[gazebo-1] restarting process
[1mprocess[gazebo-1]: started with pid [459076][0m
[gazebo-1] restarting process
[1mprocess[gazebo-1]: started with pid [459129][0m
[gazebo-1] restarting process
[1mprocess[gazebo-1]: started with pid [459175][0m
[gazebo-1] restarting process
[1mprocess[gazebo-1]: started with pid [459225][0m
[gazebo-1] restarting process
[1mprocess[gazebo-1]: started with pid [459270][0m
[gazebo-1] restarting process
[1mprocess[gazebo-1]: started with pid [459328][0m
[gazebo-1] restarting process
[1mprocess[gazebo-1]: started with pid [459376][0m
[gazebo-1] restarting process
[1mprocess[gazebo-1]: started with pid [459421][0m
[gazebo-1] restarting process
[1mprocess[gazebo-1]: started with pid [459470][0m
[gazebo-1] restarting process
[1mprocess[gazebo-1]: started with pid [459515][0m
[gazebo-1] restarting process
[1mprocess[gazebo-1]: started with pid [459564][0m
[gazebo-1] restarting process
[1mprocess[gazebo-1]: started with pid [459609][0m
[gazebo-1] restarting process
[1mprocess[gazebo-1]: started with pid [459670][0m
[gazebo-1] restarting process
[1mprocess[gazebo-1]: started with pid [459715][0m
[gazebo-1] killing on exit
shutting down processing monitor...
... shutting down processing monitor complete
[1mdone[0m
Traceback (most recent call last):
  File "train_velodyne_td3_multi.py", line 1290, in <module>
    next_states, rewards, dones, targets, collisions = env.step(
  File "/home/jiutian/Local-Critic-Multi-Robot-Navigation/TD3/multi_agent_velodyne_env.py", line 995, in step
    rospy.wait_for_service("/gazebo/pause_physics")
  File "/opt/ros/noetic/lib/python3/dist-packages/rospy/impl/tcpros_service.py", line 166, in wait_for_service
    raise ROSInterruptException("rospy shutdown")
rospy.exceptions.ROSInterruptException: rospy shutdown
