Activated DRL robot navigation Python environment.
Python: Python 3.8.10
Venv: /home/jiutian/venvs/drl-robot-nav
Curriculum scenario enabled: 8 cases loaded
Roscore launched!
Unable to register with master node [http://localhost:11372]: master may not be running yet. Will keep trying.
Gazebo launched!
[INFO] [1780668481.519211, 0.000000]: Loading model XML from ros parameter robot_description_r1
[INFO] [1780668481.521580, 0.000000]: Waiting for service /gazebo/spawn_urdf_model
[INFO] [1780668481.823072, 0.335000]: Calling service /gazebo/spawn_urdf_model
[INFO] [1780668482.583961, 0.371000]: Spawn status: SpawnModel: Successfully spawned entity
[WARN] [1780668482.696631010, 0.371000000]: GazeboRosDiffDrive Plugin (ns = ) missing <publishTf>, defaults to 1
[INFO] [1780668481.548568876]: Finished loading Gazebo ROS API Plugin.
[INFO] [1780668481.548978123]: waitForService: Service [/gazebo/set_physics_properties] has not been advertised, waiting...
[INFO] [1780668481.691681319, 0.208000000]: waitForService: Service [/gazebo/set_physics_properties] is now available.
[INFO] [1780668481.697551181, 0.214000000]: Physics dynamic reconfigure ready.
[INFO] [1780668481.968117163, 0.371000000]: Laser Plugin: The 'robotNamespace' param was empty
[INFO] [1780668481.968137952, 0.371000000]: Starting Laser Plugin (ns = r1)
[INFO] [1780668481.968538526, 0.371000000]: Laser Plugin (ns = r1)  <tf_prefix_>, set to ""
[INFO] [1780668482.587177087, 0.371000000]: Velodyne laser plugin missing <min_intensity>, defaults to no clipping
[INFO] [1780668482.588268768, 0.371000000]: Velodyne laser plugin ready, 16 lasers
[INFO] [1780668482.696158578, 0.371000000]: Starting plugin DiffDrive(ns = /r1/)
[INFO] [1780668482.696199087, 0.371000000]: DiffDrive(ns = /r1/): <rosDebugLevel> = Debug
[INFO] [1780668482.696492837, 0.371000000]: DiffDrive(ns = /r1/): <tf_prefix> = 
[DEBUG] [1780668482.696509770, 0.371000000]: DiffDrive(ns = /r1/): <commandTopic> = cmd_vel
[DEBUG] [1780668482.696514604, 0.371000000]: DiffDrive(ns = /r1/): <odometryTopic> = odom
[DEBUG] [1780668482.696518960, 0.371000000]: DiffDrive(ns = /r1/): <odometryFrame> = odom
[DEBUG] [1780668482.696522994, 0.371000000]: DiffDrive(ns = /r1/): <robotBaseFrame> = base_link
[DEBUG] [1780668482.696539099, 0.371000000]: DiffDrive(ns = /r1/): <publishWheelTF> = false
[DEBUG] [1780668482.696543335, 0.371000000]: DiffDrive(ns = /r1/): <publishOdomTF> = false
[DEBUG] [1780668482.696546630, 0.371000000]: DiffDrive(ns = /r1/): <publishWheelJointState> = true
[DEBUG] [1780668482.696569427, 0.371000000]: DiffDrive(ns = /r1/): <wheelSeparation> = 0.29999999999999999
[DEBUG] [1780668482.696574672, 0.371000000]: DiffDrive(ns = /r1/): <wheelDiameter> = 0.17999999999999999
[DEBUG] [1780668482.696580024, 0.371000000]: DiffDrive(ns = /r1/): <wheelAcceleration> = 1.8
[DEBUG] [1780668482.696585268, 0.371000000]: DiffDrive(ns = /r1/): <wheelTorque> = 20
[DEBUG] [1780668482.696590069, 0.371000000]: DiffDrive(ns = /r1/): <updateRate> = 50
[DEBUG] [1780668482.696608689, 0.371000000]: DiffDrive(ns = /r1/): <odometrySource> = world := 1
[DEBUG] [1780668482.696617780, 0.371000000]: DiffDrive(ns = /r1/): <leftJoint> = left_hub_joint
[DEBUG] [1780668482.696622919, 0.371000000]: DiffDrive(ns = /r1/): <rightJoint> = right_hub_joint
[INFO] [1780668482.696866133, 0.371000000]: DiffDrive(ns = /r1/): Advertise joint_states
[INFO] [1780668482.697017341, 0.371000000]: DiffDrive(ns = /r1/): Try to subscribe to cmd_vel
[INFO] [1780668482.697536523, 0.371000000]: DiffDrive(ns = /r1/): Subscribe to cmd_vel
[INFO] [1780668482.697644338, 0.371000000]: DiffDrive(ns = /r1/): Advertise odom on odom 
[INFO] [1780668482.700168670, 0.371000000]: GazeboRosJointStatePublisher is going to publish joint: chassis_swivel_joint
[INFO] [1780668482.700175036, 0.371000000]: GazeboRosJointStatePublisher is going to publish joint: swivel_wheel_joint
[INFO] [1780668482.700179827, 0.371000000]: GazeboRosJointStatePublisher is going to publish joint: left_hub_joint
[INFO] [1780668482.700183803, 0.371000000]: GazeboRosJointStatePublisher is going to publish joint: right_hub_joint
[INFO] [1780668482.700188755, 0.371000000]: Starting GazeboRosJointStatePublisher Plugin (ns = /r1/)!, parent name: r1
[DEBUG] [1780668482.726777392, 0.392000000]: Trying to publish message of type [nav_msgs/Odometry/cd5e73d190d741a2f92e81eda573aca7] on a publisher with type [nav_msgs/Odometry/cd5e73d190d741a2f92e81eda573aca7]
[DEBUG] [1780668482.726805070, 0.392000000]: Trying to publish message of type [sensor_msgs/JointState/3066dcd76a6cfaef579bd0f34173e9fd] on a publisher with type [sensor_msgs/JointState/3066dcd76a6cfaef579bd0f34173e9fd]
[INFO] [1780668482.980509487, 0.559000000]: Laser Plugin: The 'robotNamespace' param was empty
[INFO] [1780668482.980532526, 0.559000000]: Starting Laser Plugin (ns = r2)
[INFO] [1780668482.981[INFO] [1780668481.528037, 0.000000]: Loading model XML from ros parameter robot_description_r2
[INFO] [1780668481.530447, 0.000000]: Waiting for service /gazebo/spawn_urdf_model
[INFO] [1780668481.832113, 0.344000]: Calling service /gazebo/spawn_urdf_model
[INFO] [1780668483.600137, 0.559000]: Spawn status: SpawnModel: Successfully spawned entity
[WARN] [1780668483.600774072, 0.559000000]: GazeboRosDiffDrive Plugin (ns = ) missing <publishTf>, defaults to 1
train_velodyne_td3_multi.py:387: FutureWarning: You are using `torch.load` with `weights_only=False` (the current default value), which uses the default pickle module implicitly. It is possible to construct malicious pickle data which will execute arbitrary code during unpickling (See https://github.com/pytorch/pytorch/blob/main/SECURITY.md#untrusted-models for more details). In a future release, the default value for `weights_only` will be flipped to `True`. This limits the functions that could be executed during unpickling. Arbitrary objects will no longer be allowed to be loaded via this mode unless they are explicitly allowlisted by the user via `torch.serialization.add_safe_globals`. We recommend you start setting `weights_only=True` for any use case where you don't have full control of the loaded file. Please open an issue on GitHub for any issues related to this experimental feature.
  actor_state = torch.load(
Loaded initial actor parameters from: TD3_velodyne_multi_v4_curriculum_stage2_pre_pairwise_warmup_from_stage1g_best
Local critic is newly initialized because critic input dim changed.
==============================================
Training version: multi-agent-curriculum-stage2-main-pairwise-repair-v1
Training process PID: 2526615
Launchfile: multi_robot_scenario_curriculum_stage2_main_pairwise_repair_2.launch
Scenario mode: curriculum
Seed: 0
Device: cuda
GPU: NVIDIA GeForce RTX 4090
Agent names: r1, r2
Cooperative reward: True
Cooperative reward mode: average
Cooperative reward self weight: 0.8
Distance-weighted reward: True
Distance reward sigma: 2.0
Interaction safe distance: 0.9
Interaction close penalty: 0.35
Interaction stagnation penalty: 0.02
Anti-stagnation reward: False
Anti-stagnation penalty: 0.2
Anti-stagnation linear threshold: 0.05
Anti-stagnation progress threshold: 0.005
Anti-stagnation min laser: 0.35
Wall-clearance reward: False
Wall-clearance safe distance: 0.75
Wall-clearance penalty: 1.5
Wall-clearance speed weight: 0.8
Wall-clearance turn weight: 0.4
Local-navigation reward: True
Local-navigation heading weight: 0.35
Local-navigation wrong-way penalty: 0.25
Local-navigation turn weight: 0.22
Local-navigation near-goal distance: 0.9
Local-navigation heading error: 0.5
Local critic enabled: True
Local critic geometry only: False
Active neighbors only: True
Actor state dim: 24
Critic state dim: 87
Local critic max neighbors: 9
Local critic context dim: 63
Best metric: full_success
Eval episodes: 64
Max epochs: 8
Actor learning rate: 2e-05
Critic learning rate: 3e-05
Exploration noise: 0.025
Exploration min: 0.008
Exploration decay steps: 500000
TensorBoard log dir: runs/multi_coop_Jun05_22-08-05_JiuTian-AI4090
Checkpoint path: ./checkpoints/TD3_velodyne_multi_v4_curriculum_stage2_main_pairwise_repair_from_stage2_pre_best_latest.pt
Best checkpoint path: ./checkpoints/TD3_velodyne_multi_v4_curriculum_stage2_main_pairwise_repair_from_stage2_pre_best_best.pt
Model prefix: TD3_velodyne_multi_v4_curriculum_stage2_main_pairwise_repair_from_stage2_pre_best
Checkpoint interval episodes: 10
Resume mode: True
Starting agent samples: 0
Starting env steps: 0
Starting epoch: 1
==============================================
Episode 1 complete | agent_samples=45 | env_steps=44 | episode_env_steps=44 | episode_agent_samples=45 | mean_reward=23.440 | success=1/2 | collision=1/2 | mean_final_distance=1.465 | mean_progress=0.0698 | min_laser=0.339 | mean_lin=0.508 | mean_ang=0.018 | mean_robot_dist=2.431 | raw_reward=50.000 | adjusted_reward=50.000 | coop_agents=0/2 | mean_coop_neighbors=0.00 | active_neighbor_step_rate=0.022 | mean_active_neighbors_step=0.022 | max_active_neighbors_step=1 | interaction_reward=0.0000 | abs_interaction_reward=0.0000 | anti_stag_reward=0.0000 | abs_anti_stag_reward=0.0000 | wall_clear_reward=0.0000 | abs_wall_clear_reward=0.0000 | local_nav_reward=0.1399 | abs_local_nav_reward=0.1618 | context_neighbors_mean=0.00 | context_neighbors_max=0 | expl_noise=0.0249 | replay=45 | samples/sec=4.711
Episode 2 complete | agent_samples=49 | env_steps=47 | episode_env_steps=3 | episode_agent_samples=4 | mean_reward=-107.772 | success=0/2 | collision=2/2 | mean_final_distance=2.701 | mean_progress=0.0430 | min_laser=0.300 | mean_lin=0.000 | mean_ang=-1.000 | mean_robot_dist=0.606 | raw_reward=-50.000 | adjusted_reward=-50.000 | coop_agents=0/2 | mean_coop_neighbors=0.00 | active_neighbor_step_rate=0.250 | mean_active_neighbors_step=0.250 | max_active_neighbors_step=1 | interaction_reward=0.0000 | abs_interaction_reward=0.0000 | anti_stag_reward=0.0000 | abs_anti_stag_reward=0.0000 | wall_clear_reward=0.0000 | abs_wall_clear_reward=0.0000 | local_nav_reward=0.0864 | abs_local_nav_reward=0.0864 | context_neighbors_mean=0.00 | context_neighbors_max=0 | expl_noise=0.0249 | replay=49 | samples/sec=4.750
Episode 3 complete | agent_samples=102 | env_steps=76 | episode_env_steps=29 | episode_agent_samples=53 | mean_reward=175.014 | success=2/2 | collision=0/2 | mean_final_distance=0.216 | mean_progress=0.0770 | min_laser=0.574 | mean_lin=0.511 | mean_ang=-0.922 | mean_robot_dist=2.087 | raw_reward=50.000 | adjusted_reward=50.000 | coop_agents=0/2 | mean_coop_neighbors=0.00 | active_neighbor_step_rate=0.585 | mean_active_neighbors_step=0.585 | max_active_neighbors_step=1 | interaction_reward=0.0000 | abs_interaction_reward=0.0000 | anti_stag_reward=0.0000 | abs_anti_stag_reward=0.0000 | wall_clear_reward=0.0000 | abs_wall_clear_reward=0.0000 | local_nav_reward=0.2600 | abs_local_nav_reward=0.2600 | context_neighbors_mean=0.00 | context_neighbors_max=0 | expl_noise=0.0248 | replay=102 | samples/sec=6.142
Episode 4 complete | agent_samples=129 | env_steps=90 | episode_env_steps=14 | episode_agent_samples=27 | mean_reward=-59.509 | success=0/2 | collision=2/2 | mean_final_distance=1.592 | mean_progress=0.0563 | min_laser=0.302 | mean_lin=1.000 | mean_ang=-0.383 | mean_robot_dist=0.529 | raw_reward=-50.000 | adjusted_reward=-50.000 | coop_agents=0/2 | mean_coop_neighbors=0.00 | active_neighbor_step_rate=0.926 | mean_active_neighbors_step=0.926 | max_active_neighbors_step=1 | interaction_reward=0.0000 | abs_interaction_reward=0.0000 | anti_stag_reward=0.0000 | abs_anti_stag_reward=0.0000 | wall_clear_reward=0.0000 | abs_wall_clear_reward=0.0000 | local_nav_reward=0.2798 | abs_local_nav_reward=0.2798 | context_neighbors_mean=0.00 | context_neighbors_max=0 | expl_noise=0.0248 | replay=129 | samples/sec=6.546
Episode 5 complete | agent_samples=177 | env_steps=114 | episode_env_steps=24 | episode_agent_samples=48 | mean_reward=176.704 | success=2/2 | collision=0/2 | mean_final_distance=0.214 | mean_progress=0.1386 | min_laser=0.432 | mean_lin=0.994 | mean_ang=-0.000 | mean_robot_dist=3.216 | raw_reward=100.000 | adjusted_reward=100.000 | coop_agents=0/2 | mean_coop_neighbors=0.00 | active_neighbor_step_rate=0.521 | mean_active_neighbors_step=0.521 | max_active_neighbors_step=1 | interaction_reward=0.0000 | abs_interaction_reward=0.0000 | anti_stag_reward=0.0000 | abs_anti_stag_reward=0.0000 | wall_clear_reward=0.0000 | abs_wall_clear_reward=0.0000 | local_nav_reward=0.2859 | abs_local_nav_reward=0.2859 | context_neighbors_mean=0.00 | context_neighbors_max=0 | expl_noise=0.0248 | replay=177 | samples/sec=7.115
Status | epoch=1 | next_eval_in=4823 agent_samples | checkpoint_every=10 episodes | checkpoint=./checkpoints/TD3_velodyne_multi_v4_curriculum_stage2_main_pairwise_repair_from_stage2_pre_best_latest.pt | model=TD3_velodyne_multi_v4_curriculum_stage2_main_pairwise_repair_from_stage2_pre_best
Episode 6 complete | agent_samples=205 | env_steps=128 | episode_env_steps=14 | episode_agent_samples=28 | mean_reward=-64.683 | success=0/2 | collision=2/2 | mean_final_distance=1.976 | mean_progress=0.0802 | min_laser=0.300 | mean_lin=0.500 | mean_ang=0.000 | mean_robot_dist=0.506 | raw_reward=-100.000 | adjusted_reward=-100.000 | coop_agents=2/2 | mean_coop_neighbors=1.00 | active_neighbor_step_rate=1.000 | mean_active_neighbors_step=1.000 | max_active_neighbors_step=1 | interaction_reward=0.0000 | abs_interaction_reward=0.0000 | anti_stag_reward=0.0000 | abs_anti_stag_reward=0.0000 | wall_clear_reward=0.0000 | abs_wall_clear_reward=0.0000 | local_nav_reward=0.2145 | abs_local_nav_reward=0.2145 | context_neighbors_mean=0.00 | context_neighbors_max=0 | expl_noise=0.0247 | replay=205 | samples/sec=7.334
Episode 7 complete | agent_samples=235 | env_steps=146 | episode_env_steps=18 | episode_agent_samples=30 | mean_reward=131.789 | success=2/2 | collision=0/2 | mean_final_distance=0.191 | mean_progress=0.0587 | min_laser=0.363 | mean_lin=0.986 | mean_ang=-0.010 | mean_robot_dist=0.590 | raw_reward=50.000 | adjusted_reward=50.000 | coop_agents=0/2 | mean_coop_neighbors=0.00 | active_neighbor_step_rate=0.800 | mean_active_neighbors_step=0.800 | max_active_neighbors_step=1 | interaction_reward=0.0000 | abs_interaction_reward=0.0000 | anti_stag_reward=0.0000 | abs_anti_stag_reward=0.0000 | wall_clear_reward=0.0000 | abs_wall_clear_reward=0.0000 | local_nav_reward=0.2229 | abs_local_nav_reward=0.2229 | context_neighbors_mean=0.00 | context_neighbors_max=0 | expl_noise=0.0247 | replay=235 | samples/sec=7.367
Episode 8 complete | agent_samples=284 | env_steps=172 | episode_env_steps=26 | episode_agent_samples=49 | mean_reward=168.224 | success=2/2 | collision=0/2 | mean_final_distance=0.241 | mean_progress=0.0722 | min_laser=0.577 | mean_lin=1.000 | mean_ang=-0.937 | mean_robot_dist=1.090 | raw_reward=50.000 | adjusted_reward=50.000 | coop_agents=0/2 | mean_coop_neighbors=0.00 | active_neighbor_step_rate=0.612 | mean_active_neighbors_step=0.612 | max_active_neighbors_step=1 | interaction_reward=0.0000 | abs_interaction_reward=0.0000 | anti_stag_reward=0.0000 | abs_anti_stag_reward=0.0000 | wall_clear_reward=0.0000 | abs_wall_clear_reward=0.0000 | local_nav_reward=0.2904 | abs_local_nav_reward=0.2904 | context_neighbors_mean=0.00 | context_neighbors_max=0 | expl_noise=0.0247 | replay=284 | samples/sec=7.559
Episode 9 complete | agent_samples=325 | env_steps=212 | episode_env_steps=40 | episode_agent_samples=41 | mean_reward=23.655 | success=1/2 | collision=1/2 | mean_final_distance=1.392 | mean_progress=0.0725 | min_laser=0.301 | mean_lin=0.488 | mean_ang=0.011 | mean_robot_dist=2.327 | raw_reward=50.000 | adjusted_reward=50.000 | coop_agents=0/2 | mean_coop_neighbors=0.00 | active_neighbor_step_rate=0.024 | mean_active_neighbors_step=0.024 | max_active_neighbors_step=1 | interaction_reward=0.0000 | abs_interaction_reward=0.0000 | anti_stag_reward=0.0000 | abs_anti_stag_reward=0.0000 | wall_clear_reward=0.0000 | abs_wall_clear_reward=0.0000 | local_nav_reward=0.1543 | abs_local_nav_reward=0.1656 | context_neighbors_mean=0.00 | context_neighbors_max=0 | expl_noise=0.0246 | replay=325 | samples/sec=7.032
Episode 10 complete | agent_samples=354 | env_steps=240 | episode_env_steps=28 | episode_agent_samples=29 | mean_reward=21.858 | success=1/2 | collision=1/2 | mean_final_distance=1.365 | mean_progress=0.0132 | min_laser=0.300 | mean_lin=0.001 | mean_ang=-0.999 | mean_robot_dist=2.345 | raw_reward=50.000 | adjusted_reward=50.000 | coop_agents=0/2 | mean_coop_neighbors=0.00 | active_neighbor_step_rate=0.034 | mean_active_neighbors_step=0.034 | max_active_neighbors_step=1 | interaction_reward=0.0000 | abs_interaction_reward=0.0000 | anti_stag_reward=0.0000 | abs_anti_stag_reward=0.0000 | wall_clear_reward=0.0000 | abs_wall_clear_reward=0.0000 | local_nav_reward=0.1942 | abs_local_nav_reward=0.1942 | context_neighbors_mean=0.00 | context_neighbors_max=0 | expl_noise=0.0245 | replay=354 | samples/sec=6.771
Status | epoch=1 | next_eval_in=4646 agent_samples | checkpoint_every=10 episodes | checkpoint=./checkpoints/TD3_velodyne_multi_v4_curriculum_stage2_main_pairwise_repair_from_stage2_pre_best_latest.pt | model=TD3_velodyne_multi_v4_curriculum_stage2_main_pairwise_repair_from_stage2_pre_best
Checkpoint saved: ./checkpoints/TD3_velodyne_multi_v4_curriculum_stage2_main_pairwise_repair_from_stage2_pre_best_latest.pt
Episode 11 complete | agent_samples=382 | env_steps=254 | episode_env_steps=14 | episode_agent_samples=28 | mean_reward=-59.427 | success=0/2 | collision=2/2 | mean_final_distance=1.604 | mean_progress=0.1320 | min_laser=0.300 | mean_lin=0.999 | mean_ang=-0.141 | mean_robot_dist=0.554 | raw_reward=-100.000 | adjusted_reward=-100.000 | coop_agents=2/2 | mean_coop_neighbors=1.00 | active_neighbor_step_rate=0.929 | mean_active_neighbors_step=0.929 | max_active_neighbors_step=1 | interaction_reward=0.0000 | abs_interaction_reward=0.0000 | anti_stag_reward=0.0000 | abs_anti_stag_reward=0.0000 | wall_clear_reward=0.0000 | abs_wall_clear_reward=0.0000 | local_nav_reward=0.2879 | abs_local_nav_reward=0.2879 | context_neighbors_mean=0.00 | context_neighbors_max=0 | expl_noise=0.0245 | replay=382 | samples/sec=6.899
Episode 12 complete | agent_samples=408 | env_steps=267 | episode_env_steps=13 | episode_agent_samples=26 | mean_reward=-58.588 | success=0/2 | collision=2/2 | mean_final_distance=1.536 | mean_progress=0.1137 | min_laser=0.300 | mean_lin=0.987 | mean_ang=-1.000 | mean_robot_dist=0.494 | raw_reward=-100.000 | adjusted_reward=-100.000 | coop_agents=2/2 | mean_coop_neighbors=1.00 | active_neighbor_step_rate=1.000 | mean_active_neighbors_step=1.000 | max_active_neighbors_step=1 | interaction_reward=0.0000 | abs_interaction_reward=0.0000 | anti_stag_reward=0.0000 | abs_anti_stag_reward=0.0000 | wall_clear_reward=0.0000 | abs_wall_clear_reward=0.0000 | local_nav_reward=0.2846 | abs_local_nav_reward=0.2846 | context_neighbors_mean=0.00 | context_neighbors_max=0 | expl_noise=0.0245 | replay=408 | samples/sec=7.003
Episode 13 complete | agent_samples=475 | env_steps=312 | episode_env_steps=45 | episode_agent_samples=67 | mean_reward=179.202 | success=2/2 | collision=0/2 | mean_final_distance=0.230 | mean_progress=0.0103 | min_laser=0.513 | mean_lin=0.997 | mean_ang=-0.007 | mean_robot_dist=3.664 | raw_reward=50.000 | adjusted_reward=50.000 | coop_agents=0/2 | mean_coop_neighbors=0.00 | active_neighbor_step_rate=0.328 | mean_active_neighbors_step=0.328 | max_active_neighbors_step=1 | interaction_reward=0.0000 | abs_interaction_reward=0.0000 | anti_stag_reward=0.0000 | abs_anti_stag_reward=0.0000 | wall_clear_reward=0.0000 | abs_wall_clear_reward=0.0000 | local_nav_reward=0.2266 | abs_local_nav_reward=0.2266 | context_neighbors_mean=0.00 | context_neighbors_max=0 | expl_noise=0.0244 | replay=475 | samples/sec=6.988
Episode 14 complete | agent_samples=533 | env_steps=345 | episode_env_steps=33 | episode_agent_samples=58 | mean_reward=176.639 | success=2/2 | collision=0/2 | mean_final_distance=0.272 | mean_progress=0.0549 | min_laser=0.514 | mean_lin=0.935 | mean_ang=-1.000 | mean_robot_dist=3.668 | raw_reward=50.000 | adjusted_reward=50.000 | coop_agents=0/2 | mean_coop_neighbors=0.00 | active_neighbor_step_rate=0.483 | mean_active_neighbors_step=0.483 | max_active_neighbors_step=1 | interaction_reward=0.0000 | abs_interaction_reward=0.0000 | anti_stag_reward=0.0000 | abs_anti_stag_reward=0.0000 | wall_clear_reward=0.0000 | abs_wall_clear_reward=0.0000 | local_nav_reward=0.2397 | abs_local_nav_reward=0.2397 | context_neighbors_mean=0.00 | context_neighbors_max=0 | expl_noise=0.0243 | replay=533 | samples/sec=7.102
Episode 15 complete | agent_samples=572 | env_steps=365 | episode_env_steps=20 | episode_agent_samples=39 | mean_reward=29.453 | success=1/2 | collision=1/2 | mean_final_distance=0.384 | mean_progress=0.0010 | min_laser=0.301 | mean_lin=0.500 | mean_ang=-0.964 | mean_robot_dist=0.638 | raw_reward=-50.000 | adjusted_reward=-50.000 | coop_agents=0/2 | mean_coop_neighbors=0.00 | active_neighbor_step_rate=0.974 | mean_active_neighbors_step=0.974 | max_active_neighbors_step=1 | interaction_reward=0.0000 | abs_interaction_reward=0.0000 | anti_stag_reward=0.0000 | abs_anti_stag_reward=0.0000 | wall_clear_reward=0.0000 | abs_wall_clear_reward=0.0000 | local_nav_reward=0.1840 | abs_local_nav_reward=0.1840 | context_neighbors_mean=0.00 | context_neighbors_max=0 | expl_noise=0.0243 | replay=572 | samples/sec=7.204
Status | epoch=1 | next_eval_in=4428 agent_samples | checkpoint_every=10 episodes | checkpoint=./checkpoints/TD3_velodyne_multi_v4_curriculum_stage2_main_pairwise_repair_from_stage2_pre_best_latest.pt | model=TD3_velodyne_multi_v4_curriculum_stage2_main_pairwise_repair_from_stage2_pre_best
Episode 16 complete | agent_samples=641 | env_steps=424 | episode_env_steps=59 | episode_agent_samples=69 | mean_reward=66.170 | success=1/2 | collision=1/2 | mean_final_distance=1.266 | mean_progress=0.0840 | min_laser=0.315 | mean_lin=0.992 | mean_ang=0.003 | mean_robot_dist=2.006 | raw_reward=50.000 | adjusted_reward=50.000 | coop_agents=0/2 | mean_coop_neighbors=0.00 | active_neighbor_step_rate=0.232 | mean_active_neighbors_step=0.232 | max_active_neighbors_step=1 | interaction_reward=0.0000 | abs_interaction_reward=0.0000 | anti_stag_reward=0.0000 | abs_anti_stag_reward=0.0000 | wall_clear_reward=0.0000 | abs_wall_clear_reward=0.0000 | local_nav_reward=0.1750 | abs_local_nav_reward=0.1844 | context_neighbors_mean=0.00 | context_neighbors_max=0 | expl_noise=0.0242 | replay=641 | samples/sec=6.959
Episode 17 complete | agent_samples=654 | env_steps=436 | episode_env_steps=12 | episode_agent_samples=13 | mean_reward=-110.907 | success=0/2 | collision=2/2 | mean_final_distance=2.886 | mean_progress=0.0207 | min_laser=0.305 | mean_lin=0.712 | mean_ang=0.869 | mean_robot_dist=0.658 | raw_reward=-50.000 | adjusted_reward=-50.000 | coop_agents=0/2 | mean_coop_neighbors=0.00 | active_neighbor_step_rate=0.077 | mean_active_neighbors_step=0.077 | max_active_neighbors_step=1 | interaction_reward=0.0000 | abs_interaction_reward=0.0000 | anti_stag_reward=0.0000 | abs_anti_stag_reward=0.0000 | wall_clear_reward=0.0000 | abs_wall_clear_reward=0.0000 | local_nav_reward=0.0183 | abs_local_nav_reward=0.0183 | context_neighbors_mean=0.00 | context_neighbors_max=0 | expl_noise=0.0241 | replay=654 | samples/sec=6.898
Episode 18 complete | agent_samples=689 | env_steps=470 | episode_env_steps=34 | episode_agent_samples=35 | mean_reward=22.993 | success=1/2 | collision=1/2 | mean_final_distance=1.347 | mean_progress=0.0418 | min_laser=0.300 | mean_lin=0.490 | mean_ang=-0.915 | mean_robot_dist=2.453 | raw_reward=50.000 | adjusted_reward=50.000 | coop_agents=0/2 | mean_coop_neighbors=0.00 | active_neighbor_step_rate=0.029 | mean_active_neighbors_step=0.029 | max_active_neighbors_step=1 | interaction_reward=0.0000 | abs_interaction_reward=0.0000 | anti_stag_reward=0.0000 | abs_anti_stag_reward=0.0000 | wall_clear_reward=0.0000 | abs_wall_clear_reward=0.0000 | local_nav_reward=0.2026 | abs_local_nav_reward=0.2026 | context_neighbors_mean=0.00 | context_neighbors_max=0 | expl_noise=0.0241 | replay=689 | samples/sec=6.736
Episode 19 complete | agent_samples=707 | env_steps=479 | episode_env_steps=9 | episode_agent_samples=18 | mean_reward=-75.273 | success=0/2 | collision=2/2 | mean_final_distance=2.225 | mean_progress=0.1552 | min_laser=0.300 | mean_lin=0.995 | mean_ang=-0.008 | mean_robot_dist=0.627 | raw_reward=-100.000 | adjusted_reward=-100.000 | coop_agents=2/2 | mean_coop_neighbors=1.00 | active_neighbor_step_rate=1.000 | mean_active_neighbors_step=1.000 | max_active_neighbors_step=1 | interaction_reward=0.0000 | abs_interaction_reward=0.0000 | anti_stag_reward=0.0000 | abs_anti_stag_reward=0.0000 | wall_clear_reward=0.0000 | abs_wall_clear_reward=0.0000 | local_nav_reward=0.2769 | abs_local_nav_reward=0.2769 | context_neighbors_mean=0.00 | context_neighbors_max=0 | expl_noise=0.0240 | replay=707 | samples/sec=6.778
Episode 20 complete | agent_samples=786 | env_steps=546 | episode_env_steps=67 | episode_agent_samples=79 | mean_reward=69.100 | success=1/2 | collision=1/2 | mean_final_distance=0.966 | mean_progress=0.0250 | min_laser=0.341 | mean_lin=0.524 | mean_ang=-0.987 | mean_robot_dist=1.857 | raw_reward=50.000 | adjusted_reward=50.000 | coop_agents=0/2 | mean_coop_neighbors=0.00 | active_neighbor_step_rate=0.266 | mean_active_neighbors_step=0.266 | max_active_neighbors_step=1 | interaction_reward=0.0000 | abs_interaction_reward=0.0000 | anti_stag_reward=0.0000 | abs_anti_stag_reward=0.0000 | wall_clear_reward=0.0000 | abs_wall_clear_reward=0.0000 | local_nav_reward=0.1538 | abs_local_nav_reward=0.1725 | context_neighbors_mean=0.00 | context_neighbors_max=0 | expl_noise=0.0239 | replay=786 | samples/sec=6.625
Status | epoch=1 | next_eval_in=4214 agent_samples | checkpoint_every=10 episodes | checkpoint=./checkpoints/TD3_velodyne_multi_v4_curriculum_stage2_main_pairwise_repair_from_stage2_pre_best_latest.pt | model=TD3_velodyne_multi_v4_curriculum_stage2_main_pairwise_repair_from_stage2_pre_best
Checkpoint saved: ./checkpoints/TD3_velodyne_multi_v4_curriculum_stage2_main_pairwise_repair_from_stage2_pre_best_latest.pt
Episode 21 complete | agent_samples=1113 | env_steps=846 | episode_env_steps=300 | episode_agent_samples=327 | mean_reward=140.856 | success=1/2 | collision=0/2 | mean_final_distance=0.781 | mean_progress=0.0010 | min_laser=0.418 | mean_lin=0.507 | mean_ang=-0.011 | mean_robot_dist=2.336 | raw_reward=-0.091 | adjusted_reward=-0.091 | coop_agents=0/2 | mean_coop_neighbors=0.00 | active_neighbor_step_rate=0.089 | mean_active_neighbors_step=0.089 | max_active_neighbors_step=1 | interaction_reward=0.0000 | abs_interaction_reward=0.0000 | anti_stag_reward=0.0000 | abs_anti_stag_reward=0.0000 | wall_clear_reward=0.0000 | abs_wall_clear_reward=0.0000 | local_nav_reward=0.0624 | abs_local_nav_reward=0.1026 | context_neighbors_mean=0.00 | context_neighbors_max=0 | expl_noise=0.0233 | replay=1113 | samples/sec=6.099
Episode 22 complete | agent_samples=1433 | env_steps=1146 | episode_env_steps=300 | episode_agent_samples=320 | mean_reward=40.993 | success=0/2 | collision=1/2 | mean_final_distance=1.490 | mean_progress=0.0406 | min_laser=0.303 | mean_lin=0.990 | mean_ang=-0.790 | mean_robot_dist=3.775 | raw_reward=1.050 | adjusted_reward=1.050 | coop_agents=0/2 | mean_coop_neighbors=0.00 | active_neighbor_step_rate=0.053 | mean_active_neighbors_step=0.053 | max_active_neighbors_step=1 | interaction_reward=0.0000 | abs_interaction_reward=0.0000 | anti_stag_reward=0.0000 | abs_anti_stag_reward=0.0000 | wall_clear_reward=0.0000 | abs_wall_clear_reward=0.0000 | local_nav_reward=0.0473 | abs_local_nav_reward=0.1087 | context_neighbors_mean=0.00 | context_neighbors_max=0 | expl_noise=0.0227 | replay=1433 | samples/sec=5.813
Episode 23 complete | agent_samples=1636 | env_steps=1296 | episode_env_steps=150 | episode_agent_samples=203 | mean_reward=-92.330 | success=0/2 | collision=2/2 | mean_final_distance=1.974 | mean_progress=0.0447 | min_laser=0.302 | mean_lin=0.999 | mean_ang=-1.000 | mean_robot_dist=0.581 | raw_reward=-50.000 | adjusted_reward=-50.000 | coop_agents=0/2 | mean_coop_neighbors=0.00 | active_neighbor_step_rate=0.266 | mean_active_neighbors_step=0.266 | max_active_neighbors_step=1 | interaction_reward=0.0000 | abs_interaction_reward=0.0000 | anti_stag_reward=0.0000 | abs_anti_stag_reward=0.0000 | wall_clear_reward=0.0000 | abs_wall_clear_reward=0.0000 | local_nav_reward=0.0124 | abs_local_nav_reward=0.0960 | context_neighbors_mean=0.00 | context_neighbors_max=0 | expl_noise=0.0224 | replay=1636 | samples/sec=5.875
Episode 24 complete | agent_samples=1722 | env_steps=1342 | episode_env_steps=46 | episode_agent_samples=86 | mean_reward=-73.460 | success=0/2 | collision=2/2 | mean_final_distance=2.270 | mean_progress=0.0424 | min_laser=0.300 | mean_lin=0.210 | mean_ang=-0.979 | mean_robot_dist=1.920 | raw_reward=-50.000 | adjusted_reward=-50.000 | coop_agents=0/2 | mean_coop_neighbors=0.00 | active_neighbor_step_rate=0.477 | mean_active_neighbors_step=0.477 | max_active_neighbors_step=1 | interaction_reward=0.0000 | abs_interaction_reward=0.0000 | anti_stag_reward=0.0000 | abs_anti_stag_reward=0.0000 | wall_clear_reward=0.0000 | abs_wall_clear_reward=0.0000 | local_nav_reward=0.0742 | abs_local_nav_reward=0.0990 | context_neighbors_mean=0.00 | context_neighbors_max=0 | expl_noise=0.0223 | replay=1722 | samples/sec=5.972
Episode 25 complete | agent_samples=1730 | env_steps=1349 | episode_env_steps=7 | episode_agent_samples=8 | mean_reward=-109.814 | success=0/2 | collision=2/2 | mean_final_distance=2.874 | mean_progress=0.0411 | min_laser=0.316 | mean_lin=0.496 | mean_ang=-0.007 | mean_robot_dist=0.661 | raw_reward=-50.000 | adjusted_reward=-50.000 | coop_agents=0/2 | mean_coop_neighbors=0.00 | active_neighbor_step_rate=0.125 | mean_active_neighbors_step=0.125 | max_active_neighbors_step=1 | interaction_reward=0.0000 | abs_interaction_reward=0.0000 | anti_stag_reward=0.0000 | abs_anti_stag_reward=0.0000 | wall_clear_reward=0.0000 | abs_wall_clear_reward=0.0000 | local_nav_reward=0.0538 | abs_local_nav_reward=0.0538 | context_neighbors_mean=0.00 | context_neighbors_max=0 | expl_noise=0.0223 | replay=1730 | samples/sec=5.966
Status | epoch=1 | next_eval_in=3270 agent_samples | checkpoint_every=10 episodes | checkpoint=./checkpoints/TD3_velodyne_multi_v4_curriculum_stage2_main_pairwise_repair_from_stage2_pre_best_latest.pt | model=TD3_velodyne_multi_v4_curriculum_stage2_main_pairwise_repair_from_stage2_pre_best
Episode 26 complete | agent_samples=1734 | env_steps=1352 | episode_env_steps=3 | episode_agent_samples=4 | mean_reward=-107.695 | success=0/2 | collision=2/2 | mean_final_distance=2.689 | mean_progress=0.0700 | min_laser=0.300 | mean_lin=0.454 | mean_ang=-0.997 | mean_robot_dist=0.568 | raw_reward=-50.000 | adjusted_reward=-50.000 | coop_agents=0/2 | mean_coop_neighbors=0.00 | active_neighbor_step_rate=0.250 | mean_active_neighbors_step=0.250 | max_active_neighbors_step=1 | interaction_reward=0.0000 | abs_interaction_reward=0.0000 | anti_stag_reward=0.0000 | abs_anti_stag_reward=0.0000 | wall_clear_reward=0.0000 | abs_wall_clear_reward=0.0000 | local_nav_reward=0.1586 | abs_local_nav_reward=0.1586 | context_neighbors_mean=0.00 | context_neighbors_max=0 | expl_noise=0.0223 | replay=1734 | samples/sec=5.964
Episode 27 complete | agent_samples=1816 | env_steps=1399 | episode_env_steps=47 | episode_agent_samples=82 | mean_reward=-88.753 | success=0/2 | collision=2/2 | mean_final_distance=2.607 | mean_progress=0.0621 | min_laser=0.300 | mean_lin=1.000 | mean_ang=-1.000 | mean_robot_dist=4.810 | raw_reward=-50.000 | adjusted_reward=-50.000 | coop_agents=0/2 | mean_coop_neighbors=0.00 | active_neighbor_step_rate=0.329 | mean_active_neighbors_step=0.329 | max_active_neighbors_step=1 | interaction_reward=0.0000 | abs_interaction_reward=0.0000 | anti_stag_reward=0.0000 | abs_anti_stag_reward=0.0000 | wall_clear_reward=0.0000 | abs_wall_clear_reward=0.0000 | local_nav_reward=0.0532 | abs_local_nav_reward=0.0983 | context_neighbors_mean=0.00 | context_neighbors_max=0 | expl_noise=0.0222 | replay=1816 | samples/sec=6.036
Episode 28 complete | agent_samples=1885 | env_steps=1441 | episode_env_steps=42 | episode_agent_samples=69 | mean_reward=-83.539 | success=0/2 | collision=2/2 | mean_final_distance=2.444 | mean_progress=0.0789 | min_laser=0.300 | mean_lin=1.000 | mean_ang=0.003 | mean_robot_dist=3.913 | raw_reward=-50.000 | adjusted_reward=-50.000 | coop_agents=0/2 | mean_coop_neighbors=0.00 | active_neighbor_step_rate=0.290 | mean_active_neighbors_step=0.290 | max_active_neighbors_step=1 | interaction_reward=0.0000 | abs_interaction_reward=0.0000 | anti_stag_reward=0.0000 | abs_anti_stag_reward=0.0000 | wall_clear_reward=0.0000 | abs_wall_clear_reward=0.0000 | local_nav_reward=0.0753 | abs_local_nav_reward=0.1300 | context_neighbors_mean=0.00 | context_neighbors_max=0 | expl_noise=0.0221 | replay=1885 | samples/sec=6.081
Episode 29 complete | agent_samples=1918 | env_steps=1459 | episode_env_steps=18 | episode_agent_samples=33 | mean_reward=-69.887 | success=0/2 | collision=2/2 | mean_final_distance=2.313 | mean_progress=0.0415 | min_laser=0.300 | mean_lin=0.991 | mean_ang=-0.984 | mean_robot_dist=3.006 | raw_reward=-50.000 | adjusted_reward=-50.000 | coop_agents=0/2 | mean_coop_neighbors=0.00 | active_neighbor_step_rate=0.515 | mean_active_neighbors_step=0.515 | max_active_neighbors_step=1 | interaction_reward=0.0000 | abs_interaction_reward=0.0000 | anti_stag_reward=0.0000 | abs_anti_stag_reward=0.0000 | wall_clear_reward=0.0000 | abs_wall_clear_reward=0.0000 | local_nav_reward=0.1628 | abs_local_nav_reward=0.1718 | context_neighbors_mean=0.00 | context_neighbors_max=0 | expl_noise=0.0221 | replay=1918 | samples/sec=6.109
Episode 30 complete | agent_samples=1987 | env_steps=1501 | episode_env_steps=42 | episode_agent_samples=69 | mean_reward=-73.047 | success=0/2 | collision=2/2 | mean_final_distance=2.646 | mean_progress=0.0891 | min_laser=0.300 | mean_lin=0.503 | mean_ang=-0.101 | mean_robot_dist=5.633 | raw_reward=-50.000 | adjusted_reward=-50.000 | coop_agents=0/2 | mean_coop_neighbors=0.00 | active_neighbor_step_rate=0.217 | mean_active_neighbors_step=0.217 | max_active_neighbors_step=1 | interaction_reward=0.0000 | abs_interaction_reward=0.0000 | anti_stag_reward=0.0000 | abs_anti_stag_reward=0.0000 | wall_clear_reward=0.0000 | abs_wall_clear_reward=0.0000 | local_nav_reward=0.0741 | abs_local_nav_reward=0.1349 | context_neighbors_mean=0.00 | context_neighbors_max=0 | expl_noise=0.0220 | replay=1987 | samples/sec=6.151
Status | epoch=1 | next_eval_in=3013 agent_samples | checkpoint_every=10 episodes | checkpoint=./checkpoints/TD3_velodyne_multi_v4_curriculum_stage2_main_pairwise_repair_from_stage2_pre_best_latest.pt | model=TD3_velodyne_multi_v4_curriculum_stage2_main_pairwise_repair_from_stage2_pre_best
Checkpoint saved: ./checkpoints/TD3_velodyne_multi_v4_curriculum_stage2_main_pairwise_repair_from_stage2_pre_best_latest.pt
Episode 31 complete | agent_samples=2128 | env_steps=1588 | episode_env_steps=87 | episode_agent_samples=141 | mean_reward=-122.190 | success=0/2 | collision=2/2 | mean_final_distance=3.110 | mean_progress=0.0147 | min_laser=0.307 | mean_lin=0.496 | mean_ang=0.007 | mean_robot_dist=5.242 | raw_reward=-50.000 | adjusted_reward=-50.000 | coop_agents=0/2 | mean_coop_neighbors=0.00 | active_neighbor_step_rate=0.312 | mean_active_neighbors_step=0.312 | max_active_neighbors_step=1 | interaction_reward=0.0000 | abs_interaction_reward=0.0000 | anti_stag_reward=0.0000 | abs_anti_stag_reward=0.0000 | wall_clear_reward=0.0000 | abs_wall_clear_reward=0.0000 | local_nav_reward=-0.0104 | abs_local_nav_reward=0.1039 | context_neighbors_mean=0.00 | context_neighbors_max=0 | expl_noise=0.0218 | replay=2128 | samples/sec=6.227
Episode 32 complete | agent_samples=2188 | env_steps=1630 | episode_env_steps=42 | episode_agent_samples=60 | mean_reward=-75.976 | success=0/2 | collision=2/2 | mean_final_distance=2.309 | mean_progress=0.0260 | min_laser=0.301 | mean_lin=0.967 | mean_ang=-0.010 | mean_robot_dist=2.862 | raw_reward=-50.000 | adjusted_reward=-50.000 | coop_agents=0/2 | mean_coop_neighbors=0.00 | active_neighbor_step_rate=0.267 | mean_active_neighbors_step=0.267 | max_active_neighbors_step=1 | interaction_reward=0.0000 | abs_interaction_reward=0.0000 | anti_stag_reward=0.0000 | abs_anti_stag_reward=0.0000 | wall_clear_reward=0.0000 | abs_wall_clear_reward=0.0000 | local_nav_reward=0.1063 | abs_local_nav_reward=0.1330 | context_neighbors_mean=0.00 | context_neighbors_max=0 | expl_noise=0.0218 | replay=2188 | samples/sec=6.236
Episode 33 complete | agent_samples=2248 | env_steps=1689 | episode_env_steps=59 | episode_agent_samples=60 | mean_reward=-115.588 | success=0/2 | collision=2/2 | mean_final_distance=3.179 | mean_progress=0.0634 | min_laser=0.300 | mean_lin=0.034 | mean_ang=-0.984 | mean_robot_dist=4.091 | raw_reward=-50.000 | adjusted_reward=-50.000 | coop_agents=0/2 | mean_coop_neighbors=0.00 | active_neighbor_step_rate=0.017 | mean_active_neighbors_step=0.017 | max_active_neighbors_step=1 | interaction_reward=0.0000 | abs_interaction_reward=0.0000 | anti_stag_reward=0.0000 | abs_anti_stag_reward=0.0000 | wall_clear_reward=0.0000 | abs_wall_clear_reward=0.0000 | local_nav_reward=0.0074 | abs_local_nav_reward=0.1208 | context_neighbors_mean=0.00 | context_neighbors_max=0 | expl_noise=0.0216 | replay=2248 | samples/sec=6.184
Episode 34 complete | agent_samples=2255 | env_steps=1695 | episode_env_steps=6 | episode_agent_samples=7 | mean_reward=-102.181 | success=0/2 | collision=2/2 | mean_final_distance=2.428 | mean_progress=0.0793 | min_laser=0.300 | mean_lin=0.497 | mean_ang=-0.274 | mean_robot_dist=0.688 | raw_reward=-50.000 | adjusted_reward=-50.000 | coop_agents=0/2 | mean_coop_neighbors=0.00 | active_neighbor_step_rate=0.143 | mean_active_neighbors_step=0.143 | max_active_neighbors_step=1 | interaction_reward=0.0000 | abs_interaction_reward=0.0000 | anti_stag_reward=0.0000 | abs_anti_stag_reward=0.0000 | wall_clear_reward=0.0000 | abs_wall_clear_reward=0.0000 | local_nav_reward=0.1913 | abs_local_nav_reward=0.1913 | context_neighbors_mean=0.00 | context_neighbors_max=0 | expl_noise=0.0216 | replay=2255 | samples/sec=6.179
Episode 35 complete | agent_samples=2319 | env_steps=1731 | episode_env_steps=36 | episode_agent_samples=64 | mean_reward=-89.186 | success=0/2 | collision=2/2 | mean_final_distance=3.772 | mean_progress=0.0170 | min_laser=0.300 | mean_lin=0.852 | mean_ang=-0.977 | mean_robot_dist=6.413 | raw_reward=-50.000 | adjusted_reward=-50.000 | coop_agents=0/2 | mean_coop_neighbors=0.00 | active_neighbor_step_rate=0.266 | mean_active_neighbors_step=0.266 | max_active_neighbors_step=1 | interaction_reward=0.0000 | abs_interaction_reward=0.0000 | anti_stag_reward=0.0000 | abs_anti_stag_reward=0.0000 | wall_clear_reward=0.0000 | abs_wall_clear_reward=0.0000 | local_nav_reward=0.0052 | abs_local_nav_reward=0.1294 | context_neighbors_mean=0.00 | context_neighbors_max=0 | expl_noise=0.0216 | replay=2319 | samples/sec=6.221
Status | epoch=1 | next_eval_in=2681 agent_samples | checkpoint_every=10 episodes | checkpoint=./checkpoints/TD3_velodyne_multi_v4_curriculum_stage2_main_pairwise_repair_from_stage2_pre_best_latest.pt | model=TD3_velodyne_multi_v4_curriculum_stage2_main_pairwise_repair_from_stage2_pre_best
Episode 36 complete | agent_samples=2399 | env_steps=1773 | episode_env_steps=42 | episode_agent_samples=80 | mean_reward=-82.152 | success=0/2 | collision=2/2 | mean_final_distance=3.286 | mean_progress=0.0584 | min_laser=0.300 | mean_lin=0.917 | mean_ang=0.003 | mean_robot_dist=5.399 | raw_reward=-50.000 | adjusted_reward=-50.000 | coop_agents=0/2 | mean_coop_neighbors=0.00 | active_neighbor_step_rate=0.350 | mean_active_neighbors_step=0.350 | max_active_neighbors_step=1 | interaction_reward=0.0000 | abs_interaction_reward=0.0000 | anti_stag_reward=0.0000 | abs_anti_stag_reward=0.0000 | wall_clear_reward=0.0000 | abs_wall_clear_reward=0.0000 | local_nav_reward=0.0304 | abs_local_nav_reward=0.1322 | context_neighbors_mean=0.00 | context_neighbors_max=0 | expl_noise=0.0215 | replay=2399 | samples/sec=6.283
Episode 37 complete | agent_samples=2490 | env_steps=1824 | episode_env_steps=51 | episode_agent_samples=91 | mean_reward=-89.622 | success=0/2 | collision=2/2 | mean_final_distance=3.300 | mean_progress=0.0822 | min_laser=0.300 | mean_lin=0.517 | mean_ang=-0.938 | mean_robot_dist=6.920 | raw_reward=-50.000 | adjusted_reward=-50.000 | coop_agents=0/2 | mean_coop_neighbors=0.00 | active_neighbor_step_rate=0.231 | mean_active_neighbors_step=0.231 | max_active_neighbors_step=1 | interaction_reward=0.0000 | abs_interaction_reward=0.0000 | anti_stag_reward=0.0000 | abs_anti_stag_reward=0.0000 | wall_clear_reward=0.0000 | abs_wall_clear_reward=0.0000 | local_nav_reward=0.0355 | abs_local_nav_reward=0.1248 | context_neighbors_mean=0.00 | context_neighbors_max=0 | expl_noise=0.0214 | replay=2490 | samples/sec=6.339
Episode 38 complete | agent_samples=2581 | env_steps=1897 | episode_env_steps=73 | episode_agent_samples=91 | mean_reward=-70.726 | success=0/2 | collision=2/2 | mean_final_distance=2.877 | mean_progress=0.0285 | min_laser=0.300 | mean_lin=0.500 | mean_ang=0.002 | mean_robot_dist=5.296 | raw_reward=-50.000 | adjusted_reward=-50.000 | coop_agents=0/2 | mean_coop_neighbors=0.00 | active_neighbor_step_rate=0.187 | mean_active_neighbors_step=0.187 | max_active_neighbors_step=1 | interaction_reward=0.0000 | abs_interaction_reward=0.0000 | anti_stag_reward=0.0000 | abs_anti_stag_reward=0.0000 | wall_clear_reward=0.0000 | abs_wall_clear_reward=0.0000 | local_nav_reward=0.0550 | abs_local_nav_reward=0.1373 | context_neighbors_mean=0.00 | context_neighbors_max=0 | expl_noise=0.0212 | replay=2581 | samples/sec=6.319
Episode 39 complete | agent_samples=2630 | env_steps=1923 | episode_env_steps=26 | episode_agent_samples=49 | mean_reward=-104.040 | success=0/2 | collision=2/2 | mean_final_distance=2.176 | mean_progress=-0.0341 | min_laser=0.300 | mean_lin=0.972 | mean_ang=-1.000 | mean_robot_dist=3.985 | raw_reward=-50.000 | adjusted_reward=-50.000 | coop_agents=0/2 | mean_coop_neighbors=0.00 | active_neighbor_step_rate=0.347 | mean_active_neighbors_step=0.347 | max_active_neighbors_step=1 | interaction_reward=0.0000 | abs_interaction_reward=0.0000 | anti_stag_reward=0.0000 | abs_anti_stag_reward=0.0000 | wall_clear_reward=0.0000 | abs_wall_clear_reward=0.0000 | local_nav_reward=0.0012 | abs_local_nav_reward=0.1734 | context_neighbors_mean=0.00 | context_neighbors_max=0 | expl_noise=0.0212 | replay=2630 | samples/sec=6.352
Episode 40 complete | agent_samples=2738 | env_steps=2011 | episode_env_steps=88 | episode_agent_samples=108 | mean_reward=-88.551 | success=0/2 | collision=2/2 | mean_final_distance=3.310 | mean_progress=-0.0248 | min_laser=0.300 | mean_lin=0.501 | mean_ang=-0.988 | mean_robot_dist=7.438 | raw_reward=-50.000 | adjusted_reward=-50.000 | coop_agents=0/2 | mean_coop_neighbors=0.00 | active_neighbor_step_rate=0.176 | mean_active_neighbors_step=0.176 | max_active_neighbors_step=1 | interaction_reward=0.0000 | abs_interaction_reward=0.0000 | anti_stag_reward=0.0000 | abs_anti_stag_reward=0.0000 | wall_clear_reward=0.0000 | abs_wall_clear_reward=0.0000 | local_nav_reward=0.0342 | abs_local_nav_reward=0.1380 | context_neighbors_mean=0.00 | context_neighbors_max=0 | expl_noise=0.0210 | replay=2738 | samples/sec=6.324
Status | epoch=1 | next_eval_in=2262 agent_samples | checkpoint_every=10 episodes | checkpoint=./checkpoints/TD3_velodyne_multi_v4_curriculum_stage2_main_pairwise_repair_from_stage2_pre_best_latest.pt | model=TD3_velodyne_multi_v4_curriculum_stage2_main_pairwise_repair_from_stage2_pre_best
Checkpoint saved: ./checkpoints/TD3_velodyne_multi_v4_curriculum_stage2_main_pairwise_repair_from_stage2_pre_best_latest.pt
Episode 41 complete | agent_samples=2743 | env_steps=2015 | episode_env_steps=4 | episode_agent_samples=5 | mean_reward=-108.677 | success=0/2 | collision=2/2 | mean_final_distance=2.831 | mean_progress=0.0485 | min_laser=0.300 | mean_lin=0.500 | mean_ang=0.004 | mean_robot_dist=0.658 | raw_reward=-50.000 | adjusted_reward=-50.000 | coop_agents=0/2 | mean_coop_neighbors=0.00 | active_neighbor_step_rate=0.200 | mean_active_neighbors_step=0.200 | max_active_neighbors_step=1 | interaction_reward=0.0000 | abs_interaction_reward=0.0000 | anti_stag_reward=0.0000 | abs_anti_stag_reward=0.0000 | wall_clear_reward=0.0000 | abs_wall_clear_reward=0.0000 | local_nav_reward=0.1341 | abs_local_nav_reward=0.1341 | context_neighbors_mean=0.00 | context_neighbors_max=0 | expl_noise=0.0210 | replay=2743 | samples/sec=6.320
Episode 42 complete | agent_samples=2750 | env_steps=2021 | episode_env_steps=6 | episode_agent_samples=7 | mean_reward=-102.531 | success=0/2 | collision=2/2 | mean_final_distance=2.439 | mean_progress=0.0875 | min_laser=0.300 | mean_lin=0.497 | mean_ang=-0.955 | mean_robot_dist=0.629 | raw_reward=-50.000 | adjusted_reward=-50.000 | coop_agents=0/2 | mean_coop_neighbors=0.00 | active_neighbor_step_rate=0.143 | mean_active_neighbors_step=0.143 | max_active_neighbors_step=1 | interaction_reward=0.0000 | abs_interaction_reward=0.0000 | anti_stag_reward=0.0000 | abs_anti_stag_reward=0.0000 | wall_clear_reward=0.0000 | abs_wall_clear_reward=0.0000 | local_nav_reward=0.1922 | abs_local_nav_reward=0.1922 | context_neighbors_mean=0.00 | context_neighbors_max=0 | expl_noise=0.0210 | replay=2750 | samples/sec=6.316
Episode 43 complete | agent_samples=2861 | env_steps=2109 | episode_env_steps=88 | episode_agent_samples=111 | mean_reward=-77.544 | success=0/2 | collision=2/2 | mean_final_distance=3.048 | mean_progress=-0.0225 | min_laser=0.301 | mean_lin=0.508 | mean_ang=-0.399 | mean_robot_dist=1.701 | raw_reward=-50.000 | adjusted_reward=-50.000 | coop_agents=0/2 | mean_coop_neighbors=0.00 | active_neighbor_step_rate=0.126 | mean_active_neighbors_step=0.126 | max_active_neighbors_step=1 | interaction_reward=0.0000 | abs_interaction_reward=0.0000 | anti_stag_reward=0.0000 | abs_anti_stag_reward=0.0000 | wall_clear_reward=0.0000 | abs_wall_clear_reward=0.0000 | local_nav_reward=0.0345 | abs_local_nav_reward=0.1261 | context_neighbors_mean=0.00 | context_neighbors_max=0 | expl_noise=0.0208 | replay=2861 | samples/sec=6.297
Episode 44 complete | agent_samples=2986 | env_steps=2216 | episode_env_steps=107 | episode_agent_samples=125 | mean_reward=-75.605 | success=0/2 | collision=2/2 | mean_final_distance=2.955 | mean_progress=0.0199 | min_laser=0.300 | mean_lin=0.996 | mean_ang=-0.068 | mean_robot_dist=3.252 | raw_reward=-50.000 | adjusted_reward=-50.000 | coop_agents=0/2 | mean_coop_neighbors=0.00 | active_neighbor_step_rate=0.128 | mean_active_neighbors_step=0.128 | max_active_neighbors_step=1 | interaction_reward=0.0000 | abs_interaction_reward=0.0000 | anti_stag_reward=0.0000 | abs_anti_stag_reward=0.0000 | wall_clear_reward=0.0000 | abs_wall_clear_reward=0.0000 | local_nav_reward=0.0385 | abs_local_nav_reward=0.1273 | context_neighbors_mean=0.00 | context_neighbors_max=0 | expl_noise=0.0206 | replay=2986 | samples/sec=6.259
Episode 45 complete | agent_samples=3100 | env_steps=2274 | episode_env_steps=58 | episode_agent_samples=114 | mean_reward=-113.252 | success=0/2 | collision=2/2 | mean_final_distance=4.741 | mean_progress=-0.0027 | min_laser=0.300 | mean_lin=1.000 | mean_ang=-0.995 | mean_robot_dist=11.093 | raw_reward=-50.000 | adjusted_reward=-50.000 | coop_agents=0/2 | mean_coop_neighbors=0.00 | active_neighbor_step_rate=0.202 | mean_active_neighbors_step=0.202 | max_active_neighbors_step=1 | interaction_reward=0.0000 | abs_interaction_reward=0.0000 | anti_stag_reward=0.0000 | abs_anti_stag_reward=0.0000 | wall_clear_reward=0.0000 | abs_wall_clear_reward=0.0000 | local_nav_reward=-0.0093 | abs_local_nav_reward=0.1370 | context_neighbors_mean=0.00 | context_neighbors_max=0 | expl_noise=0.0205 | replay=3100 | samples/sec=6.332
Status | epoch=1 | next_eval_in=1900 agent_samples | checkpoint_every=10 episodes | checkpoint=./checkpoints/TD3_velodyne_multi_v4_curriculum_stage2_main_pairwise_repair_from_stage2_pre_best_latest.pt | model=TD3_velodyne_multi_v4_curriculum_stage2_main_pairwise_repair_from_stage2_pre_best
Episode 46 complete | agent_samples=3260 | env_steps=2369 | episode_env_steps=95 | episode_agent_samples=160 | mean_reward=-92.079 | success=0/2 | collision=2/2 | mean_final_distance=3.895 | mean_progress=-0.0150 | min_laser=0.300 | mean_lin=0.504 | mean_ang=0.000 | mean_robot_dist=9.110 | raw_reward=-50.000 | adjusted_reward=-50.000 | coop_agents=0/2 | mean_coop_neighbors=0.00 | active_neighbor_step_rate=0.138 | mean_active_neighbors_step=0.138 | max_active_neighbors_step=1 | interaction_reward=0.0000 | abs_interaction_reward=0.0000 | anti_stag_reward=0.0000 | abs_anti_stag_reward=0.0000 | wall_clear_reward=0.0000 | abs_wall_clear_reward=0.0000 | local_nav_reward=0.0147 | abs_local_nav_reward=0.1243 | context_neighbors_mean=0.00 | context_neighbors_max=0 | expl_noise=0.0203 | replay=3260 | samples/sec=6.393
Episode 47 complete | agent_samples=3329 | env_steps=2411 | episode_env_steps=42 | episode_agent_samples=69 | mean_reward=0.779 | success=1/2 | collision=1/2 | mean_final_distance=1.432 | mean_progress=0.0460 | min_laser=0.338 | mean_lin=0.211 | mean_ang=0.000 | mean_robot_dist=1.994 | raw_reward=50.000 | adjusted_reward=50.000 | coop_agents=0/2 | mean_coop_neighbors=0.00 | active_neighbor_step_rate=0.362 | mean_active_neighbors_step=0.362 | max_active_neighbors_step=1 | interaction_reward=0.0000 | abs_interaction_reward=0.0000 | anti_stag_reward=0.0000 | abs_anti_stag_reward=0.0000 | wall_clear_reward=0.0000 | abs_wall_clear_reward=0.0000 | local_nav_reward=0.0521 | abs_local_nav_reward=0.1747 | context_neighbors_mean=0.00 | context_neighbors_max=0 | expl_noise=0.0202 | replay=3329 | samples/sec=6.413
Episode 48 complete | agent_samples=3423 | env_steps=2476 | episode_env_steps=65 | episode_agent_samples=94 | mean_reward=-95.344 | success=0/2 | collision=2/2 | mean_final_distance=4.213 | mean_progress=-0.0001 | min_laser=0.301 | mean_lin=0.500 | mean_ang=-0.012 | mean_robot_dist=4.996 | raw_reward=-50.000 | adjusted_reward=-50.000 | coop_agents=0/2 | mean_coop_neighbors=0.00 | active_neighbor_step_rate=0.330 | mean_active_neighbors_step=0.330 | max_active_neighbors_step=1 | interaction_reward=0.0000 | abs_interaction_reward=0.0000 | anti_stag_reward=0.0000 | abs_anti_stag_reward=0.0000 | wall_clear_reward=0.0000 | abs_wall_clear_reward=0.0000 | local_nav_reward=0.0037 | abs_local_nav_reward=0.1247 | context_neighbors_mean=0.00 | context_neighbors_max=0 | expl_noise=0.0201 | replay=3423 | samples/sec=6.421
Episode 49 complete | agent_samples=3430 | env_steps=2482 | episode_env_steps=6 | episode_agent_samples=7 | mean_reward=-103.778 | success=0/2 | collision=2/2 | mean_final_distance=2.621 | mean_progress=0.0734 | min_laser=0.313 | mean_lin=0.830 | mean_ang=0.000 | mean_robot_dist=0.588 | raw_reward=-50.000 | adjusted_reward=-50.000 | coop_agents=0/2 | mean_coop_neighbors=0.00 | active_neighbor_step_rate=0.143 | mean_active_neighbors_step=0.143 | max_active_neighbors_step=1 | interaction_reward=0.0000 | abs_interaction_reward=0.0000 | anti_stag_reward=0.0000 | abs_anti_stag_reward=0.0000 | wall_clear_reward=0.0000 | abs_wall_clear_reward=0.0000 | local_nav_reward=0.2464 | abs_local_nav_reward=0.2464 | context_neighbors_mean=0.00 | context_neighbors_max=0 | expl_noise=0.0201 | replay=3430 | samples/sec=6.417
Episode 50 complete | agent_samples=3434 | env_steps=2485 | episode_env_steps=3 | episode_agent_samples=4 | mean_reward=-107.297 | success=0/2 | collision=2/2 | mean_final_distance=2.654 | mean_progress=0.0854 | min_laser=0.300 | mean_lin=0.507 | mean_ang=-0.048 | mean_robot_dist=0.526 | raw_reward=-50.000 | adjusted_reward=-50.000 | coop_agents=0/2 | mean_coop_neighbors=0.00 | active_neighbor_step_rate=0.250 | mean_active_neighbors_step=0.250 | max_active_neighbors_step=1 | interaction_reward=0.0000 | abs_interaction_reward=0.0000 | anti_stag_reward=0.0000 | abs_anti_stag_reward=0.0000 | wall_clear_reward=0.0000 | abs_wall_clear_reward=0.0000 | local_nav_reward=0.1714 | abs_local_nav_reward=0.1714 | context_neighbors_mean=0.00 | context_neighbors_max=0 | expl_noise=0.0201 | replay=3434 | samples/sec=6.416
Status | epoch=1 | next_eval_in=1566 agent_samples | checkpoint_every=10 episodes | checkpoint=./checkpoints/TD3_velodyne_multi_v4_curriculum_stage2_main_pairwise_repair_from_stage2_pre_best_latest.pt | model=TD3_velodyne_multi_v4_curriculum_stage2_main_pairwise_repair_from_stage2_pre_best
Checkpoint saved: ./checkpoints/TD3_velodyne_multi_v4_curriculum_stage2_main_pairwise_repair_from_stage2_pre_best_latest.pt
Episode 51 complete | agent_samples=3478 | env_steps=2509 | episode_env_steps=24 | episode_agent_samples=44 | mean_reward=-100.147 | success=0/2 | collision=2/2 | mean_final_distance=3.768 | mean_progress=-0.0245 | min_laser=0.316 | mean_lin=0.996 | mean_ang=-0.996 | mean_robot_dist=4.640 | raw_reward=-50.000 | adjusted_reward=-50.000 | coop_agents=0/2 | mean_coop_neighbors=0.00 | active_neighbor_step_rate=0.318 | mean_active_neighbors_step=0.318 | max_active_neighbors_step=1 | interaction_reward=0.0000 | abs_interaction_reward=0.0000 | anti_stag_reward=0.0000 | abs_anti_stag_reward=0.0000 | wall_clear_reward=0.0000 | abs_wall_clear_reward=0.0000 | local_nav_reward=0.0110 | abs_local_nav_reward=0.1887 | context_neighbors_mean=0.00 | context_neighbors_max=0 | expl_noise=0.0200 | replay=3478 | samples/sec=6.434
Episode 52 complete | agent_samples=3795 | env_steps=2809 | episode_env_steps=300 | episode_agent_samples=317 | mean_reward=2.316 | success=0/2 | collision=1/2 | mean_final_distance=3.160 | mean_progress=0.0630 | min_laser=0.300 | mean_lin=0.966 | mean_ang=0.000 | mean_robot_dist=3.767 | raw_reward=1.542 | adjusted_reward=1.542 | coop_agents=0/2 | mean_coop_neighbors=0.00 | active_neighbor_step_rate=0.060 | mean_active_neighbors_step=0.060 | max_active_neighbors_step=1 | interaction_reward=0.0000 | abs_interaction_reward=0.0000 | anti_stag_reward=0.0000 | abs_anti_stag_reward=0.0000 | wall_clear_reward=0.0000 | abs_wall_clear_reward=0.0000 | local_nav_reward=0.0370 | abs_local_nav_reward=0.1905 | context_neighbors_mean=0.00 | context_neighbors_max=0 | expl_noise=0.0194 | replay=3795 | samples/sec=6.280
Episode 53 complete | agent_samples=4113 | env_steps=3109 | episode_env_steps=300 | episode_agent_samples=318 | mean_reward=-10.966 | success=0/2 | collision=1/2 | mean_final_distance=3.936 | mean_progress=0.0635 | min_laser=0.303 | mean_lin=0.994 | mean_ang=0.003 | mean_robot_dist=4.408 | raw_reward=1.566 | adjusted_reward=1.566 | coop_agents=0/2 | mean_coop_neighbors=0.00 | active_neighbor_step_rate=0.050 | mean_active_neighbors_step=0.050 | max_active_neighbors_step=1 | interaction_reward=0.0000 | abs_interaction_reward=0.0000 | anti_stag_reward=0.0000 | abs_anti_stag_reward=0.0000 | wall_clear_reward=0.0000 | abs_wall_clear_reward=0.0000 | local_nav_reward=0.0312 | abs_local_nav_reward=0.1896 | context_neighbors_mean=0.00 | context_neighbors_max=0 | expl_noise=0.0188 | replay=4113 | samples/sec=6.157
Episode 54 complete | agent_samples=4170 | env_steps=3148 | episode_env_steps=39 | episode_agent_samples=57 | mean_reward=-100.594 | success=0/2 | collision=2/2 | mean_final_distance=3.948 | mean_progress=0.0606 | min_laser=0.300 | mean_lin=0.505 | mean_ang=0.005 | mean_robot_dist=4.439 | raw_reward=-50.000 | adjusted_reward=-50.000 | coop_agents=0/2 | mean_coop_neighbors=0.00 | active_neighbor_step_rate=0.298 | mean_active_neighbors_step=0.298 | max_active_neighbors_step=1 | interaction_reward=0.0000 | abs_interaction_reward=0.0000 | anti_stag_reward=0.0000 | abs_anti_stag_reward=0.0000 | wall_clear_reward=0.0000 | abs_wall_clear_reward=0.0000 | local_nav_reward=0.0193 | abs_local_nav_reward=0.1827 | context_neighbors_mean=0.00 | context_neighbors_max=0 | expl_noise=0.0188 | replay=4170 | samples/sec=6.164
Episode 55 complete | agent_samples=4267 | env_steps=3221 | episode_env_steps=73 | episode_agent_samples=97 | mean_reward=8.513 | success=1/2 | collision=1/2 | mean_final_distance=1.665 | mean_progress=0.0393 | min_laser=0.300 | mean_lin=0.506 | mean_ang=0.995 | mean_robot_dist=3.495 | raw_reward=50.000 | adjusted_reward=50.000 | coop_agents=0/2 | mean_coop_neighbors=0.00 | active_neighbor_step_rate=0.196 | mean_active_neighbors_step=0.196 | max_active_neighbors_step=1 | interaction_reward=0.0000 | abs_interaction_reward=0.0000 | anti_stag_reward=0.0000 | abs_anti_stag_reward=0.0000 | wall_clear_reward=0.0000 | abs_wall_clear_reward=0.0000 | local_nav_reward=0.0425 | abs_local_nav_reward=0.1396 | context_neighbors_mean=0.00 | context_neighbors_max=0 | expl_noise=0.0186 | replay=4267 | samples/sec=6.165
Status | epoch=1 | next_eval_in=733 agent_samples | checkpoint_every=10 episodes | checkpoint=./checkpoints/TD3_velodyne_multi_v4_curriculum_stage2_main_pairwise_repair_from_stage2_pre_best_latest.pt | model=TD3_velodyne_multi_v4_curriculum_stage2_main_pairwise_repair_from_stage2_pre_best
Episode 56 complete | agent_samples=4317 | env_steps=3254 | episode_env_steps=33 | episode_agent_samples=50 | mean_reward=-112.587 | success=0/2 | collision=2/2 | mean_final_distance=4.041 | mean_progress=0.0502 | min_laser=0.300 | mean_lin=0.989 | mean_ang=-0.011 | mean_robot_dist=3.301 | raw_reward=-50.000 | adjusted_reward=-50.000 | coop_agents=0/2 | mean_coop_neighbors=0.00 | active_neighbor_step_rate=0.320 | mean_active_neighbors_step=0.320 | max_active_neighbors_step=1 | interaction_reward=0.0000 | abs_interaction_reward=0.0000 | anti_stag_reward=0.0000 | abs_anti_stag_reward=0.0000 | wall_clear_reward=0.0000 | abs_wall_clear_reward=0.0000 | local_nav_reward=0.0059 | abs_local_nav_reward=0.1755 | context_neighbors_mean=0.00 | context_neighbors_max=0 | expl_noise=0.0185 | replay=4317 | samples/sec=6.173
Episode 57 complete | agent_samples=4324 | env_steps=3260 | episode_env_steps=6 | episode_agent_samples=7 | mean_reward=-103.121 | success=0/2 | collision=2/2 | mean_final_distance=2.546 | mean_progress=0.0739 | min_laser=0.300 | mean_lin=0.991 | mean_ang=0.172 | mean_robot_dist=0.598 | raw_reward=-50.000 | adjusted_reward=-50.000 | coop_agents=0/2 | mean_coop_neighbors=0.00 | active_neighbor_step_rate=0.143 | mean_active_neighbors_step=0.143 | max_active_neighbors_step=1 | interaction_reward=0.0000 | abs_interaction_reward=0.0000 | anti_stag_reward=0.0000 | abs_anti_stag_reward=0.0000 | wall_clear_reward=0.0000 | abs_wall_clear_reward=0.0000 | local_nav_reward=0.2466 | abs_local_nav_reward=0.2466 | context_neighbors_mean=0.00 | context_neighbors_max=0 | expl_noise=0.0185 | replay=4324 | samples/sec=6.171
Episode 58 complete | agent_samples=4328 | env_steps=3263 | episode_env_steps=3 | episode_agent_samples=4 | mean_reward=-107.533 | success=0/2 | collision=2/2 | mean_final_distance=2.677 | mean_progress=0.0772 | min_laser=0.300 | mean_lin=0.500 | mean_ang=0.000 | mean_robot_dist=0.617 | raw_reward=-50.000 | adjusted_reward=-50.000 | coop_agents=0/2 | mean_coop_neighbors=0.00 | active_neighbor_step_rate=0.250 | mean_active_neighbors_step=0.250 | max_active_neighbors_step=1 | interaction_reward=0.0000 | abs_interaction_reward=0.0000 | anti_stag_reward=0.0000 | abs_anti_stag_reward=0.0000 | wall_clear_reward=0.0000 | abs_wall_clear_reward=0.0000 | local_nav_reward=0.1731 | abs_local_nav_reward=0.1731 | context_neighbors_mean=0.00 | context_neighbors_max=0 | expl_noise=0.0185 | replay=4328 | samples/sec=6.170
Episode 59 complete | agent_samples=4364 | env_steps=3290 | episode_env_steps=27 | episode_agent_samples=36 | mean_reward=-76.990 | success=0/2 | collision=2/2 | mean_final_distance=3.059 | mean_progress=-0.0361 | min_laser=0.300 | mean_lin=0.516 | mean_ang=0.002 | mean_robot_dist=3.232 | raw_reward=-50.000 | adjusted_reward=-50.000 | coop_agents=0/2 | mean_coop_neighbors=0.00 | active_neighbor_step_rate=0.444 | mean_active_neighbors_step=0.444 | max_active_neighbors_step=1 | interaction_reward=0.0000 | abs_interaction_reward=0.0000 | anti_stag_reward=0.0000 | abs_anti_stag_reward=0.0000 | wall_clear_reward=0.0000 | abs_wall_clear_reward=0.0000 | local_nav_reward=0.0860 | abs_local_nav_reward=0.2269 | context_neighbors_mean=0.00 | context_neighbors_max=0 | expl_noise=0.0185 | replay=4364 | samples/sec=6.169
Episode 60 complete | agent_samples=4410 | env_steps=3317 | episode_env_steps=27 | episode_agent_samples=46 | mean_reward=-90.228 | success=0/2 | collision=2/2 | mean_final_distance=3.322 | mean_progress=-0.0376 | min_laser=0.316 | mean_lin=0.982 | mean_ang=-0.004 | mean_robot_dist=4.271 | raw_reward=-50.000 | adjusted_reward=-50.000 | coop_agents=0/2 | mean_coop_neighbors=0.00 | active_neighbor_step_rate=0.370 | mean_active_neighbors_step=0.370 | max_active_neighbors_step=1 | interaction_reward=0.0000 | abs_interaction_reward=0.0000 | anti_stag_reward=0.0000 | abs_anti_stag_reward=0.0000 | wall_clear_reward=0.0000 | abs_wall_clear_reward=0.0000 | local_nav_reward=0.0529 | abs_local_nav_reward=0.2087 | context_neighbors_mean=0.00 | context_neighbors_max=0 | expl_noise=0.0184 | replay=4410 | samples/sec=6.181
Status | epoch=1 | next_eval_in=590 agent_samples | checkpoint_every=10 episodes | checkpoint=./checkpoints/TD3_velodyne_multi_v4_curriculum_stage2_main_pairwise_repair_from_stage2_pre_best_latest.pt | model=TD3_velodyne_multi_v4_curriculum_stage2_main_pairwise_repair_from_stage2_pre_best
Checkpoint saved: ./checkpoints/TD3_velodyne_multi_v4_curriculum_stage2_main_pairwise_repair_from_stage2_pre_best_latest.pt
Episode 61 complete | agent_samples=4449 | env_steps=3340 | episode_env_steps=23 | episode_agent_samples=39 | mean_reward=-85.033 | success=0/2 | collision=2/2 | mean_final_distance=3.199 | mean_progress=-0.0461 | min_laser=0.300 | mean_lin=0.579 | mean_ang=-0.942 | mean_robot_dist=4.224 | raw_reward=-50.000 | adjusted_reward=-50.000 | coop_agents=0/2 | mean_coop_neighbors=0.00 | active_neighbor_step_rate=0.436 | mean_active_neighbors_step=0.436 | max_active_neighbors_step=1 | interaction_reward=0.0000 | abs_interaction_reward=0.0000 | anti_stag_reward=0.0000 | abs_anti_stag_reward=0.0000 | wall_clear_reward=0.0000 | abs_wall_clear_reward=0.0000 | local_nav_reward=0.0789 | abs_local_nav_reward=0.2050 | context_neighbors_mean=0.00 | context_neighbors_max=0 | expl_noise=0.0184 | replay=4449 | samples/sec=6.192
Episode 62 complete | agent_samples=4770 | env_steps=3640 | episode_env_steps=300 | episode_agent_samples=321 | mean_reward=-10.000 | success=0/2 | collision=1/2 | mean_final_distance=4.030 | mean_progress=0.0363 | min_laser=0.300 | mean_lin=1.000 | mean_ang=0.000 | mean_robot_dist=4.807 | raw_reward=0.965 | adjusted_reward=0.965 | coop_agents=0/2 | mean_coop_neighbors=0.00 | active_neighbor_step_rate=0.056 | mean_active_neighbors_step=0.056 | max_active_neighbors_step=1 | interaction_reward=0.0000 | abs_interaction_reward=0.0000 | anti_stag_reward=0.0000 | abs_anti_stag_reward=0.0000 | wall_clear_reward=0.0000 | abs_wall_clear_reward=0.0000 | local_nav_reward=0.0288 | abs_local_nav_reward=0.1904 | context_neighbors_mean=0.00 | context_neighbors_max=0 | expl_noise=0.0178 | replay=4770 | samples/sec=6.094
Episode 63 complete | agent_samples=4817 | env_steps=3667 | episode_env_steps=27 | episode_agent_samples=47 | mean_reward=-110.401 | success=0/2 | collision=2/2 | mean_final_distance=2.491 | mean_progress=-0.0083 | min_laser=0.301 | mean_lin=0.996 | mean_ang=0.048 | mean_robot_dist=4.770 | raw_reward=-50.000 | adjusted_reward=-50.000 | coop_agents=0/2 | mean_coop_neighbors=0.00 | active_neighbor_step_rate=0.383 | mean_active_neighbors_step=0.383 | max_active_neighbors_step=1 | interaction_reward=0.0000 | abs_interaction_reward=0.0000 | anti_stag_reward=0.0000 | abs_anti_stag_reward=0.0000 | wall_clear_reward=0.0000 | abs_wall_clear_reward=0.0000 | local_nav_reward=-0.0173 | abs_local_nav_reward=0.2009 | context_neighbors_mean=0.00 | context_neighbors_max=0 | expl_noise=0.0177 | replay=4817 | samples/sec=6.108
Episode 64 complete | agent_samples=4851 | env_steps=3692 | episode_env_steps=25 | episode_agent_samples=34 | mean_reward=-72.082 | success=0/2 | collision=2/2 | mean_final_distance=3.101 | mean_progress=-0.0764 | min_laser=0.302 | mean_lin=1.000 | mean_ang=-0.002 | mean_robot_dist=2.696 | raw_reward=-50.000 | adjusted_reward=-50.000 | coop_agents=0/2 | mean_coop_neighbors=0.00 | active_neighbor_step_rate=0.382 | mean_active_neighbors_step=0.382 | max_active_neighbors_step=1 | interaction_reward=0.0000 | abs_interaction_reward=0.0000 | anti_stag_reward=0.0000 | abs_anti_stag_reward=0.0000 | wall_clear_reward=0.0000 | abs_wall_clear_reward=0.0000 | local_nav_reward=0.0969 | abs_local_nav_reward=0.2279 | context_neighbors_mean=0.00 | context_neighbors_max=0 | expl_noise=0.0177 | replay=4851 | samples/sec=6.109
Episode 65 complete | agent_samples=4858 | env_steps=3698 | episode_env_steps=6 | episode_agent_samples=7 | mean_reward=-102.873 | success=0/2 | collision=2/2 | mean_final_distance=2.587 | mean_progress=0.0443 | min_laser=0.300 | mean_lin=0.995 | mean_ang=0.997 | mean_robot_dist=0.926 | raw_reward=-50.000 | adjusted_reward=-50.000 | coop_agents=0/2 | mean_coop_neighbors=0.00 | active_neighbor_step_rate=0.143 | mean_active_neighbors_step=0.143 | max_active_neighbors_step=1 | interaction_reward=0.0000 | abs_interaction_reward=0.0000 | anti_stag_reward=0.0000 | abs_anti_stag_reward=0.0000 | wall_clear_reward=0.0000 | abs_wall_clear_reward=0.0000 | local_nav_reward=0.1813 | abs_local_nav_reward=0.1813 | context_neighbors_mean=0.00 | context_neighbors_max=0 | expl_noise=0.0177 | replay=4858 | samples/sec=6.108
Status | epoch=1 | next_eval_in=142 agent_samples | checkpoint_every=10 episodes | checkpoint=./checkpoints/TD3_velodyne_multi_v4_curriculum_stage2_main_pairwise_repair_from_stage2_pre_best_latest.pt | model=TD3_velodyne_multi_v4_curriculum_stage2_main_pairwise_repair_from_stage2_pre_best
Episode 66 complete | agent_samples=4861 | env_steps=3700 | episode_env_steps=2 | episode_agent_samples=3 | mean_reward=-109.041 | success=0/2 | collision=2/2 | mean_final_distance=2.726 | mean_progress=0.0830 | min_laser=0.300 | mean_lin=0.966 | mean_ang=0.716 | mean_robot_dist=0.647 | raw_reward=-50.000 | adjusted_reward=-50.000 | coop_agents=0/2 | mean_coop_neighbors=0.00 | active_neighbor_step_rate=0.333 | mean_active_neighbors_step=0.333 | max_active_neighbors_step=1 | interaction_reward=0.0000 | abs_interaction_reward=0.0000 | anti_stag_reward=0.0000 | abs_anti_stag_reward=0.0000 | wall_clear_reward=0.0000 | abs_wall_clear_reward=0.0000 | local_nav_reward=0.1132 | abs_local_nav_reward=0.1132 | context_neighbors_mean=0.00 | context_neighbors_max=0 | expl_noise=0.0177 | replay=4861 | samples/sec=6.107
Episode 67 complete | agent_samples=4911 | env_steps=3729 | episode_env_steps=29 | episode_agent_samples=50 | mean_reward=-103.427 | success=0/2 | collision=2/2 | mean_final_distance=3.949 | mean_progress=-0.0293 | min_laser=0.300 | mean_lin=0.982 | mean_ang=0.000 | mean_robot_dist=4.761 | raw_reward=-50.000 | adjusted_reward=-50.000 | coop_agents=0/2 | mean_coop_neighbors=0.00 | active_neighbor_step_rate=0.300 | mean_active_neighbors_step=0.300 | max_active_neighbors_step=1 | interaction_reward=0.0000 | abs_interaction_reward=0.0000 | anti_stag_reward=0.0000 | abs_anti_stag_reward=0.0000 | wall_clear_reward=0.0000 | abs_wall_clear_reward=0.0000 | local_nav_reward=-0.0022 | abs_local_nav_reward=0.1831 | context_neighbors_mean=0.00 | context_neighbors_max=0 | expl_noise=0.0176 | replay=4911 | samples/sec=6.122
Episode 68 complete | agent_samples=4947 | env_steps=3750 | episode_env_steps=21 | episode_agent_samples=36 | mean_reward=-97.254 | success=0/2 | collision=2/2 | mean_final_distance=3.610 | mean_progress=-0.0742 | min_laser=0.300 | mean_lin=0.944 | mean_ang=-0.000 | mean_robot_dist=4.007 | raw_reward=-50.000 | adjusted_reward=-50.000 | coop_agents=0/2 | mean_coop_neighbors=0.00 | active_neighbor_step_rate=0.389 | mean_active_neighbors_step=0.389 | max_active_neighbors_step=1 | interaction_reward=0.0000 | abs_interaction_reward=0.0000 | anti_stag_reward=0.0000 | abs_anti_stag_reward=0.0000 | wall_clear_reward=0.0000 | abs_wall_clear_reward=0.0000 | local_nav_reward=0.0387 | abs_local_nav_reward=0.1805 | context_neighbors_mean=0.00 | context_neighbors_max=0 | expl_noise=0.0176 | replay=4947 | samples/sec=6.132
Episode 69 complete | agent_samples=5261 | env_steps=4050 | episode_env_steps=300 | episode_agent_samples=314 | mean_reward=7.724 | success=0/2 | collision=1/2 | mean_final_distance=3.239 | mean_progress=0.0529 | min_laser=0.300 | mean_lin=0.988 | mean_ang=0.996 | mean_robot_dist=3.188 | raw_reward=1.309 | adjusted_reward=1.309 | coop_agents=0/2 | mean_coop_neighbors=0.00 | active_neighbor_step_rate=0.061 | mean_active_neighbors_step=0.061 | max_active_neighbors_step=1 | interaction_reward=0.0000 | abs_interaction_reward=0.0000 | anti_stag_reward=0.0000 | abs_anti_stag_reward=0.0000 | wall_clear_reward=0.0000 | abs_wall_clear_reward=0.0000 | local_nav_reward=0.0371 | abs_local_nav_reward=0.1910 | context_neighbors_mean=0.00 | context_neighbors_max=0 | expl_noise=0.0170 | replay=5261 | samples/sec=6.040
Validating multi-agent policy at agent_samples=5261 env_steps=4050
Traceback (most recent call last):
  File "train_velodyne_td3_multi.py", line 1039, in <module>
    last_eval_summary = evaluate(
  File "train_velodyne_td3_multi.py", line 56, in evaluate
    next_states, rewards, dones, targets, collisions = env.step(
  File "/home/jiutian/Local-Critic-Multi-Robot-Navigation/TD3/multi_agent_velodyne_env.py", line 957, in step
    rospy.wait_for_service("/gazebo/pause_physics")
  File "/opt/ros/noetic/lib/python3/dist-packages/rospy/impl/tcpros_service.py", line 166, in wait_for_service
    raise ROSInterruptException("rospy shutdown")
rospy.exceptions.ROSInterruptException: rospy shutdown
... logging to /home/jiutian/.ros/log/f5f5197e-60e7-11f1-836a-bd1fee3d6233/roslaunch-JiuTian-AI4090-2526774.log
Checking log directory for disk usage. This may take a while.
Press Ctrl-C to interrupt
Done checking log file disk usage. Usage is <1GB.
]2;/home/jiutian/Local-Critic-Multi-Robot-Navigation/TD3/assets/multi_robot_scenario_curriculum_stage2_main_pairwise_repair_2.launch
[1mstarted roslaunch server http://localhost:46681/[0m

SUMMARY
========

PARAMETERS
 * /robot_description_r1: <?xml version="1....
 * /robot_description_r2: <?xml version="1....
 * /rosdistro: noetic
 * /rosversion: 1.17.4
 * /use_sim_time: True

NODES
  /
    gazebo (gazebo_ros/gzserver)
    urdf_spawner_r1 (gazebo_ros/spawn_model)
    urdf_spawner_r2 (gazebo_ros/spawn_model)

[1mROS_MASTER_URI=http://localhost:11372/[0m
]2;/home/jiutian/Local-Critic-Multi-Robot-Navigation/TD3/assets/multi_robot_scenario_curriculum_stage2_main_pairwise_repair_2.launch http://localhost:11372/
[1mprocess[gazebo-1]: started with pid [2526884][0m
[1mprocess[urdf_spawner_r1-2]: started with pid [2526888][0m
[1mprocess[urdf_spawner_r2-3]: started with pid [2526889][0m
[1m[urdf_spawner_r1-2] process has finished cleanly
log file: /home/jiutian/.ros/log/f5f5197e-60e7-11f1-836a-bd1fee3d6233/urdf_spawner_r1-2*.log[0m
[1m[urdf_spawner_r2-3] process has finished cleanly
log file: /home/jiutian/.ros/log/f5f5197e-60e7-11f1-836a-bd1fee3d6233/urdf_spawner_r2-3*.log[0m
[gazebo-1] killing on exit
shutting down processing monitor...
... shutting down processing monitor complete
[1mdone[0m
[31m================================================================================REQUIRED process [master] has died!
process has died [pid 2526721, exit code -15, cmd rosmaster --core -p 11372 -w 3 __log:=/home/jiutian/.ros/log/f5f5197e-60e7-11f1-836a-bd1fee3d6233/master.log].
log file: /home/jiutian/.ros/log/f5f5197e-60e7-11f1-836a-bd1fee3d6233/master*.log
Initiating shutdown!
================================================================================[0m
... logging to /home/jiutian/.ros/log/f5f5197e-60e7-11f1-836a-bd1fee3d6233/roslaunch-JiuTian-AI4090-2526711.log
Checking log directory for disk usage. This may take a while.
Press Ctrl-C to interrupt
Done checking log file disk usage. Usage is <1GB.
]2;roscore
[1mstarted roslaunch server http://localhost:45223/[0m
ros_comm version 1.17.4


SUMMARY
========

PARAMETERS
 * /rosdistro: noetic
 * /rosversion: 1.17.4

NODES

auto-starting new master
[1mprocess[master]: started with pid [2526721][0m
[1mROS_MASTER_URI=http://localhost:11372/[0m
]2;roscore http://localhost:11372/
[1msetting /run_id to f5f5197e-60e7-11f1-836a-bd1fee3d6233[0m
[1mprocess[rosout-1]: started with pid [2526750][0m
started core service [/rosout]
[rosout-1] killing on exit
[master] killing on exit
shutting down processing monitor...
... shutting down processing monitor complete
[1mdone[0m
