Activated DRL robot navigation Python environment.
Python: Python 3.8.10
Venv: /home/jiutian/venvs/drl-robot-nav
Curriculum scenario enabled: 3 cases loaded
Roscore launched!
Unable to register with master node [http://localhost:11370]: master may not be running yet. Will keep trying.
Gazebo launched!
INFO: cannot create a symlink to latest log directory: [Errno 2] No such file or directory: '/home/jiutian/.ros/log/latest'
INFO: cannot create a symlink to latest log directory: [Errno 2] No such file or directory: '/home/jiutian/.ros/log/latest'
[INFO] [1781008178.313323, 0.000000]: Loading model XML from ros parameter robot_description_r2
[INFO] [1781008178.316828, 0.000000]: Waiting for service /gazebo/spawn_urdf_model
[INFO] [1781008178.620084, 0.269000]: Calling service /gazebo/spawn_urdf_model
[INFO] [1781008179.416957, 0.373000]: Spawn status: SpawnModel: Successfully spawned entity
[WARN] [1781008179.533914459, 0.373000000]: GazeboRosDiffDrive Plugin (ns = ) missing <publishTf>, defaults to 1
[INFO] [1781008178.427374831]: Finished loading Gazebo ROS API Plugin.
[INFO] [1781008178.427733309]: waitForService: Service [/gazebo/set_physics_properties] has not been advertised, waiting...
[INFO] [1781008178.550175230, 0.204000000]: waitForService: Service [/gazebo/set_physics_properties] is now available.
[INFO] [1781008178.558518013, 0.212000000]: Physics dynamic reconfigure ready.
[INFO] [1781008178.812088931, 0.373000000]: Laser Plugin: The 'robotNamespace' param was empty
[INFO] [1781008178.812109926, 0.373000000]: Starting Laser Plugin (ns = r2)
[INFO] [1781008178.812722005, 0.373000000]: Laser Plugin (ns = r2)  <tf_prefix_>, set to ""
[INFO] [1781008179.417952572, 0.373000000]: Velodyne laser plugin missing <min_intensity>, defaults to no clipping
[INFO] [1781008179.419061532, 0.373000000]: Velodyne laser plugin ready, 16 lasers
[INFO] [1781008179.532675267, 0.373000000]: Starting plugin DiffDrive(ns = /r2/)
[INFO] [1781008179.532823542, 0.373000000]: DiffDrive(ns = /r2/): <rosDebugLevel> = Debug
[INFO] [1781008179.533439322, 0.373000000]: DiffDrive(ns = /r2/): <tf_prefix> = 
[DEBUG] [1781008179.533528307, 0.373000000]: DiffDrive(ns = /r2/): <commandTopic> = cmd_vel
[DEBUG] [1781008179.533543893, 0.373000000]: DiffDrive(ns = /r2/): <odometryTopic> = odom
[DEBUG] [1781008179.533560834, 0.373000000]: DiffDrive(ns = /r2/): <odometryFrame> = odom
[DEBUG] [1781008179.533574121, 0.373000000]: DiffDrive(ns = /r2/): <robotBaseFrame> = base_link
[DEBUG] [1781008179.533624440, 0.373000000]: DiffDrive(ns = /r2/): <publishWheelTF> = false
[DEBUG] [1781008179.533637739, 0.373000000]: DiffDrive(ns = /r2/): <publishOdomTF> = false
[DEBUG] [1781008179.533648343, 0.373000000]: DiffDrive(ns = /r2/): <publishWheelJointState> = true
[DEBUG] [1781008179.533709674, 0.373000000]: DiffDrive(ns = /r2/): <wheelSeparation> = 0.29999999999999999
[DEBUG] [1781008179.533725853, 0.373000000]: DiffDrive(ns = /r2/): <wheelDiameter> = 0.17999999999999999
[DEBUG] [1781008179.533742655, 0.373000000]: DiffDrive(ns = /r2/): <wheelAcceleration> = 1.8
[DEBUG] [1781008179.533760779, 0.373000000]: DiffDrive(ns = /r2/): <wheelTorque> = 20
[DEBUG] [1781008179.533776358, 0.373000000]: DiffDrive(ns = /r2/): <updateRate> = 50
[DEBUG] [1781008179.533832991, 0.373000000]: DiffDrive(ns = /r2/): <odometrySource> = world := 1
[DEBUG] [1781008179.533871272, 0.373000000]: DiffDrive(ns = /r2/): <leftJoint> = left_hub_joint
[DEBUG] [1781008179.533887282, 0.373000000]: DiffDrive(ns = /r2/): <rightJoint> = right_hub_joint
[INFO] [1781008179.534989543, 0.373000000]: DiffDrive(ns = /r2/): Advertise joint_states
[INFO] [1781008179.535609066, 0.373000000]: DiffDrive(ns = /r2/): Try to subscribe to cmd_vel
[INFO] [1781008179.537275211, 0.373000000]: DiffDrive(ns = /r2/): Subscribe to cmd_vel
[INFO] [1781008179.537631541, 0.373000000]: DiffDrive(ns = /r2/): Advertise odom on odom 
[INFO] [1781008179.543893060, 0.373000000]: GazeboRosJointStatePublisher is going to publish joint: chassis_swivel_joint
[INFO] [1781008179.543904618, 0.373000000]: GazeboRosJointStatePublisher is going to publish joint: swivel_wheel_joint
[INFO] [1781008179.543911887, 0.373000000]: GazeboRosJointStatePublisher is going to publish joint: left_hub_joint
[INFO] [1781008179.543917801, 0.373000000]: GazeboRosJointStatePublisher is going to publish joint: right_hub_joint
[INFO] [1781008179.543925462, 0.373000000]: Starting GazeboRosJointStatePublisher Plugin (ns = /r2/)!, parent name: r2
[DEBUG] [1781008179.586257076, 0.394000000]: Trying to publish message of type [nav_msgs/Odometry/cd5e73d190d741a2f92e81eda573aca7] on a publisher with type [nav_msgs/Odometry/cd5e73d190d741a2f92e81eda573aca7]
[DEBUG] [1781008179.586336497, 0.394000000]: Trying to publish message of type [sensor_msgs/JointState/3066dcd76a6cfaef579bd0f34173e9fd] on a publisher with type [sensor_msgs/JointState/3066dcd76a6cfaef579bd0f34173e9fd]
[INFO] [1781008179.822838895, 0.548000000]: Laser Plugin: The 'robotNamespace' param was empty
[INFO] [1781008179.822852719, 0.548000000]: Starting Laser Plugin (ns = r1)
[INFO] [1781008179.823[WARN] [1781008180.437296295, 0.548000000]: GazeboRosDiffDrive Plugin (ns = ) missing <publishTf>, defaults to 1
[INFO] [1781008178.406542, 0.000000]: Loading model XML from ros parameter robot_description_r1
[INFO] [1781008178.409153, 0.000000]: Waiting for service /gazebo/spawn_urdf_model
[INFO] [1781008178.710881, 0.359000]: Calling service /gazebo/spawn_urdf_model
[INFO] [1781008180.436805, 0.548000]: Spawn status: SpawnModel: Successfully spawned entity
194747, 0.548000000]: Laser Plugin (ns = r1)  <tf_prefix_>, set to ""
[INFO] [1781008180.435365076, 0.548000000]: Velodyne laser plugin missing <min_intensity>, defaults to no clipping
[INFO] [1781008180.436069896, 0.548000000]: Velodyne laser plugin ready, 16 lasers
[INFO] [1781008180.436980143, 0.548000000]: Starting plugin DiffDrive(ns = /r1/)
[DEBUG] [1781008180.436989942, 0.548000000]: DiffDrive(ns = /r1/): <rosDebugLevel> = Debug
[INFO] [1781008180.436999291, 0.548000000]: DiffDrive(ns = /r1/): <rosDebugLevel> = Debug
[INFO] [1781008180.437220011, 0.548000000]: DiffDrive(ns = /r1/): <tf_prefix> = 
[DEBUG] [1781008180.437224326, 0.548000000]: DiffDrive(ns = /r1/): <commandTopic> = cmd_vel
[DEBUG] [1781008180.437228425, 0.548000000]: DiffDrive(ns = /r1/): <odometryTopic> = odom
[DEBUG] [1781008180.437232334, 0.548000000]: DiffDrive(ns = /r1/): <odometryFrame> = odom
[DEBUG] [1781008180.437236009, 0.548000000]: DiffDrive(ns = /r1/): <robotBaseFrame> = base_link
[DEBUG] [1781008180.437241762, 0.548000000]: DiffDrive(ns = /r1/): <publishWheelTF> = false
[DEBUG] [1781008180.437245931, 0.548000000]: DiffDrive(ns = /r1/): <publishOdomTF> = false
[DEBUG] [1781008180.437250344, 0.548000000]: DiffDrive(ns = /r1/): <publishWheelJointState> = true
[DEBUG] [1781008180.437256794, 0.548000000]: DiffDrive(ns = /r1/): <wheelSeparation> = 0.29999999999999999
[DEBUG] [1781008180.437261540, 0.548000000]: DiffDrive(ns = /r1/): <wheelDiameter> = 0.17999999999999999
[DEBUG] [1781008180.437266445, 0.548000000]: DiffDrive(ns = /r1/): <wheelAcceleration> = 1.8
[DEBUG] [1781008180.437271455, 0.548000000]: DiffDrive(ns = /r1/): <wheelTorque> = 20
[DEBUG] [1781008180.437276738, 0.548000000]: DiffDrive(ns = /r1/): <updateRate> = 50
[DEBUG] [1781008180.437282683, 0.548000000]: DiffDrive(ns = /r1/): <odometrySource> = world := 1
[DEBUG] [1781008180.437286863, 0.548000000]: DiffDrive(ns = /r1/): <leftJoint> = left_hub_joint
[DEBUG] [1781008180.437291165, 0.548000000]: DiffDrive(ns = /r1/): <rightJoint> = right_hub_joint
[INFO] [1781008180.437608788, 0.548000000]: DiffDrive(ns = /r1/): Advertise joint_states
[INFO] [1781008180.437616959, 0.548000000]: DiffDrive(ns = /r1/): Try to subscribe to cmd_vel
[INFO] [1781008180.438812655, 0.548000000]: DiffDrive(ns = /r1/): Subscribe to cmd_vel
[INFO] [1781008180.438992088, 0.548000000]: DiffDrive(ns = /r1/): Advertise odom on odom 
[INFO] [1781008180.439066313, 0.548000000]: GazeboRosJointStatePublisher is going to publish joint: chassis_swivel_joint
[INFO] [1781008180.439070151, 0.548000000]: GazeboRosJointStatePublisher is going to publish joint: swivel_wheel_joint
[INFO] [1781008180.439074205, 0.548000000]: GazeboRosJointStatePublisher is going to publish joint: left_hub_joint
[INFO] [1781008180.439077306, 0.548000000]: GazeboRosJointStatePublisher is going to publish joint: right_hub_joint
[INFO] [1781008180.439081800, 0.548000000]: Starting GazeboRosJointStatePublisher Plugin (ns = /r1/)!, parent name: r1
[INFO] [1781008180.720886321, 0.705000000]: Laser Plugin: The 'robotNamespace' param was empty
[INFO] [1781008180.720907533, 0.705000000]: Starting Laser Plugin (ns = r4)
[INFO] [1781008180.721415785, 0.705000000]: Laser Plugin (ns = r4)  <tf_prefix_>, set to ""
[INFO] [1781008181.337661742, 0.705000000]: Velodyne laser plugin missing <min_intensity>, defaults to no clipping
[INFO] [1781008181.338157792, 0.705000000]: Velodyne laser plugin ready, 16 lasers
[INFO] [1781008181.339407518, 0.705000000]: Starting plugin DiffDrive(ns = /r4/)
[DEBUG] [1781008181.339416798, 0.705000000]: DiffDrive(ns = /r4/): <rosDebugLevel> = Debug
[INFO] [1781008181.339427171, 0.705000000]: DiffDrive(ns = /r4/): <rosDebugLevel> = Debug
[INFO] [1781008181.339674770, 0.705000000]: DiffDrive(ns = /r4/): <tf_prefix> = 
[DEBUG] [1781008181.339680456, 0.705000000]: DiffDrive(ns = /r4/): <commandTopic> = cmd_vel
[DEBUG] [1781008181.339684657, 0.705000000]: DiffDrive(ns = /r4/): <odometryTopic> = odom
[DEBUG] [1781008181.339689086, 0.705000000]: DiffDrive(ns = /r4/): <odometryFrame> = odom
[DEBUG] [1781008181.339693405, 0.705000000[WARN] [1781008181.339766711, 0.705000000]: GazeboRosDiffDrive Plugin (ns = ) missing <publishTf>, defaults to 1
[INFO] [1781008178.412120, 0.000000]: Loading model XML from ros parameter robot_description_r4
[INFO] [1781008178.414509, 0.000000]: Waiting for service /gazebo/spawn_urdf_model
[INFO] [1781008178.716284, 0.364000]: Calling service /gazebo/spawn_urdf_model
[INFO] [1781008181.339295, 0.705000]: Spawn status: SpawnModel: Successfully spawned entity
]: DiffDrive(ns = /r4/): <robotBaseFrame> = base_link
[DEBUG] [1781008181.339710387, 0.705000000]: DiffDrive(ns = /r4/): <publishWheelTF> = false
[DEBUG] [1781008181.339714244, 0.705000000]: DiffDrive(ns = /r4/): <publishOdomTF> = false
[DEBUG] [1781008181.339718636, 0.705000000]: DiffDrive(ns = /r4/): <publishWheelJointState> = true
[DEBUG] [1781008181.339725733, 0.705000000]: DiffDrive(ns = /r4/): <wheelSeparation> = 0.29999999999999999
[DEBUG] [1781008181.339731119, 0.705000000]: DiffDrive(ns = /r4/): <wheelDiameter> = 0.17999999999999999
[DEBUG] [1781008181.339735756, 0.705000000]: DiffDrive(ns = /r4/): <wheelAcceleration> = 1.8
[DEBUG] [1781008181.339740596, 0.705000000]: DiffDrive(ns = /r4/): <wheelTorque> = 20
[DEBUG] [1781008181.339745377, 0.705000000]: DiffDrive(ns = /r4/): <updateRate> = 50
[DEBUG] [1781008181.339751444, 0.705000000]: DiffDrive(ns = /r4/): <odometrySource> = world := 1
[DEBUG] [1781008181.339755836, 0.705000000]: DiffDrive(ns = /r4/): <leftJoint> = left_hub_joint
[DEBUG] [1781008181.339760816, 0.705000000]: DiffDrive(ns = /r4/): <rightJoint> = right_hub_joint
[INFO] [1781008181.340022865, 0.705000000]: DiffDrive(ns = /r4/): Advertise joint_states
[INFO] [1781008181.340032251, 0.705000000]: DiffDrive(ns = /r4/): Try to subscribe to cmd_vel
[INFO] [1781008181.340724065, 0.705000000]: DiffDrive(ns = /r4/): Subscribe to cmd_vel
[INFO] [1781008181.340902461, 0.705000000]: DiffDrive(ns = /r4/): Advertise odom on odom 
[INFO] [1781008181.340975166, 0.705000000]: GazeboRosJointStatePublisher is going to publish joint: chassis_swivel_joint
[INFO] [1781008181.340979598, 0.705000000]: GazeboRosJointStatePublisher is going to publish joint: swivel_wheel_joint
[INFO] [1781008181.340984047, 0.705000000]: GazeboRosJointStatePublisher is going to publish joint: left_hub_joint
[INFO] [1781008181.340988092, 0.705000000]: GazeboRosJointStatePublisher is going to publish joint: right_hub_joint
[INFO] [1781008181.340992428, 0.705000000]: Starting GazeboRosJointStatePublisher Plugin (ns = /r4/)!, parent name: r4
[INFO] [1781008181.654145701, 0.869000000]: Laser Plugin: The 'robotNamespace' param was empty
[INFO] [1781008181.654160900, 0.869000000]: Starting Laser Plugin (ns = r5)
[INFO] [1781008181.654827078, 0.869000000]: Laser Plugin (ns = r5)  <tf_prefix_>, set to ""
[INFO] [1781008182.266934217, 0.869000000]: Velodyne laser plugin missing <min_intensity>, defaults to no clipping
[INFO] [1781008182.267628727, 0.869000000]: Velodyne laser plugin ready, 16 lasers
[INFO] [1781008182.268737200, 0.869000000]: Starting plugin DiffDrive(ns = /r5/)
[DEBUG] [1781008182.268746670, 0.869000000]: DiffDrive(ns = /r5/): <rosDebugLevel> = Debug
[INFO] [1781008182.268757565, 0.869000000]: DiffDrive(ns = /r5/): <rosDebugLevel> = Debug
[INFO] [1781008182.269100678, 0.869000000]: DiffDrive(ns = /r5/): <tf_prefix> = 
[DEBUG] [1781008182.269111245, 0.869000000]: DiffDrive(ns = /r5/): <commandTopic> = cmd_vel
[DEBUG] [1781008182.269115748, 0.869000000]: DiffDrive(ns = /r5/): <odometryTopic> = odom
[DEBUG] [1781008182.269120275, 0.869000000]: DiffDrive(ns = /r5/): <odometryFrame> = odom
[DEBUG] [1781008182.269124802, 0.869000000]: DiffDrive(ns = /r5/): <robotBaseFrame> = base_link
[DEBUG] [1781008182.269130283, 0.869000000]: DiffDrive(ns = /r5/): <publishWheelTF> = false
[DEBUG] [1781008182.269134377, 0.869000000]: DiffDrive(ns = /r5/): <publishOdomTF> = false
[DEBUG] [1781008182.269139886, 0.869000000]: DiffDrive(ns = /r5/): <publishWheelJointState> = true
[DEBUG] [1781008182.269148151, 0.869000000]: DiffDrive(ns = /r5/): <wheelSeparation> = 0.29999999999999999
[DEBUG] [1781008182.269153257, 0.869000000]: DiffDrive(ns = /r5/): <wheelDiameter> = 0.17999999999999999
[DEBUG] [1781008182.269159740, 0.869000000]: DiffDrive(ns = /r5/): <wheelAcceleration> = 1.8
[DEBUG] [1781008182.269164888, 0.869000000]: DiffDrive(ns = /r5/): <wheelTorque> = 20
[DEBUG] [1781008182.269169827, 0.869000000]: DiffDrive(ns = /r5/): <updateRate> = 50
[DEBUG] [1781008182.269176032, 0.869000000]: DiffDrive(ns = /r5/): <odometrySource> = world := 1
[DEBUG] [1781008[WARN] [1781008182.269206340, 0.869000000]: GazeboRosDiffDrive Plugin (ns = ) missing <publishTf>, defaults to 1
[INFO] [1781008178.415504, 0.000000]: Loading model XML from ros parameter robot_description_r5
[INFO] [1781008178.418077, 0.000000]: Waiting for service /gazebo/spawn_urdf_model
[INFO] [1781008178.719554, 0.367000]: Calling service /gazebo/spawn_urdf_model
[INFO] [1781008182.268633, 0.869000]: Spawn status: SpawnModel: Successfully spawned entity
train_velodyne_td3_multi.py:384: FutureWarning: You are using `torch.load` with `weights_only=False` (the current default value), which uses the default pickle module implicitly. It is possible to construct malicious pickle data which will execute arbitrary code during unpickling (See https://github.com/pytorch/pytorch/blob/main/SECURITY.md#untrusted-models for more details). In a future release, the default value for `weights_only` will be flipped to `True`. This limits the functions that could be executed during unpickling. Arbitrary objects will no longer be allowed to be loaded via this mode unless they are explicitly allowlisted by the user via `torch.serialization.add_safe_globals`. We recommend you start setting `weights_only=True` for any use case where you don't have full control of the loaded file. Please open an issue on GitHub for any issues related to this experimental feature.
  torch.load("%s/%s_actor.pth" % (directory, filename), map_location=device)
Could not load the stored model parameters, initializing randomly
==============================================
Training version: multi-agent-curriculum-stage3-asym-three-5-v1
Training process PID: 3998992
Launchfile: multi_robot_scenario_curriculum_stage3_asym_three_5_5.launch
Scenario mode: curriculum
Seed: 0
Device: cuda
GPU: NVIDIA GeForce RTX 4090
Agent names: r1, r2, r3, r4, r5
Cooperative reward: True
Cooperative reward mode: average_plus_interaction
Cooperative reward self weight: 0.85
Distance-weighted reward: True
Distance reward sigma: 2.0
Interaction safe distance: 0.9
Interaction close penalty: 0.35
Interaction stagnation penalty: 0.02
Anti-stagnation reward: False
Anti-stagnation penalty: 0.2
Anti-stagnation linear threshold: 0.05
Anti-stagnation progress threshold: 0.005
Anti-stagnation min laser: 0.35
Wall-clearance reward: False
Wall-clearance safe distance: 0.75
Wall-clearance penalty: 1.5
Wall-clearance speed weight: 0.8
Wall-clearance turn weight: 0.4
Local-navigation reward: True
Local-navigation heading weight: 0.35
Local-navigation wrong-way penalty: 0.25
Local-navigation turn weight: 0.22
Local-navigation near-goal distance: 0.9
Local-navigation heading error: 0.5
Local critic enabled: False
Local critic geometry only: False
Active neighbors only: True
Actor state dim: 24
Critic state dim: 24
Local critic max neighbors: 9
Local critic context dim: 63
Best metric: full_success
Eval episodes: 48
Max epochs: 3
Actor learning rate: 8e-07
Critic learning rate: 2e-05
Actor update delay steps: 22000
Exploration noise: 0.015
Exploration min: 0.005
Exploration decay steps: 500000
TensorBoard log dir: runs/multi_coop_Jun09_20-29-42_JiuTian-AI4090
Checkpoint path: ./checkpoints/TD3_velodyne_multi_v4_curriculum_stage3_asym_three_5_from_stage3_asym_pair_cleanport_latest.pt
Best checkpoint path: ./checkpoints/TD3_velodyne_multi_v4_curriculum_stage3_asym_three_5_from_stage3_asym_pair_cleanport_best.pt
Model prefix: TD3_velodyne_multi_v4_curriculum_stage3_asym_three_5_from_stage3_asym_pair_cleanport
Checkpoint interval episodes: 10
Resume mode: True
Starting agent samples: 0
Starting env steps: 0
Starting epoch: 1
==============================================
[WARN] [1781008183.168769810, 1.005000000]: GazeboRosDiffDrive Plugin (ns = ) missing <publishTf>, defaults to 1
[INFO] [1781008178.416668, 0.000000]: Loading model XML from ros parameter robot_description_r3
[INFO] [1781008178.419082, 0.000000]: Waiting for service /gazebo/spawn_urdf_model
[INFO] [1781008178.721308, 0.369000]: Calling service /gazebo/spawn_urdf_model
[INFO] [1781008183.168107, 1.005000]: Spawn status: SpawnModel: Successfully spawned entity
182.269180925, 0.869000000]: DiffDrive(ns = /r5/): <leftJoint> = left_hub_joint
[DEBUG] [1781008182.269200364, 0.869000000]: DiffDrive(ns = /r5/): <rightJoint> = right_hub_joint
[INFO] [1781008182.269547836, 0.869000000]: DiffDrive(ns = /r5/): Advertise joint_states
[INFO] [1781008182.269564187, 0.869000000]: DiffDrive(ns = /r5/): Try to subscribe to cmd_vel
[INFO] [1781008182.270900276, 0.869000000]: DiffDrive(ns = /r5/): Subscribe to cmd_vel
[INFO] [1781008182.271093459, 0.869000000]: DiffDrive(ns = /r5/): Advertise odom on odom 
[INFO] [1781008182.271149835, 0.869000000]: GazeboRosJointStatePublisher is going to publish joint: chassis_swivel_joint
[INFO] [1781008182.271154694, 0.869000000]: GazeboRosJointStatePublisher is going to publish joint: swivel_wheel_joint
[INFO] [1781008182.271159229, 0.869000000]: GazeboRosJointStatePublisher is going to publish joint: left_hub_joint
[INFO] [1781008182.271163656, 0.869000000]: GazeboRosJointStatePublisher is going to publish joint: right_hub_joint
[INFO] [1781008182.271168131, 0.869000000]: Starting GazeboRosJointStatePublisher Plugin (ns = /r5/)!, parent name: r5
[INFO] [1781008182.555367144, 1.005000000]: Laser Plugin: The 'robotNamespace' param was empty
[INFO] [1781008182.555391961, 1.005000000]: Starting Laser Plugin (ns = r3)
[INFO] [1781008182.555895824, 1.005000000]: Laser Plugin (ns = r3)  <tf_prefix_>, set to ""
[INFO] [1781008183.166540919, 1.005000000]: Velodyne laser plugin missing <min_intensity>, defaults to no clipping
[INFO] [1781008183.167403045, 1.005000000]: Velodyne laser plugin ready, 16 lasers
[INFO] [1781008183.168146601, 1.005000000]: Starting plugin DiffDrive(ns = /r3/)
[DEBUG] [1781008183.168156651, 1.005000000]: DiffDrive(ns = /r3/): <rosDebugLevel> = Debug
[INFO] [1781008183.168167253, 1.005000000]: DiffDrive(ns = /r3/): <rosDebugLevel> = Debug
[INFO] [1781008183.168626784, 1.005000000]: DiffDrive(ns = /r3/): <tf_prefix> = 
[DEBUG] [1781008183.168631521, 1.005000000]: DiffDrive(ns = /r3/): <commandTopic> = cmd_vel
[DEBUG] [1781008183.168635312, 1.005000000]: DiffDrive(ns = /r3/): <odometryTopic> = odom
[DEBUG] [1781008183.168639950, 1.005000000]: DiffDrive(ns = /r3/): <odometryFrame> = odom
[DEBUG] [1781008183.168643705, 1.005000000]: DiffDrive(ns = /r3/): <robotBaseFrame> = base_link
[DEBUG] [1781008183.168651359, 1.005000000]: DiffDrive(ns = /r3/): <publishWheelTF> = false
[DEBUG] [1781008183.168658512, 1.005000000]: DiffDrive(ns = /r3/): <publishOdomTF> = false
[DEBUG] [1781008183.168665706, 1.005000000]: DiffDrive(ns = /r3/): <publishWheelJointState> = true
[DEBUG] [1781008183.168675798, 1.005000000]: DiffDrive(ns = /r3/): <wheelSeparation> = 0.29999999999999999
[DEBUG] [1781008183.168683364, 1.005000000]: DiffDrive(ns = /r3/): <wheelDiameter> = 0.17999999999999999
[DEBUG] [1781008183.168691541, 1.005000000]: DiffDrive(ns = /r3/): <wheelAcceleration> = 1.8
[DEBUG] [1781008183.168699476, 1.005000000]: DiffDrive(ns = /r3/): <wheelTorque> = 20
[DEBUG] [1781008183.168707041, 1.005000000]: DiffDrive(ns = /r3/): <updateRate> = 50
[DEBUG] [1781008183.168716012, 1.005000000]: DiffDrive(ns = /r3/): <odometrySource> = world := 1
[DEBUG] [1781008183.168722747, 1.005000000]: DiffDrive(ns = /r3/): <leftJoint> = left_hub_joint
[DEBUG] [1781008183.168764249, 1.005000000]: DiffDrive(ns = /r3/): <rightJoint> = right_hub_joint
[INFO] [1781008183.169292377, 1.005000000]: DiffDrive(ns = /r3/): Advertise joint_states
[INFO] [1781008183.169301092, 1.005000000]: DiffDrive(ns = /r3/): Try to subscribe to cmd_vel
[INFO] [1781008183.171097068, 1.005000000]: DiffDrive(ns = /r3/): Subscribe to cmd_vel
[INFO] [1781008183.171289450, 1.005000000]: DiffDrive(ns = /r3/): Advertise odom on odom 
[INFO] [1781008183.171346342, 1.005000000]: GazeboRosJointStatePublisher is going to publish joint: chassis_swivel_joint
[INFO] [1781008183.171351435, 1.005000000]: GazeboRosJointStatePublisher is going to publish joint: swivel_wheel_joint
[INFO] [1781008183.171355943, 1.005000000]: GazeboRosJointStatePublisher is going to publish joint: left_hub_joint
[INFO] [1781008183.171360382, 1.Episode 1 complete | agent_samples=170 | env_steps=65 | episode_env_steps=65 | episode_agent_samples=170 | mean_reward=8.589 | success=2/5 | collision=3/5 | mean_final_distance=1.131 | mean_progress=-0.0073 | min_laser=0.334 | mean_lin=0.401 | mean_ang=0.100 | mean_robot_dist=2.036 | raw_reward=-20.000 | adjusted_reward=-20.000 | coop_agents=0/5 | mean_coop_neighbors=0.00 | active_neighbor_step_rate=0.765 | mean_active_neighbors_step=2.241 | max_active_neighbors_step=4 | interaction_reward=-0.0027 | abs_interaction_reward=0.0027 | anti_stag_reward=0.0000 | abs_anti_stag_reward=0.0000 | wall_clear_reward=0.0000 | abs_wall_clear_reward=0.0000 | local_nav_reward=0.1094 | abs_local_nav_reward=0.1169 | context_neighbors_mean=0.00 | context_neighbors_max=0 | context_step_mean=0.00 | context_step_max=0 | actor_unlocked=0 | expl_noise=0.0149 | replay=170 | samples/sec=11.622
Episode 2 complete | agent_samples=272 | env_steps=105 | episode_env_steps=40 | episode_agent_samples=102 | mean_reward=81.003 | success=4/5 | collision=1/5 | mean_final_distance=0.410 | mean_progress=-0.0084 | min_laser=0.321 | mean_lin=0.424 | mean_ang=0.188 | mean_robot_dist=0.585 | raw_reward=-20.000 | adjusted_reward=-20.000 | coop_agents=0/5 | mean_coop_neighbors=0.00 | active_neighbor_step_rate=0.824 | mean_active_neighbors_step=2.294 | max_active_neighbors_step=4 | interaction_reward=0.0000 | abs_interaction_reward=0.0000 | anti_stag_reward=0.0000 | abs_anti_stag_reward=0.0000 | wall_clear_reward=0.0000 | abs_wall_clear_reward=0.0000 | local_nav_reward=0.1078 | abs_local_nav_reward=0.1118 | context_neighbors_mean=0.00 | context_neighbors_max=0 | context_step_mean=0.00 | context_step_max=0 | actor_unlocked=0 | expl_noise=0.0148 | replay=272 | samples/sec=11.634
Episode 3 complete | agent_samples=484 | env_steps=195 | episode_env_steps=90 | episode_agent_samples=212 | mean_reward=-10.962 | success=2/5 | collision=3/5 | mean_final_distance=1.625 | mean_progress=-0.0086 | min_laser=0.333 | mean_lin=0.408 | mean_ang=0.088 | mean_robot_dist=5.384 | raw_reward=-20.000 | adjusted_reward=-20.000 | coop_agents=0/5 | mean_coop_neighbors=0.00 | active_neighbor_step_rate=0.580 | mean_active_neighbors_step=1.373 | max_active_neighbors_step=4 | interaction_reward=-0.0007 | abs_interaction_reward=0.0007 | anti_stag_reward=0.0000 | abs_anti_stag_reward=0.0000 | wall_clear_reward=0.0000 | abs_wall_clear_reward=0.0000 | local_nav_reward=0.0317 | abs_local_nav_reward=0.0972 | context_neighbors_mean=0.00 | context_neighbors_max=0 | context_step_mean=0.00 | context_step_max=0 | actor_unlocked=0 | expl_noise=0.0146 | replay=484 | samples/sec=11.275
Episode 4 complete | agent_samples=659 | env_steps=270 | episode_env_steps=75 | episode_agent_samples=175 | mean_reward=9.898 | success=2/5 | collision=3/5 | mean_final_distance=1.146 | mean_progress=-0.0028 | min_laser=0.319 | mean_lin=0.395 | mean_ang=0.110 | mean_robot_dist=1.803 | raw_reward=-20.000 | adjusted_reward=-20.000 | coop_agents=0/5 | mean_coop_neighbors=0.00 | active_neighbor_step_rate=0.720 | mean_active_neighbors_step=1.966 | max_active_neighbors_step=4 | interaction_reward=-0.0067 | abs_interaction_reward=0.0067 | anti_stag_reward=0.0000 | abs_anti_stag_reward=0.0000 | wall_clear_reward=0.0000 | abs_wall_clear_reward=0.0000 | local_nav_reward=0.0981 | abs_local_nav_reward=0.1007 | context_neighbors_mean=0.00 | context_neighbors_max=0 | context_step_mean=0.00 | context_step_max=0 | actor_unlocked=0 | expl_noise=0.0145 | replay=659 | samples/sec=11.183
Episode 5 complete | agent_samples=818 | env_steps=357 | episode_env_steps=87 | episode_agent_samples=159 | mean_reward=28.547 | success=3/5 | collision=2/5 | mean_final_distance=0.911 | mean_progress=-0.0115 | min_laser=0.317 | mean_lin=0.425 | mean_ang=0.120 | mean_robot_dist=2.719 | raw_reward=-20.000 | adjusted_reward=-20.000 | coop_agents=0/5 | mean_coop_neighbors=0.00 | active_neighbor_step_rate=0.623 | mean_active_neighbors_step=1.553 | max_active_neighbors_step=4 | interaction_reward=-0.0014 | abs_interaction_reward=0.0014 | anti_stag_reward=0.0000 | abs_anti_stag_reward=0.0000 | wall_clear_reward=0.0000 | abs_wall_clear_reward=0.0000 | local_nav_reward=0.0380 | abs_local_nav_reward=0.1054 | context_neighbors_mean=0.00 | context_neighbors_max=0 | context_step_mean=0.00 | context_step_max=0 | actor_unlocked=0 | expl_noise=0.0143 | replay=818 | samples/sec=10.541
Status | epoch=1 | next_eval_in=4182 agent_samples | checkpoint_every=10 episodes | checkpoint=./checkpoints/TD3_velodyne_multi_v4_curriculum_stage3_asym_three_5_from_stage3_asym_pair_cleanport_latest.pt | model=TD3_velodyne_multi_v4_curriculum_stage3_asym_three_5_from_stage3_asym_pair_cleanport
Episode 6 complete | agent_samples=993 | env_steps=418 | episode_env_steps=61 | episode_agent_samples=175 | mean_reward=-55.431 | success=1/5 | collision=4/5 | mean_final_distance=1.692 | mean_progress=-0.0081 | min_laser=0.314 | mean_lin=0.388 | mean_ang=0.038 | mean_robot_dist=3.597 | raw_reward=-20.000 | adjusted_reward=-20.000 | coop_agents=0/5 | mean_coop_neighbors=0.00 | active_neighbor_step_rate=0.709 | mean_active_neighbors_step=1.514 | max_active_neighbors_step=4 | interaction_reward=-0.0061 | abs_interaction_reward=0.0061 | anti_stag_reward=0.0000 | abs_anti_stag_reward=0.0000 | wall_clear_reward=0.0000 | abs_wall_clear_reward=0.0000 | local_nav_reward=0.0309 | abs_local_nav_reward=0.1005 | context_neighbors_mean=0.00 | context_neighbors_max=0 | context_step_mean=0.00 | context_step_max=0 | actor_unlocked=0 | expl_noise=0.0142 | replay=993 | samples/sec=10.938
Episode 7 complete | agent_samples=1234 | env_steps=484 | episode_env_steps=66 | episode_agent_samples=241 | mean_reward=-31.561 | success=1/5 | collision=4/5 | mean_final_distance=1.243 | mean_progress=-0.0081 | min_laser=0.315 | mean_lin=0.415 | mean_ang=0.088 | mean_robot_dist=2.924 | raw_reward=-20.000 | adjusted_reward=-20.000 | coop_agents=0/5 | mean_coop_neighbors=0.00 | active_neighbor_step_rate=0.842 | mean_active_neighbors_step=2.170 | max_active_neighbors_step=4 | interaction_reward=-0.0044 | abs_interaction_reward=0.0044 | anti_stag_reward=0.0000 | abs_anti_stag_reward=0.0000 | wall_clear_reward=0.0000 | abs_wall_clear_reward=0.0000 | local_nav_reward=0.0750 | abs_local_nav_reward=0.0968 | context_neighbors_mean=0.00 | context_neighbors_max=0 | context_step_mean=0.00 | context_step_max=0 | actor_unlocked=0 | expl_noise=0.0140 | replay=1234 | samples/sec=11.741
Episode 8 complete | agent_samples=1336 | env_steps=516 | episode_env_steps=32 | episode_agent_samples=102 | mean_reward=80.355 | success=4/5 | collision=1/5 | mean_final_distance=0.385 | mean_progress=-0.0091 | min_laser=0.341 | mean_lin=0.407 | mean_ang=0.221 | mean_robot_dist=0.612 | raw_reward=-20.000 | adjusted_reward=-20.000 | coop_agents=0/5 | mean_coop_neighbors=0.00 | active_neighbor_step_rate=0.951 | mean_active_neighbors_step=2.588 | max_active_neighbors_step=4 | interaction_reward=-0.0027 | abs_interaction_reward=0.0027 | anti_stag_reward=0.0000 | abs_anti_stag_reward=0.0000 | wall_clear_reward=0.0000 | abs_wall_clear_reward=0.0000 | local_nav_reward=0.1142 | abs_local_nav_reward=0.1207 | context_neighbors_mean=0.00 | context_neighbors_max=0 | context_step_mean=0.00 | context_step_max=0 | actor_unlocked=0 | expl_noise=0.0140 | replay=1336 | samples/sec=11.919
Episode 9 complete | agent_samples=1453 | env_steps=557 | episode_env_steps=41 | episode_agent_samples=117 | mean_reward=-8.319 | success=2/5 | collision=3/5 | mean_final_distance=1.175 | mean_progress=-0.0097 | min_laser=0.306 | mean_lin=0.374 | mean_ang=0.015 | mean_robot_dist=0.594 | raw_reward=-20.000 | adjusted_reward=-20.000 | coop_agents=0/5 | mean_coop_neighbors=0.00 | active_neighbor_step_rate=0.650 | mean_active_neighbors_step=1.795 | max_active_neighbors_step=4 | interaction_reward=-0.0007 | abs_interaction_reward=0.0007 | anti_stag_reward=0.0000 | abs_anti_stag_reward=0.0000 | wall_clear_reward=0.0000 | abs_wall_clear_reward=0.0000 | local_nav_reward=0.0899 | abs_local_nav_reward=0.1157 | context_neighbors_mean=0.00 | context_neighbors_max=0 | context_step_mean=0.00 | context_step_max=0 | actor_unlocked=0 | expl_noise=0.0139 | replay=1453 | samples/sec=12.013
Episode 10 complete | agent_samples=1682 | env_steps=632 | episode_env_steps=75 | episode_agent_samples=229 | mean_reward=12.521 | success=2/5 | collision=3/5 | mean_final_distance=1.026 | mean_progress=-0.0064 | min_laser=0.326 | mean_lin=0.405 | mean_ang=0.046 | mean_robot_dist=1.323 | raw_reward=-20.000 | adjusted_reward=-20.000 | coop_agents=0/5 | mean_coop_neighbors=0.00 | active_neighbor_step_rate=0.585 | mean_active_neighbors_step=1.572 | max_active_neighbors_step=4 | interaction_reward=-0.0028 | abs_interaction_reward=0.0028 | anti_stag_reward=0.0000 | abs_anti_stag_reward=0.0000 | wall_clear_reward=0.0000 | abs_wall_clear_reward=0.0000 | local_nav_reward=0.0871 | abs_local_nav_reward=0.0983 | context_neighbors_mean=0.00 | context_neighbors_max=0 | context_step_mean=0.00 | context_step_max=0 | actor_unlocked=0 | expl_noise=0.0137 | replay=1682 | samples/sec=12.263
Status | epoch=1 | next_eval_in=3318 agent_samples | checkpoint_every=10 episodes | checkpoint=./checkpoints/TD3_velodyne_multi_v4_curriculum_stage3_asym_three_5_from_stage3_asym_pair_cleanport_latest.pt | model=TD3_velodyne_multi_v4_curriculum_stage3_asym_three_5_from_stage3_asym_pair_cleanport
Checkpoint saved: ./checkpoints/TD3_velodyne_multi_v4_curriculum_stage3_asym_three_5_from_stage3_asym_pair_cleanport_latest.pt
Episode 11 complete | agent_samples=1811 | env_steps=679 | episode_env_steps=47 | episode_agent_samples=129 | mean_reward=79.841 | success=4/5 | collision=1/5 | mean_final_distance=0.519 | mean_progress=-0.0102 | min_laser=0.330 | mean_lin=0.405 | mean_ang=0.194 | mean_robot_dist=0.647 | raw_reward=-20.000 | adjusted_reward=-20.000 | coop_agents=0/5 | mean_coop_neighbors=0.00 | active_neighbor_step_rate=0.884 | mean_active_neighbors_step=2.388 | max_active_neighbors_step=4 | interaction_reward=-0.0020 | abs_interaction_reward=0.0020 | anti_stag_reward=0.0000 | abs_anti_stag_reward=0.0000 | wall_clear_reward=0.0000 | abs_wall_clear_reward=0.0000 | local_nav_reward=0.0801 | abs_local_nav_reward=0.1113 | context_neighbors_mean=0.00 | context_neighbors_max=0 | context_step_mean=0.00 | context_step_max=0 | actor_unlocked=0 | expl_noise=0.0136 | replay=1811 | samples/sec=12.287
Episode 12 complete | agent_samples=1904 | env_steps=712 | episode_env_steps=33 | episode_agent_samples=93 | mean_reward=33.501 | success=3/5 | collision=2/5 | mean_final_distance=0.965 | mean_progress=0.0099 | min_laser=0.303 | mean_lin=0.399 | mean_ang=0.137 | mean_robot_dist=0.953 | raw_reward=-20.000 | adjusted_reward=-20.000 | coop_agents=0/5 | mean_coop_neighbors=0.00 | active_neighbor_step_rate=0.763 | mean_active_neighbors_step=2.204 | max_active_neighbors_step=4 | interaction_reward=0.0000 | abs_interaction_reward=0.0000 | anti_stag_reward=0.0000 | abs_anti_stag_reward=0.0000 | wall_clear_reward=0.0000 | abs_wall_clear_reward=0.0000 | local_nav_reward=0.1283 | abs_local_nav_reward=0.1283 | context_neighbors_mean=0.00 | context_neighbors_max=0 | context_step_mean=0.00 | context_step_max=0 | actor_unlocked=0 | expl_noise=0.0136 | replay=1904 | samples/sec=12.322
Episode 13 complete | agent_samples=2197 | env_steps=800 | episode_env_steps=88 | episode_agent_samples=293 | mean_reward=-45.111 | success=1/5 | collision=4/5 | mean_final_distance=1.767 | mean_progress=-0.0065 | min_laser=0.300 | mean_lin=0.367 | mean_ang=-0.022 | mean_robot_dist=0.730 | raw_reward=-20.000 | adjusted_reward=-20.000 | coop_agents=0/5 | mean_coop_neighbors=0.00 | active_neighbor_step_rate=0.672 | mean_active_neighbors_step=1.734 | max_active_neighbors_step=4 | interaction_reward=-0.0039 | abs_interaction_reward=0.0039 | anti_stag_reward=0.0000 | abs_anti_stag_reward=0.0000 | wall_clear_reward=0.0000 | abs_wall_clear_reward=0.0000 | local_nav_reward=0.0400 | abs_local_nav_reward=0.0872 | context_neighbors_mean=0.00 | context_neighbors_max=0 | context_step_mean=0.00 | context_step_max=0 | actor_unlocked=0 | expl_noise=0.0134 | replay=2197 | samples/sec=12.671
Episode 14 complete | agent_samples=2297 | env_steps=829 | episode_env_steps=29 | episode_agent_samples=100 | mean_reward=39.829 | success=3/5 | collision=2/5 | mean_final_distance=0.402 | mean_progress=-0.0004 | min_laser=0.302 | mean_lin=0.404 | mean_ang=0.108 | mean_robot_dist=0.562 | raw_reward=-40.000 | adjusted_reward=-40.059 | coop_agents=2/5 | mean_coop_neighbors=0.40 | active_neighbor_step_rate=1.000 | mean_active_neighbors_step=2.580 | max_active_neighbors_step=4 | interaction_reward=-0.0082 | abs_interaction_reward=0.0082 | anti_stag_reward=0.0000 | abs_anti_stag_reward=0.0000 | wall_clear_reward=0.0000 | abs_wall_clear_reward=0.0000 | local_nav_reward=0.1147 | abs_local_nav_reward=0.1169 | context_neighbors_mean=0.00 | context_neighbors_max=0 | context_step_mean=0.00 | context_step_max=0 | actor_unlocked=0 | expl_noise=0.0134 | replay=2297 | samples/sec=12.784
Episode 15 complete | agent_samples=2408 | env_steps=866 | episode_env_steps=37 | episode_agent_samples=111 | mean_reward=-7.883 | success=2/5 | collision=3/5 | mean_final_distance=1.153 | mean_progress=-0.0113 | min_laser=0.320 | mean_lin=0.408 | mean_ang=0.073 | mean_robot_dist=0.608 | raw_reward=-20.000 | adjusted_reward=-20.000 | coop_agents=0/5 | mean_coop_neighbors=0.00 | active_neighbor_step_rate=0.622 | mean_active_neighbors_step=1.739 | max_active_neighbors_step=4 | interaction_reward=-0.0004 | abs_interaction_reward=0.0004 | anti_stag_reward=0.0000 | abs_anti_stag_reward=0.0000 | wall_clear_reward=0.0000 | abs_wall_clear_reward=0.0000 | local_nav_reward=0.0908 | abs_local_nav_reward=0.1150 | context_neighbors_mean=0.00 | context_neighbors_max=0 | context_step_mean=0.00 | context_step_max=0 | actor_unlocked=0 | expl_noise=0.0133 | replay=2408 | samples/sec=12.830
Status | epoch=1 | next_eval_in=2592 agent_samples | checkpoint_every=10 episodes | checkpoint=./checkpoints/TD3_velodyne_multi_v4_curriculum_stage3_asym_three_5_from_stage3_asym_pair_cleanport_latest.pt | model=TD3_velodyne_multi_v4_curriculum_stage3_asym_three_5_from_stage3_asym_pair_cleanport
Episode 16 complete | agent_samples=2615 | env_steps=969 | episode_env_steps=103 | episode_agent_samples=207 | mean_reward=-50.167 | success=1/5 | collision=4/5 | mean_final_distance=1.952 | mean_progress=-0.0103 | min_laser=0.317 | mean_lin=0.434 | mean_ang=0.158 | mean_robot_dist=0.599 | raw_reward=-20.000 | adjusted_reward=-20.000 | coop_agents=0/5 | mean_coop_neighbors=0.00 | active_neighbor_step_rate=0.657 | mean_active_neighbors_step=1.913 | max_active_neighbors_step=4 | interaction_reward=-0.0051 | abs_interaction_reward=0.0051 | anti_stag_reward=0.0000 | abs_anti_stag_reward=0.0000 | wall_clear_reward=0.0000 | abs_wall_clear_reward=0.0000 | local_nav_reward=0.0446 | abs_local_nav_reward=0.1115 | context_neighbors_mean=0.00 | context_neighbors_max=0 | context_step_mean=0.00 | context_step_max=0 | actor_unlocked=0 | expl_noise=0.0131 | replay=2615 | samples/sec=12.466
Episode 17 complete | agent_samples=2831 | env_steps=1092 | episode_env_steps=123 | episode_agent_samples=216 | mean_reward=21.134 | success=3/5 | collision=2/5 | mean_final_distance=1.408 | mean_progress=-0.0116 | min_laser=0.335 | mean_lin=0.402 | mean_ang=0.050 | mean_robot_dist=2.944 | raw_reward=-20.000 | adjusted_reward=-20.000 | coop_agents=0/5 | mean_coop_neighbors=0.00 | active_neighbor_step_rate=0.634 | mean_active_neighbors_step=1.505 | max_active_neighbors_step=4 | interaction_reward=-0.0038 | abs_interaction_reward=0.0038 | anti_stag_reward=0.0000 | abs_anti_stag_reward=0.0000 | wall_clear_reward=0.0000 | abs_wall_clear_reward=0.0000 | local_nav_reward=0.0078 | abs_local_nav_reward=0.0989 | context_neighbors_mean=0.00 | context_neighbors_max=0 | context_step_mean=0.00 | context_step_max=0 | actor_unlocked=0 | expl_noise=0.0128 | replay=2831 | samples/sec=11.990
Episode 18 complete | agent_samples=3031 | env_steps=1189 | episode_env_steps=97 | episode_agent_samples=200 | mean_reward=-62.699 | success=1/5 | collision=4/5 | mean_final_distance=1.882 | mean_progress=-0.0099 | min_laser=0.332 | mean_lin=0.420 | mean_ang=0.044 | mean_robot_dist=0.704 | raw_reward=-20.000 | adjusted_reward=-20.000 | coop_agents=0/5 | mean_coop_neighbors=0.00 | active_neighbor_step_rate=0.490 | mean_active_neighbors_step=1.220 | max_active_neighbors_step=4 | interaction_reward=-0.0027 | abs_interaction_reward=0.0027 | anti_stag_reward=0.0000 | abs_anti_stag_reward=0.0000 | wall_clear_reward=0.0000 | abs_wall_clear_reward=0.0000 | local_nav_reward=0.0172 | abs_local_nav_reward=0.0976 | context_neighbors_mean=0.00 | context_neighbors_max=0 | context_step_mean=0.00 | context_step_max=0 | actor_unlocked=0 | expl_noise=0.0126 | replay=3031 | samples/sec=11.791
Episode 19 complete | agent_samples=3202 | env_steps=1255 | episode_env_steps=66 | episode_agent_samples=171 | mean_reward=8.788 | success=2/5 | collision=3/5 | mean_final_distance=1.121 | mean_progress=-0.0086 | min_laser=0.323 | mean_lin=0.408 | mean_ang=0.104 | mean_robot_dist=2.398 | raw_reward=-20.000 | adjusted_reward=-20.000 | coop_agents=0/5 | mean_coop_neighbors=0.00 | active_neighbor_step_rate=0.678 | mean_active_neighbors_step=1.936 | max_active_neighbors_step=4 | interaction_reward=-0.0018 | abs_interaction_reward=0.0018 | anti_stag_reward=0.0000 | abs_anti_stag_reward=0.0000 | wall_clear_reward=0.0000 | abs_wall_clear_reward=0.0000 | local_nav_reward=0.1035 | abs_local_nav_reward=0.1102 | context_neighbors_mean=0.00 | context_neighbors_max=0 | context_step_mean=0.00 | context_step_max=0 | actor_unlocked=0 | expl_noise=0.0125 | replay=3202 | samples/sec=11.805
Episode 20 complete | agent_samples=3367 | env_steps=1338 | episode_env_steps=83 | episode_agent_samples=165 | mean_reward=29.179 | success=3/5 | collision=2/5 | mean_final_distance=0.905 | mean_progress=-0.0093 | min_laser=0.312 | mean_lin=0.366 | mean_ang=0.115 | mean_robot_dist=2.575 | raw_reward=-20.000 | adjusted_reward=-20.000 | coop_agents=0/5 | mean_coop_neighbors=0.00 | active_neighbor_step_rate=0.648 | mean_active_neighbors_step=1.655 | max_active_neighbors_step=4 | interaction_reward=-0.0050 | abs_interaction_reward=0.0050 | anti_stag_reward=0.0000 | abs_anti_stag_reward=0.0000 | wall_clear_reward=0.0000 | abs_wall_clear_reward=0.0000 | local_nav_reward=0.0385 | abs_local_nav_reward=0.1023 | context_neighbors_mean=0.00 | context_neighbors_max=0 | context_step_mean=0.00 | context_step_max=0 | actor_unlocked=0 | expl_noise=0.0123 | replay=3367 | samples/sec=11.648
Status | epoch=1 | next_eval_in=1633 agent_samples | checkpoint_every=10 episodes | checkpoint=./checkpoints/TD3_velodyne_multi_v4_curriculum_stage3_asym_three_5_from_stage3_asym_pair_cleanport_latest.pt | model=TD3_velodyne_multi_v4_curriculum_stage3_asym_three_5_from_stage3_asym_pair_cleanport
Checkpoint saved: ./checkpoints/TD3_velodyne_multi_v4_curriculum_stage3_asym_three_5_from_stage3_asym_pair_cleanport_latest.pt
Episode 21 complete | agent_samples=3479 | env_steps=1376 | episode_env_steps=38 | episode_agent_samples=112 | mean_reward=-7.729 | success=2/5 | collision=3/5 | mean_final_distance=1.160 | mean_progress=-0.0120 | min_laser=0.324 | mean_lin=0.411 | mean_ang=0.112 | mean_robot_dist=0.635 | raw_reward=-20.000 | adjusted_reward=-20.000 | coop_agents=0/5 | mean_coop_neighbors=0.00 | active_neighbor_step_rate=0.616 | mean_active_neighbors_step=1.750 | max_active_neighbors_step=4 | interaction_reward=-0.0002 | abs_interaction_reward=0.0002 | anti_stag_reward=0.0000 | abs_anti_stag_reward=0.0000 | wall_clear_reward=0.0000 | abs_wall_clear_reward=0.0000 | local_nav_reward=0.0931 | abs_local_nav_reward=0.1165 | context_neighbors_mean=0.00 | context_neighbors_max=0 | context_step_mean=0.00 | context_step_max=0 | actor_unlocked=0 | expl_noise=0.0123 | replay=3479 | samples/sec=11.697
Episode 22 complete | agent_samples=3711 | env_steps=1443 | episode_env_steps=67 | episode_agent_samples=232 | mean_reward=-32.938 | success=1/5 | collision=4/5 | mean_final_distance=1.309 | mean_progress=-0.0066 | min_laser=0.300 | mean_lin=0.414 | mean_ang=0.064 | mean_robot_dist=2.667 | raw_reward=-20.000 | adjusted_reward=-20.000 | coop_agents=0/5 | mean_coop_neighbors=0.00 | active_neighbor_step_rate=0.750 | mean_active_neighbors_step=2.069 | max_active_neighbors_step=4 | interaction_reward=-0.0038 | abs_interaction_reward=0.0038 | anti_stag_reward=0.0000 | abs_anti_stag_reward=0.0000 | wall_clear_reward=0.0000 | abs_wall_clear_reward=0.0000 | local_nav_reward=0.0708 | abs_local_nav_reward=0.0919 | context_neighbors_mean=0.00 | context_neighbors_max=0 | context_step_mean=0.00 | context_step_max=0 | actor_unlocked=0 | expl_noise=0.0121 | replay=3711 | samples/sec=11.902
Episode 23 complete | agent_samples=3845 | env_steps=1488 | episode_env_steps=45 | episode_agent_samples=134 | mean_reward=38.871 | success=3/5 | collision=2/5 | mean_final_distance=0.586 | mean_progress=-0.0099 | min_laser=0.339 | mean_lin=0.406 | mean_ang=0.187 | mean_robot_dist=0.620 | raw_reward=-20.000 | adjusted_reward=-20.000 | coop_agents=0/5 | mean_coop_neighbors=0.00 | active_neighbor_step_rate=0.918 | mean_active_neighbors_step=2.440 | max_active_neighbors_step=4 | interaction_reward=-0.0040 | abs_interaction_reward=0.0040 | anti_stag_reward=0.0000 | abs_anti_stag_reward=0.0000 | wall_clear_reward=0.0000 | abs_wall_clear_reward=0.0000 | local_nav_reward=0.0744 | abs_local_nav_reward=0.1016 | context_neighbors_mean=0.00 | context_neighbors_max=0 | context_step_mean=0.00 | context_step_max=0 | actor_unlocked=0 | expl_noise=0.0120 | replay=3845 | samples/sec=11.958
Episode 24 complete | agent_samples=4034 | env_steps=1579 | episode_env_steps=91 | episode_agent_samples=189 | mean_reward=-60.957 | success=1/5 | collision=4/5 | mean_final_distance=1.785 | mean_progress=-0.0077 | min_laser=0.300 | mean_lin=0.391 | mean_ang=0.038 | mean_robot_dist=0.703 | raw_reward=-20.000 | adjusted_reward=-20.000 | coop_agents=0/5 | mean_coop_neighbors=0.00 | active_neighbor_step_rate=0.508 | mean_active_neighbors_step=1.328 | max_active_neighbors_step=4 | interaction_reward=-0.0025 | abs_interaction_reward=0.0025 | anti_stag_reward=0.0000 | abs_anti_stag_reward=0.0000 | wall_clear_reward=0.0000 | abs_wall_clear_reward=0.0000 | local_nav_reward=0.0243 | abs_local_nav_reward=0.0995 | context_neighbors_mean=0.00 | context_neighbors_max=0 | context_step_mean=0.00 | context_step_max=0 | actor_unlocked=0 | expl_noise=0.0119 | replay=4034 | samples/sec=11.825
Episode 25 complete | agent_samples=4271 | env_steps=1646 | episode_env_steps=67 | episode_agent_samples=237 | mean_reward=-30.614 | success=1/5 | collision=4/5 | mean_final_distance=1.267 | mean_progress=-0.0070 | min_laser=0.300 | mean_lin=0.368 | mean_ang=-0.011 | mean_robot_dist=2.785 | raw_reward=-20.000 | adjusted_reward=-20.000 | coop_agents=0/5 | mean_coop_neighbors=0.00 | active_neighbor_step_rate=0.764 | mean_active_neighbors_step=2.042 | max_active_neighbors_step=4 | interaction_reward=-0.0052 | abs_interaction_reward=0.0052 | anti_stag_reward=0.0000 | abs_anti_stag_reward=0.0000 | wall_clear_reward=0.0000 | abs_wall_clear_reward=0.0000 | local_nav_reward=0.0728 | abs_local_nav_reward=0.0955 | context_neighbors_mean=0.00 | context_neighbors_max=0 | context_step_mean=0.00 | context_step_max=0 | actor_unlocked=0 | expl_noise=0.0117 | replay=4271 | samples/sec=12.013
Status | epoch=1 | next_eval_in=729 agent_samples | checkpoint_every=10 episodes | checkpoint=./checkpoints/TD3_velodyne_multi_v4_curriculum_stage3_asym_three_5_from_stage3_asym_pair_cleanport_latest.pt | model=TD3_velodyne_multi_v4_curriculum_stage3_asym_three_5_from_stage3_asym_pair_cleanport
Episode 26 complete | agent_samples=4371 | env_steps=1676 | episode_env_steps=30 | episode_agent_samples=100 | mean_reward=82.308 | success=4/5 | collision=1/5 | mean_final_distance=0.307 | mean_progress=-0.0072 | min_laser=0.328 | mean_lin=0.431 | mean_ang=0.165 | mean_robot_dist=0.620 | raw_reward=-20.000 | adjusted_reward=-20.000 | coop_agents=0/5 | mean_coop_neighbors=0.00 | active_neighbor_step_rate=0.980 | mean_active_neighbors_step=2.480 | max_active_neighbors_step=4 | interaction_reward=-0.0024 | abs_interaction_reward=0.0024 | anti_stag_reward=0.0000 | abs_anti_stag_reward=0.0000 | wall_clear_reward=0.0000 | abs_wall_clear_reward=0.0000 | local_nav_reward=0.1188 | abs_local_nav_reward=0.1217 | context_neighbors_mean=0.00 | context_neighbors_max=0 | context_step_mean=0.00 | context_step_max=0 | actor_unlocked=0 | expl_noise=0.0117 | replay=4371 | samples/sec=12.072
Episode 27 complete | agent_samples=4567 | env_steps=1771 | episode_env_steps=95 | episode_agent_samples=196 | mean_reward=-61.004 | success=1/5 | collision=4/5 | mean_final_distance=1.775 | mean_progress=-0.0082 | min_laser=0.331 | mean_lin=0.403 | mean_ang=0.035 | mean_robot_dist=0.689 | raw_reward=-20.000 | adjusted_reward=-20.000 | coop_agents=0/5 | mean_coop_neighbors=0.00 | active_neighbor_step_rate=0.510 | mean_active_neighbors_step=1.332 | max_active_neighbors_step=4 | interaction_reward=-0.0027 | abs_interaction_reward=0.0027 | anti_stag_reward=0.0000 | abs_anti_stag_reward=0.0000 | wall_clear_reward=0.0000 | abs_wall_clear_reward=0.0000 | local_nav_reward=0.0232 | abs_local_nav_reward=0.0977 | context_neighbors_mean=0.00 | context_neighbors_max=0 | context_step_mean=0.00 | context_step_max=0 | actor_unlocked=0 | expl_noise=0.0115 | replay=4567 | samples/sec=11.942
Episode 28 complete | agent_samples=4735 | env_steps=1836 | episode_env_steps=65 | episode_agent_samples=168 | mean_reward=-31.176 | success=1/5 | collision=4/5 | mean_final_distance=1.203 | mean_progress=-0.0060 | min_laser=0.324 | mean_lin=0.381 | mean_ang=0.050 | mean_robot_dist=1.851 | raw_reward=-20.000 | adjusted_reward=-20.000 | coop_agents=0/5 | mean_coop_neighbors=0.00 | active_neighbor_step_rate=0.774 | mean_active_neighbors_step=2.167 | max_active_neighbors_step=4 | interaction_reward=-0.0065 | abs_interaction_reward=0.0065 | anti_stag_reward=0.0000 | abs_anti_stag_reward=0.0000 | wall_clear_reward=0.0000 | abs_wall_clear_reward=0.0000 | local_nav_reward=0.1011 | abs_local_nav_reward=0.1139 | context_neighbors_mean=0.00 | context_neighbors_max=0 | context_step_mean=0.00 | context_step_max=0 | actor_unlocked=0 | expl_noise=0.0113 | replay=4735 | samples/sec=11.942
Episode 29 complete | agent_samples=4898 | env_steps=1921 | episode_env_steps=85 | episode_agent_samples=163 | mean_reward=25.607 | success=3/5 | collision=2/5 | mean_final_distance=0.967 | mean_progress=-0.0096 | min_laser=0.326 | mean_lin=0.372 | mean_ang=0.081 | mean_robot_dist=2.343 | raw_reward=-20.000 | adjusted_reward=-20.000 | coop_agents=0/5 | mean_coop_neighbors=0.00 | active_neighbor_step_rate=0.626 | mean_active_neighbors_step=1.693 | max_active_neighbors_step=4 | interaction_reward=-0.0011 | abs_interaction_reward=0.0011 | anti_stag_reward=0.0000 | abs_anti_stag_reward=0.0000 | wall_clear_reward=0.0000 | abs_wall_clear_reward=0.0000 | local_nav_reward=0.0382 | abs_local_nav_reward=0.1001 | context_neighbors_mean=0.00 | context_neighbors_max=0 | context_step_mean=0.00 | context_step_max=0 | actor_unlocked=0 | expl_noise=0.0112 | replay=4898 | samples/sec=11.810
Episode 30 complete | agent_samples=5191 | env_steps=2113 | episode_env_steps=192 | episode_agent_samples=293 | mean_reward=-80.392 | success=1/5 | collision=4/5 | mean_final_distance=2.678 | mean_progress=-0.0058 | min_laser=0.332 | mean_lin=0.386 | mean_ang=-0.083 | mean_robot_dist=3.919 | raw_reward=-20.000 | adjusted_reward=-20.000 | coop_agents=0/5 | mean_coop_neighbors=0.00 | active_neighbor_step_rate=0.341 | mean_active_neighbors_step=0.922 | max_active_neighbors_step=4 | interaction_reward=-0.0016 | abs_interaction_reward=0.0016 | anti_stag_reward=0.0000 | abs_anti_stag_reward=0.0000 | wall_clear_reward=0.0000 | abs_wall_clear_reward=0.0000 | local_nav_reward=-0.0173 | abs_local_nav_reward=0.0952 | context_neighbors_mean=0.00 | context_neighbors_max=0 | context_step_mean=0.00 | context_step_max=0 | actor_unlocked=0 | expl_noise=0.0108 | replay=5191 | samples/sec=11.386
Status | epoch=1 | next_eval_in=-191 agent_samples | checkpoint_every=10 episodes | checkpoint=./checkpoints/TD3_velodyne_multi_v4_curriculum_stage3_asym_three_5_from_stage3_asym_pair_cleanport_latest.pt | model=TD3_velodyne_multi_v4_curriculum_stage3_asym_three_5_from_stage3_asym_pair_cleanport
Checkpoint saved: ./checkpoints/TD3_velodyne_multi_v4_curriculum_stage3_asym_three_5_from_stage3_asym_pair_cleanport_latest.pt
Validating multi-agent policy at agent_samples=5191 env_steps=2113
..............................................
Multi-Agent Eval Epoch 1 | avg_reward=1.900 | success_rate=0.438 | collision_rate=0.562 | unresolved_rate=0.000 | full_success_rate=0.000 | timeout_episode_rate=0.000 | avg_env_steps=78.8 | avg_final_distance=1.216
Eval success_hist 0..N: [2, 9, 18, 16, 3, 0]
Eval collision_hist 0..N: [0, 3, 16, 18, 9, 2]
..............................................
Checkpoint saved: ./checkpoints/TD3_velodyne_multi_v4_curriculum_stage3_asym_three_5_from_stage3_asym_pair_cleanport_latest.pt
Best checkpoint updated | epoch=1 | success_rate=0.438 | collision_rate=0.562 | full_success_rate=0.000 | unresolved_rate=0.000 | avg_reward=1.900 | metric=full_success | path=./checkpoints/TD3_velodyne_multi_v4_curriculum_stage3_asym_three_5_from_stage3_asym_pair_cleanport_best.pt
Next epoch will start from 2. Resume keeps this counter in ./checkpoints/TD3_velodyne_multi_v4_curriculum_stage3_asym_three_5_from_stage3_asym_pair_cleanport_latest.pt
Episode 31 complete | agent_samples=5493 | env_steps=2229 | episode_env_steps=116 | episode_agent_samples=302 | mean_reward=-43.207 | success=1/5 | collision=4/5 | mean_final_distance=1.953 | mean_progress=-0.0102 | min_laser=0.316 | mean_lin=0.396 | mean_ang=0.033 | mean_robot_dist=3.596 | raw_reward=-20.000 | adjusted_reward=-20.000 | coop_agents=0/5 | mean_coop_neighbors=0.00 | active_neighbor_step_rate=0.603 | mean_active_neighbors_step=1.632 | max_active_neighbors_step=4 | interaction_reward=-0.0040 | abs_interaction_reward=0.0040 | anti_stag_reward=0.0000 | abs_anti_stag_reward=0.0000 | wall_clear_reward=0.0000 | abs_wall_clear_reward=0.0000 | local_nav_reward=0.0340 | abs_local_nav_reward=0.0892 | context_neighbors_mean=0.00 | context_neighbors_max=0 | context_step_mean=0.00 | context_step_max=0 | actor_unlocked=0 | expl_noise=0.0106 | replay=5493 | samples/sec=4.254
Episode 32 complete | agent_samples=5597 | env_steps=2271 | episode_env_steps=42 | episode_agent_samples=104 | mean_reward=81.260 | success=4/5 | collision=1/5 | mean_final_distance=0.381 | mean_progress=-0.0077 | min_laser=0.338 | mean_lin=0.403 | mean_ang=0.107 | mean_robot_dist=0.637 | raw_reward=-20.000 | adjusted_reward=-20.000 | coop_agents=0/5 | mean_coop_neighbors=0.00 | active_neighbor_step_rate=0.788 | mean_active_neighbors_step=2.288 | max_active_neighbors_step=4 | interaction_reward=0.0000 | abs_interaction_reward=0.0000 | anti_stag_reward=0.0000 | abs_anti_stag_reward=0.0000 | wall_clear_reward=0.0000 | abs_wall_clear_reward=0.0000 | local_nav_reward=0.1083 | abs_local_nav_reward=0.1142 | context_neighbors_mean=0.00 | context_neighbors_max=0 | context_step_mean=0.00 | context_step_max=0 | actor_unlocked=0 | expl_noise=0.0105 | replay=5597 | samples/sec=4.304
Episode 33 complete | agent_samples=5690 | env_steps=2305 | episode_env_steps=34 | episode_agent_samples=93 | mean_reward=33.347 | success=3/5 | collision=2/5 | mean_final_distance=0.964 | mean_progress=0.0098 | min_laser=0.305 | mean_lin=0.414 | mean_ang=0.059 | mean_robot_dist=0.990 | raw_reward=-20.000 | adjusted_reward=-20.000 | coop_agents=0/5 | mean_coop_neighbors=0.00 | active_neighbor_step_rate=0.720 | mean_active_neighbors_step=1.860 | max_active_neighbors_step=4 | interaction_reward=0.0000 | abs_interaction_reward=0.0000 | anti_stag_reward=0.0000 | abs_anti_stag_reward=0.0000 | wall_clear_reward=0.0000 | abs_wall_clear_reward=0.0000 | local_nav_reward=0.1274 | abs_local_nav_reward=0.1274 | context_neighbors_mean=0.00 | context_neighbors_max=0 | context_step_mean=0.00 | context_step_max=0 | actor_unlocked=0 | expl_noise=0.0104 | replay=5690 | samples/sec=4.351
Episode 34 complete | agent_samples=5955 | env_steps=2398 | episode_env_steps=93 | episode_agent_samples=265 | mean_reward=3.267 | success=2/5 | collision=3/5 | mean_final_distance=1.501 | mean_progress=-0.0074 | min_laser=0.301 | mean_lin=0.410 | mean_ang=0.039 | mean_robot_dist=2.150 | raw_reward=-20.000 | adjusted_reward=-20.000 | coop_agents=0/5 | mean_coop_neighbors=0.00 | active_neighbor_step_rate=0.468 | mean_active_neighbors_step=1.242 | max_active_neighbors_step=4 | interaction_reward=-0.0002 | abs_interaction_reward=0.0002 | anti_stag_reward=0.0000 | abs_anti_stag_reward=0.0000 | wall_clear_reward=0.0000 | abs_wall_clear_reward=0.0000 | local_nav_reward=0.0525 | abs_local_nav_reward=0.0872 | context_neighbors_mean=0.00 | context_neighbors_max=0 | context_step_mean=0.00 | context_step_max=0 | actor_unlocked=0 | expl_noise=0.0102 | replay=5955 | samples/sec=4.485
Episode 35 complete | agent_samples=6100 | env_steps=2456 | episode_env_steps=58 | episode_agent_samples=145 | mean_reward=34.244 | success=3/5 | collision=2/5 | mean_final_distance=0.696 | mean_progress=-0.0081 | min_laser=0.335 | mean_lin=0.391 | mean_ang=0.098 | mean_robot_dist=0.620 | raw_reward=-20.000 | adjusted_reward=-20.000 | coop_agents=0/5 | mean_coop_neighbors=0.00 | active_neighbor_step_rate=0.848 | mean_active_neighbors_step=2.207 | max_active_neighbors_step=4 | interaction_reward=-0.0032 | abs_interaction_reward=0.0032 | anti_stag_reward=0.0000 | abs_anti_stag_reward=0.0000 | wall_clear_reward=0.0000 | abs_wall_clear_reward=0.0000 | local_nav_reward=0.0610 | abs_local_nav_reward=0.0985 | context_neighbors_mean=0.00 | context_neighbors_max=0 | context_step_mean=0.00 | context_step_max=0 | actor_unlocked=0 | expl_noise=0.0101 | replay=6100 | samples/sec=4.551
Status | epoch=2 | next_eval_in=3900 agent_samples | checkpoint_every=10 episodes | checkpoint=./checkpoints/TD3_velodyne_multi_v4_curriculum_stage3_asym_three_5_from_stage3_asym_pair_cleanport_latest.pt | model=TD3_velodyne_multi_v4_curriculum_stage3_asym_three_5_from_stage3_asym_pair_cleanport
Episode 36 complete | agent_samples=6292 | env_steps=2550 | episode_env_steps=94 | episode_agent_samples=192 | mean_reward=-61.095 | success=1/5 | collision=4/5 | mean_final_distance=1.781 | mean_progress=-0.0081 | min_laser=0.340 | mean_lin=0.397 | mean_ang=0.059 | mean_robot_dist=0.693 | raw_reward=-20.000 | adjusted_reward=-20.000 | coop_agents=0/5 | mean_coop_neighbors=0.00 | active_neighbor_step_rate=0.500 | mean_active_neighbors_step=1.302 | max_active_neighbors_step=4 | interaction_reward=-0.0025 | abs_interaction_reward=0.0025 | anti_stag_reward=0.0000 | abs_anti_stag_reward=0.0000 | wall_clear_reward=0.0000 | abs_wall_clear_reward=0.0000 | local_nav_reward=0.0245 | abs_local_nav_reward=0.0993 | context_neighbors_mean=0.00 | context_neighbors_max=0 | context_step_mean=0.00 | context_step_max=0 | actor_unlocked=0 | expl_noise=0.0099 | replay=6292 | samples/sec=4.624
Episode 37 complete | agent_samples=6514 | env_steps=2616 | episode_env_steps=66 | episode_agent_samples=222 | mean_reward=-30.265 | success=1/5 | collision=4/5 | mean_final_distance=1.242 | mean_progress=-0.0058 | min_laser=0.300 | mean_lin=0.413 | mean_ang=-0.008 | mean_robot_dist=2.505 | raw_reward=-20.000 | adjusted_reward=-20.000 | coop_agents=0/5 | mean_coop_neighbors=0.00 | active_neighbor_step_rate=0.752 | mean_active_neighbors_step=2.117 | max_active_neighbors_step=4 | interaction_reward=-0.0040 | abs_interaction_reward=0.0040 | anti_stag_reward=0.0000 | abs_anti_stag_reward=0.0000 | wall_clear_reward=0.0000 | abs_wall_clear_reward=0.0000 | local_nav_reward=0.0778 | abs_local_nav_reward=0.0983 | context_neighbors_mean=0.00 | context_neighbors_max=0 | context_step_mean=0.00 | context_step_max=0 | actor_unlocked=0 | expl_noise=0.0098 | replay=6514 | samples/sec=4.738
Episode 38 complete | agent_samples=6678 | env_steps=2700 | episode_env_steps=84 | episode_agent_samples=164 | mean_reward=27.851 | success=3/5 | collision=2/5 | mean_final_distance=0.937 | mean_progress=-0.0086 | min_laser=0.328 | mean_lin=0.390 | mean_ang=0.133 | mean_robot_dist=2.845 | raw_reward=-20.000 | adjusted_reward=-20.000 | coop_agents=0/5 | mean_coop_neighbors=0.00 | active_neighbor_step_rate=0.628 | mean_active_neighbors_step=1.598 | max_active_neighbors_step=4 | interaction_reward=-0.0027 | abs_interaction_reward=0.0027 | anti_stag_reward=0.0000 | abs_anti_stag_reward=0.0000 | wall_clear_reward=0.0000 | abs_wall_clear_reward=0.0000 | local_nav_reward=0.0381 | abs_local_nav_reward=0.0998 | context_neighbors_mean=0.00 | context_neighbors_max=0 | context_step_mean=0.00 | context_step_max=0 | actor_unlocked=0 | expl_noise=0.0096 | replay=6678 | samples/sec=4.794
Episode 39 complete | agent_samples=6875 | env_steps=2795 | episode_env_steps=95 | episode_agent_samples=197 | mean_reward=-61.303 | success=1/5 | collision=4/5 | mean_final_distance=1.794 | mean_progress=-0.0101 | min_laser=0.301 | mean_lin=0.400 | mean_ang=0.070 | mean_robot_dist=0.664 | raw_reward=-20.000 | adjusted_reward=-20.000 | coop_agents=0/5 | mean_coop_neighbors=0.00 | active_neighbor_step_rate=0.508 | mean_active_neighbors_step=1.360 | max_active_neighbors_step=4 | interaction_reward=-0.0023 | abs_interaction_reward=0.0023 | anti_stag_reward=0.0000 | abs_anti_stag_reward=0.0000 | wall_clear_reward=0.0000 | abs_wall_clear_reward=0.0000 | local_nav_reward=0.0227 | abs_local_nav_reward=0.0980 | context_neighbors_mean=0.00 | context_neighbors_max=0 | context_step_mean=0.00 | context_step_max=0 | actor_unlocked=0 | expl_noise=0.0094 | replay=6875 | samples/sec=4.863
Episode 40 complete | agent_samples=7108 | env_steps=2863 | episode_env_steps=68 | episode_agent_samples=233 | mean_reward=-28.236 | success=1/5 | collision=4/5 | mean_final_distance=1.286 | mean_progress=-0.0066 | min_laser=0.300 | mean_lin=0.383 | mean_ang=0.015 | mean_robot_dist=2.745 | raw_reward=-20.000 | adjusted_reward=-20.000 | coop_agents=0/5 | mean_coop_neighbors=0.00 | active_neighbor_step_rate=0.755 | mean_active_neighbors_step=2.112 | max_active_neighbors_step=4 | interaction_reward=-0.0040 | abs_interaction_reward=0.0040 | anti_stag_reward=0.0000 | abs_anti_stag_reward=0.0000 | wall_clear_reward=0.0000 | abs_wall_clear_reward=0.0000 | local_nav_reward=0.0727 | abs_local_nav_reward=0.0939 | context_neighbors_mean=0.00 | context_neighbors_max=0 | context_step_mean=0.00 | context_step_max=0 | actor_unlocked=0 | expl_noise=0.0093 | replay=7108 | samples/sec=4.976
Status | epoch=2 | next_eval_in=2892 agent_samples | checkpoint_every=10 episodes | checkpoint=./checkpoints/TD3_velodyne_multi_v4_curriculum_stage3_asym_three_5_from_stage3_asym_pair_cleanport_latest.pt | model=TD3_velodyne_multi_v4_curriculum_stage3_asym_three_5_from_stage3_asym_pair_cleanport
Checkpoint saved: ./checkpoints/TD3_velodyne_multi_v4_curriculum_stage3_asym_three_5_from_stage3_asym_pair_cleanport_latest.pt
Episode 41 complete | agent_samples=7306 | env_steps=2949 | episode_env_steps=86 | episode_agent_samples=198 | mean_reward=-9.527 | success=2/5 | collision=3/5 | mean_final_distance=1.208 | mean_progress=-0.0133 | min_laser=0.331 | mean_lin=0.407 | mean_ang=0.150 | mean_robot_dist=2.985 | raw_reward=-20.000 | adjusted_reward=-20.000 | coop_agents=0/5 | mean_coop_neighbors=0.00 | active_neighbor_step_rate=0.737 | mean_active_neighbors_step=1.864 | max_active_neighbors_step=4 | interaction_reward=-0.0048 | abs_interaction_reward=0.0048 | anti_stag_reward=0.0000 | abs_anti_stag_reward=0.0000 | wall_clear_reward=0.0000 | abs_wall_clear_reward=0.0000 | local_nav_reward=0.0195 | abs_local_nav_reward=0.0944 | context_neighbors_mean=0.00 | context_neighbors_max=0 | context_step_mean=0.00 | context_step_max=0 | actor_unlocked=0 | expl_noise=0.0091 | replay=7306 | samples/sec=5.048
Episode 42 complete | agent_samples=7454 | env_steps=3023 | episode_env_steps=74 | episode_agent_samples=148 | mean_reward=-16.173 | success=2/5 | collision=3/5 | mean_final_distance=1.496 | mean_progress=-0.0071 | min_laser=0.300 | mean_lin=0.395 | mean_ang=0.058 | mean_robot_dist=3.913 | raw_reward=-20.000 | adjusted_reward=-20.000 | coop_agents=0/5 | mean_coop_neighbors=0.00 | active_neighbor_step_rate=0.561 | mean_active_neighbors_step=1.358 | max_active_neighbors_step=4 | interaction_reward=-0.0018 | abs_interaction_reward=0.0018 | anti_stag_reward=0.0000 | abs_anti_stag_reward=0.0000 | wall_clear_reward=0.0000 | abs_wall_clear_reward=0.0000 | local_nav_reward=0.0447 | abs_local_nav_reward=0.1117 | context_neighbors_mean=0.00 | context_neighbors_max=0 | context_step_mean=0.00 | context_step_max=0 | actor_unlocked=0 | expl_noise=0.0090 | replay=7454 | samples/sec=5.094
Episode 43 complete | agent_samples=7723 | env_steps=3123 | episode_env_steps=100 | episode_agent_samples=269 | mean_reward=11.983 | success=2/5 | collision=3/5 | mean_final_distance=1.021 | mean_progress=-0.0098 | min_laser=0.313 | mean_lin=0.403 | mean_ang=0.096 | mean_robot_dist=1.456 | raw_reward=-20.000 | adjusted_reward=-20.000 | coop_agents=0/5 | mean_coop_neighbors=0.00 | active_neighbor_step_rate=0.550 | mean_active_neighbors_step=1.361 | max_active_neighbors_step=4 | interaction_reward=-0.0043 | abs_interaction_reward=0.0043 | anti_stag_reward=0.0000 | abs_anti_stag_reward=0.0000 | wall_clear_reward=0.0000 | abs_wall_clear_reward=0.0000 | local_nav_reward=0.0743 | abs_local_nav_reward=0.0950 | context_neighbors_mean=0.00 | context_neighbors_max=0 | context_step_mean=0.00 | context_step_max=0 | actor_unlocked=0 | expl_noise=0.0088 | replay=7723 | samples/sec=5.202
Episode 44 complete | agent_samples=7884 | env_steps=3207 | episode_env_steps=84 | episode_agent_samples=161 | mean_reward=27.394 | success=3/5 | collision=2/5 | mean_final_distance=0.925 | mean_progress=-0.0117 | min_laser=0.332 | mean_lin=0.426 | mean_ang=0.130 | mean_robot_dist=2.868 | raw_reward=-20.000 | adjusted_reward=-20.000 | coop_agents=0/5 | mean_coop_neighbors=0.00 | active_neighbor_step_rate=0.646 | mean_active_neighbors_step=1.652 | max_active_neighbors_step=4 | interaction_reward=-0.0027 | abs_interaction_reward=0.0027 | anti_stag_reward=0.0000 | abs_anti_stag_reward=0.0000 | wall_clear_reward=0.0000 | abs_wall_clear_reward=0.0000 | local_nav_reward=0.0379 | abs_local_nav_reward=0.1031 | context_neighbors_mean=0.00 | context_neighbors_max=0 | context_step_mean=0.00 | context_step_max=0 | actor_unlocked=0 | expl_noise=0.0086 | replay=7884 | samples/sec=5.247
Episode 45 complete | agent_samples=7973 | env_steps=3239 | episode_env_steps=32 | episode_agent_samples=89 | mean_reward=34.975 | success=3/5 | collision=2/5 | mean_final_distance=0.953 | mean_progress=0.0102 | min_laser=0.300 | mean_lin=0.416 | mean_ang=0.109 | mean_robot_dist=0.919 | raw_reward=-20.000 | adjusted_reward=-20.000 | coop_agents=0/5 | mean_coop_neighbors=0.00 | active_neighbor_step_rate=0.753 | mean_active_neighbors_step=2.169 | max_active_neighbors_step=4 | interaction_reward=0.0000 | abs_interaction_reward=0.0000 | anti_stag_reward=0.0000 | abs_anti_stag_reward=0.0000 | wall_clear_reward=0.0000 | abs_wall_clear_reward=0.0000 | local_nav_reward=0.1325 | abs_local_nav_reward=0.1325 | context_neighbors_mean=0.00 | context_neighbors_max=0 | context_step_mean=0.00 | context_step_max=0 | actor_unlocked=0 | expl_noise=0.0086 | replay=7973 | samples/sec=5.282
Status | epoch=2 | next_eval_in=2027 agent_samples | checkpoint_every=10 episodes | checkpoint=./checkpoints/TD3_velodyne_multi_v4_curriculum_stage3_asym_three_5_from_stage3_asym_pair_cleanport_latest.pt | model=TD3_velodyne_multi_v4_curriculum_stage3_asym_three_5_from_stage3_asym_pair_cleanport
Episode 46 complete | agent_samples=8148 | env_steps=3313 | episode_env_steps=74 | episode_agent_samples=175 | mean_reward=-48.187 | success=1/5 | collision=4/5 | mean_final_distance=1.830 | mean_progress=-0.0102 | min_laser=0.321 | mean_lin=0.391 | mean_ang=0.027 | mean_robot_dist=0.588 | raw_reward=-20.000 | adjusted_reward=-20.000 | coop_agents=0/5 | mean_coop_neighbors=0.00 | active_neighbor_step_rate=0.749 | mean_active_neighbors_step=2.269 | max_active_neighbors_step=4 | interaction_reward=-0.0050 | abs_interaction_reward=0.0050 | anti_stag_reward=0.0000 | abs_anti_stag_reward=0.0000 | wall_clear_reward=0.0000 | abs_wall_clear_reward=0.0000 | local_nav_reward=0.0561 | abs_local_nav_reward=0.1110 | context_neighbors_mean=0.00 | context_neighbors_max=0 | context_step_mean=0.00 | context_step_max=0 | actor_unlocked=0 | expl_noise=0.0084 | replay=8148 | samples/sec=5.341
Episode 47 complete | agent_samples=8319 | env_steps=3400 | episode_env_steps=87 | episode_agent_samples=171 | mean_reward=26.171 | success=3/5 | collision=2/5 | mean_final_distance=0.981 | mean_progress=-0.0090 | min_laser=0.317 | mean_lin=0.381 | mean_ang=0.010 | mean_robot_dist=3.269 | raw_reward=-20.000 | adjusted_reward=-20.000 | coop_agents=0/5 | mean_coop_neighbors=0.00 | active_neighbor_step_rate=0.608 | mean_active_neighbors_step=1.561 | max_active_neighbors_step=4 | interaction_reward=-0.0020 | abs_interaction_reward=0.0020 | anti_stag_reward=0.0000 | abs_anti_stag_reward=0.0000 | wall_clear_reward=0.0000 | abs_wall_clear_reward=0.0000 | local_nav_reward=0.0318 | abs_local_nav_reward=0.1020 | context_neighbors_mean=0.00 | context_neighbors_max=0 | context_step_mean=0.00 | context_step_max=0 | actor_unlocked=0 | expl_noise=0.0082 | replay=8319 | samples/sec=5.388
Episode 48 complete | agent_samples=8527 | env_steps=3492 | episode_env_steps=92 | episode_agent_samples=208 | mean_reward=-64.339 | success=1/5 | collision=4/5 | mean_final_distance=1.945 | mean_progress=-0.0092 | min_laser=0.300 | mean_lin=0.407 | mean_ang=0.028 | mean_robot_dist=2.617 | raw_reward=-20.000 | adjusted_reward=-20.000 | coop_agents=0/5 | mean_coop_neighbors=0.00 | active_neighbor_step_rate=0.582 | mean_active_neighbors_step=1.202 | max_active_neighbors_step=4 | interaction_reward=-0.0044 | abs_interaction_reward=0.0044 | anti_stag_reward=0.0000 | abs_anti_stag_reward=0.0000 | wall_clear_reward=0.0000 | abs_wall_clear_reward=0.0000 | local_nav_reward=0.0132 | abs_local_nav_reward=0.1001 | context_neighbors_mean=0.00 | context_neighbors_max=0 | context_step_mean=0.00 | context_step_max=0 | actor_unlocked=0 | expl_noise=0.0081 | replay=8527 | samples/sec=5.453
Episode 49 complete | agent_samples=8832 | env_steps=3574 | episode_env_steps=82 | episode_agent_samples=305 | mean_reward=-86.116 | success=0/5 | collision=5/5 | mean_final_distance=2.012 | mean_progress=-0.0120 | min_laser=0.310 | mean_lin=0.417 | mean_ang=0.077 | mean_robot_dist=3.009 | raw_reward=-20.000 | adjusted_reward=-20.000 | coop_agents=0/5 | mean_coop_neighbors=0.00 | active_neighbor_step_rate=0.725 | mean_active_neighbors_step=2.138 | max_active_neighbors_step=4 | interaction_reward=-0.0067 | abs_interaction_reward=0.0067 | anti_stag_reward=0.0000 | abs_anti_stag_reward=0.0000 | wall_clear_reward=0.0000 | abs_wall_clear_reward=0.0000 | local_nav_reward=0.0335 | abs_local_nav_reward=0.0894 | context_neighbors_mean=0.00 | context_neighbors_max=0 | context_step_mean=0.00 | context_step_max=0 | actor_unlocked=0 | expl_noise=0.0079 | replay=8832 | samples/sec=5.585
Episode 50 complete | agent_samples=8966 | env_steps=3619 | episode_env_steps=45 | episode_agent_samples=134 | mean_reward=36.673 | success=3/5 | collision=2/5 | mean_final_distance=0.651 | mean_progress=-0.0117 | min_laser=0.337 | mean_lin=0.394 | mean_ang=0.247 | mean_robot_dist=0.565 | raw_reward=-20.000 | adjusted_reward=-20.000 | coop_agents=0/5 | mean_coop_neighbors=0.00 | active_neighbor_step_rate=0.993 | mean_active_neighbors_step=2.269 | max_active_neighbors_step=4 | interaction_reward=-0.0060 | abs_interaction_reward=0.0060 | anti_stag_reward=0.0000 | abs_anti_stag_reward=0.0000 | wall_clear_reward=0.0000 | abs_wall_clear_reward=0.0000 | local_nav_reward=0.0675 | abs_local_nav_reward=0.0986 | context_neighbors_mean=0.00 | context_neighbors_max=0 | context_step_mean=0.00 | context_step_max=0 | actor_unlocked=0 | expl_noise=0.0078 | replay=8966 | samples/sec=5.635
Status | epoch=2 | next_eval_in=1034 agent_samples | checkpoint_every=10 episodes | checkpoint=./checkpoints/TD3_velodyne_multi_v4_curriculum_stage3_asym_three_5_from_stage3_asym_pair_cleanport_latest.pt | model=TD3_velodyne_multi_v4_curriculum_stage3_asym_three_5_from_stage3_asym_pair_cleanport
Checkpoint saved: ./checkpoints/TD3_velodyne_multi_v4_curriculum_stage3_asym_three_5_from_stage3_asym_pair_cleanport_latest.pt
Episode 51 complete | agent_samples=9085 | env_steps=3663 | episode_env_steps=44 | episode_agent_samples=119 | mean_reward=-10.579 | success=2/5 | collision=3/5 | mean_final_distance=1.237 | mean_progress=-0.0112 | min_laser=0.331 | mean_lin=0.418 | mean_ang=0.066 | mean_robot_dist=0.648 | raw_reward=-20.000 | adjusted_reward=-20.000 | coop_agents=0/5 | mean_coop_neighbors=0.00 | active_neighbor_step_rate=0.597 | mean_active_neighbors_step=1.538 | max_active_neighbors_step=4 | interaction_reward=-0.0007 | abs_interaction_reward=0.0007 | anti_stag_reward=0.0000 | abs_anti_stag_reward=0.0000 | wall_clear_reward=0.0000 | abs_wall_clear_reward=0.0000 | local_nav_reward=0.0783 | abs_local_nav_reward=0.1131 | context_neighbors_mean=0.00 | context_neighbors_max=0 | context_step_mean=0.00 | context_step_max=0 | actor_unlocked=0 | expl_noise=0.0077 | replay=9085 | samples/sec=5.676
Episode 52 complete | agent_samples=9339 | env_steps=3764 | episode_env_steps=101 | episode_agent_samples=254 | mean_reward=-90.478 | success=0/5 | collision=5/5 | mean_final_distance=2.057 | mean_progress=-0.0094 | min_laser=0.315 | mean_lin=0.412 | mean_ang=0.084 | mean_robot_dist=0.647 | raw_reward=-20.000 | adjusted_reward=-20.000 | coop_agents=0/5 | mean_coop_neighbors=0.00 | active_neighbor_step_rate=0.724 | mean_active_neighbors_step=1.965 | max_active_neighbors_step=4 | interaction_reward=-0.0068 | abs_interaction_reward=0.0068 | anti_stag_reward=0.0000 | abs_anti_stag_reward=0.0000 | wall_clear_reward=0.0000 | abs_wall_clear_reward=0.0000 | local_nav_reward=0.0356 | abs_local_nav_reward=0.0964 | context_neighbors_mean=0.00 | context_neighbors_max=0 | context_step_mean=0.00 | context_step_max=0 | actor_unlocked=0 | expl_noise=0.0075 | replay=9339 | samples/sec=5.756
Episode 53 complete | agent_samples=9506 | env_steps=3852 | episode_env_steps=88 | episode_agent_samples=167 | mean_reward=26.407 | success=3/5 | collision=2/5 | mean_final_distance=1.005 | mean_progress=-0.0117 | min_laser=0.336 | mean_lin=0.402 | mean_ang=0.096 | mean_robot_dist=3.431 | raw_reward=-20.000 | adjusted_reward=-20.000 | coop_agents=0/5 | mean_coop_neighbors=0.00 | active_neighbor_step_rate=0.581 | mean_active_neighbors_step=1.497 | max_active_neighbors_step=4 | interaction_reward=-0.0014 | abs_interaction_reward=0.0014 | anti_stag_reward=0.0000 | abs_anti_stag_reward=0.0000 | wall_clear_reward=0.0000 | abs_wall_clear_reward=0.0000 | local_nav_reward=0.0308 | abs_local_nav_reward=0.1028 | context_neighbors_mean=0.00 | context_neighbors_max=0 | context_step_mean=0.00 | context_step_max=0 | actor_unlocked=0 | expl_noise=0.0073 | replay=9506 | samples/sec=5.791
Episode 54 complete | agent_samples=9596 | env_steps=3884 | episode_env_steps=32 | episode_agent_samples=90 | mean_reward=34.453 | success=3/5 | collision=2/5 | mean_final_distance=0.956 | mean_progress=0.0094 | min_laser=0.300 | mean_lin=0.396 | mean_ang=0.102 | mean_robot_dist=0.910 | raw_reward=-20.000 | adjusted_reward=-20.000 | coop_agents=0/5 | mean_coop_neighbors=0.00 | active_neighbor_step_rate=0.756 | mean_active_neighbors_step=2.211 | max_active_neighbors_step=4 | interaction_reward=0.0000 | abs_interaction_reward=0.0000 | anti_stag_reward=0.0000 | abs_anti_stag_reward=0.0000 | wall_clear_reward=0.0000 | abs_wall_clear_reward=0.0000 | local_nav_reward=0.1312 | abs_local_nav_reward=0.1312 | context_neighbors_mean=0.00 | context_neighbors_max=0 | context_step_mean=0.00 | context_step_max=0 | actor_unlocked=0 | expl_noise=0.0073 | replay=9596 | samples/sec=5.821
Episode 55 complete | agent_samples=9815 | env_steps=4000 | episode_env_steps=116 | episode_agent_samples=219 | mean_reward=37.065 | success=3/5 | collision=2/5 | mean_final_distance=1.646 | mean_progress=-0.0123 | min_laser=0.331 | mean_lin=0.425 | mean_ang=0.136 | mean_robot_dist=3.511 | raw_reward=-20.000 | adjusted_reward=-20.000 | coop_agents=0/5 | mean_coop_neighbors=0.00 | active_neighbor_step_rate=0.530 | mean_active_neighbors_step=1.470 | max_active_neighbors_step=4 | interaction_reward=-0.0020 | abs_interaction_reward=0.0020 | anti_stag_reward=0.0000 | abs_anti_stag_reward=0.0000 | wall_clear_reward=0.0000 | abs_wall_clear_reward=0.0000 | local_nav_reward=0.0554 | abs_local_nav_reward=0.1082 | context_neighbors_mean=0.00 | context_neighbors_max=0 | context_step_mean=0.00 | context_step_max=0 | actor_unlocked=0 | expl_noise=0.0070 | replay=9815 | samples/sec=5.866
Status | epoch=2 | next_eval_in=185 agent_samples | checkpoint_every=10 episodes | checkpoint=./checkpoints/TD3_velodyne_multi_v4_curriculum_stage3_asym_three_5_from_stage3_asym_pair_cleanport_latest.pt | model=TD3_velodyne_multi_v4_curriculum_stage3_asym_three_5_from_stage3_asym_pair_cleanport
Episode 56 complete | agent_samples=9925 | env_steps=4043 | episode_env_steps=43 | episode_agent_samples=110 | mean_reward=77.506 | success=4/5 | collision=1/5 | mean_final_distance=0.432 | mean_progress=-0.0103 | min_laser=0.327 | mean_lin=0.390 | mean_ang=0.175 | mean_robot_dist=0.559 | raw_reward=-20.000 | adjusted_reward=-20.000 | coop_agents=0/5 | mean_coop_neighbors=0.00 | active_neighbor_step_rate=0.818 | mean_active_neighbors_step=2.318 | max_active_neighbors_step=4 | interaction_reward=0.0000 | abs_interaction_reward=0.0000 | anti_stag_reward=0.0000 | abs_anti_stag_reward=0.0000 | wall_clear_reward=0.0000 | abs_wall_clear_reward=0.0000 | local_nav_reward=0.1002 | abs_local_nav_reward=0.1080 | context_neighbors_mean=0.00 | context_neighbors_max=0 | context_step_mean=0.00 | context_step_max=0 | actor_unlocked=0 | expl_noise=0.0070 | replay=9925 | samples/sec=5.898
Episode 57 complete | agent_samples=10146 | env_steps=4133 | episode_env_steps=90 | episode_agent_samples=221 | mean_reward=-63.321 | success=1/5 | collision=4/5 | mean_final_distance=2.157 | mean_progress=-0.0102 | min_laser=0.329 | mean_lin=0.404 | mean_ang=0.084 | mean_robot_dist=5.316 | raw_reward=-20.000 | adjusted_reward=-20.000 | coop_agents=0/5 | mean_coop_neighbors=0.00 | active_neighbor_step_rate=0.584 | mean_active_neighbors_step=1.127 | max_active_neighbors_step=4 | interaction_reward=-0.0059 | abs_interaction_reward=0.0059 | anti_stag_reward=0.0000 | abs_anti_stag_reward=0.0000 | wall_clear_reward=0.0000 | abs_wall_clear_reward=0.0000 | local_nav_reward=0.0029 | abs_local_nav_reward=0.0988 | context_neighbors_mean=0.00 | context_neighbors_max=0 | context_step_mean=0.00 | context_step_max=0 | actor_unlocked=0 | expl_noise=0.0068 | replay=10146 | samples/sec=5.961
Validating multi-agent policy at agent_samples=10146 env_steps=4133
... logging to /home/jiutian/.ros/log/e0d52c68-63fe-11f1-836a-bd1fee3d6233/roslaunch-JiuTian-AI4090-3999108.log
Checking log directory for disk usage. This may take a while.
Press Ctrl-C to interrupt
Done checking log file disk usage. Usage is <1GB.
]2;/home/jiutian/Local-Critic-Multi-Robot-Navigation/TD3/assets/multi_robot_scenario_curriculum_stage3_asym_three_5_5.launch
[1mstarted roslaunch server http://localhost:42839/[0m

SUMMARY
========

PARAMETERS
 * /robot_description_r1: <?xml version="1....
 * /robot_description_r2: <?xml version="1....
 * /robot_description_r3: <?xml version="1....
 * /robot_description_r4: <?xml version="1....
 * /robot_description_r5: <?xml version="1....
 * /rosdistro: noetic
 * /rosversion: 1.17.4
 * /use_sim_time: True

NODES
  /
    gazebo (gazebo_ros/gzserver)
    urdf_spawner_r1 (gazebo_ros/spawn_model)
    urdf_spawner_r2 (gazebo_ros/spawn_model)
    urdf_spawner_r3 (gazebo_ros/spawn_model)
    urdf_spawner_r4 (gazebo_ros/spawn_model)
    urdf_spawner_r5 (gazebo_ros/spawn_model)

[1mROS_MASTER_URI=http://localhost:11370/[0m
]2;/home/jiutian/Local-Critic-Multi-Robot-Navigation/TD3/assets/multi_robot_scenario_curriculum_stage3_asym_three_5_5.launch http://localhost:11370/
[1mprocess[gazebo-1]: started with pid [3999297][0m
[1mprocess[urdf_spawner_r1-2]: started with pid [3999300][0m
[1mprocess[urdf_spawner_r2-3]: started with pid [3999303][0m
[1mprocess[urdf_spawner_r3-4]: started with pid [3999304][0m
[1mprocess[urdf_spawner_r4-5]: started with pid [3999305][0m
[1mprocess[urdf_spawner_r5-6]: started with pid [3999306][0m
[1m[urdf_spawner_r2-3] process has finished cleanly
log file: /home/jiutian/.ros/log/e0d52c68-63fe-11f1-836a-bd1fee3d6233/urdf_spawner_r2-3*.log[0m
[1m[urdf_spawner_r1-2] process has finished cleanly
log file: /home/jiutian/.ros/log/e0d52c68-63fe-11f1-836a-bd1fee3d6233/urdf_spawner_r1-2*.log[0m
[1m[urdf_spawner_r4-5] process has finished cleanly
log file: /home/jiutian/.ros/log/e0d52c68-63fe-11f1-836a-bd1fee3d6233/urdf_spawner_r4-5*.log[0m
[1m[urdf_spawner_r5-6] process has finished cleanly
log file: /home/jiutian/.ros/log/e0d52c68-63fe-11f1-836a-bd1fee3d6233/urdf_spawner_r5-6*.log[0m
[1m[urdf_spawner_r3-4] process has finished cleanly
log file: /home/jiutian/.ros/log/e0d52c68-63fe-11f1-836a-bd1fee3d6233/urdf_spawner_r3-4*.log[0m
[gazebo-1] killing on exit
shutting down processing monitor...
... shutting down processing monitor complete
[1mdone[0m
Traceback (most recent call last):
  File "train_velodyne_td3_multi.py", line 1083, in <module>
    last_eval_summary = evaluate(
  File "train_velodyne_td3_multi.py", line 56, in evaluate
    next_states, rewards, dones, targets, collisions = env.step(
  File "/home/jiutian/Local-Critic-Multi-Robot-Navigation/TD3/multi_agent_velodyne_env.py", line 981, in step
    rospy.wait_for_service("/gazebo/pause_physics")
  File "/opt/ros/noetic/lib/python3/dist-packages/rospy/impl/tcpros_service.py", line 166, in wait_for_service
    raise ROSInterruptException("rospy shutdown")
rospy.exceptions.ROSInterruptException: rospy shutdown
