Activated DRL robot navigation Python environment.
Python: Python 3.8.10
Venv: /home/jiutian/venvs/drl-robot-nav
==============================================
Multi-agent capacity check
PID: 580524
Launchfile: multi_robot_scenario_capacity_10.launch
Agent names: r1, r2, r3, r4, r5, r6, r7, r8, r9, r10
Episodes: 1
Steps per episode: 10
Weak coupling layout: True
==============================================
Roscore launched!
Unable to register with master node [http://localhost:11341]: master may not be running yet. Will keep trying.
Gazebo launched!
INFO: cannot create a symlink to latest log directory: [Errno 2] No such file or directory: '/home/jiutian/.ros/log/latest'
[INFO] [1779195627.542639, 0.000000]: Loading model XML from ros parameter robot_description_r4
[INFO] [1779195627.547247, 0.000000]: Waiting for service /gazebo/spawn_urdf_model
[INFO] [1779195627.850402, 0.000000]: Calling service /gazebo/spawn_urdf_model
[INFO] [1779195628.678471, 0.371000]: Spawn status: SpawnModel: Successfully spawned entity
[WARN] [1779195628.791458895, 0.371000000]: DiffDrive(ns = /r4/): missing <publishOdomTF> default is true
[WARN] [1779195628.791784274, 0.371000000]: GazeboRosDiffDrive Plugin (ns = ) missing <publishTf>, defaults to 1
[INFO] [1779195627.681330964]: Finished loading Gazebo ROS API Plugin.
[INFO] [1779195627.681716804]: waitForService: Service [/gazebo/set_physics_properties] has not been advertised, waiting...
[INFO] [1779195627.803953315, 0.203000000]: waitForService: Service [/gazebo/set_physics_properties] is now available.
[INFO] [1779195627.812101062, 0.211000000]: Physics dynamic reconfigure ready.
[INFO] [1779195628.075404749, 0.371000000]: Laser Plugin: The 'robotNamespace' param was empty
[INFO] [1779195628.075426482, 0.371000000]: Starting Laser Plugin (ns = r4)
[INFO] [1779195628.075794339, 0.371000000]: Laser Plugin (ns = r4)  <tf_prefix_>, set to ""
[INFO] [1779195628.680886825, 0.371000000]: Velodyne laser plugin missing <min_intensity>, defaults to no clipping
[INFO] [1779195628.681881278, 0.371000000]: Velodyne laser plugin ready, 16 lasers
[INFO] [1779195628.790511843, 0.371000000]: Starting plugin DiffDrive(ns = /r4/)
[INFO] [1779195628.790639497, 0.371000000]: DiffDrive(ns = /r4/): <rosDebugLevel> = Debug
[INFO] [1779195628.791287893, 0.371000000]: DiffDrive(ns = /r4/): <tf_prefix> = 
[DEBUG] [1779195628.791352357, 0.371000000]: DiffDrive(ns = /r4/): <commandTopic> = cmd_vel
[DEBUG] [1779195628.791367241, 0.371000000]: DiffDrive(ns = /r4/): <odometryTopic> = odom
[DEBUG] [1779195628.791381373, 0.371000000]: DiffDrive(ns = /r4/): <odometryFrame> = odom
[DEBUG] [1779195628.791397204, 0.371000000]: DiffDrive(ns = /r4/): <robotBaseFrame> = base_link
[DEBUG] [1779195628.791442673, 0.371000000]: DiffDrive(ns = /r4/): <publishWheelTF> = false
[DEBUG] [1779195628.791507571, 0.371000000]: DiffDrive(ns = /r4/): <publishWheelJointState> = true
[DEBUG] [1779195628.791566597, 0.371000000]: DiffDrive(ns = /r4/): <wheelSeparation> = 0.29999999999999999
[DEBUG] [1779195628.791584103, 0.371000000]: DiffDrive(ns = /r4/): <wheelDiameter> = 0.17999999999999999
[DEBUG] [1779195628.791602792, 0.371000000]: DiffDrive(ns = /r4/): <wheelAcceleration> = 1.8
[DEBUG] [1779195628.791622413, 0.371000000]: DiffDrive(ns = /r4/): <wheelTorque> = 20
[DEBUG] [1779195628.791640203, 0.371000000]: DiffDrive(ns = /r4/): <updateRate> = 50
[DEBUG] [1779195628.791703106, 0.371000000]: DiffDrive(ns = /r4/): <odometrySource> = world := 1
[DEBUG] [1779195628.791740630, 0.371000000]: DiffDrive(ns = /r4/): <leftJoint> = left_hub_joint
[DEBUG] [1779195628.791757821, 0.371000000]: DiffDrive(ns = /r4/): <rightJoint> = right_hub_joint
[INFO] [1779195628.792433383, 0.371000000]: DiffDrive(ns = /r4/): Advertise joint_states
[INFO] [1779195628.792976658, 0.371000000]: DiffDrive(ns = /r4/): Try to subscribe to cmd_vel
[INFO] [1779195628.794571833, 0.371000000]: DiffDrive(ns = /r4/): Subscribe to cmd_vel
[INFO] [1779195628.794885767, 0.371000000]: DiffDrive(ns = /r4/): Advertise odom on odom 
[INFO] [1779195628.801036709, 0.371000000]: GazeboRosJointStatePublisher is going to publish joint: chassis_swivel_joint
[INFO] [1779195628.801048959, 0.371000000]: GazeboRosJointStatePublisher is going to publish joint: swivel_wheel_joint
[INFO] [1779195628.801056424, 0.371000000]: GazeboRosJointStatePublisher is going to publish joint: left_hub_joint
[INFO] [1779195628.801062834, 0.371000000]: GazeboRosJointStatePublisher is going to publish joint: right_hub_joint
[INFO] [1779195628.801072249, 0.371000000]: Starting GazeboRosJointStatePublisher Plugin (ns = /r4/)!, parent name: r4
[DEBUG] [1779195628.832118291, 0.392000000]: Trying to publish message of type [nav_msgs/Odometry/cd5e73d190d741a2f92e81eda573aca7] on a publisher with type [nav_msgs/Odometry/cd5e73d190d741a2f92e81eda573aca7]
[DEBUG] [1779195628.832152732, 0.392000000]: Trying to publish message of type [sensor_msgs/JointState/3066dcd76a6cfaef579bd0f34173e9fd] on a publisher with type [sensor_msgs/JointState/3066dcd76a6cfaef579bd0f34173e9fd]
[INFO] [1779195629.087149968, 0.556000000]: Laser Plugin: The 'robotNamespace' param was empty
[INFO] [1779195629.087171101, 0.556000000]: Starting Laser Plugin (ns = r5)
[INFO] [1779195629.087678589, 0.556000000]: Laser Plugin (ns = r5)  <tf_prefix_>, set to ""
[INFO] [1779195629.69[WARN] [1779195629.700608721, 0.556000000]: DiffDrive(ns = /r5/): missing <publishOdomTF> default is true
[WARN] [1779195629.700669313, 0.556000000]: GazeboRosDiffDrive Plugin (ns = ) missing <publishTf>, defaults to 1
[INFO] [1779195627.565588, 0.000000]: Loading model XML from ros parameter robot_description_r5
[INFO] [1779195627.568134, 0.000000]: Waiting for service /gazebo/spawn_urdf_model
[INFO] [1779195627.872124, 0.000000]: Calling service /gazebo/spawn_urdf_model
[INFO] [1779195629.700484, 0.556000]: Spawn status: SpawnModel: Successfully spawned entity
[WARN] [1779195630.614502754, 0.728000000]: DiffDrive(ns = /r8/): missing <publishOdomTF> default is true
9126733, 0.556000000]: Velodyne laser plugin missing <min_intensity>, defaults to no clipping
[INFO] [1779195629.699885065, 0.556000000]: Velodyne laser plugin ready, 16 lasers
[INFO] [1779195629.700385021, 0.556000000]: Starting plugin DiffDrive(ns = /r5/)
[DEBUG] [1779195629.700394583, 0.556000000]: DiffDrive(ns = /r5/): <rosDebugLevel> = Debug
[INFO] [1779195629.700403884, 0.556000000]: DiffDrive(ns = /r5/): <rosDebugLevel> = Debug
[INFO] [1779195629.700581660, 0.556000000]: DiffDrive(ns = /r5/): <tf_prefix> = 
[DEBUG] [1779195629.700586185, 0.556000000]: DiffDrive(ns = /r5/): <commandTopic> = cmd_vel
[DEBUG] [1779195629.700589893, 0.556000000]: DiffDrive(ns = /r5/): <odometryTopic> = odom
[DEBUG] [1779195629.700594946, 0.556000000]: DiffDrive(ns = /r5/): <odometryFrame> = odom
[DEBUG] [1779195629.700600321, 0.556000000]: DiffDrive(ns = /r5/): <robotBaseFrame> = base_link
[DEBUG] [1779195629.700605070, 0.556000000]: DiffDrive(ns = /r5/): <publishWheelTF> = false
[DEBUG] [1779195629.700619733, 0.556000000]: DiffDrive(ns = /r5/): <publishWheelJointState> = true
[DEBUG] [1779195629.700626446, 0.556000000]: DiffDrive(ns = /r5/): <wheelSeparation> = 0.29999999999999999
[DEBUG] [1779195629.700631237, 0.556000000]: DiffDrive(ns = /r5/): <wheelDiameter> = 0.17999999999999999
[DEBUG] [1779195629.700636775, 0.556000000]: DiffDrive(ns = /r5/): <wheelAcceleration> = 1.8
[DEBUG] [1779195629.700641888, 0.556000000]: DiffDrive(ns = /r5/): <wheelTorque> = 20
[DEBUG] [1779195629.700647397, 0.556000000]: DiffDrive(ns = /r5/): <updateRate> = 50
[DEBUG] [1779195629.700652979, 0.556000000]: DiffDrive(ns = /r5/): <odometrySource> = world := 1
[DEBUG] [1779195629.700657366, 0.556000000]: DiffDrive(ns = /r5/): <leftJoint> = left_hub_joint
[DEBUG] [1779195629.700661232, 0.556000000]: DiffDrive(ns = /r5/): <rightJoint> = right_hub_joint
[INFO] [1779195629.700881921, 0.556000000]: DiffDrive(ns = /r5/): Advertise joint_states
[INFO] [1779195629.700889750, 0.556000000]: DiffDrive(ns = /r5/): Try to subscribe to cmd_vel
[INFO] [1779195629.701926864, 0.556000000]: DiffDrive(ns = /r5/): Subscribe to cmd_vel
[INFO] [1779195629.702158810, 0.556000000]: DiffDrive(ns = /r5/): Advertise odom on odom 
[INFO] [1779195629.702218724, 0.556000000]: GazeboRosJointStatePublisher is going to publish joint: chassis_swivel_joint
[INFO] [1779195629.702222575, 0.556000000]: GazeboRosJointStatePublisher is going to publish joint: swivel_wheel_joint
[INFO] [1779195629.702226009, 0.556000000]: GazeboRosJointStatePublisher is going to publish joint: left_hub_joint
[INFO] [1779195629.702230366, 0.556000000]: GazeboRosJointStatePublisher is going to publish joint: right_hub_joint
[INFO] [1779195629.702233822, 0.556000000]: Starting GazeboRosJointStatePublisher Plugin (ns = /r5/)!, parent name: r5
[INFO] [1779195629.988058407, 0.728000000]: Laser Plugin: The 'robotNamespace' param was empty
[INFO] [1779195629.988082234, 0.728000000]: Starting Laser Plugin (ns = r8)
[INFO] [1779195629.988974299, 0.728000000]: Laser Plugin (ns = r8)  <tf_prefix_>, set to ""
[INFO] [1779195630.612301770, 0.728000000]: Velodyne laser plugin missing <min_intensity>, defaults to no clipping
[INFO] [1779195630.612887089, 0.728000000]: Velodyne laser plugin ready, 16 lasers
[INFO] [1779195630.614279057, 0.728000000]: Starting plugin DiffDrive(ns = /r8/)
[DEBUG] [1779195630.614288478, 0.728000000]: DiffDrive(ns = /r8/): <rosDebugLevel> = Debug
[INFO] [1779195630.614298173, 0.728000000]: DiffDrive(ns = /r8/): <rosDebugLevel> = Debug
[INFO] [1779195630.614476600, 0.728000000]: DiffDrive(ns = /r8/): <tf_prefix> = 
[DEBUG] [1779195630.614480932, 0.728000000]: DiffDrive(ns = /r8/): <commandTopic> = cmd_vel
[DEBUG] [1779195630.614484223, 0.728000000]: DiffDrive(ns = /r8/): <odometryTopic> = odom
[DEBUG] [1779195630.614488631, 0.728000000]: DiffDrive(ns = /r8/): <odometryFrame> = odom
[DEBUG] [1779195630.614493350, 0.728000000]: DiffDrive(ns = /r8/): <robotBaseFrame> = base_link
[DEBUG] [1779195630.614498408, 0.728000000]: DiffDrive(ns = /r8/): <publishWheelTF> = false
[DEBUG] [1779195630.614515058, 0.728[WARN] [1779195630.614567732, 0.728000000]: GazeboRosDiffDrive Plugin (ns = ) missing <publishTf>, defaults to 1
[INFO] [1779195627.572839, 0.000000]: Loading model XML from ros parameter robot_description_r8
[INFO] [1779195627.575449, 0.000000]: Waiting for service /gazebo/spawn_urdf_model
[INFO] [1779195627.877217, 0.273000]: Calling service /gazebo/spawn_urdf_model
[INFO] [1779195630.614234, 0.728000]: Spawn status: SpawnModel: Successfully spawned entity
[INFO] [1779195627.633181, 0.000000]: Loading model XML from ros parameter robot_description_r1
[INFO] [1779195627.636350, 0.000000]: Waiting for service /gazebo/spawn_urdf_model
[INFO] [1779195627.938864, 0.334000]: Calling service /gazebo/spawn_urdf_model
[INFO] [1779195631.522850, 0.889000]: Spawn status: SpawnModel: Successfully spawned entity
[WARN] [1779195631.523643016, 0.889000000]: DiffDrive(ns = /r1/): missing <publishOdomTF> default is true
[WARN] [1779195631.523708388, 0.889000000]: GazeboRosDiffDrive Plugin (ns = ) missing <publishTf>, defaults to 1
000000]: DiffDrive(ns = /r8/): <publishWheelJointState> = true
[DEBUG] [1779195630.614527071, 0.728000000]: DiffDrive(ns = /r8/): <wheelSeparation> = 0.29999999999999999
[DEBUG] [1779195630.614532033, 0.728000000]: DiffDrive(ns = /r8/): <wheelDiameter> = 0.17999999999999999
[DEBUG] [1779195630.614537994, 0.728000000]: DiffDrive(ns = /r8/): <wheelAcceleration> = 1.8
[DEBUG] [1779195630.614543533, 0.728000000]: DiffDrive(ns = /r8/): <wheelTorque> = 20
[DEBUG] [1779195630.614548661, 0.728000000]: DiffDrive(ns = /r8/): <updateRate> = 50
[DEBUG] [1779195630.614555263, 0.728000000]: DiffDrive(ns = /r8/): <odometrySource> = world := 1
[DEBUG] [1779195630.614558881, 0.728000000]: DiffDrive(ns = /r8/): <leftJoint> = left_hub_joint
[DEBUG] [1779195630.614562926, 0.728000000]: DiffDrive(ns = /r8/): <rightJoint> = right_hub_joint
[INFO] [1779195630.614863419, 0.728000000]: DiffDrive(ns = /r8/): Advertise joint_states
[INFO] [1779195630.614884766, 0.728000000]: DiffDrive(ns = /r8/): Try to subscribe to cmd_vel
[INFO] [1779195630.615617439, 0.728000000]: DiffDrive(ns = /r8/): Subscribe to cmd_vel
[INFO] [1779195630.615884269, 0.728000000]: DiffDrive(ns = /r8/): Advertise odom on odom 
[INFO] [1779195630.615948167, 0.728000000]: GazeboRosJointStatePublisher is going to publish joint: chassis_swivel_joint
[INFO] [1779195630.615952673, 0.728000000]: GazeboRosJointStatePublisher is going to publish joint: swivel_wheel_joint
[INFO] [1779195630.615956192, 0.728000000]: GazeboRosJointStatePublisher is going to publish joint: left_hub_joint
[INFO] [1779195630.615961737, 0.728000000]: GazeboRosJointStatePublisher is going to publish joint: right_hub_joint
[INFO] [1779195630.615965410, 0.728000000]: Starting GazeboRosJointStatePublisher Plugin (ns = /r8/)!, parent name: r8
[INFO] [1779195630.909883729, 0.889000000]: Laser Plugin: The 'robotNamespace' param was empty
[INFO] [1779195630.909899031, 0.889000000]: Starting Laser Plugin (ns = r1)
[INFO] [1779195630.910338749, 0.889000000]: Laser Plugin (ns = r1)  <tf_prefix_>, set to ""
[INFO] [1779195631.521528441, 0.889000000]: Velodyne laser plugin missing <min_intensity>, defaults to no clipping
[INFO] [1779195631.522527769, 0.889000000]: Velodyne laser plugin ready, 16 lasers
[INFO] [1779195631.522938818, 0.889000000]: Starting plugin DiffDrive(ns = /r1/)
[DEBUG] [1779195631.522948673, 0.889000000]: DiffDrive(ns = /r1/): <rosDebugLevel> = Debug
[INFO] [1779195631.522958629, 0.889000000]: DiffDrive(ns = /r1/): <rosDebugLevel> = Debug
[INFO] [1779195631.523607621, 0.889000000]: DiffDrive(ns = /r1/): <tf_prefix> = 
[DEBUG] [1779195631.523618592, 0.889000000]: DiffDrive(ns = /r1/): <commandTopic> = cmd_vel
[DEBUG] [1779195631.523622589, 0.889000000]: DiffDrive(ns = /r1/): <odometryTopic> = odom
[DEBUG] [1779195631.523628441, 0.889000000]: DiffDrive(ns = /r1/): <odometryFrame> = odom
[DEBUG] [1779195631.523633246, 0.889000000]: DiffDrive(ns = /r1/): <robotBaseFrame> = base_link
[DEBUG] [1779195631.523637768, 0.889000000]: DiffDrive(ns = /r1/): <publishWheelTF> = false
[DEBUG] [1779195631.523653571, 0.889000000]: DiffDrive(ns = /r1/): <publishWheelJointState> = true
[DEBUG] [1779195631.523663916, 0.889000000]: DiffDrive(ns = /r1/): <wheelSeparation> = 0.29999999999999999
[DEBUG] [1779195631.523668935, 0.889000000]: DiffDrive(ns = /r1/): <wheelDiameter> = 0.17999999999999999
[DEBUG] [1779195631.523674356, 0.889000000]: DiffDrive(ns = /r1/): <wheelAcceleration> = 1.8
[DEBUG] [1779195631.523679488, 0.889000000]: DiffDrive(ns = /r1/): <wheelTorque> = 20
[DEBUG] [1779195631.523684734, 0.889000000]: DiffDrive(ns = /r1/): <updateRate> = 50
[DEBUG] [1779195631.523691668, 0.889000000]: DiffDrive(ns = /r1/): <odometrySource> = world := 1
[DEBUG] [1779195631.523696356, 0.889000000]: DiffDrive(ns = /r1/): <leftJoint> = left_hub_joint
[DEBUG] [1779195631.523701004, 0.889000000]: DiffDrive(ns = /r1/): <rightJoint> = right_hub_joint
[INFO] [1779195631.524242794, 0.889000000]: DiffDrive(ns = /r1/): Advertise joint_states
[INFO] [1779195631.524259797, 0.889000000]: DiffDrive(ns = /r1/): Try to subscribe to cmd_vel
[IN[WARN] [1779195632.439076497, 1.030000000]: DiffDrive(ns = /r3/): missing <publishOdomTF> default is true
[WARN] [1779195632.439128225, 1.030000000]: GazeboRosDiffDrive Plugin (ns = ) missing <publishTf>, defaults to 1
[INFO] [1779195627.633396, 0.000000]: Loading model XML from ros parameter robot_description_r3
[INFO] [1779195627.637422, 0.000000]: Waiting for service /gazebo/spawn_urdf_model
[INFO] [1779195627.939430, 0.334000]: Calling service /gazebo/spawn_urdf_model
[INFO] [1779195632.438398, 1.030000]: Spawn status: SpawnModel: Successfully spawned entity
FO] [1779195631.525534000, 0.889000000]: DiffDrive(ns = /r1/): Subscribe to cmd_vel
[INFO] [1779195631.525821633, 0.889000000]: DiffDrive(ns = /r1/): Advertise odom on odom 
[INFO] [1779195631.525885747, 0.889000000]: GazeboRosJointStatePublisher is going to publish joint: chassis_swivel_joint
[INFO] [1779195631.525890626, 0.889000000]: GazeboRosJointStatePublisher is going to publish joint: swivel_wheel_joint
[INFO] [1779195631.525895608, 0.889000000]: GazeboRosJointStatePublisher is going to publish joint: left_hub_joint
[INFO] [1779195631.525899121, 0.889000000]: GazeboRosJointStatePublisher is going to publish joint: right_hub_joint
[INFO] [1779195631.525902791, 0.889000000]: Starting GazeboRosJointStatePublisher Plugin (ns = /r1/)!, parent name: r1
[INFO] [1779195631.815741385, 1.030000000]: Laser Plugin: The 'robotNamespace' param was empty
[INFO] [1779195631.815767451, 1.030000000]: Starting Laser Plugin (ns = r3)
[INFO] [1779195631.816259700, 1.030000000]: Laser Plugin (ns = r3)  <tf_prefix_>, set to ""
[INFO] [1779195632.436943304, 1.030000000]: Velodyne laser plugin missing <min_intensity>, defaults to no clipping
[INFO] [1779195632.437862945, 1.030000000]: Velodyne laser plugin ready, 16 lasers
[INFO] [1779195632.438501530, 1.030000000]: Starting plugin DiffDrive(ns = /r3/)
[DEBUG] [1779195632.438511593, 1.030000000]: DiffDrive(ns = /r3/): <rosDebugLevel> = Debug
[INFO] [1779195632.438521539, 1.030000000]: DiffDrive(ns = /r3/): <rosDebugLevel> = Debug
[INFO] [1779195632.439052941, 1.030000000]: DiffDrive(ns = /r3/): <tf_prefix> = 
[DEBUG] [1779195632.439058162, 1.030000000]: DiffDrive(ns = /r3/): <commandTopic> = cmd_vel
[DEBUG] [1779195632.439061537, 1.030000000]: DiffDrive(ns = /r3/): <odometryTopic> = odom
[DEBUG] [1779195632.439065264, 1.030000000]: DiffDrive(ns = /r3/): <odometryFrame> = odom
[DEBUG] [1779195632.439068715, 1.030000000]: DiffDrive(ns = /r3/): <robotBaseFrame> = base_link
[DEBUG] [1779195632.439073297, 1.030000000]: DiffDrive(ns = /r3/): <publishWheelTF> = false
[DEBUG] [1779195632.439088524, 1.030000000]: DiffDrive(ns = /r3/): <publishWheelJointState> = true
[DEBUG] [1779195632.439094639, 1.030000000]: DiffDrive(ns = /r3/): <wheelSeparation> = 0.29999999999999999
[DEBUG] [1779195632.439098677, 1.030000000]: DiffDrive(ns = /r3/): <wheelDiameter> = 0.17999999999999999
[DEBUG] [1779195632.439103209, 1.030000000]: DiffDrive(ns = /r3/): <wheelAcceleration> = 1.8
[DEBUG] [1779195632.439107109, 1.030000000]: DiffDrive(ns = /r3/): <wheelTorque> = 20
[DEBUG] [1779195632.439110881, 1.030000000]: DiffDrive(ns = /r3/): <updateRate> = 50
[DEBUG] [1779195632.439116036, 1.030000000]: DiffDrive(ns = /r3/): <odometrySource> = world := 1
[DEBUG] [1779195632.439119784, 1.030000000]: DiffDrive(ns = /r3/): <leftJoint> = left_hub_joint
[DEBUG] [1779195632.439123504, 1.030000000]: DiffDrive(ns = /r3/): <rightJoint> = right_hub_joint
[INFO] [1779195632.439419178, 1.030000000]: DiffDrive(ns = /r3/): Advertise joint_states
[INFO] [1779195632.439431029, 1.030000000]: DiffDrive(ns = /r3/): Try to subscribe to cmd_vel
[INFO] [1779195632.440382035, 1.030000000]: DiffDrive(ns = /r3/): Subscribe to cmd_vel
[INFO] [1779195632.440500447, 1.030000000]: DiffDrive(ns = /r3/): Advertise odom on odom 
[INFO] [1779195632.440561633, 1.030000000]: GazeboRosJointStatePublisher is going to publish joint: chassis_swivel_joint
[INFO] [1779195632.440566035, 1.030000000]: GazeboRosJointStatePublisher is going to publish joint: swivel_wheel_joint
[INFO] [1779195632.440569734, 1.030000000]: GazeboRosJointStatePublisher is going to publish joint: left_hub_joint
[INFO] [1779195632.440575049, 1.030000000]: GazeboRosJointStatePublisher is going to publish joint: right_hub_joint
[INFO] [1779195632.440580133, 1.030000000]: Starting GazeboRosJointStatePublisher Plugin (ns = /r3/)!, parent name: r3
[INFO] [1779195632.725400818, 1.148000000]: Laser Plugin: The 'robotNamespace' param was empty
[INFO] [1779195632.725422796, 1.148000000]: Starting Laser Plugin (ns = r2)
[INFO] [1779195632.725801928, 1.148000000]: Laser Plugin (ns = r2)  <tf_prefix_>,[WARN] [1779195633.352558041, 1.148000000]: DiffDrive(ns = /r2/): missing <publishOdomTF> default is true
[WARN] [1779195633.352621949, 1.148000000]: GazeboRosDiffDrive Plugin (ns = ) missing <publishTf>, defaults to 1
[INFO] [1779195627.633600, 0.000000]: Loading model XML from ros parameter robot_description_r2
[INFO] [1779195627.636472, 0.000000]: Waiting for service /gazebo/spawn_urdf_model
[INFO] [1779195627.939455, 0.334000]: Calling service /gazebo/spawn_urdf_model
[INFO] [1779195633.352256, 1.148000]: Spawn status: SpawnModel: Successfully spawned entity
 set to ""
[INFO] [1779195633.350447269, 1.148000000]: Velodyne laser plugin missing <min_intensity>, defaults to no clipping
[INFO] [1779195633.351299420, 1.148000000]: Velodyne laser plugin ready, 16 lasers
[INFO] [1779195633.352231916, 1.148000000]: Starting plugin DiffDrive(ns = /r2/)
[DEBUG] [1779195633.352244071, 1.148000000]: DiffDrive(ns = /r2/): <rosDebugLevel> = Debug
[INFO] [1779195633.352254499, 1.148000000]: DiffDrive(ns = /r2/): <rosDebugLevel> = Debug
[INFO] [1779195633.352529695, 1.148000000]: DiffDrive(ns = /r2/): <tf_prefix> = 
[DEBUG] [1779195633.352534504, 1.148000000]: DiffDrive(ns = /r2/): <commandTopic> = cmd_vel
[DEBUG] [1779195633.352539557, 1.148000000]: DiffDrive(ns = /r2/): <odometryTopic> = odom
[DEBUG] [1779195633.352544143, 1.148000000]: DiffDrive(ns = /r2/): <odometryFrame> = odom
[DEBUG] [1779195633.352548472, 1.148000000]: DiffDrive(ns = /r2/): <robotBaseFrame> = base_link
[DEBUG] [1779195633.352553736, 1.148000000]: DiffDrive(ns = /r2/): <publishWheelTF> = false
[DEBUG] [1779195633.352571137, 1.148000000]: DiffDrive(ns = /r2/): <publishWheelJointState> = true
[DEBUG] [1779195633.352578222, 1.148000000]: DiffDrive(ns = /r2/): <wheelSeparation> = 0.29999999999999999
[DEBUG] [1779195633.352583378, 1.148000000]: DiffDrive(ns = /r2/): <wheelDiameter> = 0.17999999999999999
[DEBUG] [1779195633.352588703, 1.148000000]: DiffDrive(ns = /r2/): <wheelAcceleration> = 1.8
[DEBUG] [1779195633.352593878, 1.148000000]: DiffDrive(ns = /r2/): <wheelTorque> = 20
[DEBUG] [1779195633.352598593, 1.148000000]: DiffDrive(ns = /r2/): <updateRate> = 50
[DEBUG] [1779195633.352605138, 1.148000000]: DiffDrive(ns = /r2/): <odometrySource> = world := 1
[DEBUG] [1779195633.352609835, 1.148000000]: DiffDrive(ns = /r2/): <leftJoint> = left_hub_joint
[DEBUG] [1779195633.352615539, 1.148000000]: DiffDrive(ns = /r2/): <rightJoint> = right_hub_joint
[INFO] [1779195633.352977930, 1.148000000]: DiffDrive(ns = /r2/): Advertise joint_states
[INFO] [1779195633.352986622, 1.148000000]: DiffDrive(ns = /r2/): Try to subscribe to cmd_vel
[INFO] [1779195633.354334426, 1.148000000]: DiffDrive(ns = /r2/): Subscribe to cmd_vel
[INFO] [1779195633.354573052, 1.148000000]: DiffDrive(ns = /r2/): Advertise odom on odom 
[INFO] [1779195633.354630312, 1.148000000]: GazeboRosJointStatePublisher is going to publish joint: chassis_swivel_joint
[INFO] [1779195633.354635708, 1.148000000]: GazeboRosJointStatePublisher is going to publish joint: swivel_wheel_joint
[INFO] [1779195633.354641284, 1.148000000]: GazeboRosJointStatePublisher is going to publish joint: left_hub_joint
[INFO] [1779195633.354645541, 1.148000000]: GazeboRosJointStatePublisher is going to publish joint: right_hub_joint
[INFO] [1779195633.354651354, 1.148000000]: Starting GazeboRosJointStatePublisher Plugin (ns = /r2/)!, parent name: r2
[INFO] [1779195633.639373747, 1.265000000]: Laser Plugin: The 'robotNamespace' param was empty
[INFO] [1779195633.639400518, 1.265000000]: Starting Laser Plugin (ns = r10)
[INFO] [1779195633.640055784, 1.265000000]: Laser Plugin (ns = r10)  <tf_prefix_>, set to ""
[INFO] [1779195634.266406739, 1.265000000]: Velodyne laser plugin missing <min_intensity>, defaults to no clipping
[INFO] [1779195634.267172501, 1.265000000]: Velodyne laser plugin ready, 16 lasers
[INFO] [1779195634.267575299, 1.265000000]: Starting plugin DiffDrive(ns = /r10/)
[DEBUG] [1779195634.267586573, 1.265000000]: DiffDrive(ns = /r10/): <rosDebugLevel> = Debug
[INFO] [1779195634.267598277, 1.265000000]: DiffDrive(ns = /r10/): <rosDebugLevel> = Debug
[INFO] [1779195634.267823705, 1.265000000]: DiffDrive(ns = /r10/): <tf_prefix> = 
[DEBUG] [1779195634.267828808, 1.265000000]: DiffDrive(ns = /r10/): <commandTopic> = cmd_vel
[DEBUG] [1779195634.267832364, 1.265000000]: DiffDrive(ns = /r10/): <odometryTopic> = odom
[DEBUG] [1779195634.267837955, 1.265000000]: DiffDrive(ns = /r10/): <odometryFrame> = odom
[DEBUG] [1779195634.267843354, 1.265000000]: DiffDrive(ns = /r10/): <robotBaseFrame> = base_link
[DEBUG] [1779195634.267850500, 1.265000000]: DiffDrive(ns = /r10/): <publishWheelTF> =[WARN] [1779195634.267866709, 1.265000000]: DiffDrive(ns = /r10/): missing <publishOdomTF> default is true
[WARN] [1779195634.267937220, 1.265000000]: GazeboRosDiffDrive Plugin (ns = ) missing <publishTf>, defaults to 1
[INFO] [1779195627.658520, 0.000000]: Loading model XML from ros parameter robot_description_r10
[INFO] [1779195627.662838, 0.000000]: Waiting for service /gazebo/spawn_urdf_model
[INFO] [1779195627.965083, 0.359000]: Calling service /gazebo/spawn_urdf_model
[INFO] [1779195634.267496, 1.265000]: Spawn status: SpawnModel: Successfully spawned entity
[WARN] [1779195635.173499003, 1.375000000]: DiffDrive(ns = /r6/): missing <publishOdomTF> default is true
[WARN] [1779195635.173583640, 1.375000000]: GazeboRosDiffDrive Plugin (ns = ) missing <publishTf>, defaults to 1
[INFO] [1779195627.661239, 0.000000]: Loading model XML from ros parameter robot_description_r6
[INFO] [1779195627.665462, 0.000000]: Waiting for service /gazebo/spawn_urdf_model
[INFO] [1779195627.968000, 0.362000]: Calling service /gazebo/spawn_urdf_model
[INFO] [1779195635.172982, 1.375000]: Spawn status: SpawnModel: Successfully spawned entity
 false
[DEBUG] [1779195634.267875078, 1.265000000]: DiffDrive(ns = /r10/): <publishWheelJointState> = true
[DEBUG] [1779195634.267884306, 1.265000000]: DiffDrive(ns = /r10/): <wheelSeparation> = 0.29999999999999999
[DEBUG] [1779195634.267890423, 1.265000000]: DiffDrive(ns = /r10/): <wheelDiameter> = 0.17999999999999999
[DEBUG] [1779195634.267898393, 1.265000000]: DiffDrive(ns = /r10/): <wheelAcceleration> = 1.8
[DEBUG] [1779195634.267905555, 1.265000000]: DiffDrive(ns = /r10/): <wheelTorque> = 20
[DEBUG] [1779195634.267912652, 1.265000000]: DiffDrive(ns = /r10/): <updateRate> = 50
[DEBUG] [1779195634.267921125, 1.265000000]: DiffDrive(ns = /r10/): <odometrySource> = world := 1
[DEBUG] [1779195634.267925256, 1.265000000]: DiffDrive(ns = /r10/): <leftJoint> = left_hub_joint
[DEBUG] [1779195634.267931517, 1.265000000]: DiffDrive(ns = /r10/): <rightJoint> = right_hub_joint
[INFO] [1779195634.268135357, 1.265000000]: DiffDrive(ns = /r10/): Advertise joint_states
[INFO] [1779195634.268143074, 1.265000000]: DiffDrive(ns = /r10/): Try to subscribe to cmd_vel
[INFO] [1779195634.268986194, 1.265000000]: DiffDrive(ns = /r10/): Subscribe to cmd_vel
[INFO] [1779195634.269104825, 1.265000000]: DiffDrive(ns = /r10/): Advertise odom on odom 
[INFO] [1779195634.269168856, 1.265000000]: GazeboRosJointStatePublisher is going to publish joint: chassis_swivel_joint
[INFO] [1779195634.269173936, 1.265000000]: GazeboRosJointStatePublisher is going to publish joint: swivel_wheel_joint
[INFO] [1779195634.269179462, 1.265000000]: GazeboRosJointStatePublisher is going to publish joint: left_hub_joint
[INFO] [1779195634.269183330, 1.265000000]: GazeboRosJointStatePublisher is going to publish joint: right_hub_joint
[INFO] [1779195634.269189258, 1.265000000]: Starting GazeboRosJointStatePublisher Plugin (ns = /r10/)!, parent name: r10
[INFO] [1779195634.553340417, 1.375000000]: Laser Plugin: The 'robotNamespace' param was empty
[INFO] [1779195634.553368977, 1.375000000]: Starting Laser Plugin (ns = r6)
[INFO] [1779195634.553743929, 1.375000000]: Laser Plugin (ns = r6)  <tf_prefix_>, set to ""
[INFO] [1779195635.171490909, 1.375000000]: Velodyne laser plugin missing <min_intensity>, defaults to no clipping
[INFO] [1779195635.172152190, 1.375000000]: Velodyne laser plugin ready, 16 lasers
[INFO] [1779195635.173113669, 1.375000000]: Starting plugin DiffDrive(ns = /r6/)
[DEBUG] [1779195635.173126688, 1.375000000]: DiffDrive(ns = /r6/): <rosDebugLevel> = Debug
[INFO] [1779195635.173138113, 1.375000000]: DiffDrive(ns = /r6/): <rosDebugLevel> = Debug
[INFO] [1779195635.173452871, 1.375000000]: DiffDrive(ns = /r6/): <tf_prefix> = 
[DEBUG] [1779195635.173465571, 1.375000000]: DiffDrive(ns = /r6/): <commandTopic> = cmd_vel
[DEBUG] [1779195635.173472252, 1.375000000]: DiffDrive(ns = /r6/): <odometryTopic> = odom
[DEBUG] [1779195635.173477107, 1.375000000]: DiffDrive(ns = /r6/): <odometryFrame> = odom
[DEBUG] [1779195635.173484340, 1.375000000]: DiffDrive(ns = /r6/): <robotBaseFrame> = base_link
[DEBUG] [1779195635.173491704, 1.375000000]: DiffDrive(ns = /r6/): <publishWheelTF> = false
[DEBUG] [1779195635.173514072, 1.375000000]: DiffDrive(ns = /r6/): <publishWheelJointState> = true
[DEBUG] [1779195635.173525114, 1.375000000]: DiffDrive(ns = /r6/): <wheelSeparation> = 0.29999999999999999
[DEBUG] [1779195635.173531376, 1.375000000]: DiffDrive(ns = /r6/): <wheelDiameter> = 0.17999999999999999
[DEBUG] [1779195635.173539246, 1.375000000]: DiffDrive(ns = /r6/): <wheelAcceleration> = 1.8
[DEBUG] [1779195635.173545976, 1.375000000]: DiffDrive(ns = /r6/): <wheelTorque> = 20
[DEBUG] [1779195635.173553539, 1.375000000]: DiffDrive(ns = /r6/): <updateRate> = 50
[DEBUG] [1779195635.173562239, 1.375000000]: DiffDrive(ns = /r6/): <odometrySource> = world := 1
[DEBUG] [1779195635.173567724, 1.375000000]: DiffDrive(ns = /r6/): <leftJoint> = left_hub_joint
[DEBUG] [1779195635.173574357, 1.375000000]: DiffDrive(ns = /r6/): <rightJoint> = right_hub_joint
[INFO] [1779195635.173870845, 1.375000000]: DiffDrive(ns = /r6/): Advertise joint_states
[INFO] [1779195635.173888063, 1.3750000[WARN] [1779195636.084199643, 1.465000000]: DiffDrive(ns = /r7/): missing <publishOdomTF> default is true
[WARN] [1779195636.084279842, 1.465000000]: GazeboRosDiffDrive Plugin (ns = ) missing <publishTf>, defaults to 1
[INFO] [1779195627.664868, 0.000000]: Loading model XML from ros parameter robot_description_r7
[INFO] [1779195627.667324, 0.000000]: Waiting for service /gazebo/spawn_urdf_model
[INFO] [1779195627.969300, 0.362000]: Calling service /gazebo/spawn_urdf_model
[INFO] [1779195636.084069, 1.465000]: Spawn status: SpawnModel: Successfully spawned entity
00]: DiffDrive(ns = /r6/): Try to subscribe to cmd_vel
[INFO] [1779195635.174960336, 1.375000000]: DiffDrive(ns = /r6/): Subscribe to cmd_vel
[INFO] [1779195635.175080934, 1.375000000]: DiffDrive(ns = /r6/): Advertise odom on odom 
[INFO] [1779195635.175153585, 1.375000000]: GazeboRosJointStatePublisher is going to publish joint: chassis_swivel_joint
[INFO] [1779195635.175159332, 1.375000000]: GazeboRosJointStatePublisher is going to publish joint: swivel_wheel_joint
[INFO] [1779195635.175165657, 1.375000000]: GazeboRosJointStatePublisher is going to publish joint: left_hub_joint
[INFO] [1779195635.175171238, 1.375000000]: GazeboRosJointStatePublisher is going to publish joint: right_hub_joint
[INFO] [1779195635.175176598, 1.375000000]: Starting GazeboRosJointStatePublisher Plugin (ns = /r6/)!, parent name: r6
[INFO] [1779195635.463635119, 1.465000000]: Laser Plugin: The 'robotNamespace' param was empty
[INFO] [1779195635.463655837, 1.465000000]: Starting Laser Plugin (ns = r7)
[INFO] [1779195635.464003164, 1.465000000]: Laser Plugin (ns = r7)  <tf_prefix_>, set to ""
[INFO] [1779195636.082127355, 1.465000000]: Velodyne laser plugin missing <min_intensity>, defaults to no clipping
[INFO] [1779195636.082706924, 1.465000000]: Velodyne laser plugin ready, 16 lasers
[INFO] [1779195636.083943156, 1.465000000]: Starting plugin DiffDrive(ns = /r7/)
[DEBUG] [1779195636.083954533, 1.465000000]: DiffDrive(ns = /r7/): <rosDebugLevel> = Debug
[INFO] [1779195636.083964187, 1.465000000]: DiffDrive(ns = /r7/): <rosDebugLevel> = Debug
[INFO] [1779195636.084160805, 1.465000000]: DiffDrive(ns = /r7/): <tf_prefix> = 
[DEBUG] [1779195636.084166373, 1.465000000]: DiffDrive(ns = /r7/): <commandTopic> = cmd_vel
[DEBUG] [1779195636.084171001, 1.465000000]: DiffDrive(ns = /r7/): <odometryTopic> = odom
[DEBUG] [1779195636.084177987, 1.465000000]: DiffDrive(ns = /r7/): <odometryFrame> = odom
[DEBUG] [1779195636.084184127, 1.465000000]: DiffDrive(ns = /r7/): <robotBaseFrame> = base_link
[DEBUG] [1779195636.084191185, 1.465000000]: DiffDrive(ns = /r7/): <publishWheelTF> = false
[DEBUG] [1779195636.084212597, 1.465000000]: DiffDrive(ns = /r7/): <publishWheelJointState> = true
[DEBUG] [1779195636.084221996, 1.465000000]: DiffDrive(ns = /r7/): <wheelSeparation> = 0.29999999999999999
[DEBUG] [1779195636.084228808, 1.465000000]: DiffDrive(ns = /r7/): <wheelDiameter> = 0.17999999999999999
[DEBUG] [1779195636.084236373, 1.465000000]: DiffDrive(ns = /r7/): <wheelAcceleration> = 1.8
[DEBUG] [1779195636.084242617, 1.465000000]: DiffDrive(ns = /r7/): <wheelTorque> = 20
[DEBUG] [1779195636.084250552, 1.465000000]: DiffDrive(ns = /r7/): <updateRate> = 50
[DEBUG] [1779195636.084259100, 1.465000000]: DiffDrive(ns = /r7/): <odometrySource> = world := 1
[DEBUG] [1779195636.084265189, 1.465000000]: DiffDrive(ns = /r7/): <leftJoint> = left_hub_joint
[DEBUG] [1779195636.084272610, 1.465000000]: DiffDrive(ns = /r7/): <rightJoint> = right_hub_joint
[INFO] [1779195636.084653565, 1.465000000]: DiffDrive(ns = /r7/): Advertise joint_states
[INFO] [1779195636.084665448, 1.465000000]: DiffDrive(ns = /r7/): Try to subscribe to cmd_vel
[INFO] [1779195636.085380179, 1.465000000]: DiffDrive(ns = /r7/): Subscribe to cmd_vel
[INFO] [1779195636.085503733, 1.465000000]: DiffDrive(ns = /r7/): Advertise odom on odom 
[INFO] [1779195636.085579850, 1.465000000]: GazeboRosJointStatePublisher is going to publish joint: chassis_swivel_joint
[INFO] [1779195636.085585935, 1.465000000]: GazeboRosJointStatePublisher is going to publish joint: swivel_wheel_joint
[INFO] [1779195636.085590326, 1.465000000]: GazeboRosJointStatePublisher is going to publish joint: left_hub_joint
[INFO] [1779195636.085596783, 1.465000000]: GazeboRosJointStatePublisher is going to publish joint: right_hub_joint
[INFO] [1779195636.085604191, 1.465000000]: Starting GazeboRosJointStatePublisher Plugin (ns = /r7/)!, parent name: r7
[INFO] [1779195636.372052335, 1.553000000]: Laser Plugin: The 'robotNamespace' param was empty
[INFO] [1779195636.372074040, 1.553000000]: Starting Laser Plugin (ns = r9)
[INFO] [1779195636.3725[WARN] [1779195636.990806027, 1.553000000]: DiffDrive(ns = /r9/): missing <publishOdomTF> default is true
[WARN] [1779195636.990886685, 1.553000000]: GazeboRosDiffDrive Plugin (ns = ) missing <publishTf>, defaults to 1
[INFO] [1779195627.677008, 0.000000]: Loading model XML from ros parameter robot_description_r9
[INFO] [1779195627.679506, 0.000000]: Waiting for service /gazebo/spawn_urdf_model
[INFO] [1779195627.981907, 0.362000]: Calling service /gazebo/spawn_urdf_model
[INFO] [1779195636.990103, 1.553000]: Spawn status: SpawnModel: Successfully spawned entity
Episode 1 reset failed: Could not place goal for r9 with clearance 1.2. Placed 8/10 goals. The map may be too crowded for this robot count.
==============================================
Capacity check summary
num_agents: 10
successful_resets: 0
reset_failures: 1
env_steps: 0
env_steps_per_sec: 0.000
success_rate: 0.000
collision_rate: 0.000
timeout_rate: 0.000
==============================================
44350, 1.553000000]: Laser Plugin (ns = r9)  <tf_prefix_>, set to ""
[INFO] [1779195636.988680101, 1.553000000]: Velodyne laser plugin missing <min_intensity>, defaults to no clipping
[INFO] [1779195636.989261170, 1.553000000]: Velodyne laser plugin ready, 16 lasers
[INFO] [1779195636.990237501, 1.553000000]: Starting plugin DiffDrive(ns = /r9/)
[DEBUG] [1779195636.990249956, 1.553000000]: DiffDrive(ns = /r9/): <rosDebugLevel> = Debug
[INFO] [1779195636.990260707, 1.553000000]: DiffDrive(ns = /r9/): <rosDebugLevel> = Debug
[INFO] [1779195636.990757453, 1.553000000]: DiffDrive(ns = /r9/): <tf_prefix> = 
[DEBUG] [1779195636.990771120, 1.553000000]: DiffDrive(ns = /r9/): <commandTopic> = cmd_vel
[DEBUG] [1779195636.990778055, 1.553000000]: DiffDrive(ns = /r9/): <odometryTopic> = odom
[DEBUG] [1779195636.990784571, 1.553000000]: DiffDrive(ns = /r9/): <odometryFrame> = odom
[DEBUG] [1779195636.990792375, 1.553000000]: DiffDrive(ns = /r9/): <robotBaseFrame> = base_link
[DEBUG] [1779195636.990799663, 1.553000000]: DiffDrive(ns = /r9/): <publishWheelTF> = false
[DEBUG] [1779195636.990820294, 1.553000000]: DiffDrive(ns = /r9/): <publishWheelJointState> = true
[DEBUG] [1779195636.990830443, 1.553000000]: DiffDrive(ns = /r9/): <wheelSeparation> = 0.29999999999999999
[DEBUG] [1779195636.990836741, 1.553000000]: DiffDrive(ns = /r9/): <wheelDiameter> = 0.17999999999999999
[DEBUG] [1779195636.990841659, 1.553000000]: DiffDrive(ns = /r9/): <wheelAcceleration> = 1.8
[DEBUG] [1779195636.990849014, 1.553000000]: DiffDrive(ns = /r9/): <wheelTorque> = 20
[DEBUG] [1779195636.990855831, 1.553000000]: DiffDrive(ns = /r9/): <updateRate> = 50
[DEBUG] [1779195636.990865529, 1.553000000]: DiffDrive(ns = /r9/): <odometrySource> = world := 1
[DEBUG] [1779195636.990873112, 1.553000000]: DiffDrive(ns = /r9/): <leftJoint> = left_hub_joint
[DEBUG] [1779195636.990877980, 1.553000000]: DiffDrive(ns = /r9/): <rightJoint> = right_hub_joint
[INFO] [1779195636.991047775, 1.553000000]: DiffDrive(ns = /r9/): Advertise joint_states
[INFO] [1779195636.991058684, 1.553000000]: DiffDrive(ns = /r9/): Try to subscribe to cmd_vel
[INFO] [1779195636.991553245, 1.553000000]: DiffDrive(ns = /r9/): Subscribe to cmd_vel
[INFO] [1779195636.991666398, 1.553000000]: DiffDrive(ns = /r9/): Advertise odom on odom 
[INFO] [1779195636.991730120, 1.553000000]: GazeboRosJointStatePublisher is going to publish joint: chassis_swivel_joint
[INFO] [1779195636.991735466, 1.553000000]: GazeboRosJointStatePublisher is going to publish joint: swivel_wheel_joint
[INFO] [1779195636.991739386, 1.553000000]: GazeboRosJointStatePublisher is going to publish joint: left_hub_joint
[INFO] [1779195636.991746763, 1.553000000]: GazeboRosJointStatePublisher is going to publish joint: right_hub_joint
[INFO] [1779195636.991750767, 1.553000000]: Starting GazeboRosJointStatePublisher Plugin (ns = /r9/)!, parent name: r9
Error in XmlRpcClient::writeRequest: write error (Connection refused).
Error in XmlRpcDispatch::work: couldn't find source iterator
Error in XmlRpcClient::writeRequest: write error (Connection refused).
Error in XmlRpcDispatch::work: couldn't find source iterator
Error in XmlRpcClient::writeRequest: write error (Connection refused).
Error in XmlRpcDispatch::work: couldn't find source iterator
Error in XmlRpcClient::writeRequest: write error (Connection refused).
Error in XmlRpcDispatch::work: couldn't find source iterator
Error in XmlRpcClient::writeRequest: write error (Connection refused).
Error in XmlRpcDispatch::work: couldn't find source iterator
... logging to /home/jiutian/.ros/log/b3c18bd6-5382-11f1-836a-bd1fee3d6233/roslaunch-JiuTian-AI4090-580687.log
Checking log directory for disk usage. This may take a while.
Press Ctrl-C to interrupt
Done checking log file disk usage. Usage is <1GB.
]2;roscore
[1mstarted roslaunch server http://localhost:44749/[0m
ros_comm version 1.17.4


SUMMARY
========

PARAMETERS
 * /rosdistro: noetic
 * /rosversion: 1.17.4

NODES

auto-starting new master
[1mprocess[master]: started with pid [580759][0m
[1mROS_MASTER_URI=http://localhost:11341/[0m
]2;roscore http://localhost:11341/
[1msetting /run_id to b3c18bd6-5382-11f1-836a-bd1fee3d6233[0m
[1mprocess[rosout-1]: started with pid [580820][0m
started core service [/rosout]
[rosout-1] killing on exit
[master] killing on exit
shutting down processing monitor...
... shutting down processing monitor complete
[1mdone[0m
... logging to /home/jiutian/.ros/log/b3c18bd6-5382-11f1-836a-bd1fee3d6233/roslaunch-JiuTian-AI4090-580858.log
Checking log directory for disk usage. This may take a while.
Press Ctrl-C to interrupt
Done checking log file disk usage. Usage is <1GB.
]2;/home/jiutian/DRL-robot-navigation/TD3/assets/multi_robot_scenario_capacity_10.launch
[1mstarted roslaunch server http://localhost:46765/[0m

SUMMARY
========

PARAMETERS
 * /robot_description_r10: <?xml version="1....
 * /robot_description_r1: <?xml version="1....
 * /robot_description_r2: <?xml version="1....
 * /robot_description_r3: <?xml version="1....
 * /robot_description_r4: <?xml version="1....
 * /robot_description_r5: <?xml version="1....
 * /robot_description_r6: <?xml version="1....
 * /robot_description_r7: <?xml version="1....
 * /robot_description_r8: <?xml version="1....
 * /robot_description_r9: <?xml version="1....
 * /rosdistro: noetic
 * /rosversion: 1.17.4
 * /use_sim_time: True

NODES
  /
    gazebo (gazebo_ros/gzserver)
    urdf_spawner_r1 (gazebo_ros/spawn_model)
    urdf_spawner_r10 (gazebo_ros/spawn_model)
    urdf_spawner_r2 (gazebo_ros/spawn_model)
    urdf_spawner_r3 (gazebo_ros/spawn_model)
    urdf_spawner_r4 (gazebo_ros/spawn_model)
    urdf_spawner_r5 (gazebo_ros/spawn_model)
    urdf_spawner_r6 (gazebo_ros/spawn_model)
    urdf_spawner_r7 (gazebo_ros/spawn_model)
    urdf_spawner_r8 (gazebo_ros/spawn_model)
    urdf_spawner_r9 (gazebo_ros/spawn_model)

[1mROS_MASTER_URI=http://localhost:11341/[0m
]2;/home/jiutian/DRL-robot-navigation/TD3/assets/multi_robot_scenario_capacity_10.launch http://localhost:11341/
[1mprocess[gazebo-1]: started with pid [581856][0m
[1mprocess[urdf_spawner_r1-2]: started with pid [581860][0m
[1mprocess[urdf_spawner_r2-3]: started with pid [581864][0m
[1mprocess[urdf_spawner_r3-4]: started with pid [581865][0m
[1mprocess[urdf_spawner_r4-5]: started with pid [581867][0m
[1mprocess[urdf_spawner_r5-6]: started with pid [581869][0m
[1mprocess[urdf_spawner_r6-7]: started with pid [581871][0m
[1mprocess[urdf_spawner_r7-8]: started with pid [581872][0m
[1mprocess[urdf_spawner_r8-9]: started with pid [581874][0m
[1mprocess[urdf_spawner_r9-10]: started with pid [581875][0m
[1mprocess[urdf_spawner_r10-11]: started with pid [581877][0m
[1m[urdf_spawner_r4-5] process has finished cleanly
log file: /home/jiutian/.ros/log/b3c18bd6-5382-11f1-836a-bd1fee3d6233/urdf_spawner_r4-5*.log[0m
[1m[urdf_spawner_r5-6] process has finished cleanly
log file: /home/jiutian/.ros/log/b3c18bd6-5382-11f1-836a-bd1fee3d6233/urdf_spawner_r5-6*.log[0m
[1m[urdf_spawner_r8-9] process has finished cleanly
log file: /home/jiutian/.ros/log/b3c18bd6-5382-11f1-836a-bd1fee3d6233/urdf_spawner_r8-9*.log[0m
[1m[urdf_spawner_r1-2] process has finished cleanly
log file: /home/jiutian/.ros/log/b3c18bd6-5382-11f1-836a-bd1fee3d6233/urdf_spawner_r1-2*.log[0m
[1m[urdf_spawner_r3-4] process has finished cleanly
log file: /home/jiutian/.ros/log/b3c18bd6-5382-11f1-836a-bd1fee3d6233/urdf_spawner_r3-4*.log[0m
[1m[urdf_spawner_r2-3] process has finished cleanly
log file: /home/jiutian/.ros/log/b3c18bd6-5382-11f1-836a-bd1fee3d6233/urdf_spawner_r2-3*.log[0m
[1m[urdf_spawner_r10-11] process has finished cleanly
log file: /home/jiutian/.ros/log/b3c18bd6-5382-11f1-836a-bd1fee3d6233/urdf_spawner_r10-11*.log[0m
[1m[urdf_spawner_r6-7] process has finished cleanly
log file: /home/jiutian/.ros/log/b3c18bd6-5382-11f1-836a-bd1fee3d6233/urdf_spawner_r6-7*.log[0m
[1m[urdf_spawner_r7-8] process has finished cleanly
log file: /home/jiutian/.ros/log/b3c18bd6-5382-11f1-836a-bd1fee3d6233/urdf_spawner_r7-8*.log[0m
[1m[urdf_spawner_r9-10] process has finished cleanly
log file: /home/jiutian/.ros/log/b3c18bd6-5382-11f1-836a-bd1fee3d6233/urdf_spawner_r9-10*.log[0m
[gazebo-1] killing on exit
shutting down processing monitor...
... shutting down processing monitor complete
[1mdone[0m
