Activated DRL robot navigation Python environment.
Python: Python 3.8.10
Venv: /home/jiutian/venvs/drl-robot-nav
Curriculum scenario enabled: 4 cases loaded
Roscore launched!
Unable to register with master node [http://localhost:11367]: master may not be running yet. Will keep trying.
Gazebo launched!
[INFO] [1780380875.347318, 0.000000]: Loading model XML from ros parameter robot_description_r2
[INFO] [1780380875.351372, 0.000000]: Waiting for service /gazebo/spawn_urdf_model
[INFO] [1780380875.653238, 0.363000]: Calling service /gazebo/spawn_urdf_model
[INFO] [1780380876.363662, 0.371000]: Spawn status: SpawnModel: Successfully spawned entity
[WARN] [1780380876.468690340, 0.371000000]: GazeboRosDiffDrive Plugin (ns = ) missing <publishTf>, defaults to 1
[INFO] [1780380875.364340250]: Finished loading Gazebo ROS API Plugin.
[INFO] [1780380875.364677002]: waitForService: Service [/gazebo/set_physics_properties] has not been advertised, waiting...
[INFO] [1780380875.487308805, 0.202000000]: waitForService: Service [/gazebo/set_physics_properties] is now available.
[INFO] [1780380875.497825917, 0.212000000]: Physics dynamic reconfigure ready.
[INFO] [1780380875.751675552, 0.371000000]: Laser Plugin: The 'robotNamespace' param was empty
[INFO] [1780380875.751697376, 0.371000000]: Starting Laser Plugin (ns = r2)
[INFO] [1780380875.752172088, 0.371000000]: Laser Plugin (ns = r2)  <tf_prefix_>, set to ""
[INFO] [1780380876.365971417, 0.371000000]: Velodyne laser plugin missing <min_intensity>, defaults to no clipping
[INFO] [1780380876.366794716, 0.371000000]: Velodyne laser plugin ready, 16 lasers
[INFO] [1780380876.468039746, 0.371000000]: Starting plugin DiffDrive(ns = /r2/)
[INFO] [1780380876.468087751, 0.371000000]: DiffDrive(ns = /r2/): <rosDebugLevel> = Debug
[INFO] [1780380876.468533670, 0.371000000]: DiffDrive(ns = /r2/): <tf_prefix> = 
[DEBUG] [1780380876.468556803, 0.371000000]: DiffDrive(ns = /r2/): <commandTopic> = cmd_vel
[DEBUG] [1780380876.468560994, 0.371000000]: DiffDrive(ns = /r2/): <odometryTopic> = odom
[DEBUG] [1780380876.468564711, 0.371000000]: DiffDrive(ns = /r2/): <odometryFrame> = odom
[DEBUG] [1780380876.468567874, 0.371000000]: DiffDrive(ns = /r2/): <robotBaseFrame> = base_link
[DEBUG] [1780380876.468584514, 0.371000000]: DiffDrive(ns = /r2/): <publishWheelTF> = false
[DEBUG] [1780380876.468588612, 0.371000000]: DiffDrive(ns = /r2/): <publishOdomTF> = false
[DEBUG] [1780380876.468592432, 0.371000000]: DiffDrive(ns = /r2/): <publishWheelJointState> = true
[DEBUG] [1780380876.468618432, 0.371000000]: DiffDrive(ns = /r2/): <wheelSeparation> = 0.29999999999999999
[DEBUG] [1780380876.468623810, 0.371000000]: DiffDrive(ns = /r2/): <wheelDiameter> = 0.17999999999999999
[DEBUG] [1780380876.468629084, 0.371000000]: DiffDrive(ns = /r2/): <wheelAcceleration> = 1.8
[DEBUG] [1780380876.468634356, 0.371000000]: DiffDrive(ns = /r2/): <wheelTorque> = 20
[DEBUG] [1780380876.468639074, 0.371000000]: DiffDrive(ns = /r2/): <updateRate> = 50
[DEBUG] [1780380876.468663128, 0.371000000]: DiffDrive(ns = /r2/): <odometrySource> = world := 1
[DEBUG] [1780380876.468674888, 0.371000000]: DiffDrive(ns = /r2/): <leftJoint> = left_hub_joint
[DEBUG] [1780380876.468680402, 0.371000000]: DiffDrive(ns = /r2/): <rightJoint> = right_hub_joint
[INFO] [1780380876.469195408, 0.371000000]: DiffDrive(ns = /r2/): Advertise joint_states
[INFO] [1780380876.469578154, 0.371000000]: DiffDrive(ns = /r2/): Try to subscribe to cmd_vel
[INFO] [1780380876.470390817, 0.371000000]: DiffDrive(ns = /r2/): Subscribe to cmd_vel
[INFO] [1780380876.470605596, 0.371000000]: DiffDrive(ns = /r2/): Advertise odom on odom 
[INFO] [1780380876.474332246, 0.371000000]: GazeboRosJointStatePublisher is going to publish joint: chassis_swivel_joint
[INFO] [1780380876.474340842, 0.371000000]: GazeboRosJointStatePublisher is going to publish joint: swivel_wheel_joint
[INFO] [1780380876.474344776, 0.371000000]: GazeboRosJointStatePublisher is going to publish joint: left_hub_joint
[INFO] [1780380876.474350001, 0.371000000]: GazeboRosJointStatePublisher is going to publish joint: right_hub_joint
[INFO] [1780380876.474355508, 0.371000000]: Starting GazeboRosJointStatePublisher Plugin (ns = /r2/)!, parent name: r2
[DEBUG] [1780380876.500215290, 0.392000000]: Trying to publish message of type [nav_msgs/Odometry/cd5e73d190d741a2f92e81eda573aca7] on a publisher with type [nav_msgs/Odometry/cd5e73d190d741a2f92e81eda573aca7]
[DEBUG] [1780380876.500244072, 0.392000000]: Trying to publish message of type [sensor_msgs/JointState/3066dcd76a6cfaef579bd0f34173e9fd] on a publisher with type [sensor_msgs/JointState/3066dcd76a6cfaef579bd0f34173e9fd]
[INFO] [1780380876.756880127, 0.561000000]: Laser Plugin: The 'robotNamespace' param was empty
[INFO] [1780380876.756906140, 0.561000000]: Starting Laser Plugin (ns = r1)
[INFO] [1780380876.757[WARN] [1780380877.392238092, 0.561000000]: GazeboRosDiffDrive Plugin (ns = ) missing <publishTf>, defaults to 1
[INFO] [1780380875.350801, 0.000000]: Loading model XML from ros parameter robot_description_r1
[INFO] [1780380875.353486, 0.000000]: Waiting for service /gazebo/spawn_urdf_model
[INFO] [1780380875.655279, 0.365000]: Calling service /gazebo/spawn_urdf_model
[INFO] [1780380877.391780, 0.561000]: Spawn status: SpawnModel: Successfully spawned entity
425548, 0.561000000]: Laser Plugin (ns = r1)  <tf_prefix_>, set to ""
[INFO] [1780380877.389934622, 0.561000000]: Velodyne laser plugin missing <min_intensity>, defaults to no clipping
[INFO] [1780380877.390877689, 0.561000000]: Velodyne laser plugin ready, 16 lasers
[INFO] [1780380877.391851646, 0.561000000]: Starting plugin DiffDrive(ns = /r1/)
[DEBUG] [1780380877.391860559, 0.561000000]: DiffDrive(ns = /r1/): <rosDebugLevel> = Debug
[INFO] [1780380877.391870762, 0.561000000]: DiffDrive(ns = /r1/): <rosDebugLevel> = Debug
[INFO] [1780380877.392159429, 0.561000000]: DiffDrive(ns = /r1/): <tf_prefix> = 
[DEBUG] [1780380877.392163668, 0.561000000]: DiffDrive(ns = /r1/): <commandTopic> = cmd_vel
[DEBUG] [1780380877.392168115, 0.561000000]: DiffDrive(ns = /r1/): <odometryTopic> = odom
[DEBUG] [1780380877.392171617, 0.561000000]: DiffDrive(ns = /r1/): <odometryFrame> = odom
[DEBUG] [1780380877.392176169, 0.561000000]: DiffDrive(ns = /r1/): <robotBaseFrame> = base_link
[DEBUG] [1780380877.392181574, 0.561000000]: DiffDrive(ns = /r1/): <publishWheelTF> = false
[DEBUG] [1780380877.392185539, 0.561000000]: DiffDrive(ns = /r1/): <publishOdomTF> = false
[DEBUG] [1780380877.392190273, 0.561000000]: DiffDrive(ns = /r1/): <publishWheelJointState> = true
[DEBUG] [1780380877.392197996, 0.561000000]: DiffDrive(ns = /r1/): <wheelSeparation> = 0.29999999999999999
[DEBUG] [1780380877.392203095, 0.561000000]: DiffDrive(ns = /r1/): <wheelDiameter> = 0.17999999999999999
[DEBUG] [1780380877.392209236, 0.561000000]: DiffDrive(ns = /r1/): <wheelAcceleration> = 1.8
[DEBUG] [1780380877.392213994, 0.561000000]: DiffDrive(ns = /r1/): <wheelTorque> = 20
[DEBUG] [1780380877.392218369, 0.561000000]: DiffDrive(ns = /r1/): <updateRate> = 50
[DEBUG] [1780380877.392223984, 0.561000000]: DiffDrive(ns = /r1/): <odometrySource> = world := 1
[DEBUG] [1780380877.392228586, 0.561000000]: DiffDrive(ns = /r1/): <leftJoint> = left_hub_joint
[DEBUG] [1780380877.392233013, 0.561000000]: DiffDrive(ns = /r1/): <rightJoint> = right_hub_joint
[INFO] [1780380877.392552057, 0.561000000]: DiffDrive(ns = /r1/): Advertise joint_states
[INFO] [1780380877.392562969, 0.561000000]: DiffDrive(ns = /r1/): Try to subscribe to cmd_vel
[INFO] [1780380877.394202334, 0.561000000]: DiffDrive(ns = /r1/): Subscribe to cmd_vel
[INFO] [1780380877.394324849, 0.561000000]: DiffDrive(ns = /r1/): Advertise odom on odom 
[INFO] [1780380877.394392833, 0.561000000]: GazeboRosJointStatePublisher is going to publish joint: chassis_swivel_joint
[INFO] [1780380877.394397244, 0.561000000]: GazeboRosJointStatePublisher is going to publish joint: swivel_wheel_joint
[INFO] [1780380877.394401510, 0.561000000]: GazeboRosJointStatePublisher is going to publish joint: left_hub_joint
[INFO] [1780380877.394404990, 0.561000000]: GazeboRosJointStatePublisher is going to publish joint: right_hub_joint
[INFO] [1780380877.394409893, 0.561000000]: Starting GazeboRosJointStatePublisher Plugin (ns = /r1/)!, parent name: r1
[INFO] [1780380877.680724428, 0.742000000]: Laser Plugin: The 'robotNamespace' param was empty
[INFO] [1780380877.680752814, 0.742000000]: Starting Laser Plugin (ns = r5)
[INFO] [1780380877.681134491, 0.742000000]: Laser Plugin (ns = r5)  <tf_prefix_>, set to ""
[INFO] [1780380878.315419287, 0.742000000]: Velodyne laser plugin missing <min_intensity>, defaults to no clipping
[INFO] [1780380878.316036444, 0.742000000]: Velodyne laser plugin ready, 16 lasers
[INFO] [1780380878.317396507, 0.742000000]: Starting plugin DiffDrive(ns = /r5/)
[DEBUG] [1780380878.317405489, 0.742000000]: DiffDrive(ns = /r5/): <rosDebugLevel> = Debug
[INFO] [1780380878.317414926, 0.742000000]: DiffDrive(ns = /r5/): <rosDebugLevel> = Debug
[INFO] [1780380878.317853677, 0.742000000]: DiffDrive(ns = /r5/): <tf_prefix> = 
[DEBUG] [1780380878.317864347, 0.742000000]: DiffDrive(ns = /r5/): <commandTopic> = cmd_vel
[DEBUG] [1780380878.317868344, 0.742000000]: DiffDrive(ns = /r5/): <odometryTopic> = odom
[DEBUG] [1780380878.317871772, 0.742000000]: DiffDrive(ns = /r5/): <odometryFrame> = odom
[DEBUG] [1780380878.317875411, 0.742000000[WARN] [1780380878.317944314, 0.742000000]: GazeboRosDiffDrive Plugin (ns = ) missing <publishTf>, defaults to 1
[INFO] [1780380875.351544, 0.000000]: Loading model XML from ros parameter robot_description_r5
[INFO] [1780380875.354406, 0.000000]: Waiting for service /gazebo/spawn_urdf_model
[INFO] [1780380875.656024, 0.366000]: Calling service /gazebo/spawn_urdf_model
[INFO] [1780380878.317329, 0.742000]: Spawn status: SpawnModel: Successfully spawned entity
]: DiffDrive(ns = /r5/): <robotBaseFrame> = base_link
[DEBUG] [1780380878.317894680, 0.742000000]: DiffDrive(ns = /r5/): <publishWheelTF> = false
[DEBUG] [1780380878.317898199, 0.742000000]: DiffDrive(ns = /r5/): <publishOdomTF> = false
[DEBUG] [1780380878.317901719, 0.742000000]: DiffDrive(ns = /r5/): <publishWheelJointState> = true
[DEBUG] [1780380878.317910731, 0.742000000]: DiffDrive(ns = /r5/): <wheelSeparation> = 0.29999999999999999
[DEBUG] [1780380878.317915103, 0.742000000]: DiffDrive(ns = /r5/): <wheelDiameter> = 0.17999999999999999
[DEBUG] [1780380878.317919219, 0.742000000]: DiffDrive(ns = /r5/): <wheelAcceleration> = 1.8
[DEBUG] [1780380878.317923181, 0.742000000]: DiffDrive(ns = /r5/): <wheelTorque> = 20
[DEBUG] [1780380878.317926967, 0.742000000]: DiffDrive(ns = /r5/): <updateRate> = 50
[DEBUG] [1780380878.317932196, 0.742000000]: DiffDrive(ns = /r5/): <odometrySource> = world := 1
[DEBUG] [1780380878.317935636, 0.742000000]: DiffDrive(ns = /r5/): <leftJoint> = left_hub_joint
[DEBUG] [1780380878.317939181, 0.742000000]: DiffDrive(ns = /r5/): <rightJoint> = right_hub_joint
[INFO] [1780380878.318272190, 0.742000000]: DiffDrive(ns = /r5/): Advertise joint_states
[INFO] [1780380878.318290605, 0.742000000]: DiffDrive(ns = /r5/): Try to subscribe to cmd_vel
[INFO] [1780380878.319797023, 0.742000000]: DiffDrive(ns = /r5/): Subscribe to cmd_vel
[INFO] [1780380878.319913326, 0.742000000]: DiffDrive(ns = /r5/): Advertise odom on odom 
[INFO] [1780380878.319989872, 0.742000000]: GazeboRosJointStatePublisher is going to publish joint: chassis_swivel_joint
[INFO] [1780380878.319994294, 0.742000000]: GazeboRosJointStatePublisher is going to publish joint: swivel_wheel_joint
[INFO] [1780380878.319998571, 0.742000000]: GazeboRosJointStatePublisher is going to publish joint: left_hub_joint
[INFO] [1780380878.320003305, 0.742000000]: GazeboRosJointStatePublisher is going to publish joint: right_hub_joint
[INFO] [1780380878.320007016, 0.742000000]: Starting GazeboRosJointStatePublisher Plugin (ns = /r5/)!, parent name: r5
[INFO] [1780380878.604842437, 0.898000000]: Laser Plugin: The 'robotNamespace' param was empty
[INFO] [1780380878.604861636, 0.898000000]: Starting Laser Plugin (ns = r4)
[INFO] [1780380878.605425282, 0.898000000]: Laser Plugin (ns = r4)  <tf_prefix_>, set to ""
[INFO] [1780380879.241485571, 0.898000000]: Velodyne laser plugin missing <min_intensity>, defaults to no clipping
[INFO] [1780380879.242208683, 0.898000000]: Velodyne laser plugin ready, 16 lasers
[INFO] [1780380879.243248075, 0.898000000]: Starting plugin DiffDrive(ns = /r4/)
[DEBUG] [1780380879.243256536, 0.898000000]: DiffDrive(ns = /r4/): <rosDebugLevel> = Debug
[INFO] [1780380879.243266794, 0.898000000]: DiffDrive(ns = /r4/): <rosDebugLevel> = Debug
[INFO] [1780380879.243402203, 0.898000000]: DiffDrive(ns = /r4/): <tf_prefix> = 
[DEBUG] [1780380879.243407083, 0.898000000]: DiffDrive(ns = /r4/): <commandTopic> = cmd_vel
[DEBUG] [1780380879.243412028, 0.898000000]: DiffDrive(ns = /r4/): <odometryTopic> = odom
[DEBUG] [1780380879.243417317, 0.898000000]: DiffDrive(ns = /r4/): <odometryFrame> = odom
[DEBUG] [1780380879.243421360, 0.898000000]: DiffDrive(ns = /r4/): <robotBaseFrame> = base_link
[DEBUG] [1780380879.243426242, 0.898000000]: DiffDrive(ns = /r4/): <publishWheelTF> = false
[DEBUG] [1780380879.243432200, 0.898000000]: DiffDrive(ns = /r4/): <publishOdomTF> = false
[DEBUG] [1780380879.243437258, 0.898000000]: DiffDrive(ns = /r4/): <publishWheelJointState> = true
[DEBUG] [1780380879.243444116, 0.898000000]: DiffDrive(ns = /r4/): <wheelSeparation> = 0.29999999999999999
[DEBUG] [1780380879.243449424, 0.898000000]: DiffDrive(ns = /r4/): <wheelDiameter> = 0.17999999999999999
[DEBUG] [1780380879.243455368, 0.898000000]: DiffDrive(ns = /r4/): <wheelAcceleration> = 1.8
[DEBUG] [1780380879.243459968, 0.898000000]: DiffDrive(ns = /r4/): <wheelTorque> = 20
[DEBUG] [1780380879.243466210, 0.898000000]: DiffDrive(ns = /r4/): <updateRate> = 50
[DEBUG] [1780380879.243472681, 0.898000000]: DiffDrive(ns = /r4/): <odometrySource> = world := 1
[DEBUG] [1780380[WARN] [1780380879.243501098, 0.898000000]: GazeboRosDiffDrive Plugin (ns = ) missing <publishTf>, defaults to 1
[INFO] [1780380875.357510, 0.000000]: Loading model XML from ros parameter robot_description_r4
[INFO] [1780380875.360008, 0.000000]: Waiting for service /gazebo/spawn_urdf_model
[INFO] [1780380875.661640, 0.371000]: Calling service /gazebo/spawn_urdf_model
[INFO] [1780380879.243226, 0.898000]: Spawn status: SpawnModel: Successfully spawned entity
train_velodyne_td3_multi.py:374: FutureWarning: You are using `torch.load` with `weights_only=False` (the current default value), which uses the default pickle module implicitly. It is possible to construct malicious pickle data which will execute arbitrary code during unpickling (See https://github.com/pytorch/pytorch/blob/main/SECURITY.md#untrusted-models for more details). In a future release, the default value for `weights_only` will be flipped to `True`. This limits the functions that could be executed during unpickling. Arbitrary objects will no longer be allowed to be loaded via this mode unless they are explicitly allowlisted by the user via `torch.serialization.add_safe_globals`. We recommend you start setting `weights_only=True` for any use case where you don't have full control of the loaded file. Please open an issue on GitHub for any issues related to this experimental feature.
  torch.load("%s/%s_actor.pth" % (directory, filename), map_location=device)
train_velodyne_td3_multi.py:377: FutureWarning: You are using `torch.load` with `weights_only=False` (the current default value), which uses the default pickle module implicitly. It is possible to construct malicious pickle data which will execute arbitrary code during unpickling (See https://github.com/pytorch/pytorch/blob/main/SECURITY.md#untrusted-models for more details). In a future release, the default value for `weights_only` will be flipped to `True`. This limits the functions that could be executed during unpickling. Arbitrary objects will no longer be allowed to be loaded via this mode unless they are explicitly allowlisted by the user via `torch.serialization.add_safe_globals`. We recommend you start setting `weights_only=True` for any use case where you don't have full control of the loaded file. Please open an issue on GitHub for any issues related to this experimental feature.
  torch.load("%s/%s_critic.pth" % (directory, filename), map_location=device)
Loaded initial model parameters from: TD3_velodyne_multi_v4_curriculum_stage1_single_best
==============================================
Training version: multi-agent-curriculum-stage2-dense-v1
Training process PID: 2477127
Launchfile: multi_robot_scenario_curriculum_stage2_dense_5.launch
Scenario mode: curriculum
Seed: 0
Device: cuda
GPU: NVIDIA GeForce RTX 4090
Agent names: r1, r2, r3, r4, r5
Cooperative reward: False
Cooperative reward mode: average
Cooperative reward self weight: None
Distance-weighted reward: False
Distance reward sigma: 2.0
Interaction safe distance: 1.2
Interaction close penalty: 0.5
Interaction stagnation penalty: 0.05
Anti-stagnation reward: False
Anti-stagnation penalty: 0.2
Anti-stagnation linear threshold: 0.05
Anti-stagnation progress threshold: 0.005
Anti-stagnation min laser: 0.35
Local critic enabled: False
Local critic geometry only: False
Active neighbors only: True
Actor state dim: 24
Critic state dim: 24
Local critic max neighbors: 9
Local critic context dim: 63
Best metric: full_success
Eval episodes: 24
Max epochs: 8
Actor learning rate: 0.0003
Critic learning rate: 0.0003
Exploration noise: 0.35
Exploration min: 0.08
Exploration decay steps: 500000
TensorBoard log dir: runs/multi_Jun02_14-14-39_JiuTian-AI4090
Checkpoint path: ./checkpoints/TD3_velodyne_multi_v4_curriculum_stage2_dense_5_latest.pt
Best checkpoint path: ./checkpoints/TD3_velodyne_multi_v4_curriculum_stage2_dense_5_best.pt
Model prefix: TD3_velodyne_multi_v4_curriculum_stage2_dense_5
Checkpoint interval episodes: 10
Resume mode: True
Starting agent samples: 0
Starting env steps: 0
Starting epoch: 1
==============================================
[WARN] [1780380880.213041069, 1.043000000]: GazeboRosDiffDrive Plugin (ns = ) missing <publishTf>, defaults to 1
[INFO] [1780380875.358887, 0.000000]: Loading model XML from ros parameter robot_description_r3
[INFO] [1780380875.361470, 0.000000]: Waiting for service /gazebo/spawn_urdf_model
[INFO] [1780380875.663556, 0.371000]: Calling service /gazebo/spawn_urdf_model
[INFO] [1780380880.212464, 1.043000]: Spawn status: SpawnModel: Successfully spawned entity
879.243477535, 0.898000000]: DiffDrive(ns = /r4/): <leftJoint> = left_hub_joint
[DEBUG] [1780380879.243495309, 0.898000000]: DiffDrive(ns = /r4/): <rightJoint> = right_hub_joint
[INFO] [1780380879.244126886, 0.898000000]: DiffDrive(ns = /r4/): Advertise joint_states
[INFO] [1780380879.244135378, 0.898000000]: DiffDrive(ns = /r4/): Try to subscribe to cmd_vel
[INFO] [1780380879.244645278, 0.898000000]: DiffDrive(ns = /r4/): Subscribe to cmd_vel
[INFO] [1780380879.244835859, 0.898000000]: DiffDrive(ns = /r4/): Advertise odom on odom 
[INFO] [1780380879.244904268, 0.898000000]: GazeboRosJointStatePublisher is going to publish joint: chassis_swivel_joint
[INFO] [1780380879.244909480, 0.898000000]: GazeboRosJointStatePublisher is going to publish joint: swivel_wheel_joint
[INFO] [1780380879.244912855, 0.898000000]: GazeboRosJointStatePublisher is going to publish joint: left_hub_joint
[INFO] [1780380879.244917601, 0.898000000]: GazeboRosJointStatePublisher is going to publish joint: right_hub_joint
[INFO] [1780380879.244921601, 0.898000000]: Starting GazeboRosJointStatePublisher Plugin (ns = /r4/)!, parent name: r4
[INFO] [1780380879.533386683, 1.043000000]: Laser Plugin: The 'robotNamespace' param was empty
[INFO] [1780380879.533412988, 1.043000000]: Starting Laser Plugin (ns = r3)
[INFO] [1780380879.533804608, 1.043000000]: Laser Plugin (ns = r3)  <tf_prefix_>, set to ""
[INFO] [1780380880.210517971, 1.043000000]: Velodyne laser plugin missing <min_intensity>, defaults to no clipping
[INFO] [1780380880.211206476, 1.043000000]: Velodyne laser plugin ready, 16 lasers
[INFO] [1780380880.212596292, 1.043000000]: Starting plugin DiffDrive(ns = /r3/)
[DEBUG] [1780380880.212605323, 1.043000000]: DiffDrive(ns = /r3/): <rosDebugLevel> = Debug
[INFO] [1780380880.212615532, 1.043000000]: DiffDrive(ns = /r3/): <rosDebugLevel> = Debug
[INFO] [1780380880.212857079, 1.043000000]: DiffDrive(ns = /r3/): <tf_prefix> = 
[DEBUG] [1780380880.212874504, 1.043000000]: DiffDrive(ns = /r3/): <commandTopic> = cmd_vel
[DEBUG] [1780380880.212884968, 1.043000000]: DiffDrive(ns = /r3/): <odometryTopic> = odom
[DEBUG] [1780380880.212894807, 1.043000000]: DiffDrive(ns = /r3/): <odometryFrame> = odom
[DEBUG] [1780380880.212904809, 1.043000000]: DiffDrive(ns = /r3/): <robotBaseFrame> = base_link
[DEBUG] [1780380880.212916376, 1.043000000]: DiffDrive(ns = /r3/): <publishWheelTF> = false
[DEBUG] [1780380880.212925837, 1.043000000]: DiffDrive(ns = /r3/): <publishOdomTF> = false
[DEBUG] [1780380880.212936055, 1.043000000]: DiffDrive(ns = /r3/): <publishWheelJointState> = true
[DEBUG] [1780380880.212952447, 1.043000000]: DiffDrive(ns = /r3/): <wheelSeparation> = 0.29999999999999999
[DEBUG] [1780380880.212964345, 1.043000000]: DiffDrive(ns = /r3/): <wheelDiameter> = 0.17999999999999999
[DEBUG] [1780380880.212976112, 1.043000000]: DiffDrive(ns = /r3/): <wheelAcceleration> = 1.8
[DEBUG] [1780380880.212987403, 1.043000000]: DiffDrive(ns = /r3/): <wheelTorque> = 20
[DEBUG] [1780380880.212998395, 1.043000000]: DiffDrive(ns = /r3/): <updateRate> = 50
[DEBUG] [1780380880.213010081, 1.043000000]: DiffDrive(ns = /r3/): <odometrySource> = world := 1
[DEBUG] [1780380880.213019448, 1.043000000]: DiffDrive(ns = /r3/): <leftJoint> = left_hub_joint
[DEBUG] [1780380880.213029176, 1.043000000]: DiffDrive(ns = /r3/): <rightJoint> = right_hub_joint
[INFO] [1780380880.213252244, 1.043000000]: DiffDrive(ns = /r3/): Advertise joint_states
[INFO] [1780380880.213270817, 1.043000000]: DiffDrive(ns = /r3/): Try to subscribe to cmd_vel
[INFO] [1780380880.214436642, 1.043000000]: DiffDrive(ns = /r3/): Subscribe to cmd_vel
[INFO] [1780380880.214582023, 1.043000000]: DiffDrive(ns = /r3/): Advertise odom on odom 
[INFO] [1780380880.214694208, 1.043000000]: GazeboRosJointStatePublisher is going to publish joint: chassis_swivel_joint
[INFO] [1780380880.214703342, 1.043000000]: GazeboRosJointStatePublisher is going to publish joint: swivel_wheel_joint
[INFO] [1780380880.214710752, 1.043000000]: GazeboRosJointStatePublisher is going to publish joint: left_hub_joint
[INFO] [1780380880.214717771, 1.Episode 1 complete | agent_samples=103 | env_steps=62 | episode_env_steps=62 | episode_agent_samples=103 | mean_reward=-37.395 | success=1/5 | collision=4/5 | mean_final_distance=1.337 | mean_progress=0.0167 | min_laser=0.300 | mean_lin=0.447 | mean_ang=-0.342 | mean_robot_dist=1.186 | raw_reward=20.000 | adjusted_reward=20.000 | coop_agents=0/5 | mean_coop_neighbors=0.00 | active_neighbor_step_rate=0.000 | mean_active_neighbors_step=0.000 | max_active_neighbors_step=0 | interaction_reward=0.0000 | abs_interaction_reward=0.0000 | anti_stag_reward=0.0000 | abs_anti_stag_reward=0.0000 | context_neighbors_mean=0.00 | context_neighbors_max=0 | expl_noise=0.3499 | replay=103 | samples/sec=7.112
Episode 2 complete | agent_samples=137 | env_steps=77 | episode_env_steps=15 | episode_agent_samples=34 | mean_reward=-53.959 | success=1/5 | collision=4/5 | mean_final_distance=1.525 | mean_progress=0.0160 | min_laser=0.327 | mean_lin=0.262 | mean_ang=-0.684 | mean_robot_dist=1.546 | raw_reward=20.000 | adjusted_reward=20.000 | coop_agents=0/5 | mean_coop_neighbors=0.00 | active_neighbor_step_rate=0.000 | mean_active_neighbors_step=0.000 | max_active_neighbors_step=0 | interaction_reward=0.0000 | abs_interaction_reward=0.0000 | anti_stag_reward=0.0000 | abs_anti_stag_reward=0.0000 | context_neighbors_mean=0.00 | context_neighbors_max=0 | expl_noise=0.3499 | replay=137 | samples/sec=7.669
Episode 3 complete | agent_samples=258 | env_steps=113 | episode_env_steps=36 | episode_agent_samples=121 | mean_reward=80.503 | success=4/5 | collision=1/5 | mean_final_distance=0.326 | mean_progress=0.0047 | min_laser=0.327 | mean_lin=0.477 | mean_ang=-0.068 | mean_robot_dist=0.723 | raw_reward=20.000 | adjusted_reward=20.000 | coop_agents=0/5 | mean_coop_neighbors=0.00 | active_neighbor_step_rate=0.000 | mean_active_neighbors_step=0.000 | max_active_neighbors_step=0 | interaction_reward=0.0000 | abs_interaction_reward=0.0000 | anti_stag_reward=0.0000 | abs_anti_stag_reward=0.0000 | context_neighbors_mean=0.00 | context_neighbors_max=0 | expl_noise=0.3498 | replay=258 | samples/sec=10.023
Episode 4 complete | agent_samples=748 | env_steps=281 | episode_env_steps=168 | episode_agent_samples=490 | mean_reward=-8.632 | success=2/5 | collision=3/5 | mean_final_distance=2.015 | mean_progress=-0.0009 | min_laser=0.333 | mean_lin=0.616 | mean_ang=0.244 | mean_robot_dist=0.625 | raw_reward=-20.000 | adjusted_reward=-20.000 | coop_agents=0/5 | mean_coop_neighbors=0.00 | active_neighbor_step_rate=0.000 | mean_active_neighbors_step=0.000 | max_active_neighbors_step=0 | interaction_reward=0.0000 | abs_interaction_reward=0.0000 | anti_stag_reward=0.0000 | abs_anti_stag_reward=0.0000 | context_neighbors_mean=0.00 | context_neighbors_max=0 | expl_noise=0.3495 | replay=748 | samples/sec=12.071
Episode 5 complete | agent_samples=1895 | env_steps=581 | episode_env_steps=300 | episode_agent_samples=1147 | mean_reward=24.297 | success=2/5 | collision=1/5 | mean_final_distance=0.653 | mean_progress=0.0034 | min_laser=0.325 | mean_lin=0.221 | mean_ang=-0.245 | mean_robot_dist=1.299 | raw_reward=-0.023 | adjusted_reward=-0.023 | coop_agents=0/5 | mean_coop_neighbors=0.00 | active_neighbor_step_rate=0.000 | mean_active_neighbors_step=0.000 | max_active_neighbors_step=0 | interaction_reward=0.0000 | abs_interaction_reward=0.0000 | anti_stag_reward=0.0000 | abs_anti_stag_reward=0.0000 | context_neighbors_mean=0.00 | context_neighbors_max=0 | expl_noise=0.3489 | replay=1895 | samples/sec=14.981
Status | epoch=1 | next_eval_in=3105 agent_samples | checkpoint_every=10 episodes | checkpoint=./checkpoints/TD3_velodyne_multi_v4_curriculum_stage2_dense_5_latest.pt | model=TD3_velodyne_multi_v4_curriculum_stage2_dense_5
Episode 6 complete | agent_samples=2403 | env_steps=881 | episode_env_steps=300 | episode_agent_samples=508 | mean_reward=-97.279 | success=0/5 | collision=4/5 | mean_final_distance=1.771 | mean_progress=-0.0003 | min_laser=0.339 | mean_lin=0.118 | mean_ang=-0.508 | mean_robot_dist=1.601 | raw_reward=-0.012 | adjusted_reward=-0.012 | coop_agents=0/5 | mean_coop_neighbors=0.00 | active_neighbor_step_rate=0.000 | mean_active_neighbors_step=0.000 | max_active_neighbors_step=0 | interaction_reward=0.0000 | abs_interaction_reward=0.0000 | anti_stag_reward=0.0000 | abs_anti_stag_reward=0.0000 | context_neighbors_mean=0.00 | context_neighbors_max=0 | expl_noise=0.3484 | replay=2403 | samples/sec=12.558
Episode 7 complete | agent_samples=2885 | env_steps=1012 | episode_env_steps=131 | episode_agent_samples=482 | mean_reward=-68.006 | success=1/5 | collision=4/5 | mean_final_distance=0.912 | mean_progress=-0.0001 | min_laser=0.300 | mean_lin=0.069 | mean_ang=0.535 | mean_robot_dist=1.368 | raw_reward=-20.000 | adjusted_reward=-20.000 | coop_agents=0/5 | mean_coop_neighbors=0.00 | active_neighbor_step_rate=0.000 | mean_active_neighbors_step=0.000 | max_active_neighbors_step=0 | interaction_reward=0.0000 | abs_interaction_reward=0.0000 | anti_stag_reward=0.0000 | abs_anti_stag_reward=0.0000 | context_neighbors_mean=0.00 | context_neighbors_max=0 | expl_noise=0.3481 | replay=2885 | samples/sec=13.141
Episode 8 complete | agent_samples=3680 | env_steps=1312 | episode_env_steps=300 | episode_agent_samples=795 | mean_reward=-94.105 | success=0/5 | collision=4/5 | mean_final_distance=2.904 | mean_progress=-0.0004 | min_laser=0.301 | mean_lin=0.219 | mean_ang=-0.527 | mean_robot_dist=3.122 | raw_reward=-0.067 | adjusted_reward=-0.067 | coop_agents=0/5 | mean_coop_neighbors=0.00 | active_neighbor_step_rate=0.000 | mean_active_neighbors_step=0.000 | max_active_neighbors_step=0 | interaction_reward=0.0000 | abs_interaction_reward=0.0000 | anti_stag_reward=0.0000 | abs_anti_stag_reward=0.0000 | context_neighbors_mean=0.00 | context_neighbors_max=0 | expl_noise=0.3476 | replay=3680 | samples/sec=12.944
Episode 9 complete | agent_samples=4534 | env_steps=1612 | episode_env_steps=300 | episode_agent_samples=854 | mean_reward=-75.478 | success=0/5 | collision=4/5 | mean_final_distance=1.458 | mean_progress=0.0005 | min_laser=0.318 | mean_lin=0.259 | mean_ang=0.276 | mean_robot_dist=2.010 | raw_reward=0.063 | adjusted_reward=0.063 | coop_agents=0/5 | mean_coop_neighbors=0.00 | active_neighbor_step_rate=0.000 | mean_active_neighbors_step=0.000 | max_active_neighbors_step=0 | interaction_reward=0.0000 | abs_interaction_reward=0.0000 | anti_stag_reward=0.0000 | abs_anti_stag_reward=0.0000 | context_neighbors_mean=0.00 | context_neighbors_max=0 | expl_noise=0.3470 | replay=4534 | samples/sec=12.998
Episode 10 complete | agent_samples=4597 | env_steps=1653 | episode_env_steps=41 | episode_agent_samples=63 | mean_reward=-55.795 | success=1/5 | collision=4/5 | mean_final_distance=1.582 | mean_progress=0.0042 | min_laser=0.307 | mean_lin=0.383 | mean_ang=-0.446 | mean_robot_dist=1.855 | raw_reward=20.000 | adjusted_reward=20.000 | coop_agents=0/5 | mean_coop_neighbors=0.00 | active_neighbor_step_rate=0.000 | mean_active_neighbors_step=0.000 | max_active_neighbors_step=0 | interaction_reward=0.0000 | abs_interaction_reward=0.0000 | anti_stag_reward=0.0000 | abs_anti_stag_reward=0.0000 | context_neighbors_mean=0.00 | context_neighbors_max=0 | expl_noise=0.3470 | replay=4597 | samples/sec=12.848
Status | epoch=1 | next_eval_in=403 agent_samples | checkpoint_every=10 episodes | checkpoint=./checkpoints/TD3_velodyne_multi_v4_curriculum_stage2_dense_5_latest.pt | model=TD3_velodyne_multi_v4_curriculum_stage2_dense_5
Checkpoint saved: ./checkpoints/TD3_velodyne_multi_v4_curriculum_stage2_dense_5_latest.pt
Episode 11 complete | agent_samples=4879 | env_steps=1747 | episode_env_steps=94 | episode_agent_samples=282 | mean_reward=-51.515 | success=1/5 | collision=4/5 | mean_final_distance=0.585 | mean_progress=0.0014 | min_laser=0.327 | mean_lin=0.292 | mean_ang=0.245 | mean_robot_dist=0.684 | raw_reward=20.000 | adjusted_reward=20.000 | coop_agents=0/5 | mean_coop_neighbors=0.00 | active_neighbor_step_rate=0.000 | mean_active_neighbors_step=0.000 | max_active_neighbors_step=0 | interaction_reward=0.0000 | abs_interaction_reward=0.0000 | anti_stag_reward=0.0000 | abs_anti_stag_reward=0.0000 | context_neighbors_mean=0.00 | context_neighbors_max=0 | expl_noise=0.3468 | replay=4879 | samples/sec=12.899
Episode 12 complete | agent_samples=5683 | env_steps=2047 | episode_env_steps=300 | episode_agent_samples=804 | mean_reward=-84.555 | success=0/5 | collision=4/5 | mean_final_distance=2.376 | mean_progress=0.0013 | min_laser=0.327 | mean_lin=0.247 | mean_ang=-0.190 | mean_robot_dist=1.562 | raw_reward=0.002 | adjusted_reward=0.002 | coop_agents=0/5 | mean_coop_neighbors=0.00 | active_neighbor_step_rate=0.000 | mean_active_neighbors_step=0.000 | max_active_neighbors_step=0 | interaction_reward=0.0000 | abs_interaction_reward=0.0000 | anti_stag_reward=0.0000 | abs_anti_stag_reward=0.0000 | context_neighbors_mean=0.00 | context_neighbors_max=0 | expl_noise=0.3462 | replay=5683 | samples/sec=12.829
Validating multi-agent policy at agent_samples=5683 env_steps=2047
..............................................
Multi-Agent Eval Epoch 1 | avg_reward=-64.493 | success_rate=0.075 | collision_rate=0.517 | unresolved_rate=0.408 | full_success_rate=0.000 | timeout_episode_rate=0.917 | avg_env_steps=285.9 | avg_final_distance=1.388
Eval success_hist 0..N: [18, 4, 1, 1, 0, 0]
Eval collision_hist 0..N: [2, 6, 2, 6, 6, 2]
..............................................
Checkpoint saved: ./checkpoints/TD3_velodyne_multi_v4_curriculum_stage2_dense_5_latest.pt
Best checkpoint updated | epoch=1 | success_rate=0.075 | collision_rate=0.517 | full_success_rate=0.000 | unresolved_rate=0.408 | avg_reward=-64.493 | metric=full_success | path=./checkpoints/TD3_velodyne_multi_v4_curriculum_stage2_dense_5_best.pt
Next epoch will start from 2. Resume keeps this counter in ./checkpoints/TD3_velodyne_multi_v4_curriculum_stage2_dense_5_latest.pt
Episode 13 complete | agent_samples=6455 | env_steps=2347 | episode_env_steps=300 | episode_agent_samples=772 | mean_reward=14.292 | success=1/5 | collision=2/5 | mean_final_distance=0.983 | mean_progress=-0.0020 | min_laser=0.330 | mean_lin=0.562 | mean_ang=0.443 | mean_robot_dist=2.008 | raw_reward=0.005 | adjusted_reward=0.005 | coop_agents=0/5 | mean_coop_neighbors=0.00 | active_neighbor_step_rate=0.000 | mean_active_neighbors_step=0.000 | max_active_neighbors_step=0 | interaction_reward=0.0000 | abs_interaction_reward=0.0000 | anti_stag_reward=0.0000 | abs_anti_stag_reward=0.0000 | context_neighbors_mean=0.00 | context_neighbors_max=0 | expl_noise=0.3457 | replay=6455 | samples/sec=3.265
Episode 14 complete | agent_samples=6774 | env_steps=2645 | episode_env_steps=298 | episode_agent_samples=319 | mean_reward=-55.598 | success=1/5 | collision=4/5 | mean_final_distance=1.590 | mean_progress=0.0101 | min_laser=0.300 | mean_lin=0.274 | mean_ang=-0.098 | mean_robot_dist=1.799 | raw_reward=20.000 | adjusted_reward=20.000 | coop_agents=0/5 | mean_coop_neighbors=0.00 | active_neighbor_step_rate=0.000 | mean_active_neighbors_step=0.000 | max_active_neighbors_step=0 | interaction_reward=0.0000 | abs_interaction_reward=0.0000 | anti_stag_reward=0.0000 | abs_anti_stag_reward=0.0000 | context_neighbors_mean=0.00 | context_neighbors_max=0 | expl_noise=0.3451 | replay=6774 | samples/sec=3.318
Episode 15 complete | agent_samples=7265 | env_steps=2913 | episode_env_steps=268 | episode_agent_samples=491 | mean_reward=-60.386 | success=1/5 | collision=5/5 | mean_final_distance=0.731 | mean_progress=0.0002 | min_laser=0.308 | mean_lin=0.440 | mean_ang=0.280 | mean_robot_dist=0.598 | raw_reward=-20.000 | adjusted_reward=-20.000 | coop_agents=0/5 | mean_coop_neighbors=0.00 | active_neighbor_step_rate=0.000 | mean_active_neighbors_step=0.000 | max_active_neighbors_step=0 | interaction_reward=0.0000 | abs_interaction_reward=0.0000 | anti_stag_reward=0.0000 | abs_anti_stag_reward=0.0000 | context_neighbors_mean=0.00 | context_neighbors_max=0 | expl_noise=0.3446 | replay=7265 | samples/sec=3.461
Status | epoch=2 | next_eval_in=2735 agent_samples | checkpoint_every=10 episodes | checkpoint=./checkpoints/TD3_velodyne_multi_v4_curriculum_stage2_dense_5_latest.pt | model=TD3_velodyne_multi_v4_curriculum_stage2_dense_5
Episode 16 complete | agent_samples=7866 | env_steps=3091 | episode_env_steps=178 | episode_agent_samples=601 | mean_reward=-54.874 | success=1/5 | collision=4/5 | mean_final_distance=1.630 | mean_progress=0.0027 | min_laser=0.331 | mean_lin=0.339 | mean_ang=0.033 | mean_robot_dist=1.677 | raw_reward=20.000 | adjusted_reward=20.000 | coop_agents=0/5 | mean_coop_neighbors=0.00 | active_neighbor_step_rate=0.000 | mean_active_neighbors_step=0.000 | max_active_neighbors_step=0 | interaction_reward=0.0000 | abs_interaction_reward=0.0000 | anti_stag_reward=0.0000 | abs_anti_stag_reward=0.0000 | context_neighbors_mean=0.00 | context_neighbors_max=0 | expl_noise=0.3443 | replay=7866 | samples/sec=3.680
Episode 17 complete | agent_samples=8770 | env_steps=3391 | episode_env_steps=300 | episode_agent_samples=904 | mean_reward=-52.188 | success=1/5 | collision=3/5 | mean_final_distance=1.054 | mean_progress=-0.0010 | min_laser=0.333 | mean_lin=0.228 | mean_ang=0.365 | mean_robot_dist=0.762 | raw_reward=-0.077 | adjusted_reward=-0.077 | coop_agents=0/5 | mean_coop_neighbors=0.00 | active_neighbor_step_rate=0.000 | mean_active_neighbors_step=0.000 | max_active_neighbors_step=0 | interaction_reward=0.0000 | abs_interaction_reward=0.0000 | anti_stag_reward=0.0000 | abs_anti_stag_reward=0.0000 | context_neighbors_mean=0.00 | context_neighbors_max=0 | expl_noise=0.3438 | replay=8770 | samples/sec=3.983
Episode 18 complete | agent_samples=8899 | env_steps=3497 | episode_env_steps=106 | episode_agent_samples=129 | mean_reward=-57.709 | success=1/5 | collision=4/5 | mean_final_distance=1.582 | mean_progress=0.0021 | min_laser=0.329 | mean_lin=0.205 | mean_ang=-0.210 | mean_robot_dist=1.880 | raw_reward=20.000 | adjusted_reward=20.000 | coop_agents=0/5 | mean_coop_neighbors=0.00 | active_neighbor_step_rate=0.000 | mean_active_neighbors_step=0.000 | max_active_neighbors_step=0 | interaction_reward=0.0000 | abs_interaction_reward=0.0000 | anti_stag_reward=0.0000 | abs_anti_stag_reward=0.0000 | context_neighbors_mean=0.00 | context_neighbors_max=0 | expl_noise=0.3436 | replay=8899 | samples/sec=4.000
Episode 19 complete | agent_samples=9624 | env_steps=3797 | episode_env_steps=300 | episode_agent_samples=725 | mean_reward=-71.339 | success=0/5 | collision=3/5 | mean_final_distance=0.813 | mean_progress=-0.0001 | min_laser=0.325 | mean_lin=0.221 | mean_ang=0.591 | mean_robot_dist=1.027 | raw_reward=-0.052 | adjusted_reward=-0.052 | coop_agents=0/5 | mean_coop_neighbors=0.00 | active_neighbor_step_rate=0.000 | mean_active_neighbors_step=0.000 | max_active_neighbors_step=0 | interaction_reward=0.0000 | abs_interaction_reward=0.0000 | anti_stag_reward=0.0000 | abs_anti_stag_reward=0.0000 | context_neighbors_mean=0.00 | context_neighbors_max=0 | expl_noise=0.3430 | replay=9624 | samples/sec=4.203
Episode 20 complete | agent_samples=10256 | env_steps=4097 | episode_env_steps=300 | episode_agent_samples=632 | mean_reward=-42.557 | success=1/5 | collision=3/5 | mean_final_distance=1.680 | mean_progress=-0.0004 | min_laser=0.300 | mean_lin=0.445 | mean_ang=-0.157 | mean_robot_dist=1.556 | raw_reward=-0.053 | adjusted_reward=-0.053 | coop_agents=0/5 | mean_coop_neighbors=0.00 | active_neighbor_step_rate=0.000 | mean_active_neighbors_step=0.000 | max_active_neighbors_step=0 | interaction_reward=0.0000 | abs_interaction_reward=0.0000 | anti_stag_reward=0.0000 | abs_anti_stag_reward=0.0000 | context_neighbors_mean=0.00 | context_neighbors_max=0 | expl_noise=0.3425 | replay=10256 | samples/sec=4.357
Status | epoch=2 | next_eval_in=-256 agent_samples | checkpoint_every=10 episodes | checkpoint=./checkpoints/TD3_velodyne_multi_v4_curriculum_stage2_dense_5_latest.pt | model=TD3_velodyne_multi_v4_curriculum_stage2_dense_5
Checkpoint saved: ./checkpoints/TD3_velodyne_multi_v4_curriculum_stage2_dense_5_latest.pt
Validating multi-agent policy at agent_samples=10256 env_steps=4097
043000000]: GazeboRosJointStatePublisher is going to publish joint: right_hub_joint
[INFO] [1780380880.214739363, 1.043000000]: Starting GazeboRosJointStatePublisher Plugin (ns = /r3/)!, parent name: r3
Error in XmlRpcClient::writeRequest: write error (Connection refused).
Error in XmlRpcDispatch::work: couldn't find source iterator
Error in XmlRpcClient::writeRequest: write error (Connection refused).
Error in XmlRpcDispatch::work: couldn't find source iterator
Error in XmlRpcClient::writeRequest: write error (Connection refused).
Error in XmlRpcDispatch::work: couldn't find source iterator
Error in XmlRpcClient::writeRequest: write error (Connection refused).
Error in XmlRpcDispatch::work: couldn't find source iterator
Error in XmlRpcClient::writeRequest: write error (Connection refused).
Error in XmlRpcDispatch::work: couldn't find source iterator
... logging to /home/jiutian/.ros/log/530b0a38-5e4a-11f1-836a-bd1fee3d6233/roslaunch-JiuTian-AI4090-2477426.log
Checking log directory for disk usage. This may take a while.
Press Ctrl-C to interrupt
Done checking log file disk usage. Usage is <1GB.
]2;roscore
[1mstarted roslaunch server http://localhost:42701/[0m
ros_comm version 1.17.4


SUMMARY
========

PARAMETERS
 * /rosdistro: noetic
 * /rosversion: 1.17.4

NODES

auto-starting new master
[1mprocess[master]: started with pid [2477476][0m
[1mROS_MASTER_URI=http://localhost:11367/[0m
]2;roscore http://localhost:11367/
[1msetting /run_id to 530b0a38-5e4a-11f1-836a-bd1fee3d6233[0m
[1mprocess[rosout-1]: started with pid [2477515][0m
started core service [/rosout]
[rosout-1] killing on exit
[master] killing on exit
shutting down processing monitor...
... shutting down processing monitor complete
[1mdone[0m
... logging to /home/jiutian/.ros/log/530b0a38-5e4a-11f1-836a-bd1fee3d6233/roslaunch-JiuTian-AI4090-2477533.log
Checking log directory for disk usage. This may take a while.
Press Ctrl-C to interrupt
Done checking log file disk usage. Usage is <1GB.
]2;/home/jiutian/Local-Critic-Multi-Robot-Navigation/TD3/assets/multi_robot_scenario_curriculum_stage2_dense_5.launch
[1mstarted roslaunch server http://localhost:41033/[0m

SUMMARY
========

PARAMETERS
 * /robot_description_r1: <?xml version="1....
 * /robot_description_r2: <?xml version="1....
 * /robot_description_r3: <?xml version="1....
 * /robot_description_r4: <?xml version="1....
 * /robot_description_r5: <?xml version="1....
 * /rosdistro: noetic
 * /rosversion: 1.17.4
 * /use_sim_time: True

NODES
  /
    gazebo (gazebo_ros/gzserver)
    urdf_spawner_r1 (gazebo_ros/spawn_model)
    urdf_spawner_r2 (gazebo_ros/spawn_model)
    urdf_spawner_r3 (gazebo_ros/spawn_model)
    urdf_spawner_r4 (gazebo_ros/spawn_model)
    urdf_spawner_r5 (gazebo_ros/spawn_model)

[1mROS_MASTER_URI=http://localhost:11367/[0m
]2;/home/jiutian/Local-Critic-Multi-Robot-Navigation/TD3/assets/multi_robot_scenario_curriculum_stage2_dense_5.launch http://localhost:11367/
[1mprocess[gazebo-1]: started with pid [2477941][0m
[1mprocess[urdf_spawner_r1-2]: started with pid [2477946][0m
[1mprocess[urdf_spawner_r2-3]: started with pid [2477948][0m
[1mprocess[urdf_spawner_r3-4]: started with pid [2477950][0m
[1mprocess[urdf_spawner_r4-5]: started with pid [2477951][0m
[1mprocess[urdf_spawner_r5-6]: started with pid [2477952][0m
[1m[urdf_spawner_r2-3] process has finished cleanly
log file: /home/jiutian/.ros/log/530b0a38-5e4a-11f1-836a-bd1fee3d6233/urdf_spawner_r2-3*.log[0m
[1m[urdf_spawner_r1-2] process has finished cleanly
log file: /home/jiutian/.ros/log/530b0a38-5e4a-11f1-836a-bd1fee3d6233/urdf_spawner_r1-2*.log[0m
[1m[urdf_spawner_r5-6] process has finished cleanly
log file: /home/jiutian/.ros/log/530b0a38-5e4a-11f1-836a-bd1fee3d6233/urdf_spawner_r5-6*.log[0m
[1m[urdf_spawner_r4-5] process has finished cleanly
log file: /home/jiutian/.ros/log/530b0a38-5e4a-11f1-836a-bd1fee3d6233/urdf_spawner_r4-5*.log[0m
[1m[urdf_spawner_r3-4] process has finished cleanly
log file: /home/jiutian/.ros/log/530b0a38-5e4a-11f1-836a-bd1fee3d6233/urdf_spawner_r3-4*.log[0m
[gazebo-1] killing on exit
shutting down processing monitor...
... shutting down processing monitor complete
[1mdone[0m
Traceback (most recent call last):
  File "train_velodyne_td3_multi.py", line 966, in <module>
    last_eval_summary = evaluate(
  File "train_velodyne_td3_multi.py", line 52, in evaluate
    next_states, rewards, dones, targets, collisions = env.step(
  File "/home/jiutian/Local-Critic-Multi-Robot-Navigation/TD3/multi_agent_velodyne_env.py", line 867, in step
    rospy.wait_for_service("/gazebo/pause_physics")
  File "/opt/ros/noetic/lib/python3/dist-packages/rospy/impl/tcpros_service.py", line 166, in wait_for_service
    raise ROSInterruptException("rospy shutdown")
rospy.exceptions.ROSInterruptException: rospy shutdown
