Activated DRL robot navigation Python environment.
Python: Python 3.8.10
Venv: /home/jiutian/venvs/drl-robot-nav
Curriculum scenario enabled: 3 cases loaded
Roscore launched!
Unable to register with master node [http://localhost:11370]: master may not be running yet. Will keep trying.
Gazebo launched!
INFO: cannot create a symlink to latest log directory: [Errno 2] No such file or directory: '/home/jiutian/.ros/log/latest'
INFO: cannot create a symlink to latest log directory: [Errno 2] No such file or directory: '/home/jiutian/.ros/log/latest'
[INFO] [1781008178.313323, 0.000000]: Loading model XML from ros parameter robot_description_r2
[INFO] [1781008178.316828, 0.000000]: Waiting for service /gazebo/spawn_urdf_model
[INFO] [1781008178.620084, 0.269000]: Calling service /gazebo/spawn_urdf_model
[INFO] [1781008179.416957, 0.373000]: Spawn status: SpawnModel: Successfully spawned entity
[WARN] [1781008179.533914459, 0.373000000]: GazeboRosDiffDrive Plugin (ns = ) missing <publishTf>, defaults to 1
[INFO] [1781008178.427374831]: Finished loading Gazebo ROS API Plugin.
[INFO] [1781008178.427733309]: waitForService: Service [/gazebo/set_physics_properties] has not been advertised, waiting...
[INFO] [1781008178.550175230, 0.204000000]: waitForService: Service [/gazebo/set_physics_properties] is now available.
[INFO] [1781008178.558518013, 0.212000000]: Physics dynamic reconfigure ready.
[INFO] [1781008178.812088931, 0.373000000]: Laser Plugin: The 'robotNamespace' param was empty
[INFO] [1781008178.812109926, 0.373000000]: Starting Laser Plugin (ns = r2)
[INFO] [1781008178.812722005, 0.373000000]: Laser Plugin (ns = r2)  <tf_prefix_>, set to ""
[INFO] [1781008179.417952572, 0.373000000]: Velodyne laser plugin missing <min_intensity>, defaults to no clipping
[INFO] [1781008179.419061532, 0.373000000]: Velodyne laser plugin ready, 16 lasers
[INFO] [1781008179.532675267, 0.373000000]: Starting plugin DiffDrive(ns = /r2/)
[INFO] [1781008179.532823542, 0.373000000]: DiffDrive(ns = /r2/): <rosDebugLevel> = Debug
[INFO] [1781008179.533439322, 0.373000000]: DiffDrive(ns = /r2/): <tf_prefix> = 
[DEBUG] [1781008179.533528307, 0.373000000]: DiffDrive(ns = /r2/): <commandTopic> = cmd_vel
[DEBUG] [1781008179.533543893, 0.373000000]: DiffDrive(ns = /r2/): <odometryTopic> = odom
[DEBUG] [1781008179.533560834, 0.373000000]: DiffDrive(ns = /r2/): <odometryFrame> = odom
[DEBUG] [1781008179.533574121, 0.373000000]: DiffDrive(ns = /r2/): <robotBaseFrame> = base_link
[DEBUG] [1781008179.533624440, 0.373000000]: DiffDrive(ns = /r2/): <publishWheelTF> = false
[DEBUG] [1781008179.533637739, 0.373000000]: DiffDrive(ns = /r2/): <publishOdomTF> = false
[DEBUG] [1781008179.533648343, 0.373000000]: DiffDrive(ns = /r2/): <publishWheelJointState> = true
[DEBUG] [1781008179.533709674, 0.373000000]: DiffDrive(ns = /r2/): <wheelSeparation> = 0.29999999999999999
[DEBUG] [1781008179.533725853, 0.373000000]: DiffDrive(ns = /r2/): <wheelDiameter> = 0.17999999999999999
[DEBUG] [1781008179.533742655, 0.373000000]: DiffDrive(ns = /r2/): <wheelAcceleration> = 1.8
[DEBUG] [1781008179.533760779, 0.373000000]: DiffDrive(ns = /r2/): <wheelTorque> = 20
[DEBUG] [1781008179.533776358, 0.373000000]: DiffDrive(ns = /r2/): <updateRate> = 50
[DEBUG] [1781008179.533832991, 0.373000000]: DiffDrive(ns = /r2/): <odometrySource> = world := 1
[DEBUG] [1781008179.533871272, 0.373000000]: DiffDrive(ns = /r2/): <leftJoint> = left_hub_joint
[DEBUG] [1781008179.533887282, 0.373000000]: DiffDrive(ns = /r2/): <rightJoint> = right_hub_joint
[INFO] [1781008179.534989543, 0.373000000]: DiffDrive(ns = /r2/): Advertise joint_states
[INFO] [1781008179.535609066, 0.373000000]: DiffDrive(ns = /r2/): Try to subscribe to cmd_vel
[INFO] [1781008179.537275211, 0.373000000]: DiffDrive(ns = /r2/): Subscribe to cmd_vel
[INFO] [1781008179.537631541, 0.373000000]: DiffDrive(ns = /r2/): Advertise odom on odom 
[INFO] [1781008179.543893060, 0.373000000]: GazeboRosJointStatePublisher is going to publish joint: chassis_swivel_joint
[INFO] [1781008179.543904618, 0.373000000]: GazeboRosJointStatePublisher is going to publish joint: swivel_wheel_joint
[INFO] [1781008179.543911887, 0.373000000]: GazeboRosJointStatePublisher is going to publish joint: left_hub_joint
[INFO] [1781008179.543917801, 0.373000000]: GazeboRosJointStatePublisher is going to publish joint: right_hub_joint
[INFO] [1781008179.543925462, 0.373000000]: Starting GazeboRosJointStatePublisher Plugin (ns = /r2/)!, parent name: r2
[DEBUG] [1781008179.586257076, 0.394000000]: Trying to publish message of type [nav_msgs/Odometry/cd5e73d190d741a2f92e81eda573aca7] on a publisher with type [nav_msgs/Odometry/cd5e73d190d741a2f92e81eda573aca7]
[DEBUG] [1781008179.586336497, 0.394000000]: Trying to publish message of type [sensor_msgs/JointState/3066dcd76a6cfaef579bd0f34173e9fd] on a publisher with type [sensor_msgs/JointState/3066dcd76a6cfaef579bd0f34173e9fd]
[INFO] [1781008179.822838895, 0.548000000]: Laser Plugin: The 'robotNamespace' param was empty
[INFO] [1781008179.822852719, 0.548000000]: Starting Laser Plugin (ns = r1)
[INFO] [1781008179.823[WARN] [1781008180.437296295, 0.548000000]: GazeboRosDiffDrive Plugin (ns = ) missing <publishTf>, defaults to 1
[INFO] [1781008178.406542, 0.000000]: Loading model XML from ros parameter robot_description_r1
[INFO] [1781008178.409153, 0.000000]: Waiting for service /gazebo/spawn_urdf_model
[INFO] [1781008178.710881, 0.359000]: Calling service /gazebo/spawn_urdf_model
[INFO] [1781008180.436805, 0.548000]: Spawn status: SpawnModel: Successfully spawned entity
194747, 0.548000000]: Laser Plugin (ns = r1)  <tf_prefix_>, set to ""
[INFO] [1781008180.435365076, 0.548000000]: Velodyne laser plugin missing <min_intensity>, defaults to no clipping
[INFO] [1781008180.436069896, 0.548000000]: Velodyne laser plugin ready, 16 lasers
[INFO] [1781008180.436980143, 0.548000000]: Starting plugin DiffDrive(ns = /r1/)
[DEBUG] [1781008180.436989942, 0.548000000]: DiffDrive(ns = /r1/): <rosDebugLevel> = Debug
[INFO] [1781008180.436999291, 0.548000000]: DiffDrive(ns = /r1/): <rosDebugLevel> = Debug
[INFO] [1781008180.437220011, 0.548000000]: DiffDrive(ns = /r1/): <tf_prefix> = 
[DEBUG] [1781008180.437224326, 0.548000000]: DiffDrive(ns = /r1/): <commandTopic> = cmd_vel
[DEBUG] [1781008180.437228425, 0.548000000]: DiffDrive(ns = /r1/): <odometryTopic> = odom
[DEBUG] [1781008180.437232334, 0.548000000]: DiffDrive(ns = /r1/): <odometryFrame> = odom
[DEBUG] [1781008180.437236009, 0.548000000]: DiffDrive(ns = /r1/): <robotBaseFrame> = base_link
[DEBUG] [1781008180.437241762, 0.548000000]: DiffDrive(ns = /r1/): <publishWheelTF> = false
[DEBUG] [1781008180.437245931, 0.548000000]: DiffDrive(ns = /r1/): <publishOdomTF> = false
[DEBUG] [1781008180.437250344, 0.548000000]: DiffDrive(ns = /r1/): <publishWheelJointState> = true
[DEBUG] [1781008180.437256794, 0.548000000]: DiffDrive(ns = /r1/): <wheelSeparation> = 0.29999999999999999
[DEBUG] [1781008180.437261540, 0.548000000]: DiffDrive(ns = /r1/): <wheelDiameter> = 0.17999999999999999
[DEBUG] [1781008180.437266445, 0.548000000]: DiffDrive(ns = /r1/): <wheelAcceleration> = 1.8
[DEBUG] [1781008180.437271455, 0.548000000]: DiffDrive(ns = /r1/): <wheelTorque> = 20
[DEBUG] [1781008180.437276738, 0.548000000]: DiffDrive(ns = /r1/): <updateRate> = 50
[DEBUG] [1781008180.437282683, 0.548000000]: DiffDrive(ns = /r1/): <odometrySource> = world := 1
[DEBUG] [1781008180.437286863, 0.548000000]: DiffDrive(ns = /r1/): <leftJoint> = left_hub_joint
[DEBUG] [1781008180.437291165, 0.548000000]: DiffDrive(ns = /r1/): <rightJoint> = right_hub_joint
[INFO] [1781008180.437608788, 0.548000000]: DiffDrive(ns = /r1/): Advertise joint_states
[INFO] [1781008180.437616959, 0.548000000]: DiffDrive(ns = /r1/): Try to subscribe to cmd_vel
[INFO] [1781008180.438812655, 0.548000000]: DiffDrive(ns = /r1/): Subscribe to cmd_vel
[INFO] [1781008180.438992088, 0.548000000]: DiffDrive(ns = /r1/): Advertise odom on odom 
[INFO] [1781008180.439066313, 0.548000000]: GazeboRosJointStatePublisher is going to publish joint: chassis_swivel_joint
[INFO] [1781008180.439070151, 0.548000000]: GazeboRosJointStatePublisher is going to publish joint: swivel_wheel_joint
[INFO] [1781008180.439074205, 0.548000000]: GazeboRosJointStatePublisher is going to publish joint: left_hub_joint
[INFO] [1781008180.439077306, 0.548000000]: GazeboRosJointStatePublisher is going to publish joint: right_hub_joint
[INFO] [1781008180.439081800, 0.548000000]: Starting GazeboRosJointStatePublisher Plugin (ns = /r1/)!, parent name: r1
[INFO] [1781008180.720886321, 0.705000000]: Laser Plugin: The 'robotNamespace' param was empty
[INFO] [1781008180.720907533, 0.705000000]: Starting Laser Plugin (ns = r4)
[INFO] [1781008180.721415785, 0.705000000]: Laser Plugin (ns = r4)  <tf_prefix_>, set to ""
[INFO] [1781008181.337661742, 0.705000000]: Velodyne laser plugin missing <min_intensity>, defaults to no clipping
[INFO] [1781008181.338157792, 0.705000000]: Velodyne laser plugin ready, 16 lasers
[INFO] [1781008181.339407518, 0.705000000]: Starting plugin DiffDrive(ns = /r4/)
[DEBUG] [1781008181.339416798, 0.705000000]: DiffDrive(ns = /r4/): <rosDebugLevel> = Debug
[INFO] [1781008181.339427171, 0.705000000]: DiffDrive(ns = /r4/): <rosDebugLevel> = Debug
[INFO] [1781008181.339674770, 0.705000000]: DiffDrive(ns = /r4/): <tf_prefix> = 
[DEBUG] [1781008181.339680456, 0.705000000]: DiffDrive(ns = /r4/): <commandTopic> = cmd_vel
[DEBUG] [1781008181.339684657, 0.705000000]: DiffDrive(ns = /r4/): <odometryTopic> = odom
[DEBUG] [1781008181.339689086, 0.705000000]: DiffDrive(ns = /r4/): <odometryFrame> = odom
[DEBUG] [1781008181.339693405, 0.705000000[WARN] [1781008181.339766711, 0.705000000]: GazeboRosDiffDrive Plugin (ns = ) missing <publishTf>, defaults to 1
[INFO] [1781008178.412120, 0.000000]: Loading model XML from ros parameter robot_description_r4
[INFO] [1781008178.414509, 0.000000]: Waiting for service /gazebo/spawn_urdf_model
[INFO] [1781008178.716284, 0.364000]: Calling service /gazebo/spawn_urdf_model
[INFO] [1781008181.339295, 0.705000]: Spawn status: SpawnModel: Successfully spawned entity
]: DiffDrive(ns = /r4/): <robotBaseFrame> = base_link
[DEBUG] [1781008181.339710387, 0.705000000]: DiffDrive(ns = /r4/): <publishWheelTF> = false
[DEBUG] [1781008181.339714244, 0.705000000]: DiffDrive(ns = /r4/): <publishOdomTF> = false
[DEBUG] [1781008181.339718636, 0.705000000]: DiffDrive(ns = /r4/): <publishWheelJointState> = true
[DEBUG] [1781008181.339725733, 0.705000000]: DiffDrive(ns = /r4/): <wheelSeparation> = 0.29999999999999999
[DEBUG] [1781008181.339731119, 0.705000000]: DiffDrive(ns = /r4/): <wheelDiameter> = 0.17999999999999999
[DEBUG] [1781008181.339735756, 0.705000000]: DiffDrive(ns = /r4/): <wheelAcceleration> = 1.8
[DEBUG] [1781008181.339740596, 0.705000000]: DiffDrive(ns = /r4/): <wheelTorque> = 20
[DEBUG] [1781008181.339745377, 0.705000000]: DiffDrive(ns = /r4/): <updateRate> = 50
[DEBUG] [1781008181.339751444, 0.705000000]: DiffDrive(ns = /r4/): <odometrySource> = world := 1
[DEBUG] [1781008181.339755836, 0.705000000]: DiffDrive(ns = /r4/): <leftJoint> = left_hub_joint
[DEBUG] [1781008181.339760816, 0.705000000]: DiffDrive(ns = /r4/): <rightJoint> = right_hub_joint
[INFO] [1781008181.340022865, 0.705000000]: DiffDrive(ns = /r4/): Advertise joint_states
[INFO] [1781008181.340032251, 0.705000000]: DiffDrive(ns = /r4/): Try to subscribe to cmd_vel
[INFO] [1781008181.340724065, 0.705000000]: DiffDrive(ns = /r4/): Subscribe to cmd_vel
[INFO] [1781008181.340902461, 0.705000000]: DiffDrive(ns = /r4/): Advertise odom on odom 
[INFO] [1781008181.340975166, 0.705000000]: GazeboRosJointStatePublisher is going to publish joint: chassis_swivel_joint
[INFO] [1781008181.340979598, 0.705000000]: GazeboRosJointStatePublisher is going to publish joint: swivel_wheel_joint
[INFO] [1781008181.340984047, 0.705000000]: GazeboRosJointStatePublisher is going to publish joint: left_hub_joint
[INFO] [1781008181.340988092, 0.705000000]: GazeboRosJointStatePublisher is going to publish joint: right_hub_joint
[INFO] [1781008181.340992428, 0.705000000]: Starting GazeboRosJointStatePublisher Plugin (ns = /r4/)!, parent name: r4
[INFO] [1781008181.654145701, 0.869000000]: Laser Plugin: The 'robotNamespace' param was empty
[INFO] [1781008181.654160900, 0.869000000]: Starting Laser Plugin (ns = r5)
[INFO] [1781008181.654827078, 0.869000000]: Laser Plugin (ns = r5)  <tf_prefix_>, set to ""
[INFO] [1781008182.266934217, 0.869000000]: Velodyne laser plugin missing <min_intensity>, defaults to no clipping
[INFO] [1781008182.267628727, 0.869000000]: Velodyne laser plugin ready, 16 lasers
[INFO] [1781008182.268737200, 0.869000000]: Starting plugin DiffDrive(ns = /r5/)
[DEBUG] [1781008182.268746670, 0.869000000]: DiffDrive(ns = /r5/): <rosDebugLevel> = Debug
[INFO] [1781008182.268757565, 0.869000000]: DiffDrive(ns = /r5/): <rosDebugLevel> = Debug
[INFO] [1781008182.269100678, 0.869000000]: DiffDrive(ns = /r5/): <tf_prefix> = 
[DEBUG] [1781008182.269111245, 0.869000000]: DiffDrive(ns = /r5/): <commandTopic> = cmd_vel
[DEBUG] [1781008182.269115748, 0.869000000]: DiffDrive(ns = /r5/): <odometryTopic> = odom
[DEBUG] [1781008182.269120275, 0.869000000]: DiffDrive(ns = /r5/): <odometryFrame> = odom
[DEBUG] [1781008182.269124802, 0.869000000]: DiffDrive(ns = /r5/): <robotBaseFrame> = base_link
[DEBUG] [1781008182.269130283, 0.869000000]: DiffDrive(ns = /r5/): <publishWheelTF> = false
[DEBUG] [1781008182.269134377, 0.869000000]: DiffDrive(ns = /r5/): <publishOdomTF> = false
[DEBUG] [1781008182.269139886, 0.869000000]: DiffDrive(ns = /r5/): <publishWheelJointState> = true
[DEBUG] [1781008182.269148151, 0.869000000]: DiffDrive(ns = /r5/): <wheelSeparation> = 0.29999999999999999
[DEBUG] [1781008182.269153257, 0.869000000]: DiffDrive(ns = /r5/): <wheelDiameter> = 0.17999999999999999
[DEBUG] [1781008182.269159740, 0.869000000]: DiffDrive(ns = /r5/): <wheelAcceleration> = 1.8
[DEBUG] [1781008182.269164888, 0.869000000]: DiffDrive(ns = /r5/): <wheelTorque> = 20
[DEBUG] [1781008182.269169827, 0.869000000]: DiffDrive(ns = /r5/): <updateRate> = 50
[DEBUG] [1781008182.269176032, 0.869000000]: DiffDrive(ns = /r5/): <odometrySource> = world := 1
[DEBUG] [1781008[WARN] [1781008182.269206340, 0.869000000]: GazeboRosDiffDrive Plugin (ns = ) missing <publishTf>, defaults to 1
[INFO] [1781008178.415504, 0.000000]: Loading model XML from ros parameter robot_description_r5
[INFO] [1781008178.418077, 0.000000]: Waiting for service /gazebo/spawn_urdf_model
[INFO] [1781008178.719554, 0.367000]: Calling service /gazebo/spawn_urdf_model
[INFO] [1781008182.268633, 0.869000]: Spawn status: SpawnModel: Successfully spawned entity
train_velodyne_td3_multi.py:384: FutureWarning: You are using `torch.load` with `weights_only=False` (the current default value), which uses the default pickle module implicitly. It is possible to construct malicious pickle data which will execute arbitrary code during unpickling (See https://github.com/pytorch/pytorch/blob/main/SECURITY.md#untrusted-models for more details). In a future release, the default value for `weights_only` will be flipped to `True`. This limits the functions that could be executed during unpickling. Arbitrary objects will no longer be allowed to be loaded via this mode unless they are explicitly allowlisted by the user via `torch.serialization.add_safe_globals`. We recommend you start setting `weights_only=True` for any use case where you don't have full control of the loaded file. Please open an issue on GitHub for any issues related to this experimental feature.
  torch.load("%s/%s_actor.pth" % (directory, filename), map_location=device)
Could not load the stored model parameters, initializing randomly
==============================================
Training version: multi-agent-curriculum-stage3-asym-three-5-v1
Training process PID: 3998992
Launchfile: multi_robot_scenario_curriculum_stage3_asym_three_5_5.launch
Scenario mode: curriculum
Seed: 0
Device: cuda
GPU: NVIDIA GeForce RTX 4090
Agent names: r1, r2, r3, r4, r5
Cooperative reward: True
Cooperative reward mode: average_plus_interaction
Cooperative reward self weight: 0.85
Distance-weighted reward: True
Distance reward sigma: 2.0
Interaction safe distance: 0.9
Interaction close penalty: 0.35
Interaction stagnation penalty: 0.02
Anti-stagnation reward: False
Anti-stagnation penalty: 0.2
Anti-stagnation linear threshold: 0.05
Anti-stagnation progress threshold: 0.005
Anti-stagnation min laser: 0.35
Wall-clearance reward: False
Wall-clearance safe distance: 0.75
Wall-clearance penalty: 1.5
Wall-clearance speed weight: 0.8
Wall-clearance turn weight: 0.4
Local-navigation reward: True
Local-navigation heading weight: 0.35
Local-navigation wrong-way penalty: 0.25
Local-navigation turn weight: 0.22
Local-navigation near-goal distance: 0.9
Local-navigation heading error: 0.5
Local critic enabled: False
Local critic geometry only: False
Active neighbors only: True
Actor state dim: 24
Critic state dim: 24
Local critic max neighbors: 9
Local critic context dim: 63
Best metric: full_success
Eval episodes: 48
Max epochs: 3
Actor learning rate: 8e-07
Critic learning rate: 2e-05
Actor update delay steps: 22000
Exploration noise: 0.015
Exploration min: 0.005
Exploration decay steps: 500000
TensorBoard log dir: runs/multi_coop_Jun09_20-29-42_JiuTian-AI4090
Checkpoint path: ./checkpoints/TD3_velodyne_multi_v4_curriculum_stage3_asym_three_5_from_stage3_asym_pair_cleanport_latest.pt
Best checkpoint path: ./checkpoints/TD3_velodyne_multi_v4_curriculum_stage3_asym_three_5_from_stage3_asym_pair_cleanport_best.pt
Model prefix: TD3_velodyne_multi_v4_curriculum_stage3_asym_three_5_from_stage3_asym_pair_cleanport
Checkpoint interval episodes: 10
Resume mode: True
Starting agent samples: 0
Starting env steps: 0
Starting epoch: 1
==============================================
[WARN] [1781008183.168769810, 1.005000000]: GazeboRosDiffDrive Plugin (ns = ) missing <publishTf>, defaults to 1
[INFO] [1781008178.416668, 0.000000]: Loading model XML from ros parameter robot_description_r3
[INFO] [1781008178.419082, 0.000000]: Waiting for service /gazebo/spawn_urdf_model
[INFO] [1781008178.721308, 0.369000]: Calling service /gazebo/spawn_urdf_model
[INFO] [1781008183.168107, 1.005000]: Spawn status: SpawnModel: Successfully spawned entity
182.269180925, 0.869000000]: DiffDrive(ns = /r5/): <leftJoint> = left_hub_joint
[DEBUG] [1781008182.269200364, 0.869000000]: DiffDrive(ns = /r5/): <rightJoint> = right_hub_joint
[INFO] [1781008182.269547836, 0.869000000]: DiffDrive(ns = /r5/): Advertise joint_states
[INFO] [1781008182.269564187, 0.869000000]: DiffDrive(ns = /r5/): Try to subscribe to cmd_vel
[INFO] [1781008182.270900276, 0.869000000]: DiffDrive(ns = /r5/): Subscribe to cmd_vel
[INFO] [1781008182.271093459, 0.869000000]: DiffDrive(ns = /r5/): Advertise odom on odom 
[INFO] [1781008182.271149835, 0.869000000]: GazeboRosJointStatePublisher is going to publish joint: chassis_swivel_joint
[INFO] [1781008182.271154694, 0.869000000]: GazeboRosJointStatePublisher is going to publish joint: swivel_wheel_joint
[INFO] [1781008182.271159229, 0.869000000]: GazeboRosJointStatePublisher is going to publish joint: left_hub_joint
[INFO] [1781008182.271163656, 0.869000000]: GazeboRosJointStatePublisher is going to publish joint: right_hub_joint
[INFO] [1781008182.271168131, 0.869000000]: Starting GazeboRosJointStatePublisher Plugin (ns = /r5/)!, parent name: r5
[INFO] [1781008182.555367144, 1.005000000]: Laser Plugin: The 'robotNamespace' param was empty
[INFO] [1781008182.555391961, 1.005000000]: Starting Laser Plugin (ns = r3)
[INFO] [1781008182.555895824, 1.005000000]: Laser Plugin (ns = r3)  <tf_prefix_>, set to ""
[INFO] [1781008183.166540919, 1.005000000]: Velodyne laser plugin missing <min_intensity>, defaults to no clipping
[INFO] [1781008183.167403045, 1.005000000]: Velodyne laser plugin ready, 16 lasers
[INFO] [1781008183.168146601, 1.005000000]: Starting plugin DiffDrive(ns = /r3/)
[DEBUG] [1781008183.168156651, 1.005000000]: DiffDrive(ns = /r3/): <rosDebugLevel> = Debug
[INFO] [1781008183.168167253, 1.005000000]: DiffDrive(ns = /r3/): <rosDebugLevel> = Debug
[INFO] [1781008183.168626784, 1.005000000]: DiffDrive(ns = /r3/): <tf_prefix> = 
[DEBUG] [1781008183.168631521, 1.005000000]: DiffDrive(ns = /r3/): <commandTopic> = cmd_vel
[DEBUG] [1781008183.168635312, 1.005000000]: DiffDrive(ns = /r3/): <odometryTopic> = odom
[DEBUG] [1781008183.168639950, 1.005000000]: DiffDrive(ns = /r3/): <odometryFrame> = odom
[DEBUG] [1781008183.168643705, 1.005000000]: DiffDrive(ns = /r3/): <robotBaseFrame> = base_link
[DEBUG] [1781008183.168651359, 1.005000000]: DiffDrive(ns = /r3/): <publishWheelTF> = false
[DEBUG] [1781008183.168658512, 1.005000000]: DiffDrive(ns = /r3/): <publishOdomTF> = false
[DEBUG] [1781008183.168665706, 1.005000000]: DiffDrive(ns = /r3/): <publishWheelJointState> = true
[DEBUG] [1781008183.168675798, 1.005000000]: DiffDrive(ns = /r3/): <wheelSeparation> = 0.29999999999999999
[DEBUG] [1781008183.168683364, 1.005000000]: DiffDrive(ns = /r3/): <wheelDiameter> = 0.17999999999999999
[DEBUG] [1781008183.168691541, 1.005000000]: DiffDrive(ns = /r3/): <wheelAcceleration> = 1.8
[DEBUG] [1781008183.168699476, 1.005000000]: DiffDrive(ns = /r3/): <wheelTorque> = 20
[DEBUG] [1781008183.168707041, 1.005000000]: DiffDrive(ns = /r3/): <updateRate> = 50
[DEBUG] [1781008183.168716012, 1.005000000]: DiffDrive(ns = /r3/): <odometrySource> = world := 1
[DEBUG] [1781008183.168722747, 1.005000000]: DiffDrive(ns = /r3/): <leftJoint> = left_hub_joint
[DEBUG] [1781008183.168764249, 1.005000000]: DiffDrive(ns = /r3/): <rightJoint> = right_hub_joint
[INFO] [1781008183.169292377, 1.005000000]: DiffDrive(ns = /r3/): Advertise joint_states
[INFO] [1781008183.169301092, 1.005000000]: DiffDrive(ns = /r3/): Try to subscribe to cmd_vel
[INFO] [1781008183.171097068, 1.005000000]: DiffDrive(ns = /r3/): Subscribe to cmd_vel
[INFO] [1781008183.171289450, 1.005000000]: DiffDrive(ns = /r3/): Advertise odom on odom 
[INFO] [1781008183.171346342, 1.005000000]: GazeboRosJointStatePublisher is going to publish joint: chassis_swivel_joint
[INFO] [1781008183.171351435, 1.005000000]: GazeboRosJointStatePublisher is going to publish joint: swivel_wheel_joint
[INFO] [1781008183.171355943, 1.005000000]: GazeboRosJointStatePublisher is going to publish joint: left_hub_joint
[INFO] [1781008183.171360382, 1.Episode 1 complete | agent_samples=170 | env_steps=65 | episode_env_steps=65 | episode_agent_samples=170 | mean_reward=8.589 | success=2/5 | collision=3/5 | mean_final_distance=1.131 | mean_progress=-0.0073 | min_laser=0.334 | mean_lin=0.401 | mean_ang=0.100 | mean_robot_dist=2.036 | raw_reward=-20.000 | adjusted_reward=-20.000 | coop_agents=0/5 | mean_coop_neighbors=0.00 | active_neighbor_step_rate=0.765 | mean_active_neighbors_step=2.241 | max_active_neighbors_step=4 | interaction_reward=-0.0027 | abs_interaction_reward=0.0027 | anti_stag_reward=0.0000 | abs_anti_stag_reward=0.0000 | wall_clear_reward=0.0000 | abs_wall_clear_reward=0.0000 | local_nav_reward=0.1094 | abs_local_nav_reward=0.1169 | context_neighbors_mean=0.00 | context_neighbors_max=0 | context_step_mean=0.00 | context_step_max=0 | actor_unlocked=0 | expl_noise=0.0149 | replay=170 | samples/sec=11.622
Episode 2 complete | agent_samples=272 | env_steps=105 | episode_env_steps=40 | episode_agent_samples=102 | mean_reward=81.003 | success=4/5 | collision=1/5 | mean_final_distance=0.410 | mean_progress=-0.0084 | min_laser=0.321 | mean_lin=0.424 | mean_ang=0.188 | mean_robot_dist=0.585 | raw_reward=-20.000 | adjusted_reward=-20.000 | coop_agents=0/5 | mean_coop_neighbors=0.00 | active_neighbor_step_rate=0.824 | mean_active_neighbors_step=2.294 | max_active_neighbors_step=4 | interaction_reward=0.0000 | abs_interaction_reward=0.0000 | anti_stag_reward=0.0000 | abs_anti_stag_reward=0.0000 | wall_clear_reward=0.0000 | abs_wall_clear_reward=0.0000 | local_nav_reward=0.1078 | abs_local_nav_reward=0.1118 | context_neighbors_mean=0.00 | context_neighbors_max=0 | context_step_mean=0.00 | context_step_max=0 | actor_unlocked=0 | expl_noise=0.0148 | replay=272 | samples/sec=11.634
Episode 3 complete | agent_samples=484 | env_steps=195 | episode_env_steps=90 | episode_agent_samples=212 | mean_reward=-10.962 | success=2/5 | collision=3/5 | mean_final_distance=1.625 | mean_progress=-0.0086 | min_laser=0.333 | mean_lin=0.408 | mean_ang=0.088 | mean_robot_dist=5.384 | raw_reward=-20.000 | adjusted_reward=-20.000 | coop_agents=0/5 | mean_coop_neighbors=0.00 | active_neighbor_step_rate=0.580 | mean_active_neighbors_step=1.373 | max_active_neighbors_step=4 | interaction_reward=-0.0007 | abs_interaction_reward=0.0007 | anti_stag_reward=0.0000 | abs_anti_stag_reward=0.0000 | wall_clear_reward=0.0000 | abs_wall_clear_reward=0.0000 | local_nav_reward=0.0317 | abs_local_nav_reward=0.0972 | context_neighbors_mean=0.00 | context_neighbors_max=0 | context_step_mean=0.00 | context_step_max=0 | actor_unlocked=0 | expl_noise=0.0146 | replay=484 | samples/sec=11.275
Episode 4 complete | agent_samples=659 | env_steps=270 | episode_env_steps=75 | episode_agent_samples=175 | mean_reward=9.898 | success=2/5 | collision=3/5 | mean_final_distance=1.146 | mean_progress=-0.0028 | min_laser=0.319 | mean_lin=0.395 | mean_ang=0.110 | mean_robot_dist=1.803 | raw_reward=-20.000 | adjusted_reward=-20.000 | coop_agents=0/5 | mean_coop_neighbors=0.00 | active_neighbor_step_rate=0.720 | mean_active_neighbors_step=1.966 | max_active_neighbors_step=4 | interaction_reward=-0.0067 | abs_interaction_reward=0.0067 | anti_stag_reward=0.0000 | abs_anti_stag_reward=0.0000 | wall_clear_reward=0.0000 | abs_wall_clear_reward=0.0000 | local_nav_reward=0.0981 | abs_local_nav_reward=0.1007 | context_neighbors_mean=0.00 | context_neighbors_max=0 | context_step_mean=0.00 | context_step_max=0 | actor_unlocked=0 | expl_noise=0.0145 | replay=659 | samples/sec=11.183
Episode 5 complete | agent_samples=818 | env_steps=357 | episode_env_steps=87 | episode_agent_samples=159 | mean_reward=28.547 | success=3/5 | collision=2/5 | mean_final_distance=0.911 | mean_progress=-0.0115 | min_laser=0.317 | mean_lin=0.425 | mean_ang=0.120 | mean_robot_dist=2.719 | raw_reward=-20.000 | adjusted_reward=-20.000 | coop_agents=0/5 | mean_coop_neighbors=0.00 | active_neighbor_step_rate=0.623 | mean_active_neighbors_step=1.553 | max_active_neighbors_step=4 | interaction_reward=-0.0014 | abs_interaction_reward=0.0014 | anti_stag_reward=0.0000 | abs_anti_stag_reward=0.0000 | wall_clear_reward=0.0000 | abs_wall_clear_reward=0.0000 | local_nav_reward=0.0380 | abs_local_nav_reward=0.1054 | context_neighbors_mean=0.00 | context_neighbors_max=0 | context_step_mean=0.00 | context_step_max=0 | actor_unlocked=0 | expl_noise=0.0143 | replay=818 | samples/sec=10.541
Status | epoch=1 | next_eval_in=4182 agent_samples | checkpoint_every=10 episodes | checkpoint=./checkpoints/TD3_velodyne_multi_v4_curriculum_stage3_asym_three_5_from_stage3_asym_pair_cleanport_latest.pt | model=TD3_velodyne_multi_v4_curriculum_stage3_asym_three_5_from_stage3_asym_pair_cleanport
Episode 6 complete | agent_samples=993 | env_steps=418 | episode_env_steps=61 | episode_agent_samples=175 | mean_reward=-55.431 | success=1/5 | collision=4/5 | mean_final_distance=1.692 | mean_progress=-0.0081 | min_laser=0.314 | mean_lin=0.388 | mean_ang=0.038 | mean_robot_dist=3.597 | raw_reward=-20.000 | adjusted_reward=-20.000 | coop_agents=0/5 | mean_coop_neighbors=0.00 | active_neighbor_step_rate=0.709 | mean_active_neighbors_step=1.514 | max_active_neighbors_step=4 | interaction_reward=-0.0061 | abs_interaction_reward=0.0061 | anti_stag_reward=0.0000 | abs_anti_stag_reward=0.0000 | wall_clear_reward=0.0000 | abs_wall_clear_reward=0.0000 | local_nav_reward=0.0309 | abs_local_nav_reward=0.1005 | context_neighbors_mean=0.00 | context_neighbors_max=0 | context_step_mean=0.00 | context_step_max=0 | actor_unlocked=0 | expl_noise=0.0142 | replay=993 | samples/sec=10.938
Episode 7 complete | agent_samples=1234 | env_steps=484 | episode_env_steps=66 | episode_agent_samples=241 | mean_reward=-31.561 | success=1/5 | collision=4/5 | mean_final_distance=1.243 | mean_progress=-0.0081 | min_laser=0.315 | mean_lin=0.415 | mean_ang=0.088 | mean_robot_dist=2.924 | raw_reward=-20.000 | adjusted_reward=-20.000 | coop_agents=0/5 | mean_coop_neighbors=0.00 | active_neighbor_step_rate=0.842 | mean_active_neighbors_step=2.170 | max_active_neighbors_step=4 | interaction_reward=-0.0044 | abs_interaction_reward=0.0044 | anti_stag_reward=0.0000 | abs_anti_stag_reward=0.0000 | wall_clear_reward=0.0000 | abs_wall_clear_reward=0.0000 | local_nav_reward=0.0750 | abs_local_nav_reward=0.0968 | context_neighbors_mean=0.00 | context_neighbors_max=0 | context_step_mean=0.00 | context_step_max=0 | actor_unlocked=0 | expl_noise=0.0140 | replay=1234 | samples/sec=11.741
Episode 8 complete | agent_samples=1336 | env_steps=516 | episode_env_steps=32 | episode_agent_samples=102 | mean_reward=80.355 | success=4/5 | collision=1/5 | mean_final_distance=0.385 | mean_progress=-0.0091 | min_laser=0.341 | mean_lin=0.407 | mean_ang=0.221 | mean_robot_dist=0.612 | raw_reward=-20.000 | adjusted_reward=-20.000 | coop_agents=0/5 | mean_coop_neighbors=0.00 | active_neighbor_step_rate=0.951 | mean_active_neighbors_step=2.588 | max_active_neighbors_step=4 | interaction_reward=-0.0027 | abs_interaction_reward=0.0027 | anti_stag_reward=0.0000 | abs_anti_stag_reward=0.0000 | wall_clear_reward=0.0000 | abs_wall_clear_reward=0.0000 | local_nav_reward=0.1142 | abs_local_nav_reward=0.1207 | context_neighbors_mean=0.00 | context_neighbors_max=0 | context_step_mean=0.00 | context_step_max=0 | actor_unlocked=0 | expl_noise=0.0140 | replay=1336 | samples/sec=11.919
Episode 9 complete | agent_samples=1453 | env_steps=557 | episode_env_steps=41 | episode_agent_samples=117 | mean_reward=-8.319 | success=2/5 | collision=3/5 | mean_final_distance=1.175 | mean_progress=-0.0097 | min_laser=0.306 | mean_lin=0.374 | mean_ang=0.015 | mean_robot_dist=0.594 | raw_reward=-20.000 | adjusted_reward=-20.000 | coop_agents=0/5 | mean_coop_neighbors=0.00 | active_neighbor_step_rate=0.650 | mean_active_neighbors_step=1.795 | max_active_neighbors_step=4 | interaction_reward=-0.0007 | abs_interaction_reward=0.0007 | anti_stag_reward=0.0000 | abs_anti_stag_reward=0.0000 | wall_clear_reward=0.0000 | abs_wall_clear_reward=0.0000 | local_nav_reward=0.0899 | abs_local_nav_reward=0.1157 | context_neighbors_mean=0.00 | context_neighbors_max=0 | context_step_mean=0.00 | context_step_max=0 | actor_unlocked=0 | expl_noise=0.0139 | replay=1453 | samples/sec=12.013
Episode 10 complete | agent_samples=1682 | env_steps=632 | episode_env_steps=75 | episode_agent_samples=229 | mean_reward=12.521 | success=2/5 | collision=3/5 | mean_final_distance=1.026 | mean_progress=-0.0064 | min_laser=0.326 | mean_lin=0.405 | mean_ang=0.046 | mean_robot_dist=1.323 | raw_reward=-20.000 | adjusted_reward=-20.000 | coop_agents=0/5 | mean_coop_neighbors=0.00 | active_neighbor_step_rate=0.585 | mean_active_neighbors_step=1.572 | max_active_neighbors_step=4 | interaction_reward=-0.0028 | abs_interaction_reward=0.0028 | anti_stag_reward=0.0000 | abs_anti_stag_reward=0.0000 | wall_clear_reward=0.0000 | abs_wall_clear_reward=0.0000 | local_nav_reward=0.0871 | abs_local_nav_reward=0.0983 | context_neighbors_mean=0.00 | context_neighbors_max=0 | context_step_mean=0.00 | context_step_max=0 | actor_unlocked=0 | expl_noise=0.0137 | replay=1682 | samples/sec=12.263
Status | epoch=1 | next_eval_in=3318 agent_samples | checkpoint_every=10 episodes | checkpoint=./checkpoints/TD3_velodyne_multi_v4_curriculum_stage3_asym_three_5_from_stage3_asym_pair_cleanport_latest.pt | model=TD3_velodyne_multi_v4_curriculum_stage3_asym_three_5_from_stage3_asym_pair_cleanport
Checkpoint saved: ./checkpoints/TD3_velodyne_multi_v4_curriculum_stage3_asym_three_5_from_stage3_asym_pair_cleanport_latest.pt
Episode 11 complete | agent_samples=1811 | env_steps=679 | episode_env_steps=47 | episode_agent_samples=129 | mean_reward=79.841 | success=4/5 | collision=1/5 | mean_final_distance=0.519 | mean_progress=-0.0102 | min_laser=0.330 | mean_lin=0.405 | mean_ang=0.194 | mean_robot_dist=0.647 | raw_reward=-20.000 | adjusted_reward=-20.000 | coop_agents=0/5 | mean_coop_neighbors=0.00 | active_neighbor_step_rate=0.884 | mean_active_neighbors_step=2.388 | max_active_neighbors_step=4 | interaction_reward=-0.0020 | abs_interaction_reward=0.0020 | anti_stag_reward=0.0000 | abs_anti_stag_reward=0.0000 | wall_clear_reward=0.0000 | abs_wall_clear_reward=0.0000 | local_nav_reward=0.0801 | abs_local_nav_reward=0.1113 | context_neighbors_mean=0.00 | context_neighbors_max=0 | context_step_mean=0.00 | context_step_max=0 | actor_unlocked=0 | expl_noise=0.0136 | replay=1811 | samples/sec=12.287
Episode 12 complete | agent_samples=1904 | env_steps=712 | episode_env_steps=33 | episode_agent_samples=93 | mean_reward=33.501 | success=3/5 | collision=2/5 | mean_final_distance=0.965 | mean_progress=0.0099 | min_laser=0.303 | mean_lin=0.399 | mean_ang=0.137 | mean_robot_dist=0.953 | raw_reward=-20.000 | adjusted_reward=-20.000 | coop_agents=0/5 | mean_coop_neighbors=0.00 | active_neighbor_step_rate=0.763 | mean_active_neighbors_step=2.204 | max_active_neighbors_step=4 | interaction_reward=0.0000 | abs_interaction_reward=0.0000 | anti_stag_reward=0.0000 | abs_anti_stag_reward=0.0000 | wall_clear_reward=0.0000 | abs_wall_clear_reward=0.0000 | local_nav_reward=0.1283 | abs_local_nav_reward=0.1283 | context_neighbors_mean=0.00 | context_neighbors_max=0 | context_step_mean=0.00 | context_step_max=0 | actor_unlocked=0 | expl_noise=0.0136 | replay=1904 | samples/sec=12.322
Episode 13 complete | agent_samples=2197 | env_steps=800 | episode_env_steps=88 | episode_agent_samples=293 | mean_reward=-45.111 | success=1/5 | collision=4/5 | mean_final_distance=1.767 | mean_progress=-0.0065 | min_laser=0.300 | mean_lin=0.367 | mean_ang=-0.022 | mean_robot_dist=0.730 | raw_reward=-20.000 | adjusted_reward=-20.000 | coop_agents=0/5 | mean_coop_neighbors=0.00 | active_neighbor_step_rate=0.672 | mean_active_neighbors_step=1.734 | max_active_neighbors_step=4 | interaction_reward=-0.0039 | abs_interaction_reward=0.0039 | anti_stag_reward=0.0000 | abs_anti_stag_reward=0.0000 | wall_clear_reward=0.0000 | abs_wall_clear_reward=0.0000 | local_nav_reward=0.0400 | abs_local_nav_reward=0.0872 | context_neighbors_mean=0.00 | context_neighbors_max=0 | context_step_mean=0.00 | context_step_max=0 | actor_unlocked=0 | expl_noise=0.0134 | replay=2197 | samples/sec=12.671
Episode 14 complete | agent_samples=2297 | env_steps=829 | episode_env_steps=29 | episode_agent_samples=100 | mean_reward=39.829 | success=3/5 | collision=2/5 | mean_final_distance=0.402 | mean_progress=-0.0004 | min_laser=0.302 | mean_lin=0.404 | mean_ang=0.108 | mean_robot_dist=0.562 | raw_reward=-40.000 | adjusted_reward=-40.059 | coop_agents=2/5 | mean_coop_neighbors=0.40 | active_neighbor_step_rate=1.000 | mean_active_neighbors_step=2.580 | max_active_neighbors_step=4 | interaction_reward=-0.0082 | abs_interaction_reward=0.0082 | anti_stag_reward=0.0000 | abs_anti_stag_reward=0.0000 | wall_clear_reward=0.0000 | abs_wall_clear_reward=0.0000 | local_nav_reward=0.1147 | abs_local_nav_reward=0.1169 | context_neighbors_mean=0.00 | context_neighbors_max=0 | context_step_mean=0.00 | context_step_max=0 | actor_unlocked=0 | expl_noise=0.0134 | replay=2297 | samples/sec=12.784
Episode 15 complete | agent_samples=2408 | env_steps=866 | episode_env_steps=37 | episode_agent_samples=111 | mean_reward=-7.883 | success=2/5 | collision=3/5 | mean_final_distance=1.153 | mean_progress=-0.0113 | min_laser=0.320 | mean_lin=0.408 | mean_ang=0.073 | mean_robot_dist=0.608 | raw_reward=-20.000 | adjusted_reward=-20.000 | coop_agents=0/5 | mean_coop_neighbors=0.00 | active_neighbor_step_rate=0.622 | mean_active_neighbors_step=1.739 | max_active_neighbors_step=4 | interaction_reward=-0.0004 | abs_interaction_reward=0.0004 | anti_stag_reward=0.0000 | abs_anti_stag_reward=0.0000 | wall_clear_reward=0.0000 | abs_wall_clear_reward=0.0000 | local_nav_reward=0.0908 | abs_local_nav_reward=0.1150 | context_neighbors_mean=0.00 | context_neighbors_max=0 | context_step_mean=0.00 | context_step_max=0 | actor_unlocked=0 | expl_noise=0.0133 | replay=2408 | samples/sec=12.830
Status | epoch=1 | next_eval_in=2592 agent_samples | checkpoint_every=10 episodes | checkpoint=./checkpoints/TD3_velodyne_multi_v4_curriculum_stage3_asym_three_5_from_stage3_asym_pair_cleanport_latest.pt | model=TD3_velodyne_multi_v4_curriculum_stage3_asym_three_5_from_stage3_asym_pair_cleanport
Episode 16 complete | agent_samples=2615 | env_steps=969 | episode_env_steps=103 | episode_agent_samples=207 | mean_reward=-50.167 | success=1/5 | collision=4/5 | mean_final_distance=1.952 | mean_progress=-0.0103 | min_laser=0.317 | mean_lin=0.434 | mean_ang=0.158 | mean_robot_dist=0.599 | raw_reward=-20.000 | adjusted_reward=-20.000 | coop_agents=0/5 | mean_coop_neighbors=0.00 | active_neighbor_step_rate=0.657 | mean_active_neighbors_step=1.913 | max_active_neighbors_step=4 | interaction_reward=-0.0051 | abs_interaction_reward=0.0051 | anti_stag_reward=0.0000 | abs_anti_stag_reward=0.0000 | wall_clear_reward=0.0000 | abs_wall_clear_reward=0.0000 | local_nav_reward=0.0446 | abs_local_nav_reward=0.1115 | context_neighbors_mean=0.00 | context_neighbors_max=0 | context_step_mean=0.00 | context_step_max=0 | actor_unlocked=0 | expl_noise=0.0131 | replay=2615 | samples/sec=12.466
Episode 17 complete | agent_samples=2831 | env_steps=1092 | episode_env_steps=123 | episode_agent_samples=216 | mean_reward=21.134 | success=3/5 | collision=2/5 | mean_final_distance=1.408 | mean_progress=-0.0116 | min_laser=0.335 | mean_lin=0.402 | mean_ang=0.050 | mean_robot_dist=2.944 | raw_reward=-20.000 | adjusted_reward=-20.000 | coop_agents=0/5 | mean_coop_neighbors=0.00 | active_neighbor_step_rate=0.634 | mean_active_neighbors_step=1.505 | max_active_neighbors_step=4 | interaction_reward=-0.0038 | abs_interaction_reward=0.0038 | anti_stag_reward=0.0000 | abs_anti_stag_reward=0.0000 | wall_clear_reward=0.0000 | abs_wall_clear_reward=0.0000 | local_nav_reward=0.0078 | abs_local_nav_reward=0.0989 | context_neighbors_mean=0.00 | context_neighbors_max=0 | context_step_mean=0.00 | context_step_max=0 | actor_unlocked=0 | expl_noise=0.0128 | replay=2831 | samples/sec=11.990
Episode 18 complete | agent_samples=3031 | env_steps=1189 | episode_env_steps=97 | episode_agent_samples=200 | mean_reward=-62.699 | success=1/5 | collision=4/5 | mean_final_distance=1.882 | mean_progress=-0.0099 | min_laser=0.332 | mean_lin=0.420 | mean_ang=0.044 | mean_robot_dist=0.704 | raw_reward=-20.000 | adjusted_reward=-20.000 | coop_agents=0/5 | mean_coop_neighbors=0.00 | active_neighbor_step_rate=0.490 | mean_active_neighbors_step=1.220 | max_active_neighbors_step=4 | interaction_reward=-0.0027 | abs_interaction_reward=0.0027 | anti_stag_reward=0.0000 | abs_anti_stag_reward=0.0000 | wall_clear_reward=0.0000 | abs_wall_clear_reward=0.0000 | local_nav_reward=0.0172 | abs_local_nav_reward=0.0976 | context_neighbors_mean=0.00 | context_neighbors_max=0 | context_step_mean=0.00 | context_step_max=0 | actor_unlocked=0 | expl_noise=0.0126 | replay=3031 | samples/sec=11.791
Episode 19 complete | agent_samples=3202 | env_steps=1255 | episode_env_steps=66 | episode_agent_samples=171 | mean_reward=8.788 | success=2/5 | collision=3/5 | mean_final_distance=1.121 | mean_progress=-0.0086 | min_laser=0.323 | mean_lin=0.408 | mean_ang=0.104 | mean_robot_dist=2.398 | raw_reward=-20.000 | adjusted_reward=-20.000 | coop_agents=0/5 | mean_coop_neighbors=0.00 | active_neighbor_step_rate=0.678 | mean_active_neighbors_step=1.936 | max_active_neighbors_step=4 | interaction_reward=-0.0018 | abs_interaction_reward=0.0018 | anti_stag_reward=0.0000 | abs_anti_stag_reward=0.0000 | wall_clear_reward=0.0000 | abs_wall_clear_reward=0.0000 | local_nav_reward=0.1035 | abs_local_nav_reward=0.1102 | context_neighbors_mean=0.00 | context_neighbors_max=0 | context_step_mean=0.00 | context_step_max=0 | actor_unlocked=0 | expl_noise=0.0125 | replay=3202 | samples/sec=11.805
Episode 20 complete | agent_samples=3367 | env_steps=1338 | episode_env_steps=83 | episode_agent_samples=165 | mean_reward=29.179 | success=3/5 | collision=2/5 | mean_final_distance=0.905 | mean_progress=-0.0093 | min_laser=0.312 | mean_lin=0.366 | mean_ang=0.115 | mean_robot_dist=2.575 | raw_reward=-20.000 | adjusted_reward=-20.000 | coop_agents=0/5 | mean_coop_neighbors=0.00 | active_neighbor_step_rate=0.648 | mean_active_neighbors_step=1.655 | max_active_neighbors_step=4 | interaction_reward=-0.0050 | abs_interaction_reward=0.0050 | anti_stag_reward=0.0000 | abs_anti_stag_reward=0.0000 | wall_clear_reward=0.0000 | abs_wall_clear_reward=0.0000 | local_nav_reward=0.0385 | abs_local_nav_reward=0.1023 | context_neighbors_mean=0.00 | context_neighbors_max=0 | context_step_mean=0.00 | context_step_max=0 | actor_unlocked=0 | expl_noise=0.0123 | replay=3367 | samples/sec=11.648
Status | epoch=1 | next_eval_in=1633 agent_samples | checkpoint_every=10 episodes | checkpoint=./checkpoints/TD3_velodyne_multi_v4_curriculum_stage3_asym_three_5_from_stage3_asym_pair_cleanport_latest.pt | model=TD3_velodyne_multi_v4_curriculum_stage3_asym_three_5_from_stage3_asym_pair_cleanport
Checkpoint saved: ./checkpoints/TD3_velodyne_multi_v4_curriculum_stage3_asym_three_5_from_stage3_asym_pair_cleanport_latest.pt
Episode 21 complete | agent_samples=3479 | env_steps=1376 | episode_env_steps=38 | episode_agent_samples=112 | mean_reward=-7.729 | success=2/5 | collision=3/5 | mean_final_distance=1.160 | mean_progress=-0.0120 | min_laser=0.324 | mean_lin=0.411 | mean_ang=0.112 | mean_robot_dist=0.635 | raw_reward=-20.000 | adjusted_reward=-20.000 | coop_agents=0/5 | mean_coop_neighbors=0.00 | active_neighbor_step_rate=0.616 | mean_active_neighbors_step=1.750 | max_active_neighbors_step=4 | interaction_reward=-0.0002 | abs_interaction_reward=0.0002 | anti_stag_reward=0.0000 | abs_anti_stag_reward=0.0000 | wall_clear_reward=0.0000 | abs_wall_clear_reward=0.0000 | local_nav_reward=0.0931 | abs_local_nav_reward=0.1165 | context_neighbors_mean=0.00 | context_neighbors_max=0 | context_step_mean=0.00 | context_step_max=0 | actor_unlocked=0 | expl_noise=0.0123 | replay=3479 | samples/sec=11.697
Episode 22 complete | agent_samples=3711 | env_steps=1443 | episode_env_steps=67 | episode_agent_samples=232 | mean_reward=-32.938 | success=1/5 | collision=4/5 | mean_final_distance=1.309 | mean_progress=-0.0066 | min_laser=0.300 | mean_lin=0.414 | mean_ang=0.064 | mean_robot_dist=2.667 | raw_reward=-20.000 | adjusted_reward=-20.000 | coop_agents=0/5 | mean_coop_neighbors=0.00 | active_neighbor_step_rate=0.750 | mean_active_neighbors_step=2.069 | max_active_neighbors_step=4 | interaction_reward=-0.0038 | abs_interaction_reward=0.0038 | anti_stag_reward=0.0000 | abs_anti_stag_reward=0.0000 | wall_clear_reward=0.0000 | abs_wall_clear_reward=0.0000 | local_nav_reward=0.0708 | abs_local_nav_reward=0.0919 | context_neighbors_mean=0.00 | context_neighbors_max=0 | context_step_mean=0.00 | context_step_max=0 | actor_unlocked=0 | expl_noise=0.0121 | replay=3711 | samples/sec=11.902
Episode 23 complete | agent_samples=3845 | env_steps=1488 | episode_env_steps=45 | episode_agent_samples=134 | mean_reward=38.871 | success=3/5 | collision=2/5 | mean_final_distance=0.586 | mean_progress=-0.0099 | min_laser=0.339 | mean_lin=0.406 | mean_ang=0.187 | mean_robot_dist=0.620 | raw_reward=-20.000 | adjusted_reward=-20.000 | coop_agents=0/5 | mean_coop_neighbors=0.00 | active_neighbor_step_rate=0.918 | mean_active_neighbors_step=2.440 | max_active_neighbors_step=4 | interaction_reward=-0.0040 | abs_interaction_reward=0.0040 | anti_stag_reward=0.0000 | abs_anti_stag_reward=0.0000 | wall_clear_reward=0.0000 | abs_wall_clear_reward=0.0000 | local_nav_reward=0.0744 | abs_local_nav_reward=0.1016 | context_neighbors_mean=0.00 | context_neighbors_max=0 | context_step_mean=0.00 | context_step_max=0 | actor_unlocked=0 | expl_noise=0.0120 | replay=3845 | samples/sec=11.958
Episode 24 complete | agent_samples=4034 | env_steps=1579 | episode_env_steps=91 | episode_agent_samples=189 | mean_reward=-60.957 | success=1/5 | collision=4/5 | mean_final_distance=1.785 | mean_progress=-0.0077 | min_laser=0.300 | mean_lin=0.391 | mean_ang=0.038 | mean_robot_dist=0.703 | raw_reward=-20.000 | adjusted_reward=-20.000 | coop_agents=0/5 | mean_coop_neighbors=0.00 | active_neighbor_step_rate=0.508 | mean_active_neighbors_step=1.328 | max_active_neighbors_step=4 | interaction_reward=-0.0025 | abs_interaction_reward=0.0025 | anti_stag_reward=0.0000 | abs_anti_stag_reward=0.0000 | wall_clear_reward=0.0000 | abs_wall_clear_reward=0.0000 | local_nav_reward=0.0243 | abs_local_nav_reward=0.0995 | context_neighbors_mean=0.00 | context_neighbors_max=0 | context_step_mean=0.00 | context_step_max=0 | actor_unlocked=0 | expl_noise=0.0119 | replay=4034 | samples/sec=11.825
Episode 25 complete | agent_samples=4271 | env_steps=1646 | episode_env_steps=67 | episode_agent_samples=237 | mean_reward=-30.614 | success=1/5 | collision=4/5 | mean_final_distance=1.267 | mean_progress=-0.0070 | min_laser=0.300 | mean_lin=0.368 | mean_ang=-0.011 | mean_robot_dist=2.785 | raw_reward=-20.000 | adjusted_reward=-20.000 | coop_agents=0/5 | mean_coop_neighbors=0.00 | active_neighbor_step_rate=0.764 | mean_active_neighbors_step=2.042 | max_active_neighbors_step=4 | interaction_reward=-0.0052 | abs_interaction_reward=0.0052 | anti_stag_reward=0.0000 | abs_anti_stag_reward=0.0000 | wall_clear_reward=0.0000 | abs_wall_clear_reward=0.0000 | local_nav_reward=0.0728 | abs_local_nav_reward=0.0955 | context_neighbors_mean=0.00 | context_neighbors_max=0 | context_step_mean=0.00 | context_step_max=0 | actor_unlocked=0 | expl_noise=0.0117 | replay=4271 | samples/sec=12.013
Status | epoch=1 | next_eval_in=729 agent_samples | checkpoint_every=10 episodes | checkpoint=./checkpoints/TD3_velodyne_multi_v4_curriculum_stage3_asym_three_5_from_stage3_asym_pair_cleanport_latest.pt | model=TD3_velodyne_multi_v4_curriculum_stage3_asym_three_5_from_stage3_asym_pair_cleanport
Episode 26 complete | agent_samples=4371 | env_steps=1676 | episode_env_steps=30 | episode_agent_samples=100 | mean_reward=82.308 | success=4/5 | collision=1/5 | mean_final_distance=0.307 | mean_progress=-0.0072 | min_laser=0.328 | mean_lin=0.431 | mean_ang=0.165 | mean_robot_dist=0.620 | raw_reward=-20.000 | adjusted_reward=-20.000 | coop_agents=0/5 | mean_coop_neighbors=0.00 | active_neighbor_step_rate=0.980 | mean_active_neighbors_step=2.480 | max_active_neighbors_step=4 | interaction_reward=-0.0024 | abs_interaction_reward=0.0024 | anti_stag_reward=0.0000 | abs_anti_stag_reward=0.0000 | wall_clear_reward=0.0000 | abs_wall_clear_reward=0.0000 | local_nav_reward=0.1188 | abs_local_nav_reward=0.1217 | context_neighbors_mean=0.00 | context_neighbors_max=0 | context_step_mean=0.00 | context_step_max=0 | actor_unlocked=0 | expl_noise=0.0117 | replay=4371 | samples/sec=12.072
Episode 27 complete | agent_samples=4567 | env_steps=1771 | episode_env_steps=95 | episode_agent_samples=196 | mean_reward=-61.004 | success=1/5 | collision=4/5 | mean_final_distance=1.775 | mean_progress=-0.0082 | min_laser=0.331 | mean_lin=0.403 | mean_ang=0.035 | mean_robot_dist=0.689 | raw_reward=-20.000 | adjusted_reward=-20.000 | coop_agents=0/5 | mean_coop_neighbors=0.00 | active_neighbor_step_rate=0.510 | mean_active_neighbors_step=1.332 | max_active_neighbors_step=4 | interaction_reward=-0.0027 | abs_interaction_reward=0.0027 | anti_stag_reward=0.0000 | abs_anti_stag_reward=0.0000 | wall_clear_reward=0.0000 | abs_wall_clear_reward=0.0000 | local_nav_reward=0.0232 | abs_local_nav_reward=0.0977 | context_neighbors_mean=0.00 | context_neighbors_max=0 | context_step_mean=0.00 | context_step_max=0 | actor_unlocked=0 | expl_noise=0.0115 | replay=4567 | samples/sec=11.942
Episode 28 complete | agent_samples=4735 | env_steps=1836 | episode_env_steps=65 | episode_agent_samples=168 | mean_reward=-31.176 | success=1/5 | collision=4/5 | mean_final_distance=1.203 | mean_progress=-0.0060 | min_laser=0.324 | mean_lin=0.381 | mean_ang=0.050 | mean_robot_dist=1.851 | raw_reward=-20.000 | adjusted_reward=-20.000 | coop_agents=0/5 | mean_coop_neighbors=0.00 | active_neighbor_step_rate=0.774 | mean_active_neighbors_step=2.167 | max_active_neighbors_step=4 | interaction_reward=-0.0065 | abs_interaction_reward=0.0065 | anti_stag_reward=0.0000 | abs_anti_stag_reward=0.0000 | wall_clear_reward=0.0000 | abs_wall_clear_reward=0.0000 | local_nav_reward=0.1011 | abs_local_nav_reward=0.1139 | context_neighbors_mean=0.00 | context_neighbors_max=0 | context_step_mean=0.00 | context_step_max=0 | actor_unlocked=0 | expl_noise=0.0113 | replay=4735 | samples/sec=11.942
Episode 29 complete | agent_samples=4898 | env_steps=1921 | episode_env_steps=85 | episode_agent_samples=163 | mean_reward=25.607 | success=3/5 | collision=2/5 | mean_final_distance=0.967 | mean_progress=-0.0096 | min_laser=0.326 | mean_lin=0.372 | mean_ang=0.081 | mean_robot_dist=2.343 | raw_reward=-20.000 | adjusted_reward=-20.000 | coop_agents=0/5 | mean_coop_neighbors=0.00 | active_neighbor_step_rate=0.626 | mean_active_neighbors_step=1.693 | max_active_neighbors_step=4 | interaction_reward=-0.0011 | abs_interaction_reward=0.0011 | anti_stag_reward=0.0000 | abs_anti_stag_reward=0.0000 | wall_clear_reward=0.0000 | abs_wall_clear_reward=0.0000 | local_nav_reward=0.0382 | abs_local_nav_reward=0.1001 | context_neighbors_mean=0.00 | context_neighbors_max=0 | context_step_mean=0.00 | context_step_max=0 | actor_unlocked=0 | expl_noise=0.0112 | replay=4898 | samples/sec=11.810
Episode 30 complete | agent_samples=5191 | env_steps=2113 | episode_env_steps=192 | episode_agent_samples=293 | mean_reward=-80.392 | success=1/5 | collision=4/5 | mean_final_distance=2.678 | mean_progress=-0.0058 | min_laser=0.332 | mean_lin=0.386 | mean_ang=-0.083 | mean_robot_dist=3.919 | raw_reward=-20.000 | adjusted_reward=-20.000 | coop_agents=0/5 | mean_coop_neighbors=0.00 | active_neighbor_step_rate=0.341 | mean_active_neighbors_step=0.922 | max_active_neighbors_step=4 | interaction_reward=-0.0016 | abs_interaction_reward=0.0016 | anti_stag_reward=0.0000 | abs_anti_stag_reward=0.0000 | wall_clear_reward=0.0000 | abs_wall_clear_reward=0.0000 | local_nav_reward=-0.0173 | abs_local_nav_reward=0.0952 | context_neighbors_mean=0.00 | context_neighbors_max=0 | context_step_mean=0.00 | context_step_max=0 | actor_unlocked=0 | expl_noise=0.0108 | replay=5191 | samples/sec=11.386
Status | epoch=1 | next_eval_in=-191 agent_samples | checkpoint_every=10 episodes | checkpoint=./checkpoints/TD3_velodyne_multi_v4_curriculum_stage3_asym_three_5_from_stage3_asym_pair_cleanport_latest.pt | model=TD3_velodyne_multi_v4_curriculum_stage3_asym_three_5_from_stage3_asym_pair_cleanport
Checkpoint saved: ./checkpoints/TD3_velodyne_multi_v4_curriculum_stage3_asym_three_5_from_stage3_asym_pair_cleanport_latest.pt
Validating multi-agent policy at agent_samples=5191 env_steps=2113
