Activated DRL robot navigation Python environment.
Python: Python 3.8.10
Venv: /home/jiutian/venvs/drl-robot-nav
Fixed manifest enabled: 3000 scenarios loaded
Roscore launched!
Unable to register with master node [http://localhost:11801]: master may not be running yet. Will keep trying.
Gazebo launched!
[INFO] [1784358073.594841, 0.000000]: Loading model XML from ros parameter robot_description_r5
[INFO] [1784358073.597241, 0.000000]: Waiting for service /gazebo/spawn_urdf_model
[INFO] [1784358073.901109, 0.335000]: Calling service /gazebo/spawn_urdf_model
[INFO] [1784358074.646506, 0.371000]: Spawn status: SpawnModel: Successfully spawned entity
[WARN] [1784358074.765940553, 0.371000000]: GazeboRosDiffDrive Plugin (ns = ) missing <publishTf>, defaults to 1
[INFO] [1784358073.640963577]: Finished loading Gazebo ROS API Plugin.
[INFO] [1784358073.641505551]: waitForService: Service [/gazebo/set_physics_properties] has not been advertised, waiting...
[INFO] [1784358073.763599496, 0.202000000]: waitForService: Service [/gazebo/set_physics_properties] is now available.
[INFO] [1784358073.769466079, 0.207000000]: Physics dynamic reconfigure ready.
[INFO] [1784358074.043627067, 0.371000000]: Laser Plugin: The 'robotNamespace' param was empty
[INFO] [1784358074.043645787, 0.371000000]: Starting Laser Plugin (ns = r5)
[INFO] [1784358074.044248712, 0.371000000]: Laser Plugin (ns = r5)  <tf_prefix_>, set to ""
[INFO] [1784358074.651045448, 0.371000000]: Velodyne laser plugin missing <min_intensity>, defaults to no clipping
[INFO] [1784358074.651965813, 0.371000000]: Velodyne laser plugin ready, 16 lasers
[INFO] [1784358074.764532754, 0.371000000]: Starting plugin DiffDrive(ns = /r5/)
[INFO] [1784358074.764661787, 0.371000000]: DiffDrive(ns = /r5/): <rosDebugLevel> = Debug
[INFO] [1784358074.765379025, 0.371000000]: DiffDrive(ns = /r5/): <tf_prefix> = 
[DEBUG] [1784358074.765492861, 0.371000000]: DiffDrive(ns = /r5/): <commandTopic> = cmd_vel
[DEBUG] [1784358074.765511267, 0.371000000]: DiffDrive(ns = /r5/): <odometryTopic> = odom
[DEBUG] [1784358074.765527836, 0.371000000]: DiffDrive(ns = /r5/): <odometryFrame> = odom
[DEBUG] [1784358074.765545252, 0.371000000]: DiffDrive(ns = /r5/): <robotBaseFrame> = base_link
[DEBUG] [1784358074.765601854, 0.371000000]: DiffDrive(ns = /r5/): <publishWheelTF> = false
[DEBUG] [1784358074.765616322, 0.371000000]: DiffDrive(ns = /r5/): <publishOdomTF> = false
[DEBUG] [1784358074.765631442, 0.371000000]: DiffDrive(ns = /r5/): <publishWheelJointState> = false
[DEBUG] [1784358074.765714017, 0.371000000]: DiffDrive(ns = /r5/): <wheelSeparation> = 0.29999999999999999
[DEBUG] [1784358074.765732300, 0.371000000]: DiffDrive(ns = /r5/): <wheelDiameter> = 0.17999999999999999
[DEBUG] [1784358074.765751268, 0.371000000]: DiffDrive(ns = /r5/): <wheelAcceleration> = 1.8
[DEBUG] [1784358074.765769622, 0.371000000]: DiffDrive(ns = /r5/): <wheelTorque> = 20
[DEBUG] [1784358074.765787383, 0.371000000]: DiffDrive(ns = /r5/): <updateRate> = 50
[DEBUG] [1784358074.765859792, 0.371000000]: DiffDrive(ns = /r5/): <odometrySource> = world := 1
[DEBUG] [1784358074.765892137, 0.371000000]: DiffDrive(ns = /r5/): <leftJoint> = left_hub_joint
[DEBUG] [1784358074.765912469, 0.371000000]: DiffDrive(ns = /r5/): <rightJoint> = right_hub_joint
[INFO] [1784358074.766755683, 0.371000000]: DiffDrive(ns = /r5/): Try to subscribe to cmd_vel
[INFO] [1784358074.768736917, 0.371000000]: DiffDrive(ns = /r5/): Subscribe to cmd_vel
[INFO] [1784358074.769159578, 0.371000000]: DiffDrive(ns = /r5/): Advertise odom on odom 
[INFO] [1784358074.773458281, 0.371000000]: GazeboRosJointStatePublisher is going to publish joint: chassis_swivel_joint
[INFO] [1784358074.773466908, 0.371000000]: GazeboRosJointStatePublisher is going to publish joint: swivel_wheel_joint
[INFO] [1784358074.773472060, 0.371000000]: GazeboRosJointStatePublisher is going to publish joint: left_hub_joint
[INFO] [1784358074.773476311, 0.371000000]: GazeboRosJointStatePublisher is going to publish joint: right_hub_joint
[INFO] [1784358074.773481272, 0.371000000]: Starting GazeboRosJointStatePublisher Plugin (ns = /r5/)!, parent name: r5
[DEBUG] [1784358074.799952207, 0.392000000]: Trying to publish message of type [nav_msgs/Odometry/cd5e73d190d741a2f92e81eda573aca7] on a publisher with type [nav_msgs/Odometry/cd5e73d190d741a2f92e81eda573aca7]
[DEBUG] [1784358074.799981881, 0.392000000]: Trying to publish message of type [sensor_msgs/JointState/3066dcd76a6cfaef579bd0f34173e9fd] on a publisher with type [sensor_msgs/JointState/3066dcd76a6cfaef579bd0f34173e9fd]
[INFO] [1784358075.052622765, 0.561000000]: Laser Plugin: The 'robotNamespace' param was empty
[INFO] [1784358075.052643133, 0.561000000]: Starting Laser Plugin (ns = r2)
[INFO] [1784358075.052985309, 0.561000000]: Laser Plugin (ns = r2)  <tf_prefix_>, set to ""
[INFO] [1784358075[WARN] [1784358075.662447091, 0.561000000]: GazeboRosDiffDrive Plugin (ns = ) missing <publishTf>, defaults to 1
[INFO] [1784358073.599995, 0.000000]: Loading model XML from ros parameter robot_description_r2
[INFO] [1784358073.602663, 0.000000]: Waiting for service /gazebo/spawn_urdf_model
[INFO] [1784358073.906605, 0.339000]: Calling service /gazebo/spawn_urdf_model
[INFO] [1784358075.662139, 0.561000]: Spawn status: SpawnModel: Successfully spawned entity
.660657761, 0.561000000]: Velodyne laser plugin missing <min_intensity>, defaults to no clipping
[INFO] [1784358075.661177810, 0.561000000]: Velodyne laser plugin ready, 16 lasers
[INFO] [1784358075.662101863, 0.561000000]: Starting plugin DiffDrive(ns = /r2/)
[DEBUG] [1784358075.662113212, 0.561000000]: DiffDrive(ns = /r2/): <rosDebugLevel> = Debug
[INFO] [1784358075.662124185, 0.561000000]: DiffDrive(ns = /r2/): <rosDebugLevel> = Debug
[INFO] [1784358075.662342621, 0.561000000]: DiffDrive(ns = /r2/): <tf_prefix> = 
[DEBUG] [1784358075.662353910, 0.561000000]: DiffDrive(ns = /r2/): <commandTopic> = cmd_vel
[DEBUG] [1784358075.662359618, 0.561000000]: DiffDrive(ns = /r2/): <odometryTopic> = odom
[DEBUG] [1784358075.662365179, 0.561000000]: DiffDrive(ns = /r2/): <odometryFrame> = odom
[DEBUG] [1784358075.662370503, 0.561000000]: DiffDrive(ns = /r2/): <robotBaseFrame> = base_link
[DEBUG] [1784358075.662377417, 0.561000000]: DiffDrive(ns = /r2/): <publishWheelTF> = false
[DEBUG] [1784358075.662382734, 0.561000000]: DiffDrive(ns = /r2/): <publishOdomTF> = false
[DEBUG] [1784358075.662388308, 0.561000000]: DiffDrive(ns = /r2/): <publishWheelJointState> = false
[DEBUG] [1784358075.662398135, 0.561000000]: DiffDrive(ns = /r2/): <wheelSeparation> = 0.29999999999999999
[DEBUG] [1784358075.662404312, 0.561000000]: DiffDrive(ns = /r2/): <wheelDiameter> = 0.17999999999999999
[DEBUG] [1784358075.662410395, 0.561000000]: DiffDrive(ns = /r2/): <wheelAcceleration> = 1.8
[DEBUG] [1784358075.662416408, 0.561000000]: DiffDrive(ns = /r2/): <wheelTorque> = 20
[DEBUG] [1784358075.662421827, 0.561000000]: DiffDrive(ns = /r2/): <updateRate> = 50
[DEBUG] [1784358075.662428121, 0.561000000]: DiffDrive(ns = /r2/): <odometrySource> = world := 1
[DEBUG] [1784358075.662433463, 0.561000000]: DiffDrive(ns = /r2/): <leftJoint> = left_hub_joint
[DEBUG] [1784358075.662440186, 0.561000000]: DiffDrive(ns = /r2/): <rightJoint> = right_hub_joint
[INFO] [1784358075.662480075, 0.561000000]: DiffDrive(ns = /r2/): Try to subscribe to cmd_vel
[INFO] [1784358075.662987379, 0.561000000]: DiffDrive(ns = /r2/): Subscribe to cmd_vel
[INFO] [1784358075.663093423, 0.561000000]: DiffDrive(ns = /r2/): Advertise odom on odom 
[INFO] [1784358075.663151162, 0.561000000]: GazeboRosJointStatePublisher is going to publish joint: chassis_swivel_joint
[INFO] [1784358075.663156031, 0.561000000]: GazeboRosJointStatePublisher is going to publish joint: swivel_wheel_joint
[INFO] [1784358075.663161345, 0.561000000]: GazeboRosJointStatePublisher is going to publish joint: left_hub_joint
[INFO] [1784358075.663166060, 0.561000000]: GazeboRosJointStatePublisher is going to publish joint: right_hub_joint
[INFO] [1784358075.663170448, 0.561000000]: Starting GazeboRosJointStatePublisher Plugin (ns = /r2/)!, parent name: r2
[INFO] [1784358075.942867701, 0.726000000]: Laser Plugin: The 'robotNamespace' param was empty
[INFO] [1784358075.942883864, 0.726000000]: Starting Laser Plugin (ns = r1)
[INFO] [1784358075.943333628, 0.726000000]: Laser Plugin (ns = r1)  <tf_prefix_>, set to ""
[INFO] [1784358076.567490500, 0.726000000]: Velodyne laser plugin missing <min_intensity>, defaults to no clipping
[INFO] [1784358076.568270970, 0.726000000]: Velodyne laser plugin ready, 16 lasers
[INFO] [1784358076.569537274, 0.726000000]: Starting plugin DiffDrive(ns = /r1/)
[DEBUG] [1784358076.569547371, 0.726000000]: DiffDrive(ns = /r1/): <rosDebugLevel> = Debug
[INFO] [1784358076.569559593, 0.726000000]: DiffDrive(ns = /r1/): <rosDebugLevel> = Debug
[INFO] [1784358076.569732216, 0.726000000]: DiffDrive(ns = /r1/): <tf_prefix> = 
[DEBUG] [1784358076.569737259, 0.726000000]: DiffDrive(ns = /r1/): <commandTopic> = cmd_vel
[DEBUG] [1784358076.569742811, 0.726000000]: DiffDrive(ns = /r1/): <odometryTopic> = odom
[DEBUG] [1784358076.569748399, 0.726000000]: DiffDrive(ns = /r1/): <odometryFrame> = odom
[DEBUG] [1784358076.569754054, 0.726000000]: DiffDrive(ns = /r1/): <robotBaseFrame> = base_link
[DEBUG] [1784358076.569760669, 0.726000000]: DiffDrive(ns = /r1/): <publishWheelTF> = false
[DEBUG] [1784358076.569765703,[WARN] [1784358076.569839643, 0.726000000]: GazeboRosDiffDrive Plugin (ns = ) missing <publishTf>, defaults to 1
[INFO] [1784358073.602243, 0.000000]: Loading model XML from ros parameter robot_description_r1
[INFO] [1784358073.605423, 0.000000]: Waiting for service /gazebo/spawn_urdf_model
[INFO] [1784358073.909638, 0.343000]: Calling service /gazebo/spawn_urdf_model
[INFO] [1784358076.569605, 0.726000]: Spawn status: SpawnModel: Successfully spawned entity
[WARN] [1784358077.501990844, 0.880000000]: GazeboRosDiffDrive Plugin (ns = ) missing <publishTf>, defaults to 1
 0.726000000]: DiffDrive(ns = /r1/): <publishOdomTF> = false
[DEBUG] [1784358076.569783381, 0.726000000]: DiffDrive(ns = /r1/): <publishWheelJointState> = false
[DEBUG] [1784358076.569791815, 0.726000000]: DiffDrive(ns = /r1/): <wheelSeparation> = 0.29999999999999999
[DEBUG] [1784358076.569797688, 0.726000000]: DiffDrive(ns = /r1/): <wheelDiameter> = 0.17999999999999999
[DEBUG] [1784358076.569804939, 0.726000000]: DiffDrive(ns = /r1/): <wheelAcceleration> = 1.8
[DEBUG] [1784358076.569810668, 0.726000000]: DiffDrive(ns = /r1/): <wheelTorque> = 20
[DEBUG] [1784358076.569816173, 0.726000000]: DiffDrive(ns = /r1/): <updateRate> = 50
[DEBUG] [1784358076.569822450, 0.726000000]: DiffDrive(ns = /r1/): <odometrySource> = world := 1
[DEBUG] [1784358076.569828123, 0.726000000]: DiffDrive(ns = /r1/): <leftJoint> = left_hub_joint
[DEBUG] [1784358076.569833546, 0.726000000]: DiffDrive(ns = /r1/): <rightJoint> = right_hub_joint
[INFO] [1784358076.569853603, 0.726000000]: DiffDrive(ns = /r1/): Try to subscribe to cmd_vel
[INFO] [1784358076.570432574, 0.726000000]: DiffDrive(ns = /r1/): Subscribe to cmd_vel
[INFO] [1784358076.570574087, 0.726000000]: DiffDrive(ns = /r1/): Advertise odom on odom 
[INFO] [1784358076.570639793, 0.726000000]: GazeboRosJointStatePublisher is going to publish joint: chassis_swivel_joint
[INFO] [1784358076.570645047, 0.726000000]: GazeboRosJointStatePublisher is going to publish joint: swivel_wheel_joint
[INFO] [1784358076.570650507, 0.726000000]: GazeboRosJointStatePublisher is going to publish joint: left_hub_joint
[INFO] [1784358076.570655307, 0.726000000]: GazeboRosJointStatePublisher is going to publish joint: right_hub_joint
[INFO] [1784358076.570660383, 0.726000000]: Starting GazeboRosJointStatePublisher Plugin (ns = /r1/)!, parent name: r1
[INFO] [1784358076.851687525, 0.880000000]: Laser Plugin: The 'robotNamespace' param was empty
[INFO] [1784358076.851708280, 0.880000000]: Starting Laser Plugin (ns = r4)
[INFO] [1784358076.852288327, 0.880000000]: Laser Plugin (ns = r4)  <tf_prefix_>, set to ""
[INFO] [1784358077.499722024, 0.880000000]: Velodyne laser plugin missing <min_intensity>, defaults to no clipping
[INFO] [1784358077.500211900, 0.880000000]: Velodyne laser plugin ready, 16 lasers
[INFO] [1784358077.501721524, 0.880000000]: Starting plugin DiffDrive(ns = /r4/)
[DEBUG] [1784358077.501730412, 0.880000000]: DiffDrive(ns = /r4/): <rosDebugLevel> = Debug
[INFO] [1784358077.501740442, 0.880000000]: DiffDrive(ns = /r4/): <rosDebugLevel> = Debug
[INFO] [1784358077.501910624, 0.880000000]: DiffDrive(ns = /r4/): <tf_prefix> = 
[DEBUG] [1784358077.501915019, 0.880000000]: DiffDrive(ns = /r4/): <commandTopic> = cmd_vel
[DEBUG] [1784358077.501919941, 0.880000000]: DiffDrive(ns = /r4/): <odometryTopic> = odom
[DEBUG] [1784358077.501924631, 0.880000000]: DiffDrive(ns = /r4/): <odometryFrame> = odom
[DEBUG] [1784358077.501929083, 0.880000000]: DiffDrive(ns = /r4/): <robotBaseFrame> = base_link
[DEBUG] [1784358077.501933958, 0.880000000]: DiffDrive(ns = /r4/): <publishWheelTF> = false
[DEBUG] [1784358077.501937933, 0.880000000]: DiffDrive(ns = /r4/): <publishOdomTF> = false
[DEBUG] [1784358077.501942781, 0.880000000]: DiffDrive(ns = /r4/): <publishWheelJointState> = false
[DEBUG] [1784358077.501949474, 0.880000000]: DiffDrive(ns = /r4/): <wheelSeparation> = 0.29999999999999999
[DEBUG] [1784358077.501954283, 0.880000000]: DiffDrive(ns = /r4/): <wheelDiameter> = 0.17999999999999999
[DEBUG] [1784358077.501959486, 0.880000000]: DiffDrive(ns = /r4/): <wheelAcceleration> = 1.8
[DEBUG] [1784358077.501964161, 0.880000000]: DiffDrive(ns = /r4/): <wheelTorque> = 20
[DEBUG] [1784358077.501968723, 0.880000000]: DiffDrive(ns = /r4/): <updateRate> = 50
[DEBUG] [1784358077.501974497, 0.880000000]: DiffDrive(ns = /r4/): <odometrySource> = world := 1
[DEBUG] [1784358077.501978404, 0.880000000]: DiffDrive(ns = /r4/): <leftJoint> = left_hub_joint
[DEBUG] [1784358077.501983264, 0.880000000]: DiffDrive(ns = /r4/): <rightJoint> = right_hub_joint
[INFO] [1784358077.502015145, 0.880000000]: DiffDrive(ns = /r4/): Try to subscribe to[INFO] [1784358073.603941, 0.000000]: Loading model XML from ros parameter robot_description_r4
[INFO] [1784358073.607936, 0.000000]: Waiting for service /gazebo/spawn_urdf_model
[INFO] [1784358073.912162, 0.345000]: Calling service /gazebo/spawn_urdf_model
[INFO] [1784358077.501554, 0.880000]: Spawn status: SpawnModel: Successfully spawned entity
train_velodyne_td3_multi.py:461: FutureWarning: You are using `torch.load` with `weights_only=False` (the current default value), which uses the default pickle module implicitly. It is possible to construct malicious pickle data which will execute arbitrary code during unpickling (See https://github.com/pytorch/pytorch/blob/main/SECURITY.md#untrusted-models for more details). In a future release, the default value for `weights_only` will be flipped to `True`. This limits the functions that could be executed during unpickling. Arbitrary objects will no longer be allowed to be loaded via this mode unless they are explicitly allowlisted by the user via `torch.serialization.add_safe_globals`. We recommend you start setting `weights_only=True` for any use case where you don't have full control of the loaded file. Please open an issue on GitHub for any issues related to this experimental feature.
  actor_state = torch.load(
Loaded initial actor parameters from: TD3_velodyne_multi_v4_curriculum_stage2_to_5d_geo_critic_from_5a_guarded_best
Critic is newly initialized because actor-only warm start was requested.
==============================================
Training version: standard-expert-fixed-v1
Training process PID: 3775904
Launchfile: multi_robot_scenario_fixed_v1_standard_train_5.launch
Scenario mode: manifest
Manifest path: /home/jiutian/Local-Critic-Multi-Robot-Navigation-gate/experiments/04_保留专门化/05_论文主线/datasets/fixed_v1/standard/train.json.gz
Manifest sampling: random
Eval manifest path: /home/jiutian/Local-Critic-Multi-Robot-Navigation-gate/experiments/04_保留专门化/05_论文主线/datasets/fixed_v1/standard/validation.json.gz
Seed: 0
Device: cuda
GPU: NVIDIA GeForce RTX 4090
Agent names: r1, r2, r3, r4, r5
Cooperative reward: True
Cooperative reward mode: average
Cooperative reward self weight: 0.8
Distance-weighted reward: True
Distance reward sigma: 2.0
Interaction safe distance: 1.2
Interaction close penalty: 0.5
Interaction stagnation penalty: 0.05
Anti-stagnation reward: False
Anti-stagnation penalty: 0.2
Anti-stagnation linear threshold: 0.05
Anti-stagnation progress threshold: 0.005
Anti-stagnation min laser: 0.35
Wall-clearance reward: False
Wall-clearance safe distance: 0.75
Wall-clearance penalty: 1.5
Wall-clearance speed weight: 0.8
Wall-clearance turn weight: 0.4
Local-navigation reward: False
Local-navigation heading weight: 0.4
Local-navigation wrong-way penalty: 0.25
Local-navigation turn weight: 0.25
Local-navigation near-goal distance: 0.9
Local-navigation heading error: 0.5
Local critic enabled: True
Local critic geometry only: True
Active neighbors only: True
Actor state dim: 24
Critic state dim: 69
Local critic max neighbors: 9
Local critic context dim: 45
Best metric: full_success
Eval episodes: 10
Max epochs: 1
Actor learning rate: 1e-06
Actor train mode: full
Actor trainable parameters: 501802/501802
Critic learning rate: 8e-05
Actor update delay steps: 20000
Policy freq: 2
Actor anchor weight: 0.0
Exploration noise: 0.025
Exploration min: 0.012
Exploration decay steps: 500000
TensorBoard log dir: runs/multi_coop_Jul18_15-01-17_JiuTian-AI4090
Checkpoint path: ./checkpoints/standard_expert_5d_fixed_v1_latest.pt
Best checkpoint path: ./checkpoints/standard_expert_5d_fixed_v1_best.pt
Model prefix: standard_expert_5d_fixed_v1
Checkpoint interval episodes: 10
Resume mode: True
Starting agent samples: 0
Starting env steps: 0
Starting epoch: 1
==============================================
[WARN] [1784358078.404278774, 1.022000000]: GazeboRosDiffDrive Plugin (ns = ) missing <publishTf>, defaults to 1
[INFO] [1784358073.603971, 0.000000]: Loading model XML from ros parameter robot_description_r3
[INFO] [1784358073.606701, 0.000000]: Waiting for service /gazebo/spawn_urdf_model
[INFO] [1784358073.910754, 0.344000]: Calling service /gazebo/spawn_urdf_model
[INFO] [1784358078.404056, 1.022000]: Spawn status: SpawnModel: Successfully spawned entity
Episode 1 complete | agent_samples=73 | env_steps=22 | episode_env_steps=22 | episode_agent_samples=73 | mean_reward=118.154 | success=5/5 | collision=0/5 | mean_final_distance=0.286 | mean_progress=0.0058 | min_laser=0.564 | mean_lin=0.970 | mean_ang=0.309 | mean_robot_dist=1.914 | raw_reward=20.000 | adjusted_reward=20.000 | coop_agents=0/5 | mean_coop_neighbors=0.00 | active_neighbor_step_rate=0.699 | mean_active_neighbors_step=1.205 | max_active_neighbors_step=4 | interaction_reward=0.0000 | abs_interaction_reward=0.0000 | anti_stag_reward=0.0000 | abs_anti_stag_reward=0.0000 | wall_clear_reward=0.0000 | abs_wall_clear_reward=0.0000 | local_nav_reward=0.0000 | abs_local_nav_reward=0.0000 | context_neighbors_mean=1.23 | context_neighbors_max=4 | last_context_neighbors_mean=0.00 | last_context_neighbors_max=0 | actor_unlocked=0 | expl_noise=0.0250 | replay=73 | samples/sec=13.284
Episode 2 complete | agent_samples=182 | env_steps=57 | episode_env_steps=35 | episode_agent_samples=109 | mean_reward=75.195 | success=4/5 | collision=1/5 | mean_final_distance=0.704 | mean_progress=0.0146 | min_laser=0.340 | mean_lin=0.793 | mean_ang=-0.198 | mean_robot_dist=1.517 | raw_reward=20.000 | adjusted_reward=20.000 | coop_agents=0/5 | mean_coop_neighbors=0.00 | active_neighbor_step_rate=0.670 | mean_active_neighbors_step=1.771 | max_active_neighbors_step=4 | interaction_reward=0.0000 | abs_interaction_reward=0.0000 | anti_stag_reward=0.0000 | abs_anti_stag_reward=0.0000 | wall_clear_reward=0.0000 | abs_wall_clear_reward=0.0000 | local_nav_reward=0.0000 | abs_local_nav_reward=0.0000 | context_neighbors_mean=1.78 | context_neighbors_max=4 | last_context_neighbors_mean=0.00 | last_context_neighbors_max=0 | actor_unlocked=0 | expl_noise=0.0249 | replay=182 | samples/sec=13.823
Episode 3 complete | agent_samples=268 | env_steps=93 | episode_env_steps=36 | episode_agent_samples=86 | mean_reward=121.102 | success=5/5 | collision=0/5 | mean_final_distance=0.258 | mean_progress=0.0139 | min_laser=0.624 | mean_lin=0.993 | mean_ang=0.415 | mean_robot_dist=3.515 | raw_reward=20.000 | adjusted_reward=20.000 | coop_agents=0/5 | mean_coop_neighbors=0.00 | active_neighbor_step_rate=0.605 | mean_active_neighbors_step=1.291 | max_active_neighbors_step=4 | interaction_reward=0.0000 | abs_interaction_reward=0.0000 | anti_stag_reward=0.0000 | abs_anti_stag_reward=0.0000 | wall_clear_reward=0.0000 | abs_wall_clear_reward=0.0000 | local_nav_reward=0.0000 | abs_local_nav_reward=0.0000 | context_neighbors_mean=1.35 | context_neighbors_max=4 | last_context_neighbors_mean=0.00 | last_context_neighbors_max=0 | actor_unlocked=0 | expl_noise=0.0248 | replay=268 | samples/sec=12.707
Episode 4 complete | agent_samples=367 | env_steps=126 | episode_env_steps=33 | episode_agent_samples=99 | mean_reward=127.024 | success=5/5 | collision=0/5 | mean_final_distance=0.235 | mean_progress=0.0103 | min_laser=0.416 | mean_lin=0.981 | mean_ang=-0.599 | mean_robot_dist=3.534 | raw_reward=20.000 | adjusted_reward=20.000 | coop_agents=0/5 | mean_coop_neighbors=0.00 | active_neighbor_step_rate=0.576 | mean_active_neighbors_step=1.222 | max_active_neighbors_step=4 | interaction_reward=0.0000 | abs_interaction_reward=0.0000 | anti_stag_reward=0.0000 | abs_anti_stag_reward=0.0000 | wall_clear_reward=0.0000 | abs_wall_clear_reward=0.0000 | local_nav_reward=0.0000 | abs_local_nav_reward=0.0000 | context_neighbors_mean=1.26 | context_neighbors_max=4 | last_context_neighbors_mean=0.00 | last_context_neighbors_max=0 | actor_unlocked=0 | expl_noise=0.0248 | replay=367 | samples/sec=12.960
Episode 5 complete | agent_samples=474 | env_steps=184 | episode_env_steps=58 | episode_agent_samples=107 | mean_reward=90.319 | success=4/5 | collision=1/5 | mean_final_distance=0.457 | mean_progress=0.0056 | min_laser=0.313 | mean_lin=0.801 | mean_ang=0.203 | mean_robot_dist=2.888 | raw_reward=20.000 | adjusted_reward=20.000 | coop_agents=0/5 | mean_coop_neighbors=0.00 | active_neighbor_step_rate=0.570 | mean_active_neighbors_step=1.364 | max_active_neighbors_step=4 | interaction_reward=0.0000 | abs_interaction_reward=0.0000 | anti_stag_reward=0.0000 | abs_anti_stag_reward=0.0000 | wall_clear_reward=0.0000 | abs_wall_clear_reward=0.0000 | local_nav_reward=0.0000 | abs_local_nav_reward=0.0000 | context_neighbors_mean=1.35 | context_neighbors_max=4 | last_context_neighbors_mean=0.00 | last_context_neighbors_max=0 | actor_unlocked=0 | expl_noise=0.0246 | replay=474 | samples/sec=11.584
Status | epoch=1 | next_eval_in=4526 agent_samples | checkpoint_every=10 episodes | checkpoint=./checkpoints/standard_expert_5d_fixed_v1_latest.pt | model=standard_expert_5d_fixed_v1
Episode 6 complete | agent_samples=562 | env_steps=223 | episode_env_steps=39 | episode_agent_samples=88 | mean_reward=130.277 | success=5/5 | collision=0/5 | mean_final_distance=0.255 | mean_progress=0.0093 | min_laser=0.443 | mean_lin=0.865 | mean_ang=0.171 | mean_robot_dist=1.847 | raw_reward=20.000 | adjusted_reward=20.000 | coop_agents=0/5 | mean_coop_neighbors=0.00 | active_neighbor_step_rate=0.398 | mean_active_neighbors_step=0.750 | max_active_neighbors_step=4 | interaction_reward=0.0000 | abs_interaction_reward=0.0000 | anti_stag_reward=0.0000 | abs_anti_stag_reward=0.0000 | wall_clear_reward=0.0000 | abs_wall_clear_reward=0.0000 | local_nav_reward=0.0000 | abs_local_nav_reward=0.0000 | context_neighbors_mean=0.77 | context_neighbors_max=3 | last_context_neighbors_mean=0.00 | last_context_neighbors_max=0 | actor_unlocked=0 | expl_noise=0.0246 | replay=562 | samples/sec=11.366
Episode 7 complete | agent_samples=685 | env_steps=272 | episode_env_steps=49 | episode_agent_samples=123 | mean_reward=139.179 | success=5/5 | collision=0/5 | mean_final_distance=0.258 | mean_progress=0.0059 | min_laser=0.439 | mean_lin=0.977 | mean_ang=-0.533 | mean_robot_dist=1.481 | raw_reward=20.000 | adjusted_reward=20.000 | coop_agents=0/5 | mean_coop_neighbors=0.00 | active_neighbor_step_rate=0.569 | mean_active_neighbors_step=1.390 | max_active_neighbors_step=4 | interaction_reward=0.0000 | abs_interaction_reward=0.0000 | anti_stag_reward=0.0000 | abs_anti_stag_reward=0.0000 | wall_clear_reward=0.0000 | abs_wall_clear_reward=0.0000 | local_nav_reward=0.0000 | abs_local_nav_reward=0.0000 | context_neighbors_mean=1.41 | context_neighbors_max=4 | last_context_neighbors_mean=0.00 | last_context_neighbors_max=0 | actor_unlocked=0 | expl_noise=0.0245 | replay=685 | samples/sec=11.414
Episode 8 complete | agent_samples=860 | env_steps=389 | episode_env_steps=117 | episode_agent_samples=175 | mean_reward=86.413 | success=4/5 | collision=1/5 | mean_final_distance=0.514 | mean_progress=0.0113 | min_laser=0.321 | mean_lin=1.000 | mean_ang=-0.215 | mean_robot_dist=1.536 | raw_reward=20.000 | adjusted_reward=20.000 | coop_agents=0/5 | mean_coop_neighbors=0.00 | active_neighbor_step_rate=0.463 | mean_active_neighbors_step=0.960 | max_active_neighbors_step=4 | interaction_reward=0.0000 | abs_interaction_reward=0.0000 | anti_stag_reward=0.0000 | abs_anti_stag_reward=0.0000 | wall_clear_reward=0.0000 | abs_wall_clear_reward=0.0000 | local_nav_reward=0.0000 | abs_local_nav_reward=0.0000 | context_neighbors_mean=0.95 | context_neighbors_max=4 | last_context_neighbors_mean=0.00 | last_context_neighbors_max=0 | actor_unlocked=0 | expl_noise=0.0242 | replay=860 | samples/sec=10.104
Episode 9 complete | agent_samples=965 | env_steps=421 | episode_env_steps=32 | episode_agent_samples=105 | mean_reward=132.049 | success=5/5 | collision=0/5 | mean_final_distance=0.246 | mean_progress=0.0205 | min_laser=0.481 | mean_lin=0.999 | mean_ang=0.181 | mean_robot_dist=0.746 | raw_reward=20.000 | adjusted_reward=20.000 | coop_agents=0/5 | mean_coop_neighbors=0.00 | active_neighbor_step_rate=0.876 | mean_active_neighbors_step=2.610 | max_active_neighbors_step=4 | interaction_reward=0.0000 | abs_interaction_reward=0.0000 | anti_stag_reward=0.0000 | abs_anti_stag_reward=0.0000 | wall_clear_reward=0.0000 | abs_wall_clear_reward=0.0000 | local_nav_reward=0.0000 | abs_local_nav_reward=0.0000 | context_neighbors_mean=2.65 | context_neighbors_max=4 | last_context_neighbors_mean=0.00 | last_context_neighbors_max=0 | actor_unlocked=0 | expl_noise=0.0242 | replay=965 | samples/sec=10.471
Episode 10 complete | agent_samples=1024 | env_steps=442 | episode_env_steps=21 | episode_agent_samples=59 | mean_reward=33.670 | success=3/5 | collision=2/5 | mean_final_distance=0.438 | mean_progress=0.0022 | min_laser=0.300 | mean_lin=0.600 | mean_ang=-0.985 | mean_robot_dist=3.365 | raw_reward=20.000 | adjusted_reward=20.000 | coop_agents=0/5 | mean_coop_neighbors=0.00 | active_neighbor_step_rate=0.831 | mean_active_neighbors_step=2.288 | max_active_neighbors_step=4 | interaction_reward=0.0000 | abs_interaction_reward=0.0000 | anti_stag_reward=0.0000 | abs_anti_stag_reward=0.0000 | wall_clear_reward=0.0000 | abs_wall_clear_reward=0.0000 | local_nav_reward=0.0000 | abs_local_nav_reward=0.0000 | context_neighbors_mean=2.32 | context_neighbors_max=4 | last_context_neighbors_mean=0.00 | last_context_neighbors_max=0 | actor_unlocked=0 | expl_noise=0.0241 | replay=1024 | samples/sec=10.583
Status | epoch=1 | next_eval_in=3976 agent_samples | checkpoint_every=10 episodes | checkpoint=./checkpoints/standard_expert_5d_fixed_v1_latest.pt | model=standard_expert_5d_fixed_v1
Checkpoint saved: ./checkpoints/standard_expert_5d_fixed_v1_latest.pt
Episode 11 complete | agent_samples=1101 | env_steps=468 | episode_env_steps=26 | episode_agent_samples=77 | mean_reward=121.724 | success=5/5 | collision=0/5 | mean_final_distance=0.273 | mean_progress=0.0102 | min_laser=0.713 | mean_lin=0.992 | mean_ang=0.101 | mean_robot_dist=2.134 | raw_reward=20.000 | adjusted_reward=20.000 | coop_agents=0/5 | mean_coop_neighbors=0.00 | active_neighbor_step_rate=0.597 | mean_active_neighbors_step=1.831 | max_active_neighbors_step=4 | interaction_reward=0.0000 | abs_interaction_reward=0.0000 | anti_stag_reward=0.0000 | abs_anti_stag_reward=0.0000 | wall_clear_reward=0.0000 | abs_wall_clear_reward=0.0000 | local_nav_reward=0.0000 | abs_local_nav_reward=0.0000 | context_neighbors_mean=1.95 | context_neighbors_max=4 | last_context_neighbors_mean=0.00 | last_context_neighbors_max=0 | actor_unlocked=0 | expl_noise=0.0241 | replay=1101 | samples/sec=10.741
Episode 12 complete | agent_samples=1239 | env_steps=547 | episode_env_steps=79 | episode_agent_samples=138 | mean_reward=92.823 | success=4/5 | collision=1/5 | mean_final_distance=0.682 | mean_progress=0.0103 | min_laser=0.300 | mean_lin=0.768 | mean_ang=-0.229 | mean_robot_dist=1.742 | raw_reward=20.000 | adjusted_reward=20.000 | coop_agents=0/5 | mean_coop_neighbors=0.00 | active_neighbor_step_rate=0.486 | mean_active_neighbors_step=1.210 | max_active_neighbors_step=4 | interaction_reward=0.0000 | abs_interaction_reward=0.0000 | anti_stag_reward=0.0000 | abs_anti_stag_reward=0.0000 | wall_clear_reward=0.0000 | abs_wall_clear_reward=0.0000 | local_nav_reward=0.0000 | abs_local_nav_reward=0.0000 | context_neighbors_mean=1.25 | context_neighbors_max=4 | last_context_neighbors_mean=0.00 | last_context_neighbors_max=0 | actor_unlocked=0 | expl_noise=0.0239 | replay=1239 | samples/sec=10.369
Episode 13 complete | agent_samples=1332 | env_steps=586 | episode_env_steps=39 | episode_agent_samples=93 | mean_reward=135.758 | success=5/5 | collision=0/5 | mean_final_distance=0.260 | mean_progress=0.0100 | min_laser=0.575 | mean_lin=0.967 | mean_ang=0.817 | mean_robot_dist=1.559 | raw_reward=20.000 | adjusted_reward=20.000 | coop_agents=0/5 | mean_coop_neighbors=0.00 | active_neighbor_step_rate=0.570 | mean_active_neighbors_step=1.376 | max_active_neighbors_step=4 | interaction_reward=0.0000 | abs_interaction_reward=0.0000 | anti_stag_reward=0.0000 | abs_anti_stag_reward=0.0000 | wall_clear_reward=0.0000 | abs_wall_clear_reward=0.0000 | local_nav_reward=0.0000 | abs_local_nav_reward=0.0000 | context_neighbors_mean=1.42 | context_neighbors_max=4 | last_context_neighbors_mean=0.00 | last_context_neighbors_max=0 | actor_unlocked=0 | expl_noise=0.0238 | replay=1332 | samples/sec=10.400
Episode 14 complete | agent_samples=1443 | env_steps=624 | episode_env_steps=38 | episode_agent_samples=111 | mean_reward=132.503 | success=5/5 | collision=0/5 | mean_final_distance=0.242 | mean_progress=0.0208 | min_laser=0.695 | mean_lin=0.994 | mean_ang=-0.496 | mean_robot_dist=1.387 | raw_reward=20.000 | adjusted_reward=20.000 | coop_agents=0/5 | mean_coop_neighbors=0.00 | active_neighbor_step_rate=0.775 | mean_active_neighbors_step=1.865 | max_active_neighbors_step=4 | interaction_reward=0.0000 | abs_interaction_reward=0.0000 | anti_stag_reward=0.0000 | abs_anti_stag_reward=0.0000 | wall_clear_reward=0.0000 | abs_wall_clear_reward=0.0000 | local_nav_reward=0.0000 | abs_local_nav_reward=0.0000 | context_neighbors_mean=1.87 | context_neighbors_max=4 | last_context_neighbors_mean=0.00 | last_context_neighbors_max=0 | actor_unlocked=0 | expl_noise=0.0238 | replay=1443 | samples/sec=10.583
Episode 15 complete | agent_samples=1519 | env_steps=658 | episode_env_steps=34 | episode_agent_samples=76 | mean_reward=37.137 | success=3/5 | collision=2/5 | mean_final_distance=0.490 | mean_progress=0.0131 | min_laser=0.300 | mean_lin=0.599 | mean_ang=-0.595 | mean_robot_dist=2.011 | raw_reward=20.000 | adjusted_reward=20.000 | coop_agents=0/5 | mean_coop_neighbors=0.00 | active_neighbor_step_rate=0.711 | mean_active_neighbors_step=1.842 | max_active_neighbors_step=4 | interaction_reward=0.0000 | abs_interaction_reward=0.0000 | anti_stag_reward=0.0000 | abs_anti_stag_reward=0.0000 | wall_clear_reward=0.0000 | abs_wall_clear_reward=0.0000 | local_nav_reward=0.0000 | abs_local_nav_reward=0.0000 | context_neighbors_mean=1.84 | context_neighbors_max=4 | last_context_neighbors_mean=0.00 | last_context_neighbors_max=0 | actor_unlocked=0 | expl_noise=0.0237 | replay=1519 | samples/sec=10.566
Status | epoch=1 | next_eval_in=3481 agent_samples | checkpoint_every=10 episodes | checkpoint=./checkpoints/standard_expert_5d_fixed_v1_latest.pt | model=standard_expert_5d_fixed_v1
Episode 16 complete | agent_samples=1617 | env_steps=687 | episode_env_steps=29 | episode_agent_samples=98 | mean_reward=115.807 | success=5/5 | collision=0/5 | mean_final_distance=0.275 | mean_progress=0.0081 | min_laser=0.732 | mean_lin=0.998 | mean_ang=-0.186 | mean_robot_dist=0.938 | raw_reward=20.000 | adjusted_reward=20.000 | coop_agents=0/5 | mean_coop_neighbors=0.00 | active_neighbor_step_rate=0.827 | mean_active_neighbors_step=1.429 | max_active_neighbors_step=4 | interaction_reward=0.0000 | abs_interaction_reward=0.0000 | anti_stag_reward=0.0000 | abs_anti_stag_reward=0.0000 | wall_clear_reward=0.0000 | abs_wall_clear_reward=0.0000 | local_nav_reward=0.0000 | abs_local_nav_reward=0.0000 | context_neighbors_mean=1.43 | context_neighbors_max=4 | last_context_neighbors_mean=0.00 | last_context_neighbors_max=0 | actor_unlocked=0 | expl_noise=0.0236 | replay=1617 | samples/sec=10.769
Episode 17 complete | agent_samples=1716 | env_steps=725 | episode_env_steps=38 | episode_agent_samples=99 | mean_reward=127.879 | success=5/5 | collision=0/5 | mean_final_distance=0.256 | mean_progress=0.0053 | min_laser=0.595 | mean_lin=0.994 | mean_ang=-0.302 | mean_robot_dist=1.814 | raw_reward=20.000 | adjusted_reward=20.000 | coop_agents=0/5 | mean_coop_neighbors=0.00 | active_neighbor_step_rate=0.475 | mean_active_neighbors_step=0.980 | max_active_neighbors_step=4 | interaction_reward=0.0000 | abs_interaction_reward=0.0000 | anti_stag_reward=0.0000 | abs_anti_stag_reward=0.0000 | wall_clear_reward=0.0000 | abs_wall_clear_reward=0.0000 | local_nav_reward=0.0000 | abs_local_nav_reward=0.0000 | context_neighbors_mean=1.04 | context_neighbors_max=4 | last_context_neighbors_mean=0.00 | last_context_neighbors_max=0 | actor_unlocked=0 | expl_noise=0.0236 | replay=1716 | samples/sec=10.837
Episode 18 complete | agent_samples=1813 | env_steps=768 | episode_env_steps=43 | episode_agent_samples=97 | mean_reward=1.584 | success=2/5 | collision=3/5 | mean_final_distance=0.618 | mean_progress=0.0106 | min_laser=0.300 | mean_lin=0.797 | mean_ang=-0.311 | mean_robot_dist=3.181 | raw_reward=20.000 | adjusted_reward=20.000 | coop_agents=0/5 | mean_coop_neighbors=0.00 | active_neighbor_step_rate=0.557 | mean_active_neighbors_step=1.340 | max_active_neighbors_step=4 | interaction_reward=0.0000 | abs_interaction_reward=0.0000 | anti_stag_reward=0.0000 | abs_anti_stag_reward=0.0000 | wall_clear_reward=0.0000 | abs_wall_clear_reward=0.0000 | local_nav_reward=0.0000 | abs_local_nav_reward=0.0000 | context_neighbors_mean=1.36 | context_neighbors_max=4 | last_context_neighbors_mean=0.00 | last_context_neighbors_max=0 | actor_unlocked=0 | expl_noise=0.0235 | replay=1813 | samples/sec=10.813
Episode 19 complete | agent_samples=1960 | env_steps=841 | episode_env_steps=73 | episode_agent_samples=147 | mean_reward=128.983 | success=5/5 | collision=0/5 | mean_final_distance=0.246 | mean_progress=0.0039 | min_laser=0.431 | mean_lin=0.939 | mean_ang=0.197 | mean_robot_dist=1.618 | raw_reward=20.000 | adjusted_reward=20.000 | coop_agents=0/5 | mean_coop_neighbors=0.00 | active_neighbor_step_rate=0.578 | mean_active_neighbors_step=1.306 | max_active_neighbors_step=4 | interaction_reward=0.0000 | abs_interaction_reward=0.0000 | anti_stag_reward=0.0000 | abs_anti_stag_reward=0.0000 | wall_clear_reward=0.0000 | abs_wall_clear_reward=0.0000 | local_nav_reward=0.0000 | abs_local_nav_reward=0.0000 | context_neighbors_mean=1.32 | context_neighbors_max=4 | last_context_neighbors_mean=0.00 | last_context_neighbors_max=0 | actor_unlocked=0 | expl_noise=0.0233 | replay=1960 | samples/sec=10.686
Episode 20 complete | agent_samples=2043 | env_steps=881 | episode_env_steps=40 | episode_agent_samples=83 | mean_reward=123.546 | success=5/5 | collision=0/5 | mean_final_distance=0.269 | mean_progress=0.0177 | min_laser=0.540 | mean_lin=0.995 | mean_ang=-0.201 | mean_robot_dist=1.254 | raw_reward=20.000 | adjusted_reward=20.000 | coop_agents=0/5 | mean_coop_neighbors=0.00 | active_neighbor_step_rate=0.578 | mean_active_neighbors_step=1.265 | max_active_neighbors_step=4 | interaction_reward=0.0000 | abs_interaction_reward=0.0000 | anti_stag_reward=0.0000 | abs_anti_stag_reward=0.0000 | wall_clear_reward=0.0000 | abs_wall_clear_reward=0.0000 | local_nav_reward=0.0000 | abs_local_nav_reward=0.0000 | context_neighbors_mean=1.31 | context_neighbors_max=4 | last_context_neighbors_mean=0.00 | last_context_neighbors_max=0 | actor_unlocked=0 | expl_noise=0.0233 | replay=2043 | samples/sec=10.630
Status | epoch=1 | next_eval_in=2957 agent_samples | checkpoint_every=10 episodes | checkpoint=./checkpoints/standard_expert_5d_fixed_v1_latest.pt | model=standard_expert_5d_fixed_v1
Checkpoint saved: ./checkpoints/standard_expert_5d_fixed_v1_latest.pt
Episode 21 complete | agent_samples=2137 | env_steps=911 | episode_env_steps=30 | episode_agent_samples=94 | mean_reward=131.086 | success=5/5 | collision=0/5 | mean_final_distance=0.256 | mean_progress=0.0142 | min_laser=0.511 | mean_lin=0.992 | mean_ang=0.074 | mean_robot_dist=2.655 | raw_reward=20.000 | adjusted_reward=20.000 | coop_agents=0/5 | mean_coop_neighbors=0.00 | active_neighbor_step_rate=0.660 | mean_active_neighbors_step=1.351 | max_active_neighbors_step=4 | interaction_reward=0.0000 | abs_interaction_reward=0.0000 | anti_stag_reward=0.0000 | abs_anti_stag_reward=0.0000 | wall_clear_reward=0.0000 | abs_wall_clear_reward=0.0000 | local_nav_reward=0.0000 | abs_local_nav_reward=0.0000 | context_neighbors_mean=1.36 | context_neighbors_max=4 | last_context_neighbors_mean=0.00 | last_context_neighbors_max=0 | actor_unlocked=0 | expl_noise=0.0232 | replay=2137 | samples/sec=10.747
Episode 22 complete | agent_samples=2215 | env_steps=935 | episode_env_steps=24 | episode_agent_samples=78 | mean_reward=117.400 | success=5/5 | collision=0/5 | mean_final_distance=0.283 | mean_progress=0.0138 | min_laser=0.607 | mean_lin=0.797 | mean_ang=-0.979 | mean_robot_dist=2.403 | raw_reward=20.000 | adjusted_reward=20.000 | coop_agents=0/5 | mean_coop_neighbors=0.00 | active_neighbor_step_rate=0.795 | mean_active_neighbors_step=1.692 | max_active_neighbors_step=4 | interaction_reward=0.0000 | abs_interaction_reward=0.0000 | anti_stag_reward=0.0000 | abs_anti_stag_reward=0.0000 | wall_clear_reward=0.0000 | abs_wall_clear_reward=0.0000 | local_nav_reward=0.0000 | abs_local_nav_reward=0.0000 | context_neighbors_mean=1.72 | context_neighbors_max=4 | last_context_neighbors_mean=0.00 | last_context_neighbors_max=0 | actor_unlocked=0 | expl_noise=0.0232 | replay=2215 | samples/sec=10.852
Episode 23 complete | agent_samples=2289 | env_steps=952 | episode_env_steps=17 | episode_agent_samples=74 | mean_reward=121.661 | success=5/5 | collision=0/5 | mean_final_distance=0.264 | mean_progress=0.0293 | min_laser=0.525 | mean_lin=0.795 | mean_ang=0.625 | mean_robot_dist=1.768 | raw_reward=40.000 | adjusted_reward=40.000 | coop_agents=0/5 | mean_coop_neighbors=0.00 | active_neighbor_step_rate=0.770 | mean_active_neighbors_step=1.730 | max_active_neighbors_step=4 | interaction_reward=0.0000 | abs_interaction_reward=0.0000 | anti_stag_reward=0.0000 | abs_anti_stag_reward=0.0000 | wall_clear_reward=0.0000 | abs_wall_clear_reward=0.0000 | local_nav_reward=0.0000 | abs_local_nav_reward=0.0000 | context_neighbors_mean=1.81 | context_neighbors_max=4 | last_context_neighbors_mean=0.00 | last_context_neighbors_max=0 | actor_unlocked=0 | expl_noise=0.0231 | replay=2289 | samples/sec=11.010
Episode 24 complete | agent_samples=2340 | env_steps=968 | episode_env_steps=16 | episode_agent_samples=51 | mean_reward=-6.644 | success=2/5 | collision=3/5 | mean_final_distance=1.321 | mean_progress=0.0064 | min_laser=0.303 | mean_lin=0.666 | mean_ang=-0.217 | mean_robot_dist=1.465 | raw_reward=20.000 | adjusted_reward=20.000 | coop_agents=0/5 | mean_coop_neighbors=0.00 | active_neighbor_step_rate=0.706 | mean_active_neighbors_step=1.353 | max_active_neighbors_step=4 | interaction_reward=0.0000 | abs_interaction_reward=0.0000 | anti_stag_reward=0.0000 | abs_anti_stag_reward=0.0000 | wall_clear_reward=0.0000 | abs_wall_clear_reward=0.0000 | local_nav_reward=0.0000 | abs_local_nav_reward=0.0000 | context_neighbors_mean=1.37 | context_neighbors_max=4 | last_context_neighbors_mean=0.00 | last_context_neighbors_max=0 | actor_unlocked=0 | expl_noise=0.0231 | replay=2340 | samples/sec=11.063
Episode 25 complete | agent_samples=2427 | env_steps=1001 | episode_env_steps=33 | episode_agent_samples=87 | mean_reward=132.030 | success=5/5 | collision=0/5 | mean_final_distance=0.257 | mean_progress=0.0087 | min_laser=0.430 | mean_lin=0.797 | mean_ang=-0.200 | mean_robot_dist=1.263 | raw_reward=20.000 | adjusted_reward=20.000 | coop_agents=0/5 | mean_coop_neighbors=0.00 | active_neighbor_step_rate=0.494 | mean_active_neighbors_step=1.356 | max_active_neighbors_step=4 | interaction_reward=0.0000 | abs_interaction_reward=0.0000 | anti_stag_reward=0.0000 | abs_anti_stag_reward=0.0000 | wall_clear_reward=0.0000 | abs_wall_clear_reward=0.0000 | local_nav_reward=0.0000 | abs_local_nav_reward=0.0000 | context_neighbors_mean=1.36 | context_neighbors_max=4 | last_context_neighbors_mean=0.00 | last_context_neighbors_max=0 | actor_unlocked=0 | expl_noise=0.0230 | replay=2427 | samples/sec=11.095
Status | epoch=1 | next_eval_in=2573 agent_samples | checkpoint_every=10 episodes | checkpoint=./checkpoints/standard_expert_5d_fixed_v1_latest.pt | model=standard_expert_5d_fixed_v1
Episode 26 complete | agent_samples=2477 | env_steps=1015 | episode_env_steps=14 | episode_agent_samples=50 | mean_reward=43.773 | success=3/5 | collision=2/5 | mean_final_distance=0.867 | mean_progress=0.0258 | min_laser=0.325 | mean_lin=0.803 | mean_ang=-0.575 | mean_robot_dist=1.859 | raw_reward=20.000 | adjusted_reward=20.000 | coop_agents=0/5 | mean_coop_neighbors=0.00 | active_neighbor_step_rate=0.620 | mean_active_neighbors_step=1.240 | max_active_neighbors_step=3 | interaction_reward=0.0000 | abs_interaction_reward=0.0000 | anti_stag_reward=0.0000 | abs_anti_stag_reward=0.0000 | wall_clear_reward=0.0000 | abs_wall_clear_reward=0.0000 | local_nav_reward=0.0000 | abs_local_nav_reward=0.0000 | context_neighbors_mean=1.30 | context_neighbors_max=3 | last_context_neighbors_mean=0.00 | last_context_neighbors_max=0 | actor_unlocked=0 | expl_noise=0.0230 | replay=2477 | samples/sec=11.167
Episode 27 complete | agent_samples=2536 | env_steps=1029 | episode_env_steps=14 | episode_agent_samples=59 | mean_reward=88.968 | success=4/5 | collision=1/5 | mean_final_distance=0.513 | mean_progress=0.0353 | min_laser=0.340 | mean_lin=0.792 | mean_ang=0.125 | mean_robot_dist=2.364 | raw_reward=40.000 | adjusted_reward=40.000 | coop_agents=1/5 | mean_coop_neighbors=0.20 | active_neighbor_step_rate=0.814 | mean_active_neighbors_step=1.983 | max_active_neighbors_step=4 | interaction_reward=0.0000 | abs_interaction_reward=0.0000 | anti_stag_reward=0.0000 | abs_anti_stag_reward=0.0000 | wall_clear_reward=0.0000 | abs_wall_clear_reward=0.0000 | local_nav_reward=0.0000 | abs_local_nav_reward=0.0000 | context_neighbors_mean=2.00 | context_neighbors_max=4 | last_context_neighbors_mean=0.00 | last_context_neighbors_max=0 | actor_unlocked=0 | expl_noise=0.0230 | replay=2536 | samples/sec=11.272
Episode 28 complete | agent_samples=2633 | env_steps=1065 | episode_env_steps=36 | episode_agent_samples=97 | mean_reward=110.271 | success=4/5 | collision=1/5 | mean_final_distance=0.256 | mean_progress=0.0144 | min_laser=0.302 | mean_lin=0.887 | mean_ang=0.241 | mean_robot_dist=1.158 | raw_reward=20.000 | adjusted_reward=20.000 | coop_agents=0/5 | mean_coop_neighbors=0.00 | active_neighbor_step_rate=0.711 | mean_active_neighbors_step=1.619 | max_active_neighbors_step=4 | interaction_reward=0.0000 | abs_interaction_reward=0.0000 | anti_stag_reward=0.0000 | abs_anti_stag_reward=0.0000 | wall_clear_reward=0.0000 | abs_wall_clear_reward=0.0000 | local_nav_reward=0.0000 | abs_local_nav_reward=0.0000 | context_neighbors_mean=1.63 | context_neighbors_max=4 | last_context_neighbors_mean=0.00 | last_context_neighbors_max=0 | actor_unlocked=0 | expl_noise=0.0229 | replay=2633 | samples/sec=11.309
Episode 29 complete | agent_samples=2724 | env_steps=1102 | episode_env_steps=37 | episode_agent_samples=91 | mean_reward=88.654 | success=4/5 | collision=1/5 | mean_final_distance=0.265 | mean_progress=0.0227 | min_laser=0.325 | mean_lin=0.990 | mean_ang=-0.189 | mean_robot_dist=1.336 | raw_reward=20.000 | adjusted_reward=20.000 | coop_agents=0/5 | mean_coop_neighbors=0.00 | active_neighbor_step_rate=0.593 | mean_active_neighbors_step=1.593 | max_active_neighbors_step=4 | interaction_reward=0.0000 | abs_interaction_reward=0.0000 | anti_stag_reward=0.0000 | abs_anti_stag_reward=0.0000 | wall_clear_reward=0.0000 | abs_wall_clear_reward=0.0000 | local_nav_reward=0.0000 | abs_local_nav_reward=0.0000 | context_neighbors_mean=1.60 | context_neighbors_max=4 | last_context_neighbors_mean=0.00 | last_context_neighbors_max=0 | actor_unlocked=0 | expl_noise=0.0228 | replay=2724 | samples/sec=11.308
Episode 30 complete | agent_samples=2826 | env_steps=1144 | episode_env_steps=42 | episode_agent_samples=102 | mean_reward=127.424 | success=5/5 | collision=0/5 | mean_final_distance=0.261 | mean_progress=0.0131 | min_laser=0.712 | mean_lin=0.976 | mean_ang=-0.188 | mean_robot_dist=1.640 | raw_reward=20.000 | adjusted_reward=20.000 | coop_agents=0/5 | mean_coop_neighbors=0.00 | active_neighbor_step_rate=0.608 | mean_active_neighbors_step=1.510 | max_active_neighbors_step=4 | interaction_reward=0.0000 | abs_interaction_reward=0.0000 | anti_stag_reward=0.0000 | abs_anti_stag_reward=0.0000 | wall_clear_reward=0.0000 | abs_wall_clear_reward=0.0000 | local_nav_reward=0.0000 | abs_local_nav_reward=0.0000 | context_neighbors_mean=1.56 | context_neighbors_max=4 | last_context_neighbors_mean=0.00 | last_context_neighbors_max=0 | actor_unlocked=0 | expl_noise=0.0227 | replay=2826 | samples/sec=11.305
Status | epoch=1 | next_eval_in=2174 agent_samples | checkpoint_every=10 episodes | checkpoint=./checkpoints/standard_expert_5d_fixed_v1_latest.pt | model=standard_expert_5d_fixed_v1
Checkpoint saved: ./checkpoints/standard_expert_5d_fixed_v1_latest.pt
Episode 31 complete | agent_samples=2942 | env_steps=1188 | episode_env_steps=44 | episode_agent_samples=116 | mean_reward=143.577 | success=5/5 | collision=0/5 | mean_final_distance=0.267 | mean_progress=0.0253 | min_laser=0.454 | mean_lin=0.996 | mean_ang=0.276 | mean_robot_dist=1.816 | raw_reward=20.000 | adjusted_reward=20.000 | coop_agents=0/5 | mean_coop_neighbors=0.00 | active_neighbor_step_rate=0.629 | mean_active_neighbors_step=1.233 | max_active_neighbors_step=4 | interaction_reward=0.0000 | abs_interaction_reward=0.0000 | anti_stag_reward=0.0000 | abs_anti_stag_reward=0.0000 | wall_clear_reward=0.0000 | abs_wall_clear_reward=0.0000 | local_nav_reward=0.0000 | abs_local_nav_reward=0.0000 | context_neighbors_mean=1.27 | context_neighbors_max=4 | last_context_neighbors_mean=0.00 | last_context_neighbors_max=0 | actor_unlocked=0 | expl_noise=0.0227 | replay=2942 | samples/sec=11.337
Episode 32 complete | agent_samples=3030 | env_steps=1228 | episode_env_steps=40 | episode_agent_samples=88 | mean_reward=42.568 | success=3/5 | collision=2/5 | mean_final_distance=0.389 | mean_progress=0.0031 | min_laser=0.300 | mean_lin=0.998 | mean_ang=-0.996 | mean_robot_dist=1.584 | raw_reward=20.000 | adjusted_reward=20.000 | coop_agents=0/5 | mean_coop_neighbors=0.00 | active_neighbor_step_rate=0.682 | mean_active_neighbors_step=1.761 | max_active_neighbors_step=4 | interaction_reward=0.0000 | abs_interaction_reward=0.0000 | anti_stag_reward=0.0000 | abs_anti_stag_reward=0.0000 | wall_clear_reward=0.0000 | abs_wall_clear_reward=0.0000 | local_nav_reward=0.0000 | abs_local_nav_reward=0.0000 | context_neighbors_mean=1.80 | context_neighbors_max=4 | last_context_neighbors_mean=0.00 | last_context_neighbors_max=0 | actor_unlocked=0 | expl_noise=0.0226 | replay=3030 | samples/sec=11.298
Episode 33 complete | agent_samples=3120 | env_steps=1265 | episode_env_steps=37 | episode_agent_samples=90 | mean_reward=132.212 | success=5/5 | collision=0/5 | mean_final_distance=0.242 | mean_progress=0.0021 | min_laser=0.430 | mean_lin=0.601 | mean_ang=0.204 | mean_robot_dist=1.425 | raw_reward=20.000 | adjusted_reward=20.000 | coop_agents=0/5 | mean_coop_neighbors=0.00 | active_neighbor_step_rate=0.467 | mean_active_neighbors_step=1.300 | max_active_neighbors_step=4 | interaction_reward=0.0000 | abs_interaction_reward=0.0000 | anti_stag_reward=0.0000 | abs_anti_stag_reward=0.0000 | wall_clear_reward=0.0000 | abs_wall_clear_reward=0.0000 | local_nav_reward=0.0000 | abs_local_nav_reward=0.0000 | context_neighbors_mean=1.30 | context_neighbors_max=4 | last_context_neighbors_mean=0.00 | last_context_neighbors_max=0 | actor_unlocked=0 | expl_noise=0.0225 | replay=3120 | samples/sec=11.294
Episode 34 complete | agent_samples=3235 | env_steps=1314 | episode_env_steps=49 | episode_agent_samples=115 | mean_reward=125.168 | success=5/5 | collision=0/5 | mean_final_distance=0.246 | mean_progress=0.0230 | min_laser=0.373 | mean_lin=0.994 | mean_ang=-0.561 | mean_robot_dist=2.525 | raw_reward=20.000 | adjusted_reward=20.000 | coop_agents=0/5 | mean_coop_neighbors=0.00 | active_neighbor_step_rate=0.661 | mean_active_neighbors_step=1.330 | max_active_neighbors_step=4 | interaction_reward=0.0000 | abs_interaction_reward=0.0000 | anti_stag_reward=0.0000 | abs_anti_stag_reward=0.0000 | wall_clear_reward=0.0000 | abs_wall_clear_reward=0.0000 | local_nav_reward=0.0000 | abs_local_nav_reward=0.0000 | context_neighbors_mean=1.37 | context_neighbors_max=4 | last_context_neighbors_mean=0.00 | last_context_neighbors_max=0 | actor_unlocked=0 | expl_noise=0.0224 | replay=3235 | samples/sec=11.276
Episode 35 complete | agent_samples=3289 | env_steps=1334 | episode_env_steps=20 | episode_agent_samples=54 | mean_reward=38.995 | success=3/5 | collision=2/5 | mean_final_distance=0.974 | mean_progress=0.0090 | min_laser=0.300 | mean_lin=0.956 | mean_ang=-0.164 | mean_robot_dist=1.863 | raw_reward=20.000 | adjusted_reward=20.000 | coop_agents=0/5 | mean_coop_neighbors=0.00 | active_neighbor_step_rate=0.833 | mean_active_neighbors_step=2.185 | max_active_neighbors_step=4 | interaction_reward=0.0000 | abs_interaction_reward=0.0000 | anti_stag_reward=0.0000 | abs_anti_stag_reward=0.0000 | wall_clear_reward=0.0000 | abs_wall_clear_reward=0.0000 | local_nav_reward=0.0000 | abs_local_nav_reward=0.0000 | context_neighbors_mean=2.19 | context_neighbors_max=4 | last_context_neighbors_mean=0.00 | last_context_neighbors_max=0 | actor_unlocked=0 | expl_noise=0.0224 | replay=3289 | samples/sec=11.292
Status | epoch=1 | next_eval_in=1711 agent_samples | checkpoint_every=10 episodes | checkpoint=./checkpoints/standard_expert_5d_fixed_v1_latest.pt | model=standard_expert_5d_fixed_v1
Episode 36 complete | agent_samples=3347 | env_steps=1355 | episode_env_steps=21 | episode_agent_samples=58 | mean_reward=78.660 | success=4/5 | collision=1/5 | mean_final_distance=0.545 | mean_progress=0.0119 | min_laser=0.302 | mean_lin=0.998 | mean_ang=-0.196 | mean_robot_dist=2.786 | raw_reward=20.000 | adjusted_reward=20.000 | coop_agents=0/5 | mean_coop_neighbors=0.00 | active_neighbor_step_rate=0.828 | mean_active_neighbors_step=2.017 | max_active_neighbors_step=4 | interaction_reward=0.0000 | abs_interaction_reward=0.0000 | anti_stag_reward=0.0000 | abs_anti_stag_reward=0.0000 | wall_clear_reward=0.0000 | abs_wall_clear_reward=0.0000 | local_nav_reward=0.0000 | abs_local_nav_reward=0.0000 | context_neighbors_mean=2.00 | context_neighbors_max=4 | last_context_neighbors_mean=0.00 | last_context_neighbors_max=0 | actor_unlocked=0 | expl_noise=0.0223 | replay=3347 | samples/sec=11.313
Episode 37 complete | agent_samples=3476 | env_steps=1423 | episode_env_steps=68 | episode_agent_samples=129 | mean_reward=127.264 | success=5/5 | collision=0/5 | mean_final_distance=0.261 | mean_progress=0.0110 | min_laser=0.789 | mean_lin=1.000 | mean_ang=0.576 | mean_robot_dist=2.054 | raw_reward=20.000 | adjusted_reward=20.000 | coop_agents=0/5 | mean_coop_neighbors=0.00 | active_neighbor_step_rate=0.512 | mean_active_neighbors_step=1.364 | max_active_neighbors_step=4 | interaction_reward=0.0000 | abs_interaction_reward=0.0000 | anti_stag_reward=0.0000 | abs_anti_stag_reward=0.0000 | wall_clear_reward=0.0000 | abs_wall_clear_reward=0.0000 | local_nav_reward=0.0000 | abs_local_nav_reward=0.0000 | context_neighbors_mean=1.37 | context_neighbors_max=4 | last_context_neighbors_mean=0.00 | last_context_neighbors_max=0 | actor_unlocked=0 | expl_noise=0.0222 | replay=3476 | samples/sec=11.188
Episode 38 complete | agent_samples=3534 | env_steps=1440 | episode_env_steps=17 | episode_agent_samples=58 | mean_reward=79.727 | success=4/5 | collision=1/5 | mean_final_distance=0.641 | mean_progress=0.0149 | min_laser=0.331 | mean_lin=1.000 | mean_ang=0.508 | mean_robot_dist=2.321 | raw_reward=20.000 | adjusted_reward=20.000 | coop_agents=0/5 | mean_coop_neighbors=0.00 | active_neighbor_step_rate=0.931 | mean_active_neighbors_step=2.810 | max_active_neighbors_step=4 | interaction_reward=0.0000 | abs_interaction_reward=0.0000 | anti_stag_reward=0.0000 | abs_anti_stag_reward=0.0000 | wall_clear_reward=0.0000 | abs_wall_clear_reward=0.0000 | local_nav_reward=0.0000 | abs_local_nav_reward=0.0000 | context_neighbors_mean=2.81 | context_neighbors_max=4 | last_context_neighbors_mean=0.00 | last_context_neighbors_max=0 | actor_unlocked=0 | expl_noise=0.0222 | replay=3534 | samples/sec=11.239
Episode 39 complete | agent_samples=3639 | env_steps=1488 | episode_env_steps=48 | episode_agent_samples=105 | mean_reward=135.101 | success=5/5 | collision=0/5 | mean_final_distance=0.251 | mean_progress=0.0257 | min_laser=0.351 | mean_lin=0.795 | mean_ang=-0.923 | mean_robot_dist=1.723 | raw_reward=20.000 | adjusted_reward=20.000 | coop_agents=0/5 | mean_coop_neighbors=0.00 | active_neighbor_step_rate=0.552 | mean_active_neighbors_step=1.571 | max_active_neighbors_step=4 | interaction_reward=0.0000 | abs_interaction_reward=0.0000 | anti_stag_reward=0.0000 | abs_anti_stag_reward=0.0000 | wall_clear_reward=0.0000 | abs_wall_clear_reward=0.0000 | local_nav_reward=0.0000 | abs_local_nav_reward=0.0000 | context_neighbors_mean=1.61 | context_neighbors_max=4 | last_context_neighbors_mean=0.00 | last_context_neighbors_max=0 | actor_unlocked=0 | expl_noise=0.0221 | replay=3639 | samples/sec=11.203
Episode 40 complete | agent_samples=3734 | env_steps=1523 | episode_env_steps=35 | episode_agent_samples=95 | mean_reward=90.980 | success=4/5 | collision=1/5 | mean_final_distance=0.520 | mean_progress=0.0126 | min_laser=0.300 | mean_lin=0.988 | mean_ang=0.496 | mean_robot_dist=1.525 | raw_reward=20.000 | adjusted_reward=20.000 | coop_agents=0/5 | mean_coop_neighbors=0.00 | active_neighbor_step_rate=0.726 | mean_active_neighbors_step=1.779 | max_active_neighbors_step=4 | interaction_reward=0.0000 | abs_interaction_reward=0.0000 | anti_stag_reward=0.0000 | abs_anti_stag_reward=0.0000 | wall_clear_reward=0.0000 | abs_wall_clear_reward=0.0000 | local_nav_reward=0.0000 | abs_local_nav_reward=0.0000 | context_neighbors_mean=1.78 | context_neighbors_max=4 | last_context_neighbors_mean=0.00 | last_context_neighbors_max=0 | actor_unlocked=0 | expl_noise=0.0220 | replay=3734 | samples/sec=11.230
Status | epoch=1 | next_eval_in=1266 agent_samples | checkpoint_every=10 episodes | checkpoint=./checkpoints/standard_expert_5d_fixed_v1_latest.pt | model=standard_expert_5d_fixed_v1
Checkpoint saved: ./checkpoints/standard_expert_5d_fixed_v1_latest.pt
Episode 41 complete | agent_samples=3834 | env_steps=1552 | episode_env_steps=29 | episode_agent_samples=100 | mean_reward=94.711 | success=4/5 | collision=1/5 | mean_final_distance=0.551 | mean_progress=0.0095 | min_laser=0.306 | mean_lin=0.802 | mean_ang=-0.245 | mean_robot_dist=1.256 | raw_reward=20.000 | adjusted_reward=20.000 | coop_agents=0/5 | mean_coop_neighbors=0.00 | active_neighbor_step_rate=0.670 | mean_active_neighbors_step=1.370 | max_active_neighbors_step=4 | interaction_reward=0.0000 | abs_interaction_reward=0.0000 | anti_stag_reward=0.0000 | abs_anti_stag_reward=0.0000 | wall_clear_reward=0.0000 | abs_wall_clear_reward=0.0000 | local_nav_reward=0.0000 | abs_local_nav_reward=0.0000 | context_neighbors_mean=1.43 | context_neighbors_max=4 | last_context_neighbors_mean=0.00 | last_context_neighbors_max=0 | actor_unlocked=0 | expl_noise=0.0219 | replay=3834 | samples/sec=11.311
Episode 42 complete | agent_samples=3937 | env_steps=1597 | episode_env_steps=45 | episode_agent_samples=103 | mean_reward=88.143 | success=4/5 | collision=1/5 | mean_final_distance=0.309 | mean_progress=0.0066 | min_laser=0.307 | mean_lin=0.701 | mean_ang=-0.204 | mean_robot_dist=1.268 | raw_reward=20.000 | adjusted_reward=20.000 | coop_agents=0/5 | mean_coop_neighbors=0.00 | active_neighbor_step_rate=0.757 | mean_active_neighbors_step=2.078 | max_active_neighbors_step=4 | interaction_reward=0.0000 | abs_interaction_reward=0.0000 | anti_stag_reward=0.0000 | abs_anti_stag_reward=0.0000 | wall_clear_reward=0.0000 | abs_wall_clear_reward=0.0000 | local_nav_reward=0.0000 | abs_local_nav_reward=0.0000 | context_neighbors_mean=2.13 | context_neighbors_max=4 | last_context_neighbors_mean=0.00 | last_context_neighbors_max=0 | actor_unlocked=0 | expl_noise=0.0218 | replay=3937 | samples/sec=11.289
Episode 43 complete | agent_samples=4014 | env_steps=1624 | episode_env_steps=27 | episode_agent_samples=77 | mean_reward=130.110 | success=5/5 | collision=0/5 | mean_final_distance=0.287 | mean_progress=0.0071 | min_laser=0.767 | mean_lin=0.994 | mean_ang=-0.553 | mean_robot_dist=2.093 | raw_reward=20.000 | adjusted_reward=20.000 | coop_agents=0/5 | mean_coop_neighbors=0.00 | active_neighbor_step_rate=0.558 | mean_active_neighbors_step=1.325 | max_active_neighbors_step=4 | interaction_reward=0.0000 | abs_interaction_reward=0.0000 | anti_stag_reward=0.0000 | abs_anti_stag_reward=0.0000 | wall_clear_reward=0.0000 | abs_wall_clear_reward=0.0000 | local_nav_reward=0.0000 | abs_local_nav_reward=0.0000 | context_neighbors_mean=1.34 | context_neighbors_max=4 | last_context_neighbors_mean=0.00 | last_context_neighbors_max=0 | actor_unlocked=0 | expl_noise=0.0218 | replay=4014 | samples/sec=11.318
Episode 44 complete | agent_samples=4146 | env_steps=1693 | episode_env_steps=69 | episode_agent_samples=132 | mean_reward=53.213 | success=3/5 | collision=2/5 | mean_final_distance=0.439 | mean_progress=0.0221 | min_laser=0.300 | mean_lin=0.736 | mean_ang=-0.621 | mean_robot_dist=2.873 | raw_reward=20.000 | adjusted_reward=20.000 | coop_agents=0/5 | mean_coop_neighbors=0.00 | active_neighbor_step_rate=0.470 | mean_active_neighbors_step=1.038 | max_active_neighbors_step=4 | interaction_reward=0.0000 | abs_interaction_reward=0.0000 | anti_stag_reward=0.0000 | abs_anti_stag_reward=0.0000 | wall_clear_reward=0.0000 | abs_wall_clear_reward=0.0000 | local_nav_reward=0.0000 | abs_local_nav_reward=0.0000 | context_neighbors_mean=1.10 | context_neighbors_max=4 | last_context_neighbors_mean=0.00 | last_context_neighbors_max=0 | actor_unlocked=0 | expl_noise=0.0217 | replay=4146 | samples/sec=11.214
Episode 45 complete | agent_samples=4202 | env_steps=1709 | episode_env_steps=16 | episode_agent_samples=56 | mean_reward=50.128 | success=3/5 | collision=2/5 | mean_final_distance=0.599 | mean_progress=0.0210 | min_laser=0.300 | mean_lin=0.796 | mean_ang=0.151 | mean_robot_dist=1.933 | raw_reward=20.000 | adjusted_reward=20.000 | coop_agents=0/5 | mean_coop_neighbors=0.00 | active_neighbor_step_rate=0.696 | mean_active_neighbors_step=1.571 | max_active_neighbors_step=4 | interaction_reward=0.0000 | abs_interaction_reward=0.0000 | anti_stag_reward=0.0000 | abs_anti_stag_reward=0.0000 | wall_clear_reward=0.0000 | abs_wall_clear_reward=0.0000 | local_nav_reward=0.0000 | abs_local_nav_reward=0.0000 | context_neighbors_mean=1.68 | context_neighbors_max=4 | last_context_neighbors_mean=0.00 | last_context_neighbors_max=0 | actor_unlocked=0 | expl_noise=0.0216 | replay=4202 | samples/sec=11.258
Status | epoch=1 | next_eval_in=798 agent_samples | checkpoint_every=10 episodes | checkpoint=./checkpoints/standard_expert_5d_fixed_v1_latest.pt | model=standard_expert_5d_fixed_v1
Episode 46 complete | agent_samples=4573 | env_steps=2009 | episode_env_steps=300 | episode_agent_samples=371 | mean_reward=98.529 | success=4/5 | collision=0/5 | mean_final_distance=0.689 | mean_progress=-0.0001 | min_laser=0.521 | mean_lin=0.603 | mean_ang=-0.571 | mean_robot_dist=2.775 | raw_reward=-0.041 | adjusted_reward=-0.041 | coop_agents=0/5 | mean_coop_neighbors=0.00 | active_neighbor_step_rate=0.170 | mean_active_neighbors_step=0.342 | max_active_neighbors_step=4 | interaction_reward=0.0000 | abs_interaction_reward=0.0000 | anti_stag_reward=0.0000 | abs_anti_stag_reward=0.0000 | wall_clear_reward=0.0000 | abs_wall_clear_reward=0.0000 | local_nav_reward=0.0000 | abs_local_nav_reward=0.0000 | context_neighbors_mean=0.35 | context_neighbors_max=4 | last_context_neighbors_mean=0.00 | last_context_neighbors_max=0 | actor_unlocked=0 | expl_noise=0.0210 | replay=4573 | samples/sec=10.453
Episode 47 complete | agent_samples=4663 | env_steps=2043 | episode_env_steps=34 | episode_agent_samples=90 | mean_reward=129.375 | success=5/5 | collision=0/5 | mean_final_distance=0.267 | mean_progress=0.0191 | min_laser=0.598 | mean_lin=0.989 | mean_ang=0.376 | mean_robot_dist=1.433 | raw_reward=20.000 | adjusted_reward=20.000 | coop_agents=0/5 | mean_coop_neighbors=0.00 | active_neighbor_step_rate=0.556 | mean_active_neighbors_step=1.178 | max_active_neighbors_step=4 | interaction_reward=0.0000 | abs_interaction_reward=0.0000 | anti_stag_reward=0.0000 | abs_anti_stag_reward=0.0000 | wall_clear_reward=0.0000 | abs_wall_clear_reward=0.0000 | local_nav_reward=0.0000 | abs_local_nav_reward=0.0000 | context_neighbors_mean=1.21 | context_neighbors_max=4 | last_context_neighbors_mean=0.00 | last_context_neighbors_max=0 | actor_unlocked=0 | expl_noise=0.0210 | replay=4663 | samples/sec=10.481
Episode 48 complete | agent_samples=4785 | env_steps=2090 | episode_env_steps=47 | episode_agent_samples=122 | mean_reward=125.228 | success=5/5 | collision=0/5 | mean_final_distance=0.244 | mean_progress=0.0144 | min_laser=0.363 | mean_lin=0.797 | mean_ang=-0.200 | mean_robot_dist=1.988 | raw_reward=20.000 | adjusted_reward=20.000 | coop_agents=0/5 | mean_coop_neighbors=0.00 | active_neighbor_step_rate=0.648 | mean_active_neighbors_step=1.508 | max_active_neighbors_step=4 | interaction_reward=0.0000 | abs_interaction_reward=0.0000 | anti_stag_reward=0.0000 | abs_anti_stag_reward=0.0000 | wall_clear_reward=0.0000 | abs_wall_clear_reward=0.0000 | local_nav_reward=0.0000 | abs_local_nav_reward=0.0000 | context_neighbors_mean=1.54 | context_neighbors_max=4 | last_context_neighbors_mean=0.00 | last_context_neighbors_max=0 | actor_unlocked=0 | expl_noise=0.0209 | replay=4785 | samples/sec=10.516
Episode 49 complete | agent_samples=4862 | env_steps=2118 | episode_env_steps=28 | episode_agent_samples=77 | mean_reward=54.497 | success=3/5 | collision=2/5 | mean_final_distance=0.914 | mean_progress=0.0017 | min_laser=0.300 | mean_lin=0.638 | mean_ang=-0.207 | mean_robot_dist=1.674 | raw_reward=20.000 | adjusted_reward=20.000 | coop_agents=0/5 | mean_coop_neighbors=0.00 | active_neighbor_step_rate=0.688 | mean_active_neighbors_step=1.338 | max_active_neighbors_step=4 | interaction_reward=0.0000 | abs_interaction_reward=0.0000 | anti_stag_reward=0.0000 | abs_anti_stag_reward=0.0000 | wall_clear_reward=0.0000 | abs_wall_clear_reward=0.0000 | local_nav_reward=0.0000 | abs_local_nav_reward=0.0000 | context_neighbors_mean=1.36 | context_neighbors_max=4 | last_context_neighbors_mean=0.00 | last_context_neighbors_max=0 | actor_unlocked=0 | expl_noise=0.0208 | replay=4862 | samples/sec=10.543
Episode 50 complete | agent_samples=5108 | env_steps=2232 | episode_env_steps=114 | episode_agent_samples=246 | mean_reward=122.085 | success=5/5 | collision=0/5 | mean_final_distance=0.273 | mean_progress=0.0071 | min_laser=0.686 | mean_lin=0.686 | mean_ang=-0.024 | mean_robot_dist=3.201 | raw_reward=20.000 | adjusted_reward=20.000 | coop_agents=0/5 | mean_coop_neighbors=0.00 | active_neighbor_step_rate=0.585 | mean_active_neighbors_step=0.890 | max_active_neighbors_step=4 | interaction_reward=0.0000 | abs_interaction_reward=0.0000 | anti_stag_reward=0.0000 | abs_anti_stag_reward=0.0000 | wall_clear_reward=0.0000 | abs_wall_clear_reward=0.0000 | local_nav_reward=0.0000 | abs_local_nav_reward=0.0000 | context_neighbors_mean=0.92 | context_neighbors_max=4 | last_context_neighbors_mean=0.00 | last_context_neighbors_max=0 | actor_unlocked=0 | expl_noise=0.0206 | replay=5108 | samples/sec=10.515
Status | epoch=1 | next_eval_in=-108 agent_samples | checkpoint_every=10 episodes | checkpoint=./checkpoints/standard_expert_5d_fixed_v1_latest.pt | model=standard_expert_5d_fixed_v1
Checkpoint saved: ./checkpoints/standard_expert_5d_fixed_v1_latest.pt
Validating multi-agent policy at agent_samples=5108 env_steps=2232
..............................................
Multi-Agent Eval Epoch 1 | avg_reward=117.937 | success_rate=0.960 | collision_rate=0.040 | unresolved_rate=0.000 | full_success_rate=0.800 | timeout_episode_rate=0.000 | avg_env_steps=51.6 | avg_final_distance=0.235
Eval success_hist 0..N: [0, 0, 0, 0, 2, 8]
Eval collision_hist 0..N: [8, 2, 0, 0, 0, 0]
..............................................
Checkpoint saved: ./checkpoints/standard_expert_5d_fixed_v1_latest.pt
Best checkpoint updated | epoch=1 | success_rate=0.960 | collision_rate=0.040 | full_success_rate=0.800 | unresolved_rate=0.000 | avg_reward=117.937 | metric=full_success | path=./checkpoints/standard_expert_5d_fixed_v1_best.pt
Next epoch will start from 2. Resume keeps this counter in ./checkpoints/standard_expert_5d_fixed_v1_latest.pt
Max epochs reached | completed_epochs=1 | max_epochs=1
Training stopped after reaching configured max epochs.
 cmd_vel
[INFO] [1784358077.503024369, 0.880000000]: DiffDrive(ns = /r4/): Subscribe to cmd_vel
[INFO] [1784358077.503194524, 0.880000000]: DiffDrive(ns = /r4/): Advertise odom on odom 
[INFO] [1784358077.503257553, 0.880000000]: GazeboRosJointStatePublisher is going to publish joint: chassis_swivel_joint
[INFO] [1784358077.503262316, 0.880000000]: GazeboRosJointStatePublisher is going to publish joint: swivel_wheel_joint
[INFO] [1784358077.503268876, 0.880000000]: GazeboRosJointStatePublisher is going to publish joint: left_hub_joint
[INFO] [1784358077.503272874, 0.880000000]: GazeboRosJointStatePublisher is going to publish joint: right_hub_joint
[INFO] [1784358077.503277917, 0.880000000]: Starting GazeboRosJointStatePublisher Plugin (ns = /r4/)!, parent name: r4
[INFO] [1784358077.796363197, 1.022000000]: Laser Plugin: The 'robotNamespace' param was empty
[INFO] [1784358077.796389315, 1.022000000]: Starting Laser Plugin (ns = r3)
[INFO] [1784358077.796974478, 1.022000000]: Laser Plugin (ns = r3)  <tf_prefix_>, set to ""
[INFO] [1784358078.402578297, 1.022000000]: Velodyne laser plugin missing <min_intensity>, defaults to no clipping
[INFO] [1784358078.403105158, 1.022000000]: Velodyne laser plugin ready, 16 lasers
[INFO] [1784358078.404056994, 1.022000000]: Starting plugin DiffDrive(ns = /r3/)
[DEBUG] [1784358078.404067178, 1.022000000]: DiffDrive(ns = /r3/): <rosDebugLevel> = Debug
[INFO] [1784358078.404077424, 1.022000000]: DiffDrive(ns = /r3/): <rosDebugLevel> = Debug
[INFO] [1784358078.404198972, 1.022000000]: DiffDrive(ns = /r3/): <tf_prefix> = 
[DEBUG] [1784358078.404203200, 1.022000000]: DiffDrive(ns = /r3/): <commandTopic> = cmd_vel
[DEBUG] [1784358078.404207536, 1.022000000]: DiffDrive(ns = /r3/): <odometryTopic> = odom
[DEBUG] [1784358078.404212089, 1.022000000]: DiffDrive(ns = /r3/): <odometryFrame> = odom
[DEBUG] [1784358078.404216490, 1.022000000]: DiffDrive(ns = /r3/): <robotBaseFrame> = base_link
[DEBUG] [1784358078.404221510, 1.022000000]: DiffDrive(ns = /r3/): <publishWheelTF> = false
[DEBUG] [1784358078.404225600, 1.022000000]: DiffDrive(ns = /r3/): <publishOdomTF> = false
[DEBUG] [1784358078.404230123, 1.022000000]: DiffDrive(ns = /r3/): <publishWheelJointState> = false
[DEBUG] [1784358078.404236615, 1.022000000]: DiffDrive(ns = /r3/): <wheelSeparation> = 0.29999999999999999
[DEBUG] [1784358078.404241608, 1.022000000]: DiffDrive(ns = /r3/): <wheelDiameter> = 0.17999999999999999
[DEBUG] [1784358078.404246734, 1.022000000]: DiffDrive(ns = /r3/): <wheelAcceleration> = 1.8
[DEBUG] [1784358078.404251423, 1.022000000]: DiffDrive(ns = /r3/): <wheelTorque> = 20
[DEBUG] [1784358078.404256099, 1.022000000]: DiffDrive(ns = /r3/): <updateRate> = 50
[DEBUG] [1784358078.404262410, 1.022000000]: DiffDrive(ns = /r3/): <odometrySource> = world := 1
[DEBUG] [1784358078.404266666, 1.022000000]: DiffDrive(ns = /r3/): <leftJoint> = left_hub_joint
[DEBUG] [1784358078.404272876, 1.022000000]: DiffDrive(ns = /r3/): <rightJoint> = right_hub_joint
[INFO] [1784358078.404298432, 1.022000000]: DiffDrive(ns = /r3/): Try to subscribe to cmd_vel
[INFO] [1784358078.405336896, 1.022000000]: DiffDrive(ns = /r3/): Subscribe to cmd_vel
[INFO] [1784358078.405456096, 1.022000000]: DiffDrive(ns = /r3/): Advertise odom on odom 
[INFO] [1784358078.405515237, 1.022000000]: GazeboRosJointStatePublisher is going to publish joint: chassis_swivel_joint
[INFO] [1784358078.405521131, 1.022000000]: GazeboRosJointStatePublisher is going to publish joint: swivel_wheel_joint
[INFO] [1784358078.405527059, 1.022000000]: GazeboRosJointStatePublisher is going to publish joint: left_hub_joint
[INFO] [1784358078.405532969, 1.022000000]: GazeboRosJointStatePublisher is going to publish joint: right_hub_joint
[INFO] [1784358078.405538497, 1.022000000]: Starting GazeboRosJointStatePublisher Plugin (ns = /r3/)!, parent name: r3
... logging to /home/jiutian/.ros/log/75f0ee50-8276-11f1-a719-79b7e70ca52d/roslaunch-JiuTian-AI4090-3776014.log
Checking log directory for disk usage. This may take a while.
Press Ctrl-C to interrupt
Done checking log file disk usage. Usage is <1GB.
]2;/home/jiutian/Local-Critic-Multi-Robot-Navigation-gate/TD3/assets/multi_robot_scenario_fixed_v1_standard_train_5.launch
[1mstarted roslaunch server http://localhost:43579/[0m

SUMMARY
========

PARAMETERS
 * /robot_description_r1: <?xml version="1....
 * /robot_description_r2: <?xml version="1....
 * /robot_description_r3: <?xml version="1....
 * /robot_description_r4: <?xml version="1....
 * /robot_description_r5: <?xml version="1....
 * /rosdistro: noetic
 * /rosversion: 1.17.4
 * /use_sim_time: True

NODES
  /
    gazebo (gazebo_ros/gzserver)
    urdf_spawner_r1 (gazebo_ros/spawn_model)
    urdf_spawner_r2 (gazebo_ros/spawn_model)
    urdf_spawner_r3 (gazebo_ros/spawn_model)
    urdf_spawner_r4 (gazebo_ros/spawn_model)
    urdf_spawner_r5 (gazebo_ros/spawn_model)

[1mROS_MASTER_URI=http://localhost:11801/[0m
]2;/home/jiutian/Local-Critic-Multi-Robot-Navigation-gate/TD3/assets/multi_robot_scenario_fixed_v1_standard_train_5.launch http://localhost:11801/
[1mprocess[gazebo-1]: started with pid [3776195][0m
[1mprocess[urdf_spawner_r1-2]: started with pid [3776198][0m
[1mprocess[urdf_spawner_r2-3]: started with pid [3776201][0m
[1mprocess[urdf_spawner_r3-4]: started with pid [3776202][0m
[1mprocess[urdf_spawner_r4-5]: started with pid [3776203][0m
[1mprocess[urdf_spawner_r5-6]: started with pid [3776204][0m
[1m[urdf_spawner_r5-6] process has finished cleanly
log file: /home/jiutian/.ros/log/75f0ee50-8276-11f1-a719-79b7e70ca52d/urdf_spawner_r5-6*.log[0m
[1m[urdf_spawner_r2-3] process has finished cleanly
log file: /home/jiutian/.ros/log/75f0ee50-8276-11f1-a719-79b7e70ca52d/urdf_spawner_r2-3*.log[0m
[1m[urdf_spawner_r1-2] process has finished cleanly
log file: /home/jiutian/.ros/log/75f0ee50-8276-11f1-a719-79b7e70ca52d/urdf_spawner_r1-2*.log[0m
[1m[urdf_spawner_r4-5] process has finished cleanly
log file: /home/jiutian/.ros/log/75f0ee50-8276-11f1-a719-79b7e70ca52d/urdf_spawner_r4-5*.log[0m
[1m[urdf_spawner_r3-4] process has finished cleanly
log file: /home/jiutian/.ros/log/75f0ee50-8276-11f1-a719-79b7e70ca52d/urdf_spawner_r3-4*.log[0m
[gazebo-1] killing on exit
shutting down processing monitor...
... shutting down processing monitor complete
[1mdone[0m
... logging to /home/jiutian/.ros/log/75f0ee50-8276-11f1-a719-79b7e70ca52d/roslaunch-JiuTian-AI4090-3775985.log
Checking log directory for disk usage. This may take a while.
Press Ctrl-C to interrupt
Done checking log file disk usage. Usage is <1GB.
]2;roscore
[1mstarted roslaunch server http://localhost:46027/[0m
ros_comm version 1.17.4


SUMMARY
========

PARAMETERS
 * /rosdistro: noetic
 * /rosversion: 1.17.4

NODES

auto-starting new master
[1mprocess[master]: started with pid [3775995][0m
[1mROS_MASTER_URI=http://localhost:11801/[0m
]2;roscore http://localhost:11801/
[1msetting /run_id to 75f0ee50-8276-11f1-a719-79b7e70ca52d[0m
[1mprocess[rosout-1]: started with pid [3776005][0m
started core service [/rosout]
[rosout-1] killing on exit
[master] killing on exit
shutting down processing monitor...
... shutting down processing monitor complete
[1mdone[0m
