Activated DRL robot navigation Python environment.
Python: Python 3.8.10
Venv: /home/jiutian/venvs/drl-robot-nav
Curriculum scenario enabled: 6 cases loaded
Roscore launched!
Unable to register with master node [http://localhost:12821]: master may not be running yet. Will keep trying.
Gazebo launched!
INFO: cannot create a symlink to latest log directory: [Errno 2] No such file or directory: '/home/jiutian/.ros/log/latest'
[INFO] [1784115311.142958, 0.000000]: Loading model XML from ros parameter robot_description_r2
[INFO] [1784115311.145770, 0.000000]: Waiting for service /gazebo/spawn_urdf_model
[INFO] [1784115311.447686, 0.314000]: Calling service /gazebo/spawn_urdf_model
[INFO] [1784115312.263213, 0.372000]: Spawn status: SpawnModel: Successfully spawned entity
[WARN] [1784115312.368225567, 0.372000000]: GazeboRosDiffDrive Plugin (ns = ) missing <publishTf>, defaults to 1
[INFO] [1784115311.210017950]: Finished loading Gazebo ROS API Plugin.
[INFO] [1784115311.210572775]: waitForService: Service [/gazebo/set_physics_properties] has not been advertised, waiting...
[INFO] [1784115311.332926394, 0.203000000]: waitForService: Service [/gazebo/set_physics_properties] is now available.
[INFO] [1784115311.338415815, 0.209000000]: Physics dynamic reconfigure ready.
[INFO] [1784115311.603061698, 0.372000000]: Laser Plugin: The 'robotNamespace' param was empty
[INFO] [1784115311.603082779, 0.372000000]: Starting Laser Plugin (ns = r2)
[INFO] [1784115311.603445793, 0.372000000]: Laser Plugin (ns = r2)  <tf_prefix_>, set to ""
[INFO] [1784115312.265401208, 0.372000000]: Velodyne laser plugin missing <min_intensity>, defaults to no clipping
[INFO] [1784115312.266271150, 0.372000000]: Velodyne laser plugin ready, 16 lasers
[INFO] [1784115312.367725888, 0.372000000]: Starting plugin DiffDrive(ns = /r2/)
[INFO] [1784115312.367770417, 0.372000000]: DiffDrive(ns = /r2/): <rosDebugLevel> = Debug
[INFO] [1784115312.368074394, 0.372000000]: DiffDrive(ns = /r2/): <tf_prefix> = 
[DEBUG] [1784115312.368093848, 0.372000000]: DiffDrive(ns = /r2/): <commandTopic> = cmd_vel
[DEBUG] [1784115312.368098684, 0.372000000]: DiffDrive(ns = /r2/): <odometryTopic> = odom
[DEBUG] [1784115312.368103260, 0.372000000]: DiffDrive(ns = /r2/): <odometryFrame> = odom
[DEBUG] [1784115312.368107483, 0.372000000]: DiffDrive(ns = /r2/): <robotBaseFrame> = base_link
[DEBUG] [1784115312.368124405, 0.372000000]: DiffDrive(ns = /r2/): <publishWheelTF> = false
[DEBUG] [1784115312.368128613, 0.372000000]: DiffDrive(ns = /r2/): <publishOdomTF> = false
[DEBUG] [1784115312.368133111, 0.372000000]: DiffDrive(ns = /r2/): <publishWheelJointState> = false
[DEBUG] [1784115312.368155898, 0.372000000]: DiffDrive(ns = /r2/): <wheelSeparation> = 0.29999999999999999
[DEBUG] [1784115312.368161030, 0.372000000]: DiffDrive(ns = /r2/): <wheelDiameter> = 0.17999999999999999
[DEBUG] [1784115312.368166391, 0.372000000]: DiffDrive(ns = /r2/): <wheelAcceleration> = 1.8
[DEBUG] [1784115312.368171922, 0.372000000]: DiffDrive(ns = /r2/): <wheelTorque> = 20
[DEBUG] [1784115312.368176975, 0.372000000]: DiffDrive(ns = /r2/): <updateRate> = 50
[DEBUG] [1784115312.368198110, 0.372000000]: DiffDrive(ns = /r2/): <odometrySource> = world := 1
[DEBUG] [1784115312.368210874, 0.372000000]: DiffDrive(ns = /r2/): <leftJoint> = left_hub_joint
[DEBUG] [1784115312.368216347, 0.372000000]: DiffDrive(ns = /r2/): <rightJoint> = right_hub_joint
[INFO] [1784115312.368568388, 0.372000000]: DiffDrive(ns = /r2/): Try to subscribe to cmd_vel
[INFO] [1784115312.369511388, 0.372000000]: DiffDrive(ns = /r2/): Subscribe to cmd_vel
[INFO] [1784115312.369654091, 0.372000000]: DiffDrive(ns = /r2/): Advertise odom on odom 
[INFO] [1784115312.372756581, 0.372000000]: GazeboRosJointStatePublisher is going to publish joint: chassis_swivel_joint
[INFO] [1784115312.372766582, 0.372000000]: GazeboRosJointStatePublisher is going to publish joint: swivel_wheel_joint
[INFO] [1784115312.372772281, 0.372000000]: GazeboRosJointStatePublisher is going to publish joint: left_hub_joint
[INFO] [1784115312.372778329, 0.372000000]: GazeboRosJointStatePublisher is going to publish joint: right_hub_joint
[INFO] [1784115312.372785643, 0.372000000]: Starting GazeboRosJointStatePublisher Plugin (ns = /r2/)!, parent name: r2
[DEBUG] [1784115312.402760132, 0.393000000]: Trying to publish message of type [nav_msgs/Odometry/cd5e73d190d741a2f92e81eda573aca7] on a publisher with type [nav_msgs/Odometry/cd5e73d190d741a2f92e81eda573aca7]
[DEBUG] [1784115312.402802679, 0.393000000]: Trying to publish message of type [sensor_msgs/JointState/3066dcd76a6cfaef579bd0f34173e9fd] on a publisher with type [sensor_msgs/JointState/3066dcd76a6cfaef579bd0f34173e9fd]
[INFO] [1784115312.659433165, 0.557000000]: Laser Plugin: The 'robotNamespace' param was empty
[INFO] [1784115312.659455801, 0.557000000]: Starting Laser Plugin (ns = r5)
[INFO] [1784115312.659843451, 0.557000000]: Laser Plugin (ns = r5)  <tf_prefix_>, set to ""
[INFO] [1784115313[WARN] [1784115313.336066965, 0.557000000]: GazeboRosDiffDrive Plugin (ns = ) missing <publishTf>, defaults to 1
[INFO] [1784115311.152188, 0.000000]: Loading model XML from ros parameter robot_description_r5
[INFO] [1784115311.155211, 0.000000]: Waiting for service /gazebo/spawn_urdf_model
[INFO] [1784115311.457217, 0.323000]: Calling service /gazebo/spawn_urdf_model
[INFO] [1784115313.335683, 0.557000]: Spawn status: SpawnModel: Successfully spawned entity
.333649597, 0.557000000]: Velodyne laser plugin missing <min_intensity>, defaults to no clipping
[INFO] [1784115313.334274506, 0.557000000]: Velodyne laser plugin ready, 16 lasers
[INFO] [1784115313.335837634, 0.557000000]: Starting plugin DiffDrive(ns = /r5/)
[DEBUG] [1784115313.335845776, 0.557000000]: DiffDrive(ns = /r5/): <rosDebugLevel> = Debug
[INFO] [1784115313.335856318, 0.557000000]: DiffDrive(ns = /r5/): <rosDebugLevel> = Debug
[INFO] [1784115313.335989250, 0.557000000]: DiffDrive(ns = /r5/): <tf_prefix> = 
[DEBUG] [1784115313.335993736, 0.557000000]: DiffDrive(ns = /r5/): <commandTopic> = cmd_vel
[DEBUG] [1784115313.335997966, 0.557000000]: DiffDrive(ns = /r5/): <odometryTopic> = odom
[DEBUG] [1784115313.336001551, 0.557000000]: DiffDrive(ns = /r5/): <odometryFrame> = odom
[DEBUG] [1784115313.336006585, 0.557000000]: DiffDrive(ns = /r5/): <robotBaseFrame> = base_link
[DEBUG] [1784115313.336011115, 0.557000000]: DiffDrive(ns = /r5/): <publishWheelTF> = false
[DEBUG] [1784115313.336015299, 0.557000000]: DiffDrive(ns = /r5/): <publishOdomTF> = false
[DEBUG] [1784115313.336019391, 0.557000000]: DiffDrive(ns = /r5/): <publishWheelJointState> = false
[DEBUG] [1784115313.336026587, 0.557000000]: DiffDrive(ns = /r5/): <wheelSeparation> = 0.29999999999999999
[DEBUG] [1784115313.336031467, 0.557000000]: DiffDrive(ns = /r5/): <wheelDiameter> = 0.17999999999999999
[DEBUG] [1784115313.336036706, 0.557000000]: DiffDrive(ns = /r5/): <wheelAcceleration> = 1.8
[DEBUG] [1784115313.336041720, 0.557000000]: DiffDrive(ns = /r5/): <wheelTorque> = 20
[DEBUG] [1784115313.336046827, 0.557000000]: DiffDrive(ns = /r5/): <updateRate> = 50
[DEBUG] [1784115313.336052431, 0.557000000]: DiffDrive(ns = /r5/): <odometrySource> = world := 1
[DEBUG] [1784115313.336056729, 0.557000000]: DiffDrive(ns = /r5/): <leftJoint> = left_hub_joint
[DEBUG] [1784115313.336061547, 0.557000000]: DiffDrive(ns = /r5/): <rightJoint> = right_hub_joint
[INFO] [1784115313.336104935, 0.557000000]: DiffDrive(ns = /r5/): Try to subscribe to cmd_vel
[INFO] [1784115313.336701010, 0.557000000]: DiffDrive(ns = /r5/): Subscribe to cmd_vel
[INFO] [1784115313.336909820, 0.557000000]: DiffDrive(ns = /r5/): Advertise odom on odom 
[INFO] [1784115313.336978263, 0.557000000]: GazeboRosJointStatePublisher is going to publish joint: chassis_swivel_joint
[INFO] [1784115313.336982864, 0.557000000]: GazeboRosJointStatePublisher is going to publish joint: swivel_wheel_joint
[INFO] [1784115313.336987296, 0.557000000]: GazeboRosJointStatePublisher is going to publish joint: left_hub_joint
[INFO] [1784115313.336991027, 0.557000000]: GazeboRosJointStatePublisher is going to publish joint: right_hub_joint
[INFO] [1784115313.336994125, 0.557000000]: Starting GazeboRosJointStatePublisher Plugin (ns = /r5/)!, parent name: r5
[INFO] [1784115313.622156238, 0.721000000]: Laser Plugin: The 'robotNamespace' param was empty
[INFO] [1784115313.622180751, 0.721000000]: Starting Laser Plugin (ns = r3)
[INFO] [1784115313.622677304, 0.721000000]: Laser Plugin (ns = r3)  <tf_prefix_>, set to ""
[INFO] [1784115314.290659331, 0.721000000]: Velodyne laser plugin missing <min_intensity>, defaults to no clipping
[INFO] [1784115314.291377732, 0.721000000]: Velodyne laser plugin ready, 16 lasers
[INFO] [1784115314.292783417, 0.721000000]: Starting plugin DiffDrive(ns = /r3/)
[DEBUG] [1784115314.292794061, 0.721000000]: DiffDrive(ns = /r3/): <rosDebugLevel> = Debug
[INFO] [1784115314.292804766, 0.721000000]: DiffDrive(ns = /r3/): <rosDebugLevel> = Debug
[INFO] [1784115314.293053910, 0.721000000]: DiffDrive(ns = /r3/): <tf_prefix> = 
[DEBUG] [1784115314.293058923, 0.721000000]: DiffDrive(ns = /r3/): <commandTopic> = cmd_vel
[DEBUG] [1784115314.293063562, 0.721000000]: DiffDrive(ns = /r3/): <odometryTopic> = odom
[DEBUG] [1784115314.293068182, 0.721000000]: DiffDrive(ns = /r3/): <odometryFrame> = odom
[DEBUG] [1784115314.293072198, 0.721000000]: DiffDrive(ns = /r3/): <robotBaseFrame> = base_link
[DEBUG] [1784115314.293078513, 0.721000000]: DiffDrive(ns = /r3/): <publishWheelTF> = false
[DEBUG] [1784115314.293082291,[WARN] [1784115314.293152146, 0.721000000]: GazeboRosDiffDrive Plugin (ns = ) missing <publishTf>, defaults to 1
[INFO] [1784115311.151994, 0.000000]: Loading model XML from ros parameter robot_description_r3
[INFO] [1784115311.155296, 0.000000]: Waiting for service /gazebo/spawn_urdf_model
[INFO] [1784115311.457622, 0.324000]: Calling service /gazebo/spawn_urdf_model
[INFO] [1784115314.292628, 0.721000]: Spawn status: SpawnModel: Successfully spawned entity
==============================================
Training: 5D frozen actor + spatiotemporal attention residual
Base model: TD3_velodyne_multi_v4_curriculum_stage2_to_5d_geo_critic_from_5a_guarded_best
History length: 6
Attention model dim / heads: 96 / 4
Mixed curriculum groups: bridge, standard
Reward: base individual reward only
Actor start / LR warmup / decay: 8000 / 15000 / 100000
Replay group ratios: {'standard': 1.0, 'bridge': 2.0}
Critic reward scale: 0.05
Gate / residual / standard residual penalties: 0.3 / 0.2 / 2.0
Fixed evaluation: standard=12, dense groups=bridge x4 per case, seed=20260713
Early stopping patience: 6 evaluations
Fixed exploration noise: 0.006
Device: cuda
Checkpoint: checkpoints/TD3_velodyne_multi_v5_attention_bridge_residual_from_5d_conservative_latest.pt
==============================================
[WARN] [1784115315.249061207, 0.882000000]: GazeboRosDiffDrive Plugin (ns = ) missing <publishTf>, defaults to 1
 0.721000000]: DiffDrive(ns = /r3/): <publishOdomTF> = false
[DEBUG] [1784115314.293101987, 0.721000000]: DiffDrive(ns = /r3/): <publishWheelJointState> = false
[DEBUG] [1784115314.293109924, 0.721000000]: DiffDrive(ns = /r3/): <wheelSeparation> = 0.29999999999999999
[DEBUG] [1784115314.293114939, 0.721000000]: DiffDrive(ns = /r3/): <wheelDiameter> = 0.17999999999999999
[DEBUG] [1784115314.293120411, 0.721000000]: DiffDrive(ns = /r3/): <wheelAcceleration> = 1.8
[DEBUG] [1784115314.293125448, 0.721000000]: DiffDrive(ns = /r3/): <wheelTorque> = 20
[DEBUG] [1784115314.293130434, 0.721000000]: DiffDrive(ns = /r3/): <updateRate> = 50
[DEBUG] [1784115314.293136225, 0.721000000]: DiffDrive(ns = /r3/): <odometrySource> = world := 1
[DEBUG] [1784115314.293140928, 0.721000000]: DiffDrive(ns = /r3/): <leftJoint> = left_hub_joint
[DEBUG] [1784115314.293145598, 0.721000000]: DiffDrive(ns = /r3/): <rightJoint> = right_hub_joint
[INFO] [1784115314.293165553, 0.721000000]: DiffDrive(ns = /r3/): Try to subscribe to cmd_vel
[INFO] [1784115314.294434801, 0.721000000]: DiffDrive(ns = /r3/): Subscribe to cmd_vel
[INFO] [1784115314.294635400, 0.721000000]: DiffDrive(ns = /r3/): Advertise odom on odom 
[INFO] [1784115314.294708740, 0.721000000]: GazeboRosJointStatePublisher is going to publish joint: chassis_swivel_joint
[INFO] [1784115314.294713459, 0.721000000]: GazeboRosJointStatePublisher is going to publish joint: swivel_wheel_joint
[INFO] [1784115314.294718347, 0.721000000]: GazeboRosJointStatePublisher is going to publish joint: left_hub_joint
[INFO] [1784115314.294721944, 0.721000000]: GazeboRosJointStatePublisher is going to publish joint: right_hub_joint
[INFO] [1784115314.294726468, 0.721000000]: Starting GazeboRosJointStatePublisher Plugin (ns = /r3/)!, parent name: r3
[INFO] [1784115314.581762087, 0.882000000]: Laser Plugin: The 'robotNamespace' param was empty
[INFO] [1784115314.581782438, 0.882000000]: Starting Laser Plugin (ns = r4)
[INFO] [1784115314.582227235, 0.882000000]: Laser Plugin (ns = r4)  <tf_prefix_>, set to ""
[INFO] [1784115315.246839865, 0.882000000]: Velodyne laser plugin missing <min_intensity>, defaults to no clipping
[INFO] [1784115315.247605283, 0.882000000]: Velodyne laser plugin ready, 16 lasers
[INFO] [1784115315.248532609, 0.882000000]: Starting plugin DiffDrive(ns = /r4/)
[DEBUG] [1784115315.248542773, 0.882000000]: DiffDrive(ns = /r4/): <rosDebugLevel> = Debug
[INFO] [1784115315.248554290, 0.882000000]: DiffDrive(ns = /r4/): <rosDebugLevel> = Debug
[INFO] [1784115315.248975530, 0.882000000]: DiffDrive(ns = /r4/): <tf_prefix> = 
[DEBUG] [1784115315.248986885, 0.882000000]: DiffDrive(ns = /r4/): <commandTopic> = cmd_vel
[DEBUG] [1784115315.248991653, 0.882000000]: DiffDrive(ns = /r4/): <odometryTopic> = odom
[DEBUG] [1784115315.248995590, 0.882000000]: DiffDrive(ns = /r4/): <odometryFrame> = odom
[DEBUG] [1784115315.248998937, 0.882000000]: DiffDrive(ns = /r4/): <robotBaseFrame> = base_link
[DEBUG] [1784115315.249003423, 0.882000000]: DiffDrive(ns = /r4/): <publishWheelTF> = false
[DEBUG] [1784115315.249006630, 0.882000000]: DiffDrive(ns = /r4/): <publishOdomTF> = false
[DEBUG] [1784115315.249010025, 0.882000000]: DiffDrive(ns = /r4/): <publishWheelJointState> = false
[DEBUG] [1784115315.249018202, 0.882000000]: DiffDrive(ns = /r4/): <wheelSeparation> = 0.29999999999999999
[DEBUG] [1784115315.249022325, 0.882000000]: DiffDrive(ns = /r4/): <wheelDiameter> = 0.17999999999999999
[DEBUG] [1784115315.249032671, 0.882000000]: DiffDrive(ns = /r4/): <wheelAcceleration> = 1.8
[DEBUG] [1784115315.249038011, 0.882000000]: DiffDrive(ns = /r4/): <wheelTorque> = 20
[DEBUG] [1784115315.249041797, 0.882000000]: DiffDrive(ns = /r4/): <updateRate> = 50
[DEBUG] [1784115315.249047168, 0.882000000]: DiffDrive(ns = /r4/): <odometrySource> = world := 1
[DEBUG] [1784115315.249051081, 0.882000000]: DiffDrive(ns = /r4/): <leftJoint> = left_hub_joint
[DEBUG] [1784115315.249055413, 0.882000000]: DiffDrive(ns = /r4/): <rightJoint> = right_hub_joint
[INFO] [1784115315.249083473, 0.882000000]: DiffDrive(ns = /r4/): Try to subscribe to[INFO] [1784115311.153350, 0.000000]: Loading model XML from ros parameter robot_description_r4
[INFO] [1784115311.155798, 0.000000]: Waiting for service /gazebo/spawn_urdf_model
[INFO] [1784115311.457851, 0.324000]: Calling service /gazebo/spawn_urdf_model
[INFO] [1784115315.248373, 0.882000]: Spawn status: SpawnModel: Successfully spawned entity
[WARN] [1784115316.212278425, 1.019000000]: GazeboRosDiffDrive Plugin (ns = ) missing <publishTf>, defaults to 1
[INFO] [1784115311.157985, 0.000000]: Loading model XML from ros parameter robot_description_r1
[INFO] [1784115311.160382, 0.000000]: Waiting for service /gazebo/spawn_urdf_model
[INFO] [1784115311.462093, 0.328000]: Calling service /gazebo/spawn_urdf_model
[INFO] [1784115316.211843, 1.019000]: Spawn status: SpawnModel: Successfully spawned entity
Episode 1 | group=bridge | case=bridge_center_weave_with_dual_entries | samples=171 | steps=97 | success=0.200 | collision=0.800 | full=0 | replay=171
Episode 2 | group=bridge | case=bridge_center_weave_with_dual_entries | samples=321 | steps=52 | success=0.400 | collision=0.600 | full=0 | replay=321
Episode 3 | group=bridge | case=bridge_wall_channel_reverse_stream | samples=585 | steps=115 | success=1.000 | collision=0.000 | full=1 | replay=585
Episode 4 | group=bridge | case=bridge_cluster_release_to_spread_bottleneck | samples=637 | steps=27 | success=0.400 | collision=0.600 | full=0 | replay=637
Episode 5 | group=bridge | case=bridge_wall_channel_reverse_stream | samples=795 | steps=42 | success=0.800 | collision=0.200 | full=0 | replay=795
Episode 6 | group=bridge | case=bridge_wall_channel_reverse_stream | samples=992 | steps=81 | success=1.000 | collision=0.000 | full=1 | replay=992
Episode 7 | group=bridge | case=bridge_center_weave_with_dual_entries | samples=1090 | steps=29 | success=0.000 | collision=1.000 | full=0 | replay=1090
Episode 8 | group=bridge | case=bridge_cluster_release_to_spread_bottleneck | samples=1136 | steps=14 | success=0.400 | collision=0.600 | full=0 | replay=1136
Episode 9 | group=bridge | case=bridge_wall_channel_reverse_stream | samples=1515 | steps=300 | success=0.800 | collision=0.000 | full=0 | replay=1515
Episode 10 | group=bridge | case=bridge_diagonal_merge_with_back_pressure | samples=1573 | steps=23 | success=1.000 | collision=0.000 | full=1 | replay=1573
Episode 11 | group=standard | case=standard_5_random | samples=1683 | steps=50 | success=0.600 | collision=0.400 | full=0 | replay=1683
Episode 12 | group=bridge | case=bridge_diagonal_merge_with_back_pressure | samples=1730 | steps=16 | success=1.000 | collision=0.000 | full=1 | replay=1730
Episode 13 | group=bridge | case=bridge_wall_channel_reverse_stream | samples=1916 | steps=83 | success=0.600 | collision=0.400 | full=0 | replay=1916
Episode 14 | group=bridge | case=bridge_offset_cross_with_late_cut | samples=2054 | steps=64 | success=0.200 | collision=0.800 | full=0 | replay=2054
Episode 15 | group=bridge | case=bridge_wall_channel_reverse_stream | samples=2215 | steps=86 | success=0.800 | collision=0.200 | full=0 | replay=2215
Episode 16 | group=bridge | case=bridge_diagonal_merge_with_back_pressure | samples=2263 | steps=15 | success=1.000 | collision=0.000 | full=1 | replay=2263
Episode 17 | group=standard | case=standard_5_random | samples=2401 | steps=65 | success=1.000 | collision=0.000 | full=1 | replay=2401
Episode 18 | group=bridge | case=bridge_wall_channel_reverse_stream | samples=2543 | steps=77 | success=0.600 | collision=0.400 | full=0 | replay=2543
Episode 19 | group=bridge | case=bridge_offset_cross_with_late_cut | samples=2631 | steps=23 | success=0.000 | collision=1.000 | full=0 | replay=2631
Episode 20 | group=bridge | case=bridge_cluster_release_to_spread_bottleneck | samples=2690 | steps=31 | success=0.400 | collision=0.600 | full=0 | replay=2690
Eval standard: {'success_rate': 0.9, 'collision_rate': 0.1, 'full_success_rate': 0.5833333333333334, 'timeout_rate': 0.0}
Eval dense: {'success_rate': 0.52, 'collision_rate': 0.49, 'full_success_rate': 0.25, 'timeout_rate': 0.0}
Eval bridge: {'success_rate': 0.52, 'collision_rate': 0.49, 'full_success_rate': 0.25, 'timeout_rate': 0.0}
Updated dual-benchmark best: checkpoints/TD3_velodyne_multi_v5_attention_bridge_residual_from_5d_conservative_best.pt
Episode 21 | group=bridge | case=bridge_wall_channel_reverse_stream | samples=2889 | steps=82 | success=0.800 | collision=0.200 | full=0 | replay=2889
Episode 22 | group=standard | case=standard_5_random | samples=3034 | steps=90 | success=1.000 | collision=0.000 | full=1 | replay=3034
Episode 23 | group=bridge | case=bridge_center_weave_with_dual_entries | samples=3105 | steps=19 | success=0.000 | collision=1.000 | full=0 | replay=3105
Episode 24 | group=standard | case=standard_5_random | samples=3197 | steps=29 | success=1.000 | collision=0.000 | full=1 | replay=3197
Episode 25 | group=standard | case=standard_5_random | samples=3279 | steps=29 | success=1.000 | collision=0.000 | full=1 | replay=3279
Episode 26 | group=standard | case=standard_5_random | samples=3399 | steps=54 | success=0.800 | collision=0.200 | full=0 | replay=3399
Episode 27 | group=bridge | case=bridge_cluster_release_to_spread_bottleneck | samples=3458 | steps=30 | success=0.400 | collision=0.600 | full=0 | replay=3458
Episode 28 | group=standard | case=standard_5_random | samples=3515 | steps=16 | success=1.000 | collision=0.000 | full=1 | replay=3515
Episode 29 | group=bridge | case=bridge_center_weave_with_dual_entries | samples=3589 | steps=32 | success=0.000 | collision=1.000 | full=0 | replay=3589
Episode 30 | group=bridge | case=bridge_center_weave_with_dual_entries | samples=3673 | steps=24 | success=0.000 | collision=1.000 | full=0 | replay=3673
Episode 31 | group=bridge | case=bridge_offset_cross_with_late_cut | samples=3786 | steps=49 | success=0.400 | collision=0.600 | full=0 | replay=3786
Episode 32 | group=standard | case=standard_5_random | samples=3870 | steps=23 | success=1.000 | collision=0.000 | full=1 | replay=3870
Episode 33 | group=bridge | case=bridge_cluster_release_to_spread_bottleneck | samples=3940 | steps=31 | success=0.600 | collision=0.400 | full=0 | replay=3940
Episode 34 | group=standard | case=standard_5_random | samples=4032 | steps=29 | success=1.000 | collision=0.000 | full=1 | replay=4032
Episode 35 | group=bridge | case=bridge_diagonal_merge_with_back_pressure | samples=4080 | steps=15 | success=1.000 | collision=0.000 | full=1 | replay=4080
Episode 36 | group=bridge | case=bridge_wall_channel_reverse_stream | samples=4218 | steps=78 | success=0.600 | collision=0.400 | full=0 | replay=4218
Episode 37 | group=standard | case=standard_5_random | samples=4281 | steps=20 | success=0.600 | collision=0.400 | full=0 | replay=4281
Episode 38 | group=bridge | case=bridge_offset_cross_with_late_cut | samples=4413 | steps=64 | success=0.600 | collision=0.600 | full=0 | replay=4413
Episode 39 | group=bridge | case=bridge_cluster_release_to_spread_bottleneck | samples=4509 | steps=47 | success=0.600 | collision=0.400 | full=0 | replay=4509
Episode 40 | group=bridge | case=bridge_center_weave_with_dual_entries | samples=4580 | steps=19 | success=0.000 | collision=1.000 | full=0 | replay=4580
Eval standard: {'success_rate': 0.9333333333333333, 'collision_rate': 0.05, 'full_success_rate': 0.75, 'timeout_rate': 0.08333333333333333}
Eval dense: {'success_rate': 0.53, 'collision_rate': 0.47, 'full_success_rate': 0.35, 'timeout_rate': 0.0}
Eval bridge: {'success_rate': 0.53, 'collision_rate': 0.47, 'full_success_rate': 0.35, 'timeout_rate': 0.0}
Updated dual-benchmark best: checkpoints/TD3_velodyne_multi_v5_attention_bridge_residual_from_5d_conservative_best.pt
Episode 41 | group=bridge | case=bridge_diagonal_merge_with_back_pressure | samples=4625 | steps=15 | success=1.000 | collision=0.000 | full=1 | replay=4625
Episode 42 | group=bridge | case=bridge_cluster_release_to_spread_bottleneck | samples=4684 | steps=32 | success=0.400 | collision=0.600 | full=0 | replay=4684
Episode 43 | group=bridge | case=bridge_diagonal_merge_with_back_pressure | samples=4731 | steps=14 | success=1.000 | collision=0.000 | full=1 | replay=4731
Episode 44 | group=bridge | case=bridge_offset_cross_with_late_cut | samples=4864 | steps=62 | success=0.200 | collision=0.800 | full=0 | replay=4864
Episode 45 | group=bridge | case=bridge_offset_cross_with_late_cut | samples=4976 | steps=36 | success=0.000 | collision=1.000 | full=0 | replay=4976
Episode 46 | group=standard | case=standard_5_random | samples=5051 | steps=23 | success=1.000 | collision=0.000 | full=1 | replay=5051
Episode 47 | group=bridge | case=bridge_center_weave_with_dual_entries | samples=5144 | steps=31 | success=0.000 | collision=1.000 | full=0 | replay=5144
Episode 48 | group=standard | case=standard_5_random | samples=5234 | steps=45 | success=1.000 | collision=0.000 | full=1 | replay=5234
Episode 49 | group=bridge | case=bridge_offset_cross_with_late_cut | samples=5376 | steps=70 | success=0.200 | collision=0.800 | full=0 | replay=5376
Episode 50 | group=bridge | case=bridge_wall_channel_reverse_stream | samples=5526 | steps=61 | success=0.600 | collision=0.400 | full=0 | replay=5526
Episode 51 | group=bridge | case=bridge_cluster_release_to_spread_bottleneck | samples=5583 | steps=29 | success=0.400 | collision=0.600 | full=0 | replay=5583
Episode 52 | group=bridge | case=bridge_offset_cross_with_late_cut | samples=5664 | steps=22 | success=0.000 | collision=1.000 | full=0 | replay=5664
Episode 53 | group=standard | case=standard_5_random | samples=5720 | steps=16 | success=1.000 | collision=0.000 | full=1 | replay=5720
Episode 54 | group=bridge | case=bridge_center_weave_with_dual_entries | samples=5823 | steps=33 | success=0.200 | collision=0.800 | full=0 | replay=5823
Episode 55 | group=bridge | case=bridge_offset_cross_with_late_cut | samples=5972 | steps=49 | success=0.800 | collision=0.200 | full=0 | replay=5972
Episode 56 | group=bridge | case=bridge_offset_cross_with_late_cut | samples=6067 | steps=25 | success=0.200 | collision=0.800 | full=0 | replay=6067
Episode 57 | group=bridge | case=bridge_cluster_release_to_spread_bottleneck | samples=6187 | steps=68 | success=0.600 | collision=0.400 | full=0 | replay=6187
Episode 58 | group=bridge | case=bridge_center_weave_with_dual_entries | samples=6345 | steps=56 | success=0.200 | collision=0.800 | full=0 | replay=6345
Episode 59 | group=bridge | case=bridge_center_weave_with_dual_entries | samples=6491 | steps=62 | success=0.400 | collision=0.600 | full=0 | replay=6491
Episode 60 | group=bridge | case=bridge_diagonal_merge_with_back_pressure | samples=6541 | steps=17 | success=1.000 | collision=0.000 | full=1 | replay=6541
Eval standard: {'success_rate': 0.95, 'collision_rate': 0.03333333333333333, 'full_success_rate': 0.75, 'timeout_rate': 0.08333333333333333}
Eval dense: {'success_rate': 0.54, 'collision_rate': 0.45, 'full_success_rate': 0.25, 'timeout_rate': 0.1}
Eval bridge: {'success_rate': 0.54, 'collision_rate': 0.45, 'full_success_rate': 0.25, 'timeout_rate': 0.1}
Episode 61 | group=bridge | case=bridge_diagonal_merge_with_back_pressure | samples=6590 | steps=15 | success=1.000 | collision=0.000 | full=1 | replay=6590
Episode 62 | group=bridge | case=bridge_center_weave_with_dual_entries | samples=6732 | steps=57 | success=0.400 | collision=0.600 | full=0 | replay=6732
Episode 63 | group=bridge | case=bridge_offset_cross_with_late_cut | samples=6914 | steps=90 | success=0.400 | collision=0.800 | full=0 | replay=6914
Episode 64 | group=bridge | case=bridge_offset_cross_with_late_cut | samples=7018 | steps=25 | success=0.400 | collision=0.600 | full=0 | replay=7018
Episode 65 | group=bridge | case=bridge_center_weave_with_dual_entries | samples=7094 | steps=20 | success=0.000 | collision=1.000 | full=0 | replay=7094
Episode 66 | group=bridge | case=bridge_offset_cross_with_late_cut | samples=7189 | steps=38 | success=0.200 | collision=0.800 | full=0 | replay=7189
Episode 67 | group=bridge | case=bridge_cluster_release_to_spread_bottleneck | samples=7288 | steps=49 | success=0.600 | collision=0.400 | full=0 | replay=7288
Episode 68 | group=bridge | case=bridge_offset_cross_with_late_cut | samples=7380 | steps=26 | success=0.200 | collision=0.800 | full=0 | replay=7380
Episode 69 | group=bridge | case=bridge_offset_cross_with_late_cut | samples=7495 | steps=42 | success=0.400 | collision=0.800 | full=0 | replay=7495
Episode 70 | group=bridge | case=bridge_center_weave_with_dual_entries | samples=7578 | steps=33 | success=0.000 | collision=1.000 | full=0 | replay=7578
Episode 71 | group=bridge | case=bridge_cluster_release_to_spread_bottleneck | samples=7637 | steps=30 | success=0.400 | collision=0.600 | full=0 | replay=7637
Episode 72 | group=bridge | case=bridge_offset_cross_with_late_cut | samples=7734 | steps=30 | success=0.200 | collision=0.800 | full=0 | replay=7734
Episode 73 | group=bridge | case=bridge_offset_cross_with_late_cut | samples=7924 | steps=84 | success=0.400 | collision=0.800 | full=0 | replay=7924
Episode 74 | group=bridge | case=bridge_diagonal_merge_with_back_pressure | samples=7982 | steps=21 | success=1.000 | collision=0.000 | full=1 | replay=7982
Episode 75 | group=standard | case=standard_5_random | samples=8327 | steps=300 | success=0.800 | collision=0.000 | full=0 | replay=8327
Episode 76 | group=bridge | case=bridge_center_weave_with_dual_entries | samples=8456 | steps=72 | success=0.000 | collision=1.000 | full=0 | replay=8456
Episode 77 | group=standard | case=standard_5_random | samples=8538 | steps=20 | success=1.000 | collision=0.000 | full=1 | replay=8538
Episode 78 | group=bridge | case=bridge_offset_cross_with_late_cut | samples=8699 | steps=97 | success=0.200 | collision=0.800 | full=0 | replay=8699
Episode 79 | group=bridge | case=bridge_center_weave_with_dual_entries | samples=8852 | steps=82 | success=0.200 | collision=0.800 | full=0 | replay=8852
Episode 80 | group=bridge | case=bridge_wall_channel_reverse_stream | samples=9070 | steps=118 | success=1.000 | collision=0.000 | full=1 | replay=9070
Eval standard: {'success_rate': 0.95, 'collision_rate': 0.05, 'full_success_rate': 0.75, 'timeout_rate': 0.0}
Eval dense: {'success_rate': 0.55, 'collision_rate': 0.45, 'full_success_rate': 0.25, 'timeout_rate': 0.0}
Eval bridge: {'success_rate': 0.55, 'collision_rate': 0.45, 'full_success_rate': 0.25, 'timeout_rate': 0.0}
Episode 81 | group=bridge | case=bridge_center_weave_with_dual_entries | samples=9219 | steps=40 | success=0.200 | collision=0.800 | full=0 | replay=9219
Episode 82 | group=bridge | case=bridge_wall_channel_reverse_stream | samples=9382 | steps=58 | success=0.800 | collision=0.200 | full=0 | replay=9382
Episode 83 | group=bridge | case=bridge_center_weave_with_dual_entries | samples=9459 | steps=24 | success=0.000 | collision=1.000 | full=0 | replay=9459
Episode 84 | group=bridge | case=bridge_offset_cross_with_late_cut | samples=9609 | steps=82 | success=0.600 | collision=0.400 | full=0 | replay=9609
Episode 85 | group=bridge | case=bridge_offset_cross_with_late_cut | samples=9693 | steps=22 | success=0.000 | collision=1.000 | full=0 | replay=9693
Episode 86 | group=standard | case=standard_5_random | samples=9826 | steps=46 | success=1.000 | collision=0.000 | full=1 | replay=9826
Episode 87 | group=standard | case=standard_5_random | samples=9912 | steps=26 | success=0.600 | collision=0.400 | full=0 | replay=9912
Episode 88 | group=bridge | case=bridge_offset_cross_with_late_cut | samples=9998 | steps=31 | success=0.000 | collision=1.000 | full=0 | replay=9998
Episode 89 | group=bridge | case=bridge_center_weave_with_dual_entries | samples=10360 | steps=300 | success=0.000 | collision=0.800 | full=0 | replay=10360
Episode 90 | group=bridge | case=bridge_cluster_release_to_spread_bottleneck | samples=10467 | steps=41 | success=0.400 | collision=0.600 | full=0 | replay=10467
Episode 91 | group=bridge | case=bridge_cluster_release_to_spread_bottleneck | samples=10530 | steps=32 | success=0.400 | collision=0.600 | full=0 | replay=10530
Episode 92 | group=bridge | case=bridge_diagonal_merge_with_back_pressure | samples=10578 | steps=14 | success=1.000 | collision=0.000 | full=1 | replay=10578
Episode 93 | group=standard | case=standard_5_random | samples=10762 | steps=61 | success=1.000 | collision=0.000 | full=1 | replay=10762
Episode 94 | group=standard | case=standard_5_random | samples=10860 | steps=41 | success=0.800 | collision=0.200 | full=0 | replay=10860
Episode 95 | group=bridge | case=bridge_offset_cross_with_late_cut | samples=11048 | steps=67 | success=0.800 | collision=0.200 | full=0 | replay=11048
Episode 96 | group=bridge | case=bridge_wall_channel_reverse_stream | samples=11257 | steps=80 | success=0.800 | collision=0.200 | full=0 | replay=11257
Episode 97 | group=bridge | case=bridge_diagonal_merge_with_back_pressure | samples=11305 | steps=15 | success=1.000 | collision=0.000 | full=1 | replay=11305
Episode 98 | group=bridge | case=bridge_offset_cross_with_late_cut | samples=11385 | steps=20 | success=0.000 | collision=1.000 | full=0 | replay=11385
Episode 99 | group=bridge | case=bridge_wall_channel_reverse_stream | samples=11507 | steps=39 | success=0.600 | collision=0.400 | full=0 | replay=11507
Episode 100 | group=bridge | case=bridge_cluster_release_to_spread_bottleneck | samples=11605 | steps=50 | success=0.600 | collision=0.400 | full=0 | replay=11605
Eval standard: {'success_rate': 0.9666666666666667, 'collision_rate': 0.03333333333333333, 'full_success_rate': 0.8333333333333334, 'timeout_rate': 0.0}
Eval dense: {'success_rate': 0.51, 'collision_rate': 0.49, 'full_success_rate': 0.25, 'timeout_rate': 0.0}
Eval bridge: {'success_rate': 0.51, 'collision_rate': 0.49, 'full_success_rate': 0.25, 'timeout_rate': 0.0}
Episode 101 | group=standard | case=standard_5_random | samples=11664 | steps=15 | success=1.000 | collision=0.000 | full=1 | replay=11664
Episode 102 | group=bridge | case=bridge_wall_channel_reverse_stream | samples=11876 | steps=84 | success=1.000 | collision=0.000 | full=1 | replay=11876
Episode 103 | group=bridge | case=bridge_wall_channel_reverse_stream | samples=12189 | steps=114 | success=1.000 | collision=0.000 | full=1 | replay=12189
Episode 104 | group=bridge | case=bridge_center_weave_with_dual_entries | samples=12343 | steps=80 | success=0.200 | collision=0.800 | full=0 | replay=12343
Episode 105 | group=bridge | case=bridge_wall_channel_reverse_stream | samples=12505 | steps=84 | success=1.000 | collision=0.000 | full=1 | replay=12505
Episode 106 | group=bridge | case=bridge_cluster_release_to_spread_bottleneck | samples=12608 | steps=51 | success=0.600 | collision=0.400 | full=0 | replay=12608
Episode 107 | group=bridge | case=bridge_wall_channel_reverse_stream | samples=12827 | steps=114 | success=1.000 | collision=0.200 | full=1 | replay=12827
Episode 108 | group=standard | case=standard_5_random | samples=12907 | steps=31 | success=1.000 | collision=0.000 | full=1 | replay=12907
Episode 109 | group=bridge | case=bridge_center_weave_with_dual_entries | samples=13031 | steps=41 | success=0.200 | collision=0.800 | full=0 | replay=13031
Episode 110 | group=standard | case=standard_5_random | samples=13118 | steps=35 | success=1.000 | collision=0.000 | full=1 | replay=13118
Episode 111 | group=bridge | case=bridge_diagonal_merge_with_back_pressure | samples=13190 | steps=34 | success=1.000 | collision=0.200 | full=1 | replay=13190
Episode 112 | group=bridge | case=bridge_cluster_release_to_spread_bottleneck | samples=13254 | steps=29 | success=0.400 | collision=0.600 | full=0 | replay=13254
Episode 113 | group=bridge | case=bridge_wall_channel_reverse_stream | samples=13401 | steps=86 | success=0.800 | collision=0.200 | full=0 | replay=13401
Episode 114 | group=bridge | case=bridge_wall_channel_reverse_stream | samples=13623 | steps=114 | success=1.000 | collision=0.000 | full=1 | replay=13623
Episode 115 | group=bridge | case=bridge_wall_channel_reverse_stream | samples=13792 | steps=84 | success=0.800 | collision=0.200 | full=0 | replay=13792
Episode 116 | group=bridge | case=bridge_diagonal_merge_with_back_pressure | samples=13840 | steps=16 | success=1.000 | collision=0.000 | full=1 | replay=13840
Episode 117 | group=bridge | case=bridge_cluster_release_to_spread_bottleneck | samples=13881 | steps=13 | success=0.400 | collision=0.600 | full=0 | replay=13881
Episode 118 | group=bridge | case=bridge_diagonal_merge_with_back_pressure | samples=13936 | steps=21 | success=1.000 | collision=0.000 | full=1 | replay=13936
Episode 119 | group=bridge | case=bridge_offset_cross_with_late_cut | samples=14049 | steps=37 | success=0.200 | collision=0.800 | full=0 | replay=14049
Episode 120 | group=bridge | case=bridge_cluster_release_to_spread_bottleneck | samples=14092 | steps=13 | success=0.400 | collision=0.600 | full=0 | replay=14092
Eval standard: {'success_rate': 0.9166666666666666, 'collision_rate': 0.06666666666666667, 'full_success_rate': 0.6666666666666666, 'timeout_rate': 0.08333333333333333}
Eval dense: {'success_rate': 0.53, 'collision_rate': 0.47, 'full_success_rate': 0.25, 'timeout_rate': 0.0}
Eval bridge: {'success_rate': 0.53, 'collision_rate': 0.47, 'full_success_rate': 0.25, 'timeout_rate': 0.0}
Episode 121 | group=bridge | case=bridge_center_weave_with_dual_entries | samples=14258 | steps=70 | success=0.200 | collision=0.800 | full=0 | replay=14258
Episode 122 | group=bridge | case=bridge_offset_cross_with_late_cut | samples=14390 | steps=41 | success=0.400 | collision=0.600 | full=0 | replay=14390
Episode 123 | group=bridge | case=bridge_diagonal_merge_with_back_pressure | samples=14443 | steps=20 | success=1.000 | collision=0.000 | full=1 | replay=14443
Episode 124 | group=bridge | case=bridge_offset_cross_with_late_cut | samples=14563 | steps=38 | success=0.000 | collision=1.000 | full=0 | replay=14563
Episode 125 | group=bridge | case=bridge_wall_channel_reverse_stream | samples=14722 | steps=84 | success=1.000 | collision=0.000 | full=1 | replay=14722
Episode 126 | group=bridge | case=bridge_center_weave_with_dual_entries | samples=14857 | steps=73 | success=0.200 | collision=0.800 | full=0 | replay=14857
Episode 127 | group=bridge | case=bridge_offset_cross_with_late_cut | samples=14949 | steps=34 | success=0.200 | collision=1.000 | full=0 | replay=14949
Episode 128 | group=bridge | case=bridge_wall_channel_reverse_stream | samples=15119 | steps=81 | success=1.000 | collision=0.000 | full=1 | replay=15119
Episode 129 | group=bridge | case=bridge_offset_cross_with_late_cut | samples=15221 | steps=32 | success=0.200 | collision=0.800 | full=0 | replay=15221
Episode 130 | group=bridge | case=bridge_center_weave_with_dual_entries | samples=15327 | steps=48 | success=0.000 | collision=1.000 | full=0 | replay=15327
Episode 131 | group=bridge | case=bridge_diagonal_merge_with_back_pressure | samples=15375 | steps=14 | success=1.000 | collision=0.000 | full=1 | replay=15375
Episode 132 | group=bridge | case=bridge_center_weave_with_dual_entries | samples=15532 | steps=69 | success=0.200 | collision=0.800 | full=0 | replay=15532
Episode 133 | group=bridge | case=bridge_diagonal_merge_with_back_pressure | samples=15607 | steps=45 | success=1.000 | collision=0.000 | full=1 | replay=15607
Episode 134 | group=bridge | case=bridge_offset_cross_with_late_cut | samples=15696 | steps=29 | success=0.200 | collision=1.000 | full=0 | replay=15696
Episode 135 | group=bridge | case=bridge_offset_cross_with_late_cut | samples=15783 | steps=28 | success=0.200 | collision=0.800 | full=0 | replay=15783
Episode 136 | group=bridge | case=bridge_diagonal_merge_with_back_pressure | samples=15840 | steps=17 | success=1.000 | collision=0.000 | full=1 | replay=15840
Episode 137 | group=standard | case=standard_5_random | samples=15900 | steps=15 | success=1.000 | collision=0.000 | full=1 | replay=15900
Episode 138 | group=bridge | case=bridge_offset_cross_with_late_cut | samples=15994 | steps=30 | success=0.400 | collision=0.600 | full=0 | replay=15994
Episode 139 | group=bridge | case=bridge_offset_cross_with_late_cut | samples=16111 | steps=50 | success=0.200 | collision=1.000 | full=0 | replay=16111
Episode 140 | group=bridge | case=bridge_offset_cross_with_late_cut | samples=16200 | steps=24 | success=0.200 | collision=0.800 | full=0 | replay=16200
Eval standard: {'success_rate': 0.9166666666666666, 'collision_rate': 0.06666666666666667, 'full_success_rate': 0.5833333333333334, 'timeout_rate': 0.08333333333333333}
Eval dense: {'success_rate': 0.58, 'collision_rate': 0.42, 'full_success_rate': 0.3, 'timeout_rate': 0.0}
Eval bridge: {'success_rate': 0.58, 'collision_rate': 0.42, 'full_success_rate': 0.3, 'timeout_rate': 0.0}
Episode 141 | group=bridge | case=bridge_diagonal_merge_with_back_pressure | samples=16260 | steps=26 | success=1.000 | collision=0.000 | full=1 | replay=16260
Episode 142 | group=bridge | case=bridge_offset_cross_with_late_cut | samples=16349 | steps=28 | success=0.200 | collision=0.800 | full=0 | replay=16349
Episode 143 | group=bridge | case=bridge_diagonal_merge_with_back_pressure | samples=16400 | steps=15 | success=1.000 | collision=0.000 | full=1 | replay=16400
Episode 144 | group=bridge | case=bridge_diagonal_merge_with_back_pressure | samples=16446 | steps=14 | success=1.000 | collision=0.000 | full=1 | replay=16446
Episode 145 | group=bridge | case=bridge_diagonal_merge_with_back_pressure | samples=16491 | steps=14 | success=1.000 | collision=0.000 | full=1 | replay=16491
Episode 146 | group=bridge | case=bridge_wall_channel_reverse_stream | samples=16696 | steps=85 | success=1.000 | collision=0.000 | full=1 | replay=16696
Episode 147 | group=bridge | case=bridge_cluster_release_to_spread_bottleneck | samples=16754 | steps=30 | success=0.400 | collision=0.600 | full=0 | replay=16754
Episode 148 | group=bridge | case=bridge_center_weave_with_dual_entries | samples=16891 | steps=58 | success=0.400 | collision=0.600 | full=0 | replay=16891
Episode 149 | group=bridge | case=bridge_cluster_release_to_spread_bottleneck | samples=16952 | steps=31 | success=0.400 | collision=0.600 | full=0 | replay=16952
Episode 150 | group=bridge | case=bridge_wall_channel_reverse_stream | samples=17115 | steps=83 | success=1.000 | collision=0.000 | full=1 | replay=17115
Episode 151 | group=bridge | case=bridge_diagonal_merge_with_back_pressure | samples=17162 | steps=15 | success=1.000 | collision=0.000 | full=1 | replay=17162
Episode 152 | group=bridge | case=bridge_wall_channel_reverse_stream | samples=17385 | steps=100 | success=0.600 | collision=0.400 | full=0 | replay=17385
Episode 153 | group=standard | case=standard_5_random | samples=17454 | steps=23 | success=1.000 | collision=0.000 | full=1 | replay=17454
Episode 154 | group=bridge | case=bridge_wall_channel_reverse_stream | samples=17795 | steps=157 | success=1.000 | collision=0.000 | full=1 | replay=17795
Episode 155 | group=bridge | case=bridge_cluster_release_to_spread_bottleneck | samples=17841 | steps=19 | success=0.400 | collision=0.600 | full=0 | replay=17841
Episode 156 | group=bridge | case=bridge_offset_cross_with_late_cut | samples=17940 | steps=36 | success=0.200 | collision=0.800 | full=0 | replay=17940
Episode 157 | group=bridge | case=bridge_offset_cross_with_late_cut | samples=18047 | steps=34 | success=0.200 | collision=0.800 | full=0 | replay=18047
Episode 158 | group=bridge | case=bridge_cluster_release_to_spread_bottleneck | samples=18131 | steps=29 | success=0.400 | collision=0.600 | full=0 | replay=18131
Episode 159 | group=bridge | case=bridge_cluster_release_to_spread_bottleneck | samples=18187 | steps=31 | success=0.400 | collision=0.600 | full=0 | replay=18187
Episode 160 | group=bridge | case=bridge_wall_channel_reverse_stream | samples=18356 | steps=81 | success=1.000 | collision=0.000 | full=1 | replay=18356
Eval standard: {'success_rate': 0.9666666666666667, 'collision_rate': 0.03333333333333333, 'full_success_rate': 0.8333333333333334, 'timeout_rate': 0.0}
Eval dense: {'success_rate': 0.52, 'collision_rate': 0.48, 'full_success_rate': 0.3, 'timeout_rate': 0.05}
Eval bridge: {'success_rate': 0.52, 'collision_rate': 0.48, 'full_success_rate': 0.3, 'timeout_rate': 0.05}
Early stopping after 6 evaluations without dual-benchmark improvement
... logging to /home/jiutian/.ros/log/3c2deff6-8041-11f1-a719-79b7e70ca52d/roslaunch-JiuTian-AI4090-297526.log
Checking log directory for disk usage. This may take a while.
Press Ctrl-C to interrupt
Done checking log file disk usage. Usage is <1GB.
]2;/home/jiutian/Local-Critic-Multi-Robot-Navigation-gate/TD3/assets/multi_robot_scenario_attention_5.launch
[1mstarted roslaunch server http://localhost:33607/[0m

SUMMARY
========

PARAMETERS
 * /robot_description_r1: <?xml version="1....
 * /robot_description_r2: <?xml version="1....
 * /robot_description_r3: <?xml version="1....
 * /robot_description_r4: <?xml version="1....
 * /robot_description_r5: <?xml version="1....
 * /rosdistro: noetic
 * /rosversion: 1.17.4
 * /use_sim_time: True

NODES
  /
    gazebo (gazebo_ros/gzserver)
    urdf_spawner_r1 (gazebo_ros/spawn_model)
    urdf_spawner_r2 (gazebo_ros/spawn_model)
    urdf_spawner_r3 (gazebo_ros/spawn_model)
    urdf_spawner_r4 (gazebo_ros/spawn_model)
    urdf_spawner_r5 (gazebo_ros/spawn_model)

[1mROS_MASTER_URI=http://localhost:12821/[0m
]2;/home/jiutian/Local-Critic-Multi-Robot-Navigation-gate/TD3/assets/multi_robot_scenario_attention_5.launch http://localhost:12821/
[1mprocess[gazebo-1]: started with pid [298014][0m
[1mprocess[urdf_spawner_r1-2]: started with pid [298019][0m
[1mprocess[urdf_spawner_r2-3]: started with pid [298021][0m
[1mprocess[urdf_spawner_r3-4]: started with pid [298022][0m
[1mprocess[urdf_spawner_r4-5]: started with pid [298025][0m
[1mprocess[urdf_spawner_r5-6]: started with pid [298026][0m
[1m[urdf_spawner_r2-3] process has finished cleanly
log file: /home/jiutian/.ros/log/3c2deff6-8041-11f1-a719-79b7e70ca52d/urdf_spawner_r2-3*.log[0m
[1m[urdf_spawner_r5-6] process has finished cleanly
log file: /home/jiutian/.ros/log/3c2deff6-8041-11f1-a719-79b7e70ca52d/urdf_spawner_r5-6*.log[0m
[1m[urdf_spawner_r3-4] process has finished cleanly
log file: /home/jiutian/.ros/log/3c2deff6-8041-11f1-a719-79b7e70ca52d/urdf_spawner_r3-4*.log[0m
[1m[urdf_spawner_r4-5] process has finished cleanly
log file: /home/jiutian/.ros/log/3c2deff6-8041-11f1-a719-79b7e70ca52d/urdf_spawner_r4-5*.log[0m
[1m[urdf_spawner_r1-2] process has finished cleanly
log file: /home/jiutian/.ros/log/3c2deff6-8041-11f1-a719-79b7e70ca52d/urdf_spawner_r1-2*.log[0m
[gazebo-1] killing on exit
shutting down processing monitor...
... shutting down processing monitor complete
[1mdone[0m
... logging to /home/jiutian/.ros/log/3c2deff6-8041-11f1-a719-79b7e70ca52d/roslaunch-JiuTian-AI4090-297384.log
Checking log directory for disk usage. This may take a while.
Press Ctrl-C to interrupt
Done checking log file disk usage. Usage is <1GB.
]2;roscore
[1mstarted roslaunch server http://localhost:44649/[0m
ros_comm version 1.17.4


SUMMARY
========

PARAMETERS
 * /rosdistro: noetic
 * /rosversion: 1.17.4

NODES

auto-starting new master
[1mprocess[master]: started with pid [297459][0m
[1mROS_MASTER_URI=http://localhost:12821/[0m
]2;roscore http://localhost:12821/
[1msetting /run_id to 3c2deff6-8041-11f1-a719-79b7e70ca52d[0m
[1mprocess[rosout-1]: started with pid [297508][0m
started core service [/rosout]
[rosout-1] killing on exit
[master] killing on exit
shutting down processing monitor...
... shutting down processing monitor complete
[1mdone[0m
